2023-12-18 16:44:27 INFO::Writing function arguments to log file
2023-12-18 16:44:27 DEBUG::Function arguments
2023-12-18 16:44:27 DEBUG::Output folder: Maaslin output/pathway_raw_TIME.POINT.2
2023-12-18 16:44:27 DEBUG::Min Abundance: 0.000000
2023-12-18 16:44:27 DEBUG::Min Prevalence: 0.100000
2023-12-18 16:44:27 DEBUG::Normalization: NONE
2023-12-18 16:44:27 DEBUG::Transform: LOG
2023-12-18 16:44:27 DEBUG::Analysis method: LM
2023-12-18 16:44:27 DEBUG::Max significance: 0.050000
2023-12-18 16:44:27 DEBUG::Random effects: SUBJ.ID
2023-12-18 16:44:27 DEBUG::Fixed effects: TIME.POINT.2
2023-12-18 16:44:27 DEBUG::Correction method: bonferroni
2023-12-18 16:44:27 DEBUG::Standardize: TRUE
2023-12-18 16:44:27 DEBUG::Cores: 1
2023-12-18 16:44:27 INFO::Verifying options selected are valid
2023-12-18 16:44:27 INFO::Determining format of input files
2023-12-18 16:44:27 INFO::Input format is data samples as rows and metadata samples as rows
2023-12-18 16:44:27 DEBUG::A total of 45 samples were found in both the data and metadata
2023-12-18 16:44:27 DEBUG::Reordering data/metadata to use same sample ordering
2023-12-18 16:44:27 INFO::Formula for random effects: expr ~ (1 | SUBJ.ID)
2023-12-18 16:44:27 INFO::Formula for fixed effects: expr ~  TIME.POINT.2
2023-12-18 16:44:27 INFO::Filter data based on min abundance and min prevalence
2023-12-18 16:44:27 INFO::Total samples in data: 45
2023-12-18 16:44:27 INFO::Min samples required with min abundance for a feature not to be filtered: 4.500000
2023-12-18 16:44:27 INFO::Total filtered features: 63
2023-12-18 16:44:27 INFO::Filtered feature names from abundance and prevalence filtering: amine_and_polyamine_biosynthesis_agmatine_biosynthesis_agmatine_from_l_arginine_step_1_1, amine_and_polyamine_biosynthesis_betaine_biosynthesis_via_choline_pathway_betaine_aldehyde_from_choline_cytochrome_c_reductase_route_step_1_1, amine_and_polyamine_biosynthesis_betaine_biosynthesis_via_choline_pathway_regulation, amine_and_polyamine_biosynthesis_putrescine_biosynthesis_via_agmatine_pathway_putrescine_from_n_carbamoylputrescine_transferase_route_step_1_1, amine_and_polyamine_degradation_putrescine_degradation, amine_and_polyamine_degradation_putrescine_degradation_4_aminobutanoate_from_putrescine_step_2_4, amine_and_polyamine_degradation_putrescine_degradation_4_aminobutanoate_from_putrescine_step_3_4, amine_and_polyamine_degradation_putrescine_degradation_succinate_semialdehyde_from_4_aminobutanoate_step_1_1, amino_acid_biosynthesis_l_methionine_biosynthesis_via_de_novo_pathway_l_homocysteine_from_o_succinyl_l_homoserine_step_1_1, amino_acid_biosynthesis_l_methionine_biosynthesis_via_salvage_pathway_l_methionine_from_s_methyl_5_thio_alpha_d_ribose_1_phosphate_step_5_6, amino_acid_biosynthesis_l_methionine_biosynthesis_via_salvage_pathway_s_methyl_5_thio_alpha_d_ribose_1_phosphate_from_s_methyl_5_thioadenosine_hydrolase_route_step_1_2, amino_acid_biosynthesis_l_methionine_biosynthesis_via_salvage_pathway_s_methyl_5_thio_alpha_d_ribose_1_phosphate_from_s_methyl_5_thioadenosine_hydrolase_route_step_2_2, amino_acid_biosynthesis_glycine_biosynthesis_glycine_from_l_serine_step_1_1, amino_acid_degradation_l_arginine_degradation, amino_acid_degradation_l_arginine_degradation_regulation, amino_acid_degradation_l_arginine_degradation_via_adi_pathway, amino_acid_degradation_l_lysine_degradation_via_acetate_pathway, amino_acid_degradation_l_phenylalanine_degradation_acetoacetate_and_fumarate_from_l_phenylalanine_step_4_6, amino_acid_degradation_l_phenylalanine_degradation_phenylacetate_from_l_phenylalanine_step_3_3, amino_sugar_metabolism_n_acetylneuraminate_degradation_d_fructose_6_phosphate_from_n_acetylneuraminate_step_2_5, carbohydrate_degradation_l_arabinose_degradation_via_l_ribulose_d_xylulose_5_phosphate_from_l_arabinose_bacterial_route_step_2_3, cofactor_biosynthesis_5_6_7_8_tetrahydromethanopterin_biosynthesis, cofactor_biosynthesis_nad_biosynthesis_nicotinate_d_ribonucleotide_from_nicotinate_step_1_1, cofactor_biosynthesis_adenosylcobalamin_biosynthesis_adenosylcobalamin_from_cob_ii_yrinate_a_c_diamide_step_3_7, cofactor_biosynthesis_adenosylcobalamin_biosynthesis_cob_ii_yrinate_a_c_diamide_from_sirohydrochlorin_anaerobic_route_step_1_10, cofactor_biosynthesis_adenosylcobalamin_biosynthesis_cob_ii_yrinate_a_c_diamide_from_sirohydrochlorin_anaerobic_route_step_10_10, cofactor_biosynthesis_adenosylcobalamin_biosynthesis_cob_ii_yrinate_a_c_diamide_from_sirohydrochlorin_anaerobic_route_step_2_10, cofactor_biosynthesis_adenosylcobalamin_biosynthesis_cob_ii_yrinate_a_c_diamide_from_sirohydrochlorin_anaerobic_route_step_5_10, cofactor_biosynthesis_adenosylcobalamin_biosynthesis_cob_ii_yrinate_a_c_diamide_from_sirohydrochlorin_anaerobic_route_step_7_10, cofactor_biosynthesis_adenosylcobalamin_biosynthesis_cob_ii_yrinate_a_c_diamide_from_sirohydrochlorin_anaerobic_route_step_8_10, cofactor_biosynthesis_adenosylcobalamin_biosynthesis_cob_ii_yrinate_a_c_diamide_from_sirohydrochlorin_anaerobic_route_step_9_10, cofactor_biosynthesis_adenosylcobalamin_biosynthesis_regulation, cofactor_biosynthesis_coenzyme_f420_biosynthesis, cofactor_biosynthesis_methanofuran_biosynthesis, cofactor_biosynthesis_tetrahydrofolate_biosynthesis_2_amino_4_hydroxy_6_hydroxymethyl_7_8_dihydropteridine_diphosphate_from_7_8_dihydroneopterin_triphosphate_step_1_4, hydrocarbon_metabolism_alkane_degradation, metabolic_intermediate_biosynthesis_acetyl_co_a_biosynthesis_acetyl_co_a_from_acetate_step_2_2, metabolic_intermediate_biosynthesis_chorismate_biosynthesis, metabolic_intermediate_metabolism_carbamoyl_phosphate_degradation_co_2_and_nh_3_from_carbamoyl_phosphate_step_1_1, nucleotide_sugar_biosynthesis_adp_l_glycero_beta_d_manno_heptose_biosynthesis_adp_l_glycero_beta_d_manno_heptose_from_d_glycero_beta_d_manno_heptose_7_phosphate_step_1_4, nucleotide_sugar_biosynthesis_adp_l_glycero_beta_d_manno_heptose_biosynthesis_adp_l_glycero_beta_d_manno_heptose_from_d_glycero_beta_d_manno_heptose_7_phosphate_step_4_4, nucleotide_sugar_biosynthesis_cdp_3_6_dideoxy_d_mannose_biosynthesis_cdp_3_6_dideoxy_d_mannose_from_ctp_and_alpha_d_glucose_1_phosphate_step_1_5, nucleotide_sugar_biosynthesis_cdp_3_6_dideoxy_d_mannose_biosynthesis_cdp_3_6_dideoxy_d_mannose_from_ctp_and_alpha_d_glucose_1_phosphate_step_2_5, one_carbon_metabolism_methanogenesis_from_co_2_5_10_methenyl_5_6_7_8_tetrahydromethanopterin_from_co_2_step_3_3, one_carbon_metabolism_methanogenesis_from_co_2_5_10_methylene_5_6_7_8_tetrahydromethanopterin_from_5_10_methenyl_5_6_7_8_tetrahydromethanopterin_coenzyme_f420_route_step_1_1, organosulfur_degradation_taurine_degradation_via_aerobic_pathway_acetyl_phosphate_and_sulfite_from_taurine_step_1_2, phospholipid_metabolism_cdp_diacylglycerol_biosynthesis_cdp_diacylglycerol_from_sn_glycerol_3_phosphate_step_1_3, polyol_metabolism_1_2_propanediol_degradation_regulation, polyol_metabolism_myo_inositol_degradation_into_acetyl_co_a_acetyl_co_a_from_myo_inositol_step_1_7, polyol_metabolism_myo_inositol_degradation_into_acetyl_co_a_acetyl_co_a_from_myo_inositol_step_2_7, polyol_metabolism_myo_inositol_degradation_into_acetyl_co_a_acetyl_co_a_from_myo_inositol_step_3_7, polyol_metabolism_myo_inositol_degradation_into_acetyl_co_a_acetyl_co_a_from_myo_inositol_step_4_7, polyol_metabolism_myo_inositol_degradation_into_acetyl_co_a_acetyl_co_a_from_myo_inositol_step_5_7, purine_metabolism_imp_biosynthesis_via_de_novo_pathway_imp_from_5_formamido_1_5_phospho_d_ribosyl_imidazole_4_carboxamide_step_1_1, purine_metabolism_purine_nucleotide_biosynthesis_regulation, pyrimidine_metabolism_ump_biosynthesis_via_de_novo_pathway_s_dihydroorotate_from_bicarbonate_step_1_3, quinol_quinone_metabolism_1_4_dihydroxy_2_naphthoate_biosynthesis_1_4_dihydroxy_2_naphthoate_from_chorismate_step_1_7, quinol_quinone_metabolism_1_4_dihydroxy_2_naphthoate_biosynthesis_1_4_dihydroxy_2_naphthoate_from_chorismate_step_5_7, sulfur_metabolism_glutathione_biosynthesis_glutathione_from_l_cysteine_and_l_glutamate_step_1_2, sulfur_metabolism_sulfite_reduction, xenobiotic_degradation_atrazine_degradation_biuret_from_cyanurate_step_1_1, t_rna_modification_2_methylthio_n_6_cis_hydroxy_isopentenyl_adenosine_t_rna_biosynthesis, t_rna_modification_archaeosine_t_rna_biosynthesis
2023-12-18 16:44:27 INFO::Total filtered features with variance filtering: 0
2023-12-18 16:44:27 INFO::Filtered feature names from variance filtering:
2023-12-18 16:44:27 INFO::Running selected normalization method: NONE
2023-12-18 16:44:27 INFO::Applying z-score to standardize continuous metadata
2023-12-18 16:44:28 INFO::Running selected transform method: LOG
2023-12-18 16:44:28 INFO::Running selected analysis method: LM
2023-12-18 16:44:28 INFO::Fitting model to feature number 1, unmapped
2023-12-18 16:44:28 INFO::Fitting model to feature number 2, unintegrated
2023-12-18 16:44:28 INFO::Fitting model to feature number 3, amine_and_polyamine_biosynthesis_betaine_biosynthesis_via_choline_pathway
2023-12-18 16:44:28 INFO::Fitting model to feature number 4, amine_and_polyamine_biosynthesis_betaine_biosynthesis_via_choline_pathway_betaine_from_betaine_aldehyde_step_1_1
2023-12-18 16:44:28 INFO::Fitting model to feature number 5, amine_and_polyamine_biosynthesis_putrescine_biosynthesis_via_l_ornithine_pathway_putrescine_from_l_ornithine_step_1_1
2023-12-18 16:44:28 INFO::Fitting model to feature number 6, amine_and_polyamine_biosynthesis_putrescine_biosynthesis_via_agmatine_pathway_putrescine_from_agmatine_step_1_1
2023-12-18 16:44:28 INFO::Fitting model to feature number 7, amine_and_polyamine_biosynthesis_spermidine_biosynthesis_spermidine_from_putrescine_step_1_1
2023-12-18 16:44:28 INFO::Fitting model to feature number 8, amine_and_polyamine_degradation_ethanolamine_degradation
2023-12-18 16:44:28 INFO::Fitting model to feature number 9, amine_and_polyamine_degradation_putrescine_degradation_4_aminobutanoate_from_4_aminobutanal_step_1_1
2023-12-18 16:44:28 INFO::Fitting model to feature number 10, amine_and_polyamine_degradation_putrescine_degradation_4_aminobutanoate_from_putrescine_step_1_4
2023-12-18 16:44:28 INFO::Fitting model to feature number 11, amine_and_polyamine_degradation_putrescine_degradation_regulation
2023-12-18 16:44:28 INFO::Fitting model to feature number 12, amine_and_polyamine_metabolism_carnitine_metabolism
2023-12-18 16:44:28 INFO::Fitting model to feature number 13, amine_and_polyamine_metabolism_spermidine_metabolism
2023-12-18 16:44:28 INFO::Fitting model to feature number 14, amino_acid_biosynthesis_d_alanine_biosynthesis_d_alanine_from_l_alanine_step_1_1
2023-12-18 16:44:28 INFO::Fitting model to feature number 15, amino_acid_biosynthesis_l_arginine_biosynthesis
2023-12-18 16:44:28 INFO::Fitting model to feature number 16, amino_acid_biosynthesis_l_arginine_biosynthesis_l_arginine_from_l_ornithine_and_carbamoyl_phosphate_step_1_3
2023-12-18 16:44:28 INFO::Fitting model to feature number 17, amino_acid_biosynthesis_l_arginine_biosynthesis_l_arginine_from_l_ornithine_and_carbamoyl_phosphate_step_2_3
2023-12-18 16:44:28 INFO::Fitting model to feature number 18, amino_acid_biosynthesis_l_arginine_biosynthesis_l_arginine_from_l_ornithine_and_carbamoyl_phosphate_step_3_3
2023-12-18 16:44:28 INFO::Fitting model to feature number 19, amino_acid_biosynthesis_l_arginine_biosynthesis_l_ornithine_and_n_acetyl_l_glutamate_from_l_glutamate_and_n_2_acetyl_l_ornithine_cyclic_step_1_1
2023-12-18 16:44:28 INFO::Fitting model to feature number 20, amino_acid_biosynthesis_l_arginine_biosynthesis_n_2_acetyl_l_ornithine_from_l_glutamate_step_1_4
2023-12-18 16:44:29 INFO::Fitting model to feature number 21, amino_acid_biosynthesis_l_arginine_biosynthesis_n_2_acetyl_l_ornithine_from_l_glutamate_step_2_4
2023-12-18 16:44:29 INFO::Fitting model to feature number 22, amino_acid_biosynthesis_l_arginine_biosynthesis_n_2_acetyl_l_ornithine_from_l_glutamate_step_3_4
2023-12-18 16:44:29 INFO::Fitting model to feature number 23, amino_acid_biosynthesis_l_arginine_biosynthesis_n_2_acetyl_l_ornithine_from_l_glutamate_step_4_4
2023-12-18 16:44:29 INFO::Fitting model to feature number 24, amino_acid_biosynthesis_l_arginine_biosynthesis_carbamoyl_phosphate_from_bicarbonate_step_1_1
2023-12-18 16:44:29 INFO::Fitting model to feature number 25, amino_acid_biosynthesis_l_arginine_biosynthesis_regulation
2023-12-18 16:44:29 INFO::Fitting model to feature number 26, amino_acid_biosynthesis_l_asparagine_biosynthesis_l_asparagine_from_l_aspartate_l_gln_route_step_1_1
2023-12-18 16:44:29 INFO::Fitting model to feature number 27, amino_acid_biosynthesis_l_asparagine_biosynthesis_l_asparagine_from_l_aspartate_ammonia_route_step_1_1
2023-12-18 16:44:29 INFO::Fitting model to feature number 28, amino_acid_biosynthesis_l_cysteine_biosynthesis_l_cysteine_from_l_serine_step_1_2
2023-12-18 16:44:29 INFO::Fitting model to feature number 29, amino_acid_biosynthesis_l_cysteine_biosynthesis_l_cysteine_from_l_serine_step_2_2
2023-12-18 16:44:29 INFO::Fitting model to feature number 30, amino_acid_biosynthesis_l_glutamate_biosynthesis_via_glt_pathway_l_glutamate_from_2_oxoglutarate_and_l_glutamine_nadp_route_step_1_1
2023-12-18 16:44:29 INFO::Fitting model to feature number 31, amino_acid_biosynthesis_l_histidine_biosynthesis_l_histidine_from_5_phospho_alpha_d_ribose_1_diphosphate_step_1_9
2023-12-18 16:44:29 INFO::Fitting model to feature number 32, amino_acid_biosynthesis_l_histidine_biosynthesis_l_histidine_from_5_phospho_alpha_d_ribose_1_diphosphate_step_2_9
2023-12-18 16:44:29 INFO::Fitting model to feature number 33, amino_acid_biosynthesis_l_histidine_biosynthesis_l_histidine_from_5_phospho_alpha_d_ribose_1_diphosphate_step_3_9
2023-12-18 16:44:29 INFO::Fitting model to feature number 34, amino_acid_biosynthesis_l_histidine_biosynthesis_l_histidine_from_5_phospho_alpha_d_ribose_1_diphosphate_step_4_9
2023-12-18 16:44:29 INFO::Fitting model to feature number 35, amino_acid_biosynthesis_l_histidine_biosynthesis_l_histidine_from_5_phospho_alpha_d_ribose_1_diphosphate_step_5_9
2023-12-18 16:44:29 INFO::Fitting model to feature number 36, amino_acid_biosynthesis_l_histidine_biosynthesis_l_histidine_from_5_phospho_alpha_d_ribose_1_diphosphate_step_6_9
2023-12-18 16:44:29 INFO::Fitting model to feature number 37, amino_acid_biosynthesis_l_histidine_biosynthesis_l_histidine_from_5_phospho_alpha_d_ribose_1_diphosphate_step_7_9
2023-12-18 16:44:29 INFO::Fitting model to feature number 38, amino_acid_biosynthesis_l_histidine_biosynthesis_l_histidine_from_5_phospho_alpha_d_ribose_1_diphosphate_step_9_9
2023-12-18 16:44:29 INFO::Fitting model to feature number 39, amino_acid_biosynthesis_l_homocysteine_biosynthesis_l_homocysteine_from_s_adenosyl_l_homocysteine_step_1_1
2023-12-18 16:44:29 INFO::Fitting model to feature number 40, amino_acid_biosynthesis_l_isoleucine_biosynthesis_2_oxobutanoate_from_l_threonine
2023-12-18 16:44:29 INFO::Fitting model to feature number 41, amino_acid_biosynthesis_l_isoleucine_biosynthesis_2_oxobutanoate_from_l_threonine_step_1_1
2023-12-18 16:44:29 INFO::Fitting model to feature number 42, amino_acid_biosynthesis_l_isoleucine_biosynthesis_l_isoleucine_from_2_oxobutanoate_step_1_4
2023-12-18 16:44:30 INFO::Fitting model to feature number 43, amino_acid_biosynthesis_l_isoleucine_biosynthesis_l_isoleucine_from_2_oxobutanoate_step_2_4
2023-12-18 16:44:30 INFO::Fitting model to feature number 44, amino_acid_biosynthesis_l_isoleucine_biosynthesis_l_isoleucine_from_2_oxobutanoate_step_3_4
2023-12-18 16:44:30 INFO::Fitting model to feature number 45, amino_acid_biosynthesis_l_isoleucine_biosynthesis_l_isoleucine_from_2_oxobutanoate_step_4_4
2023-12-18 16:44:30 INFO::Fitting model to feature number 46, amino_acid_biosynthesis_l_leucine_biosynthesis_l_leucine_from_3_methyl_2_oxobutanoate_step_1_4
2023-12-18 16:44:30 INFO::Fitting model to feature number 47, amino_acid_biosynthesis_l_leucine_biosynthesis_l_leucine_from_3_methyl_2_oxobutanoate_step_2_4
2023-12-18 16:44:30 INFO::Fitting model to feature number 48, amino_acid_biosynthesis_l_leucine_biosynthesis_l_leucine_from_3_methyl_2_oxobutanoate_step_3_4
2023-12-18 16:44:30 INFO::Fitting model to feature number 49, amino_acid_biosynthesis_l_lysine_biosynthesis_via_dap_pathway_s_tetrahydrodipicolinate_from_l_aspartate_step_1_4
2023-12-18 16:44:30 INFO::Fitting model to feature number 50, amino_acid_biosynthesis_l_lysine_biosynthesis_via_dap_pathway_s_tetrahydrodipicolinate_from_l_aspartate_step_2_4
2023-12-18 16:44:30 INFO::Fitting model to feature number 51, amino_acid_biosynthesis_l_lysine_biosynthesis_via_dap_pathway_s_tetrahydrodipicolinate_from_l_aspartate_step_3_4
2023-12-18 16:44:30 INFO::Fitting model to feature number 52, amino_acid_biosynthesis_l_lysine_biosynthesis_via_dap_pathway_s_tetrahydrodipicolinate_from_l_aspartate_step_4_4
2023-12-18 16:44:30 INFO::Fitting model to feature number 53, amino_acid_biosynthesis_l_lysine_biosynthesis_via_dap_pathway_dl_2_6_diaminopimelate_from_s_tetrahydrodipicolinate_step_1_1
2023-12-18 16:44:30 INFO::Fitting model to feature number 54, amino_acid_biosynthesis_l_lysine_biosynthesis_via_dap_pathway_dl_2_6_diaminopimelate_from_ll_2_6_diaminopimelate_step_1_1
2023-12-18 16:44:30 INFO::Fitting model to feature number 55, amino_acid_biosynthesis_l_lysine_biosynthesis_via_dap_pathway_l_lysine_from_dl_2_6_diaminopimelate_step_1_1
2023-12-18 16:44:30 INFO::Fitting model to feature number 56, amino_acid_biosynthesis_l_lysine_biosynthesis_via_dap_pathway_ll_2_6_diaminopimelate_from_s_tetrahydrodipicolinate_acetylase_route_step_1_3
2023-12-18 16:44:30 INFO::Fitting model to feature number 57, amino_acid_biosynthesis_l_lysine_biosynthesis_via_dap_pathway_ll_2_6_diaminopimelate_from_s_tetrahydrodipicolinate_acetylase_route_step_3_3
2023-12-18 16:44:30 INFO::Fitting model to feature number 58, amino_acid_biosynthesis_l_lysine_biosynthesis_via_dap_pathway_ll_2_6_diaminopimelate_from_s_tetrahydrodipicolinate_aminotransferase_route_step_1_1
2023-12-18 16:44:30 INFO::Fitting model to feature number 59, amino_acid_biosynthesis_l_lysine_biosynthesis_via_dap_pathway_ll_2_6_diaminopimelate_from_s_tetrahydrodipicolinate_succinylase_route_step_1_3
2023-12-18 16:44:30 INFO::Fitting model to feature number 60, amino_acid_biosynthesis_l_methionine_biosynthesis_via_de_novo_pathway_l_cystathionine_from_o_succinyl_l_homoserine_step_1_1
2023-12-18 16:44:30 INFO::Fitting model to feature number 61, amino_acid_biosynthesis_l_methionine_biosynthesis_via_de_novo_pathway_l_homocysteine_from_l_cystathionine_step_1_1
2023-12-18 16:44:30 INFO::Fitting model to feature number 62, amino_acid_biosynthesis_l_methionine_biosynthesis_via_de_novo_pathway_l_methionine_from_l_homocysteine_met_e_route_step_1_1
2023-12-18 16:44:30 INFO::Fitting model to feature number 63, amino_acid_biosynthesis_l_methionine_biosynthesis_via_de_novo_pathway_l_methionine_from_l_homocysteine_met_h_route_step_1_1
2023-12-18 16:44:30 INFO::Fitting model to feature number 64, amino_acid_biosynthesis_l_methionine_biosynthesis_via_de_novo_pathway_o_succinyl_l_homoserine_from_l_homoserine_step_1_1
2023-12-18 16:44:31 INFO::Fitting model to feature number 65, amino_acid_biosynthesis_l_methionine_biosynthesis_via_salvage_pathway_l_methionine_from_s_methyl_5_thio_alpha_d_ribose_1_phosphate_step_1_6
2023-12-18 16:44:31 INFO::Fitting model to feature number 66, amino_acid_biosynthesis_l_methionine_biosynthesis_via_salvage_pathway_l_methionine_from_s_methyl_5_thio_alpha_d_ribose_1_phosphate_step_3_6
2023-12-18 16:44:31 INFO::Fitting model to feature number 67, amino_acid_biosynthesis_l_methionine_biosynthesis_via_salvage_pathway_l_methionine_from_s_methyl_5_thio_alpha_d_ribose_1_phosphate_step_6_6
2023-12-18 16:44:31 INFO::Fitting model to feature number 68, amino_acid_biosynthesis_l_phenylalanine_biosynthesis_l_phenylalanine_from_phenylpyruvate_ar_at_route_step_1_1
2023-12-18 16:44:31 INFO::Fitting model to feature number 69, amino_acid_biosynthesis_l_phenylalanine_biosynthesis_phenylpyruvate_from_prephenate_step_1_1
2023-12-18 16:44:31 INFO::Fitting model to feature number 70, amino_acid_biosynthesis_l_proline_biosynthesis_l_glutamate_5_semialdehyde_from_l_glutamate_step_1_2
2023-12-18 16:44:31 INFO::Fitting model to feature number 71, amino_acid_biosynthesis_l_proline_biosynthesis_l_glutamate_5_semialdehyde_from_l_glutamate_step_2_2
2023-12-18 16:44:31 INFO::Fitting model to feature number 72, amino_acid_biosynthesis_l_proline_biosynthesis_l_proline_from_l_glutamate_5_semialdehyde_step_1_1
2023-12-18 16:44:31 INFO::Fitting model to feature number 73, amino_acid_biosynthesis_l_serine_biosynthesis_l_serine_from_3_phospho_d_glycerate_step_1_3
2023-12-18 16:44:31 INFO::Fitting model to feature number 74, amino_acid_biosynthesis_l_serine_biosynthesis_l_serine_from_3_phospho_d_glycerate_step_2_3
2023-12-18 16:44:31 INFO::Fitting model to feature number 75, amino_acid_biosynthesis_l_serine_biosynthesis_l_serine_from_3_phospho_d_glycerate_step_3_3
2023-12-18 16:44:31 INFO::Fitting model to feature number 76, amino_acid_biosynthesis_l_threonine_biosynthesis_l_threonine_from_l_aspartate_step_4_5
2023-12-18 16:44:31 INFO::Fitting model to feature number 77, amino_acid_biosynthesis_l_threonine_biosynthesis_l_threonine_from_l_aspartate_step_5_5
2023-12-18 16:44:31 INFO::Fitting model to feature number 78, amino_acid_biosynthesis_l_tryptophan_biosynthesis_l_tryptophan_from_chorismate_step_1_5
2023-12-18 16:44:31 INFO::Fitting model to feature number 79, amino_acid_biosynthesis_l_tryptophan_biosynthesis_l_tryptophan_from_chorismate_step_2_5
2023-12-18 16:44:31 INFO::Fitting model to feature number 80, amino_acid_biosynthesis_l_tryptophan_biosynthesis_l_tryptophan_from_chorismate_step_3_5
2023-12-18 16:44:31 INFO::Fitting model to feature number 81, amino_acid_biosynthesis_l_tryptophan_biosynthesis_l_tryptophan_from_chorismate_step_4_5
2023-12-18 16:44:31 INFO::Fitting model to feature number 82, amino_acid_biosynthesis_l_tryptophan_biosynthesis_l_tryptophan_from_chorismate_step_5_5
2023-12-18 16:44:31 INFO::Fitting model to feature number 83, amino_acid_biosynthesis_l_tyrosine_biosynthesis_4_hydroxyphenyl_pyruvate_from_prephenate_nad_route_step_1_1
2023-12-18 16:44:31 INFO::Fitting model to feature number 84, amino_acid_biosynthesis_s_adenosyl_l_methionine_biosynthesis_s_adenosyl_l_methionine_from_l_methionine_step_1_1
2023-12-18 16:44:31 INFO::Fitting model to feature number 85, amino_acid_degradation_4_aminobutanoate_degradation
2023-12-18 16:44:32 INFO::Fitting model to feature number 86, amino_acid_degradation_d_alanine_degradation_nh_3_and_pyruvate_from_d_alanine_step_1_1
2023-12-18 16:44:32 INFO::Fitting model to feature number 87, amino_acid_degradation_l_arginine_degradation_via_adi_pathway_carbamoyl_phosphate_from_l_arginine_step_1_2
2023-12-18 16:44:32 INFO::Fitting model to feature number 88, amino_acid_degradation_l_arginine_degradation_via_adi_pathway_carbamoyl_phosphate_from_l_arginine_step_2_2
2023-12-18 16:44:32 INFO::Fitting model to feature number 89, amino_acid_degradation_l_arginine_degradation_via_ast_pathway_l_glutamate_and_succinate_from_l_arginine_step_1_5
2023-12-18 16:44:32 INFO::Fitting model to feature number 90, amino_acid_degradation_l_arginine_degradation_via_ast_pathway_l_glutamate_and_succinate_from_l_arginine_step_2_5
2023-12-18 16:44:32 INFO::Fitting model to feature number 91, amino_acid_degradation_l_arginine_degradation_via_ast_pathway_l_glutamate_and_succinate_from_l_arginine_step_3_5
2023-12-18 16:44:32 INFO::Fitting model to feature number 92, amino_acid_degradation_l_arginine_degradation_via_ast_pathway_l_glutamate_and_succinate_from_l_arginine_step_4_5
2023-12-18 16:44:32 INFO::Fitting model to feature number 93, amino_acid_degradation_l_glutamate_degradation_via_hydroxyglutarate_pathway_crotonoyl_co_a_from_l_glutamate_step_3_5
2023-12-18 16:44:32 INFO::Fitting model to feature number 94, amino_acid_degradation_l_glutamate_degradation_via_hydroxyglutarate_pathway_crotonoyl_co_a_from_l_glutamate_step_4_5
2023-12-18 16:44:32 INFO::Fitting model to feature number 95, amino_acid_degradation_l_glutamate_degradation_via_mesaconate_pathway_acetate_and_pyruvate_from_l_glutamate_step_1_4
2023-12-18 16:44:32 INFO::Fitting model to feature number 96, amino_acid_degradation_l_glutamate_degradation_via_mesaconate_pathway_acetate_and_pyruvate_from_l_glutamate_step_2_4
2023-12-18 16:44:32 INFO::Fitting model to feature number 97, amino_acid_degradation_l_histidine_degradation_into_l_glutamate_l_glutamate_from_n_formimidoyl_l_glutamate_hydrolase_route_step_1_1
2023-12-18 16:44:32 INFO::Fitting model to feature number 98, amino_acid_degradation_l_histidine_degradation_into_l_glutamate_n_formimidoyl_l_glutamate_from_l_histidine_step_1_3
2023-12-18 16:44:32 INFO::Fitting model to feature number 99, amino_acid_degradation_l_histidine_degradation_into_l_glutamate_n_formimidoyl_l_glutamate_from_l_histidine_step_2_3
2023-12-18 16:44:32 INFO::Fitting model to feature number 100, amino_acid_degradation_l_histidine_degradation_into_l_glutamate_n_formimidoyl_l_glutamate_from_l_histidine_step_3_3
2023-12-18 16:44:32 INFO::Fitting model to feature number 101, amino_acid_degradation_l_histidine_degradation_into_l_glutamate_regulation
2023-12-18 16:44:32 INFO::Fitting model to feature number 102, amino_acid_degradation_l_lysine_degradation_via_saccharopine_pathway_glutaryl_co_a_from_l_lysine_step_6_6
2023-12-18 16:44:32 INFO::Fitting model to feature number 103, amino_acid_degradation_l_phenylalanine_degradation_phenylacetate_from_l_phenylalanine_step_2_3
2023-12-18 16:44:32 INFO::Fitting model to feature number 104, amino_acid_degradation_l_proline_degradation_into_l_glutamate_l_glutamate_from_l_proline_step_1_2
2023-12-18 16:44:32 INFO::Fitting model to feature number 105, amino_acid_degradation_l_threonine_degradation_via_oxydo_reductase_pathway_glycine_from_l_threonine_step_1_2
2023-12-18 16:44:32 INFO::Fitting model to feature number 106, amino_acid_degradation_l_threonine_degradation_via_oxydo_reductase_pathway_glycine_from_l_threonine_step_2_2
2023-12-18 16:44:32 INFO::Fitting model to feature number 107, amino_acid_degradation_l_threonine_degradation_via_propanoate_pathway
2023-12-18 16:44:32 INFO::Fitting model to feature number 108, amino_acid_degradation_l_threonine_degradation_via_propanoate_pathway_propanoate_from_l_threonine_step_1_4
2023-12-18 16:44:32 INFO::Fitting model to feature number 109, amino_acid_degradation_l_threonine_degradation_via_propanoate_pathway_propanoate_from_l_threonine_step_2_4
2023-12-18 16:44:33 INFO::Fitting model to feature number 110, amino_acid_degradation_l_threonine_degradation_via_propanoate_pathway_propanoate_from_l_threonine_step_4_4
2023-12-18 16:44:33 INFO::Fitting model to feature number 111, amino_acid_degradation_l_threonine_degradation_via_propanoate_pathway_regulation
2023-12-18 16:44:33 INFO::Fitting model to feature number 112, amino_sugar_metabolism_n_acetylmuramate_degradation
2023-12-18 16:44:33 INFO::Fitting model to feature number 113, amino_sugar_metabolism_n_acetylneuraminate_degradation_d_fructose_6_phosphate_from_n_acetylneuraminate_step_1_5
2023-12-18 16:44:33 INFO::Fitting model to feature number 114, amino_sugar_metabolism_n_acetylneuraminate_degradation_d_fructose_6_phosphate_from_n_acetylneuraminate_step_3_5
2023-12-18 16:44:33 INFO::Fitting model to feature number 115, amino_sugar_metabolism_n_acetylneuraminate_degradation_d_fructose_6_phosphate_from_n_acetylneuraminate_step_4_5
2023-12-18 16:44:33 INFO::Fitting model to feature number 116, amino_sugar_metabolism_n_acetylneuraminate_degradation_d_fructose_6_phosphate_from_n_acetylneuraminate_step_5_5
2023-12-18 16:44:33 INFO::Fitting model to feature number 117, aminoacyl_t_rna_biosynthesis_selenocysteinyl_t_rna_sec_biosynthesis_l_seryl_t_rna_sec_from_l_serine_and_t_rna_sec_step_1_1
2023-12-18 16:44:33 INFO::Fitting model to feature number 118, aromatic_compound_metabolism_3_phenylpropanoate_degradation
2023-12-18 16:44:33 INFO::Fitting model to feature number 119, aromatic_compound_metabolism_4_hydroxyphenylacetate_degradation_pyruvate_and_succinate_semialdehyde_from_4_hydroxyphenylacetate_step_1_7
2023-12-18 16:44:33 INFO::Fitting model to feature number 120, aromatic_compound_metabolism_4_hydroxyphenylacetate_degradation_pyruvate_and_succinate_semialdehyde_from_4_hydroxyphenylacetate_step_3_7
2023-12-18 16:44:33 INFO::Fitting model to feature number 121, aromatic_compound_metabolism_4_hydroxyphenylacetate_degradation_pyruvate_and_succinate_semialdehyde_from_4_hydroxyphenylacetate_step_4_7
2023-12-18 16:44:33 INFO::Fitting model to feature number 122, aromatic_compound_metabolism_4_hydroxyphenylacetate_degradation_pyruvate_and_succinate_semialdehyde_from_4_hydroxyphenylacetate_step_5_7
2023-12-18 16:44:33 WARNING::Fitting problem for feature 122 a warning was issued
2023-12-18 16:44:33 INFO::Fitting model to feature number 123, aromatic_compound_metabolism_4_hydroxyphenylacetate_degradation_pyruvate_and_succinate_semialdehyde_from_4_hydroxyphenylacetate_step_6_7
2023-12-18 16:44:33 INFO::Fitting model to feature number 124, aromatic_compound_metabolism_4_hydroxyphenylacetate_degradation_pyruvate_and_succinate_semialdehyde_from_4_hydroxyphenylacetate_step_7_7
2023-12-18 16:44:33 INFO::Fitting model to feature number 125, aromatic_compound_metabolism_phenylacetate_degradation
2023-12-18 16:44:33 INFO::Fitting model to feature number 126, bacterial_outer_membrane_biogenesis_lps_o_antigen_biosynthesis
2023-12-18 16:44:33 INFO::Fitting model to feature number 127, bacterial_outer_membrane_biogenesis_lps_core_biosynthesis
2023-12-18 16:44:33 INFO::Fitting model to feature number 128, bacterial_outer_membrane_biogenesis_lps_lipid_a_biosynthesis
2023-12-18 16:44:33 INFO::Fitting model to feature number 129, bacterial_outer_membrane_biogenesis_enterobacterial_common_antigen_biosynthesis
2023-12-18 16:44:34 INFO::Fitting model to feature number 130, bacterial_outer_membrane_biogenesis_lipopolysaccharide_biosynthesis
2023-12-18 16:44:34 INFO::Fitting model to feature number 131, bacterial_outer_membrane_biogenesis_lipopolysaccharide_metabolism
2023-12-18 16:44:34 INFO::Fitting model to feature number 132, capsule_biogenesis_capsule_polysaccharide_biosynthesis
2023-12-18 16:44:34 INFO::Fitting model to feature number 133, carbohydrate_acid_metabolism_2_dehydro_3_deoxy_d_gluconate_degradation_d_glyceraldehyde_3_phosphate_and_pyruvate_from_2_dehydro_3_deoxy_d_gluconate_step_1_2
2023-12-18 16:44:34 INFO::Fitting model to feature number 134, carbohydrate_acid_metabolism_2_dehydro_3_deoxy_d_gluconate_degradation_d_glyceraldehyde_3_phosphate_and_pyruvate_from_2_dehydro_3_deoxy_d_gluconate_step_2_2
2023-12-18 16:44:34 INFO::Fitting model to feature number 135, carbohydrate_acid_metabolism_d_galactonate_degradation_d_glyceraldehyde_3_phosphate_and_pyruvate_from_d_galactonate_step_1_3
2023-12-18 16:44:34 INFO::Fitting model to feature number 136, carbohydrate_acid_metabolism_d_galactonate_degradation_d_glyceraldehyde_3_phosphate_and_pyruvate_from_d_galactonate_step_2_3
2023-12-18 16:44:34 INFO::Fitting model to feature number 137, carbohydrate_acid_metabolism_d_galactonate_degradation_d_glyceraldehyde_3_phosphate_and_pyruvate_from_d_galactonate_step_3_3
2023-12-18 16:44:34 INFO::Fitting model to feature number 138, carbohydrate_acid_metabolism_d_glucarate_degradation_2_5_dioxopentanoate_from_d_glucarate_step_1_2
2023-12-18 16:44:34 INFO::Fitting model to feature number 139, carbohydrate_acid_metabolism_d_gluconate_degradation
2023-12-18 16:44:34 INFO::Fitting model to feature number 140, carbohydrate_acid_metabolism_d_gluconate_degradation_regulation
2023-12-18 16:44:34 INFO::Fitting model to feature number 141, carbohydrate_acid_metabolism_l_idonate_degradation
2023-12-18 16:44:34 INFO::Fitting model to feature number 142, carbohydrate_acid_metabolism_galactarate_degradation_d_glycerate_from_galactarate_step_1_3
2023-12-18 16:44:34 INFO::Fitting model to feature number 143, carbohydrate_acid_metabolism_galactarate_degradation_d_glycerate_from_galactarate_step_2_3
2023-12-18 16:44:34 INFO::Fitting model to feature number 144, carbohydrate_acid_metabolism_galactarate_degradation_d_glycerate_from_galactarate_step_3_3
2023-12-18 16:44:34 INFO::Fitting model to feature number 145, carbohydrate_biosynthesis_3_deoxy_d_manno_octulosonate_biosynthesis_3_deoxy_d_manno_octulosonate_from_d_ribulose_5_phosphate_step_1_3
2023-12-18 16:44:34 INFO::Fitting model to feature number 146, carbohydrate_biosynthesis_d_glycero_d_manno_heptose_7_phosphate_biosynthesis_d_glycero_alpha_d_manno_heptose_7_phosphate_and_d_glycero_beta_d_manno_heptose_7_phosphate_from_sedoheptulose_7_phosphate_step_1_1
2023-12-18 16:44:34 INFO::Fitting model to feature number 147, carbohydrate_biosynthesis_gluconeogenesis
2023-12-18 16:44:34 INFO::Fitting model to feature number 148, carbohydrate_degradation_2_deoxy_d_ribose_1_phosphate_degradation_d_glyceraldehyde_3_phosphate_and_acetaldehyde_from_2_deoxy_alpha_d_ribose_1_phosphate_step_2_2
2023-12-18 16:44:34 INFO::Fitting model to feature number 149, carbohydrate_degradation_d_allose_degradation
2023-12-18 16:44:34 INFO::Fitting model to feature number 150, carbohydrate_degradation_l_arabinose_degradation_via_l_ribulose_d_xylulose_5_phosphate_from_l_arabinose_bacterial_route_step_1_3
2023-12-18 16:44:34 INFO::Fitting model to feature number 151, carbohydrate_degradation_l_arabinose_degradation_via_l_ribulose_d_xylulose_5_phosphate_from_l_arabinose_bacterial_route_step_3_3
2023-12-18 16:44:35 INFO::Fitting model to feature number 152, carbohydrate_degradation_l_fucose_degradation
2023-12-18 16:44:35 INFO::Fitting model to feature number 153, carbohydrate_degradation_l_fucose_degradation_l_lactaldehyde_and_glycerone_phosphate_from_l_fucose_step_1_3
2023-12-18 16:44:35 INFO::Fitting model to feature number 154, carbohydrate_degradation_l_rhamnose_degradation_glycerone_phosphate_from_l_rhamnose_step_1_3
2023-12-18 16:44:35 INFO::Fitting model to feature number 155, carbohydrate_degradation_l_rhamnose_degradation_glycerone_phosphate_from_l_rhamnose_step_2_3
2023-12-18 16:44:35 INFO::Fitting model to feature number 156, carbohydrate_degradation_l_rhamnose_degradation_glycerone_phosphate_from_l_rhamnose_step_3_3
2023-12-18 16:44:35 INFO::Fitting model to feature number 157, carbohydrate_degradation_glycolysis_d_glyceraldehyde_3_phosphate_and_glycerone_phosphate_from_d_glucose_step_2_4
2023-12-18 16:44:35 INFO::Fitting model to feature number 158, carbohydrate_degradation_glycolysis_d_glyceraldehyde_3_phosphate_and_glycerone_phosphate_from_d_glucose_step_3_4
2023-12-18 16:44:35 INFO::Fitting model to feature number 159, carbohydrate_degradation_glycolysis_d_glyceraldehyde_3_phosphate_and_glycerone_phosphate_from_d_glucose_step_4_4
2023-12-18 16:44:35 INFO::Fitting model to feature number 160, carbohydrate_degradation_glycolysis_pyruvate_from_d_glyceraldehyde_3_phosphate_step_1_5
2023-12-18 16:44:35 INFO::Fitting model to feature number 161, carbohydrate_degradation_glycolysis_pyruvate_from_d_glyceraldehyde_3_phosphate_step_2_5
2023-12-18 16:44:35 INFO::Fitting model to feature number 162, carbohydrate_degradation_glycolysis_pyruvate_from_d_glyceraldehyde_3_phosphate_step_3_5
2023-12-18 16:44:35 INFO::Fitting model to feature number 163, carbohydrate_degradation_glycolysis_pyruvate_from_d_glyceraldehyde_3_phosphate_step_4_5
2023-12-18 16:44:35 INFO::Fitting model to feature number 164, carbohydrate_degradation_glycolysis_pyruvate_from_d_glyceraldehyde_3_phosphate_step_5_5
2023-12-18 16:44:35 INFO::Fitting model to feature number 165, carbohydrate_degradation_pentose_phosphate_pathway_d_glyceraldehyde_3_phosphate_and_beta_d_fructose_6_phosphate_from_d_ribose_5_phosphate_and_d_xylulose_5_phosphate_non_oxidative_stage_step_2_3
2023-12-18 16:44:35 INFO::Fitting model to feature number 166, carbohydrate_degradation_pentose_phosphate_pathway_d_ribose_5_phosphate_from_d_ribulose_5_phosphate_non_oxidative_stage_step_1_1
2023-12-18 16:44:35 INFO::Fitting model to feature number 167, carbohydrate_degradation_pentose_phosphate_pathway_d_ribulose_5_phosphate_from_d_glucose_6_phosphate_oxidative_stage_step_1_3
2023-12-18 16:44:35 INFO::Fitting model to feature number 168, carbohydrate_degradation_pentose_phosphate_pathway_d_ribulose_5_phosphate_from_d_glucose_6_phosphate_oxidative_stage_step_2_3
2023-12-18 16:44:35 INFO::Fitting model to feature number 169, carbohydrate_degradation_pentose_phosphate_pathway_d_ribulose_5_phosphate_from_d_glucose_6_phosphate_oxidative_stage_step_3_3
2023-12-18 16:44:35 INFO::Fitting model to feature number 170, carbohydrate_metabolism_d_arabinitol_metabolism
2023-12-18 16:44:35 INFO::Fitting model to feature number 171, carbohydrate_metabolism_d_galactose_6_phosphate_degradation_d_tagatose_6_phosphate_from_d_galactose_6_phosphate_step_1_1
2023-12-18 16:44:35 INFO::Fitting model to feature number 172, carbohydrate_metabolism_d_ribose_degradation_d_ribose_5_phosphate_from_beta_d_ribopyranose_step_1_2
2023-12-18 16:44:36 INFO::Fitting model to feature number 173, carbohydrate_metabolism_d_ribose_degradation_d_ribose_5_phosphate_from_beta_d_ribopyranose_step_2_2
2023-12-18 16:44:36 INFO::Fitting model to feature number 174, carbohydrate_metabolism_d_sorbitol_degradation_d_fructose_6_phosphate_from_d_sorbitol_6_phosphate_step_1_1
2023-12-18 16:44:36 INFO::Fitting model to feature number 175, carbohydrate_metabolism_d_tagatose_6_phosphate_degradation_d_glyceraldehyde_3_phosphate_and_glycerone_phosphate_from_d_tagatose_6_phosphate_step_1_2
2023-12-18 16:44:36 INFO::Fitting model to feature number 176, carbohydrate_metabolism_d_tagatose_6_phosphate_degradation_d_glyceraldehyde_3_phosphate_and_glycerone_phosphate_from_d_tagatose_6_phosphate_step_2_2
2023-12-18 16:44:36 INFO::Fitting model to feature number 177, carbohydrate_metabolism_entner_doudoroff_pathway
2023-12-18 16:44:36 INFO::Fitting model to feature number 178, carbohydrate_metabolism_l_fucose_metabolism
2023-12-18 16:44:36 INFO::Fitting model to feature number 179, carbohydrate_metabolism_l_rhamnose_metabolism
2023-12-18 16:44:36 INFO::Fitting model to feature number 180, carbohydrate_metabolism_fructoselysine_degradation
2023-12-18 16:44:36 INFO::Fitting model to feature number 181, carbohydrate_metabolism_galactose_metabolism
2023-12-18 16:44:36 INFO::Fitting model to feature number 182, carbohydrate_metabolism_galactose_metabolism_regulation
2023-12-18 16:44:36 INFO::Fitting model to feature number 183, carbohydrate_metabolism_glyoxylate_cycle_s_malate_from_isocitrate_step_2_2
2023-12-18 16:44:36 INFO::Fitting model to feature number 184, carbohydrate_metabolism_hexose_metabolism
2023-12-18 16:44:36 INFO::Fitting model to feature number 185, carbohydrate_metabolism_lactose_degradation_d_galactose_6_phosphate_and_beta_d_glucose_from_lactose_6_phosphate_step_1_1
2023-12-18 16:44:36 INFO::Fitting model to feature number 186, carbohydrate_metabolism_pentose_and_glucuronate_interconversion
2023-12-18 16:44:36 INFO::Fitting model to feature number 187, carbohydrate_metabolism_tricarboxylic_acid_cycle
2023-12-18 16:44:36 INFO::Fitting model to feature number 188, carbohydrate_metabolism_tricarboxylic_acid_cycle_s_malate_from_fumarate_step_1_1
2023-12-18 16:44:36 INFO::Fitting model to feature number 189, carbohydrate_metabolism_tricarboxylic_acid_cycle_fumarate_from_succinate_bacterial_route_step_1_1
2023-12-18 16:44:36 INFO::Fitting model to feature number 190, carbohydrate_metabolism_tricarboxylic_acid_cycle_isocitrate_from_oxaloacetate_step_1_2
2023-12-18 16:44:36 INFO::Fitting model to feature number 191, carbohydrate_metabolism_tricarboxylic_acid_cycle_isocitrate_from_oxaloacetate_step_2_2
2023-12-18 16:44:36 INFO::Fitting model to feature number 192, carbohydrate_metabolism_tricarboxylic_acid_cycle_oxaloacetate_from_s_malate_quinone_route_step_1_1
2023-12-18 16:44:37 INFO::Fitting model to feature number 193, carbohydrate_metabolism_tricarboxylic_acid_cycle_succinate_from_succinyl_co_a_ligase_route_step_1_1
2023-12-18 16:44:37 INFO::Fitting model to feature number 194, cell_wall_biogenesis_cell_wall_polysaccharide_biosynthesis
2023-12-18 16:44:37 INFO::Fitting model to feature number 195, cell_wall_biogenesis_lipoteichoic_acid_biosynthesis
2023-12-18 16:44:37 INFO::Fitting model to feature number 196, cell_wall_biogenesis_peptidoglycan_biosynthesis
2023-12-18 16:44:37 INFO::Fitting model to feature number 197, cell_wall_biogenesis_peptidoglycan_recycling
2023-12-18 16:44:37 INFO::Fitting model to feature number 198, cofactor_biosynthesis_r_pantothenate_biosynthesis_r_pantoate_from_3_methyl_2_oxobutanoate_step_1_2
2023-12-18 16:44:37 INFO::Fitting model to feature number 199, cofactor_biosynthesis_r_pantothenate_biosynthesis_r_pantothenate_from_r_pantoate_and_beta_alanine_step_1_1
2023-12-18 16:44:37 INFO::Fitting model to feature number 200, cofactor_biosynthesis_r_pantothenate_biosynthesis_beta_alanine_from_l_aspartate_step_1_1
2023-12-18 16:44:37 INFO::Fitting model to feature number 201, cofactor_biosynthesis_7_8_dihydroneopterin_triphosphate_biosynthesis_7_8_dihydroneopterin_triphosphate_from_gtp_step_1_1
2023-12-18 16:44:37 INFO::Fitting model to feature number 202, cofactor_biosynthesis_b6_vitamer_interconversion_pyridoxal_5_phosphate_from_pyridoxamine_5_phosphate_step_1_1
2023-12-18 16:44:37 INFO::Fitting model to feature number 203, cofactor_biosynthesis_fad_biosynthesis_fad_from_fmn_step_1_1
2023-12-18 16:44:37 INFO::Fitting model to feature number 204, cofactor_biosynthesis_fe_mo_cofactor_biosynthesis
2023-12-18 16:44:37 INFO::Fitting model to feature number 205, cofactor_biosynthesis_nad_biosynthesis_nad_from_deamido_nad_ammonia_route_step_1_1
2023-12-18 16:44:37 INFO::Fitting model to feature number 206, cofactor_biosynthesis_nad_biosynthesis_nad_from_nicotinamide_d_ribonucleotide_step_1_1
2023-12-18 16:44:37 INFO::Fitting model to feature number 207, cofactor_biosynthesis_nad_biosynthesis_deamido_nad_from_nicotinate_d_ribonucleotide_step_1_1
2023-12-18 16:44:37 INFO::Fitting model to feature number 208, cofactor_biosynthesis_nad_biosynthesis_iminoaspartate_from_l_aspartate_oxidase_route_step_1_1
2023-12-18 16:44:37 INFO::Fitting model to feature number 209, cofactor_biosynthesis_nad_biosynthesis_nicotinate_d_ribonucleotide_from_quinolinate_step_1_1
2023-12-18 16:44:37 INFO::Fitting model to feature number 210, cofactor_biosynthesis_nad_biosynthesis_regulation
2023-12-18 16:44:37 INFO::Fitting model to feature number 211, cofactor_biosynthesis_adenosylcobalamin_biosynthesis
2023-12-18 16:44:37 INFO::Fitting model to feature number 212, cofactor_biosynthesis_adenosylcobalamin_biosynthesis_adenosylcobalamin_from_cob_ii_yrinate_a_c_diamide_step_2_7
2023-12-18 16:44:37 INFO::Fitting model to feature number 213, cofactor_biosynthesis_adenosylcobalamin_biosynthesis_adenosylcobalamin_from_cob_ii_yrinate_a_c_diamide_step_5_7
2023-12-18 16:44:37 INFO::Fitting model to feature number 214, cofactor_biosynthesis_adenosylcobalamin_biosynthesis_adenosylcobalamin_from_cob_ii_yrinate_a_c_diamide_step_7_7
2023-12-18 16:44:37 INFO::Fitting model to feature number 215, cofactor_biosynthesis_adenosylcobalamin_biosynthesis_cob_ii_yrinate_a_c_diamide_from_sirohydrochlorin_anaerobic_route_step_3_10
2023-12-18 16:44:38 INFO::Fitting model to feature number 216, cofactor_biosynthesis_adenosylcobalamin_biosynthesis_cob_ii_yrinate_a_c_diamide_from_sirohydrochlorin_anaerobic_route_step_4_10
2023-12-18 16:44:38 INFO::Fitting model to feature number 217, cofactor_biosynthesis_adenosylcobalamin_biosynthesis_cob_ii_yrinate_a_c_diamide_from_sirohydrochlorin_anaerobic_route_step_6_10
2023-12-18 16:44:38 INFO::Fitting model to feature number 218, cofactor_biosynthesis_adenosylcobalamin_biosynthesis_precorrin_2_from_uroporphyrinogen_iii_step_1_1
2023-12-18 16:44:38 INFO::Fitting model to feature number 219, cofactor_biosynthesis_biotin_biosynthesis
2023-12-18 16:44:38 INFO::Fitting model to feature number 220, cofactor_biosynthesis_biotin_biosynthesis_7_8_diaminononanoate_from_8_amino_7_oxononanoate_sam_route_step_1_1
2023-12-18 16:44:38 INFO::Fitting model to feature number 221, cofactor_biosynthesis_biotin_biosynthesis_biotin_from_7_8_diaminononanoate_step_1_2
2023-12-18 16:44:38 INFO::Fitting model to feature number 222, cofactor_biosynthesis_biotin_biosynthesis_biotin_from_7_8_diaminononanoate_step_2_2
2023-12-18 16:44:38 INFO::Fitting model to feature number 223, cofactor_biosynthesis_coenzyme_a_biosynthesis_co_a_from_r_pantothenate_step_1_5
2023-12-18 16:44:38 INFO::Fitting model to feature number 224, cofactor_biosynthesis_coenzyme_a_biosynthesis_co_a_from_r_pantothenate_step_2_5
2023-12-18 16:44:38 INFO::Fitting model to feature number 225, cofactor_biosynthesis_coenzyme_a_biosynthesis_co_a_from_r_pantothenate_step_4_5
2023-12-18 16:44:38 INFO::Fitting model to feature number 226, cofactor_biosynthesis_coenzyme_a_biosynthesis_co_a_from_r_pantothenate_step_5_5
2023-12-18 16:44:38 INFO::Fitting model to feature number 227, cofactor_biosynthesis_iron_sulfur_cluster_biosynthesis
2023-12-18 16:44:38 INFO::Fitting model to feature number 228, cofactor_biosynthesis_molybdopterin_biosynthesis
2023-12-18 16:44:38 INFO::Fitting model to feature number 229, cofactor_biosynthesis_nicotinate_biosynthesis_nicotinate_from_nicotinamide_step_1_1
2023-12-18 16:44:38 INFO::Fitting model to feature number 230, cofactor_biosynthesis_pyridoxal_5_phosphate_biosynthesis
2023-12-18 16:44:38 INFO::Fitting model to feature number 231, cofactor_biosynthesis_pyridoxine_5_phosphate_biosynthesis_pyridoxine_5_phosphate_from_d_erythrose_4_phosphate_step_1_5
2023-12-18 16:44:38 INFO::Fitting model to feature number 232, cofactor_biosynthesis_pyridoxine_5_phosphate_biosynthesis_pyridoxine_5_phosphate_from_d_erythrose_4_phosphate_step_2_5
2023-12-18 16:44:38 INFO::Fitting model to feature number 233, cofactor_biosynthesis_pyridoxine_5_phosphate_biosynthesis_pyridoxine_5_phosphate_from_d_erythrose_4_phosphate_step_4_5
2023-12-18 16:44:38 INFO::Fitting model to feature number 234, cofactor_biosynthesis_pyridoxine_5_phosphate_biosynthesis_pyridoxine_5_phosphate_from_d_erythrose_4_phosphate_step_5_5
2023-12-18 16:44:38 INFO::Fitting model to feature number 235, cofactor_biosynthesis_pyrroloquinoline_quinone_biosynthesis
2023-12-18 16:44:38 INFO::Fitting model to feature number 236, cofactor_biosynthesis_riboflavin_biosynthesis_2_hydroxy_3_oxobutyl_phosphate_from_d_ribulose_5_phosphate_step_1_1
2023-12-18 16:44:39 INFO::Fitting model to feature number 237, cofactor_biosynthesis_riboflavin_biosynthesis_5_amino_6_d_ribitylamino_uracil_from_gtp_step_1_4
2023-12-18 16:44:39 INFO::Fitting model to feature number 238, cofactor_biosynthesis_riboflavin_biosynthesis_5_amino_6_d_ribitylamino_uracil_from_gtp_step_2_4
2023-12-18 16:44:39 INFO::Fitting model to feature number 239, cofactor_biosynthesis_riboflavin_biosynthesis_riboflavin_from_2_hydroxy_3_oxobutyl_phosphate_and_5_amino_6_d_ribitylamino_uracil_step_1_2
2023-12-18 16:44:39 INFO::Fitting model to feature number 240, cofactor_biosynthesis_riboflavin_biosynthesis_riboflavin_from_2_hydroxy_3_oxobutyl_phosphate_and_5_amino_6_d_ribitylamino_uracil_step_2_2
2023-12-18 16:44:39 INFO::Fitting model to feature number 241, cofactor_biosynthesis_tetrahydrofolate_biosynthesis_2_amino_4_hydroxy_6_hydroxymethyl_7_8_dihydropteridine_diphosphate_from_7_8_dihydroneopterin_triphosphate_step_3_4
2023-12-18 16:44:39 INFO::Fitting model to feature number 242, cofactor_biosynthesis_tetrahydrofolate_biosynthesis_2_amino_4_hydroxy_6_hydroxymethyl_7_8_dihydropteridine_diphosphate_from_7_8_dihydroneopterin_triphosphate_step_4_4
2023-12-18 16:44:39 INFO::Fitting model to feature number 243, cofactor_biosynthesis_tetrahydrofolate_biosynthesis_4_aminobenzoate_from_chorismate_step_1_2
2023-12-18 16:44:39 INFO::Fitting model to feature number 244, cofactor_biosynthesis_tetrahydrofolate_biosynthesis_4_aminobenzoate_from_chorismate_step_2_2
2023-12-18 16:44:39 INFO::Fitting model to feature number 245, cofactor_biosynthesis_tetrahydrofolate_biosynthesis_5_6_7_8_tetrahydrofolate_from_7_8_dihydrofolate_step_1_1
2023-12-18 16:44:39 INFO::Fitting model to feature number 246, cofactor_biosynthesis_tetrahydrofolate_biosynthesis_7_8_dihydrofolate_from_2_amino_4_hydroxy_6_hydroxymethyl_7_8_dihydropteridine_diphosphate_and_4_aminobenzoate_step_1_2
2023-12-18 16:44:39 INFO::Fitting model to feature number 247, cofactor_biosynthesis_tetrahydrofolate_biosynthesis_7_8_dihydrofolate_from_2_amino_4_hydroxy_6_hydroxymethyl_7_8_dihydropteridine_diphosphate_and_4_aminobenzoate_step_2_2
2023-12-18 16:44:39 INFO::Fitting model to feature number 248, cofactor_biosynthesis_tetrahydrofolylpolyglutamate_biosynthesis
2023-12-18 16:44:39 INFO::Fitting model to feature number 249, cofactor_biosynthesis_thiamine_diphosphate_biosynthesis
2023-12-18 16:44:39 INFO::Fitting model to feature number 250, cofactor_biosynthesis_thiamine_diphosphate_biosynthesis_4_amino_2_methyl_5_diphosphomethylpyrimidine_from_5_amino_1_5_phospho_d_ribosyl_imidazole_step_2_3
2023-12-18 16:44:39 INFO::Fitting model to feature number 251, cofactor_biosynthesis_thiamine_diphosphate_biosynthesis_4_methyl_5_2_phosphoethyl_thiazole_from_5_2_hydroxyethyl_4_methylthiazole_step_1_1
2023-12-18 16:44:39 INFO::Fitting model to feature number 252, cofactor_biosynthesis_thiamine_diphosphate_biosynthesis_thiamine_diphosphate_from_thiamine_phosphate_step_1_1
2023-12-18 16:44:39 INFO::Fitting model to feature number 253, cofactor_biosynthesis_thiamine_diphosphate_biosynthesis_thiamine_phosphate_from_4_amino_2_methyl_5_diphosphomethylpyrimidine_and_4_methyl_5_2_phosphoethyl_thiazole_step_1_1
2023-12-18 16:44:39 INFO::Fitting model to feature number 254, cofactor_biosynthesis_ubiquinone_biosynthesis
2023-12-18 16:44:39 INFO::Fitting model to feature number 255, cofactor_biosynthesis_ubiquinone_biosynthesis_regulation
2023-12-18 16:44:39 INFO::Fitting model to feature number 256, cofactor_degradation_l_ascorbate_degradation_d_xylulose_5_phosphate_from_l_ascorbate_step_4_4
2023-12-18 16:44:39 INFO::Fitting model to feature number 257, energy_metabolism_nitrogen_metabolism
2023-12-18 16:44:39 INFO::Fitting model to feature number 258, energy_metabolism_oxidative_phosphorylation
2023-12-18 16:44:39 INFO::Fitting model to feature number 259, exopolysaccharide_biosynthesis_colanic_acid_biosynthesis
2023-12-18 16:44:40 INFO::Fitting model to feature number 260, fermentation_pyruvate_fermentation_formate_from_pyruvate_step_1_1
2023-12-18 16:44:40 INFO::Fitting model to feature number 261, fermentation_pyruvate_fermentation_to_lactate_s_lactate_from_pyruvate_step_1_1
2023-12-18 16:44:40 INFO::Fitting model to feature number 262, flavonoid_metabolism_quercetin_degradation
2023-12-18 16:44:40 INFO::Fitting model to feature number 263, genetic_information_processing_dna_replication
2023-12-18 16:44:40 INFO::Fitting model to feature number 264, glucan_metabolism_xyloglucan_degradation
2023-12-18 16:44:40 INFO::Fitting model to feature number 265, glycan_biosynthesis_glycogen_biosynthesis
2023-12-18 16:44:40 INFO::Fitting model to feature number 266, glycan_biosynthesis_sucrose_metabolism
2023-12-18 16:44:40 INFO::Fitting model to feature number 267, glycan_biosynthesis_trehalose_biosynthesis
2023-12-18 16:44:40 INFO::Fitting model to feature number 268, glycan_degradation_glycogen_degradation
2023-12-18 16:44:40 INFO::Fitting model to feature number 269, glycan_degradation_starch_degradation
2023-12-18 16:44:40 INFO::Fitting model to feature number 270, glycan_degradation_xylan_degradation
2023-12-18 16:44:40 INFO::Fitting model to feature number 271, glycan_metabolism_l_arabinan_degradation
2023-12-18 16:44:40 INFO::Fitting model to feature number 272, glycan_metabolism_bacterial_cellulose_biosynthesis
2023-12-18 16:44:40 INFO::Fitting model to feature number 273, glycan_metabolism_exopolysaccharide_biosynthesis
2023-12-18 16:44:40 INFO::Fitting model to feature number 274, glycan_metabolism_osmoregulated_periplasmic_glucan_opg_biosynthesis
2023-12-18 16:44:40 INFO::Fitting model to feature number 275, glycan_metabolism_pectin_degradation_2_dehydro_3_deoxy_d_gluconate_from_pectin_step_4_5
2023-12-18 16:44:40 INFO::Fitting model to feature number 276, glycolipid_biosynthesis_kdo_2_lipid_a_biosynthesis_kdo_2_lipid_a_from_cmp_3_deoxy_d_manno_octulosonate_and_lipid_iv_a_step_1_4
2023-12-18 16:44:40 INFO::Fitting model to feature number 277, glycolipid_biosynthesis_kdo_2_lipid_a_biosynthesis_kdo_2_lipid_a_from_cmp_3_deoxy_d_manno_octulosonate_and_lipid_iv_a_step_2_4
2023-12-18 16:44:40 INFO::Fitting model to feature number 278, glycolipid_biosynthesis_kdo_2_lipid_a_biosynthesis_kdo_2_lipid_a_from_cmp_3_deoxy_d_manno_octulosonate_and_lipid_iv_a_step_3_4
2023-12-18 16:44:40 INFO::Fitting model to feature number 279, glycolipid_biosynthesis_kdo_2_lipid_a_biosynthesis_kdo_2_lipid_a_from_cmp_3_deoxy_d_manno_octulosonate_and_lipid_iv_a_step_4_4
2023-12-18 16:44:40 INFO::Fitting model to feature number 280, glycolipid_biosynthesis_lipid_iv_a_biosynthesis_lipid_iv_a_from_3r_3_hydroxytetradecanoyl_acyl_carrier_protein_and_udp_n_acetyl_alpha_d_glucosamine_step_1_6
2023-12-18 16:44:41 INFO::Fitting model to feature number 281, glycolipid_biosynthesis_lipid_iv_a_biosynthesis_lipid_iv_a_from_3r_3_hydroxytetradecanoyl_acyl_carrier_protein_and_udp_n_acetyl_alpha_d_glucosamine_step_2_6
2023-12-18 16:44:41 INFO::Fitting model to feature number 282, glycolipid_biosynthesis_lipid_iv_a_biosynthesis_lipid_iv_a_from_3r_3_hydroxytetradecanoyl_acyl_carrier_protein_and_udp_n_acetyl_alpha_d_glucosamine_step_4_6
2023-12-18 16:44:41 INFO::Fitting model to feature number 283, glycolipid_biosynthesis_lipid_iv_a_biosynthesis_lipid_iv_a_from_3r_3_hydroxytetradecanoyl_acyl_carrier_protein_and_udp_n_acetyl_alpha_d_glucosamine_step_5_6
2023-12-18 16:44:41 INFO::Fitting model to feature number 284, glycolipid_biosynthesis_lipid_iv_a_biosynthesis_lipid_iv_a_from_3r_3_hydroxytetradecanoyl_acyl_carrier_protein_and_udp_n_acetyl_alpha_d_glucosamine_step_6_6
2023-12-18 16:44:41 INFO::Fitting model to feature number 285, isoprenoid_biosynthesis_dimethylallyl_diphosphate_biosynthesis_dimethylallyl_diphosphate_from_2e_4_hydroxy_3_methylbutenyl_diphosphate_step_1_1
2023-12-18 16:44:41 INFO::Fitting model to feature number 286, isoprenoid_biosynthesis_dimethylallyl_diphosphate_biosynthesis_dimethylallyl_diphosphate_from_isopentenyl_diphosphate_step_1_1
2023-12-18 16:44:41 INFO::Fitting model to feature number 287, isoprenoid_biosynthesis_isopentenyl_diphosphate_biosynthesis_via_dxp_pathway_isopentenyl_diphosphate_from_1_deoxy_d_xylulose_5_phosphate_step_1_6
2023-12-18 16:44:41 INFO::Fitting model to feature number 288, isoprenoid_biosynthesis_isopentenyl_diphosphate_biosynthesis_via_dxp_pathway_isopentenyl_diphosphate_from_1_deoxy_d_xylulose_5_phosphate_step_2_6
2023-12-18 16:44:41 INFO::Fitting model to feature number 289, isoprenoid_biosynthesis_isopentenyl_diphosphate_biosynthesis_via_dxp_pathway_isopentenyl_diphosphate_from_1_deoxy_d_xylulose_5_phosphate_step_3_6
2023-12-18 16:44:41 INFO::Fitting model to feature number 290, isoprenoid_biosynthesis_isopentenyl_diphosphate_biosynthesis_via_dxp_pathway_isopentenyl_diphosphate_from_1_deoxy_d_xylulose_5_phosphate_step_4_6
2023-12-18 16:44:41 INFO::Fitting model to feature number 291, isoprenoid_biosynthesis_isopentenyl_diphosphate_biosynthesis_via_dxp_pathway_isopentenyl_diphosphate_from_1_deoxy_d_xylulose_5_phosphate_step_5_6
2023-12-18 16:44:41 INFO::Fitting model to feature number 292, lipid_metabolism_bile_acid_degradation
2023-12-18 16:44:41 INFO::Fitting model to feature number 293, lipid_metabolism_fatty_acid_beta_oxidation
2023-12-18 16:44:41 INFO::Fitting model to feature number 294, lipid_metabolism_fatty_acid_biosynthesis
2023-12-18 16:44:41 INFO::Fitting model to feature number 295, lipid_metabolism_malonyl_co_a_biosynthesis_malonyl_co_a_from_acetyl_co_a_step_1_1
2023-12-18 16:44:41 INFO::Fitting model to feature number 296, lipid_metabolism_phospholipid_metabolism
2023-12-18 16:44:41 INFO::Fitting model to feature number 297, lipid_metabolism_short_chain_fatty_acid_metabolism
2023-12-18 16:44:41 INFO::Fitting model to feature number 298, membrane_lipid_metabolism_glycerophospholipid_metabolism
2023-12-18 16:44:41 INFO::Fitting model to feature number 299, metabolic_intermediate_biosynthesis_r_mevalonate_biosynthesis_r_mevalonate_from_acetyl_co_a_step_1_3
2023-12-18 16:44:41 INFO::Fitting model to feature number 300, metabolic_intermediate_biosynthesis_1_deoxy_d_xylulose_5_phosphate_biosynthesis_1_deoxy_d_xylulose_5_phosphate_from_d_glyceraldehyde_3_phosphate_and_pyruvate_step_1_1
2023-12-18 16:44:41 INFO::Fitting model to feature number 301, metabolic_intermediate_biosynthesis_5_phospho_alpha_d_ribose_1_diphosphate_biosynthesis_5_phospho_alpha_d_ribose_1_diphosphate_from_d_ribose_5_phosphate_route_i_step_1_1
2023-12-18 16:44:41 INFO::Fitting model to feature number 302, metabolic_intermediate_biosynthesis_5_phospho_alpha_d_ribose_1_diphosphate_biosynthesis_5_phospho_alpha_d_ribose_1_diphosphate_from_d_ribose_5_phosphate_route_ii_step_1_3
2023-12-18 16:44:42 INFO::Fitting model to feature number 303, metabolic_intermediate_biosynthesis_5_phospho_alpha_d_ribose_1_diphosphate_biosynthesis_5_phospho_alpha_d_ribose_1_diphosphate_from_d_ribose_5_phosphate_route_ii_step_3_3
2023-12-18 16:44:42 INFO::Fitting model to feature number 304, metabolic_intermediate_biosynthesis_acetyl_co_a_biosynthesis_acetyl_co_a_from_acetate_step_1_2
2023-12-18 16:44:42 INFO::Fitting model to feature number 305, metabolic_intermediate_biosynthesis_chorismate_biosynthesis_chorismate_from_d_erythrose_4_phosphate_and_phosphoenolpyruvate_step_1_7
2023-12-18 16:44:42 INFO::Fitting model to feature number 306, metabolic_intermediate_biosynthesis_chorismate_biosynthesis_chorismate_from_d_erythrose_4_phosphate_and_phosphoenolpyruvate_step_2_7
2023-12-18 16:44:42 INFO::Fitting model to feature number 307, metabolic_intermediate_biosynthesis_chorismate_biosynthesis_chorismate_from_d_erythrose_4_phosphate_and_phosphoenolpyruvate_step_3_7
2023-12-18 16:44:42 INFO::Fitting model to feature number 308, metabolic_intermediate_biosynthesis_chorismate_biosynthesis_chorismate_from_d_erythrose_4_phosphate_and_phosphoenolpyruvate_step_4_7
2023-12-18 16:44:42 INFO::Fitting model to feature number 309, metabolic_intermediate_biosynthesis_chorismate_biosynthesis_chorismate_from_d_erythrose_4_phosphate_and_phosphoenolpyruvate_step_5_7
2023-12-18 16:44:42 INFO::Fitting model to feature number 310, metabolic_intermediate_biosynthesis_chorismate_biosynthesis_chorismate_from_d_erythrose_4_phosphate_and_phosphoenolpyruvate_step_6_7
2023-12-18 16:44:42 INFO::Fitting model to feature number 311, metabolic_intermediate_biosynthesis_chorismate_biosynthesis_chorismate_from_d_erythrose_4_phosphate_and_phosphoenolpyruvate_step_7_7
2023-12-18 16:44:42 INFO::Fitting model to feature number 312, metabolic_intermediate_biosynthesis_prephenate_biosynthesis_prephenate_from_chorismate_step_1_1
2023-12-18 16:44:42 INFO::Fitting model to feature number 313, metabolic_intermediate_degradation_oxalate_degradation_co_2_and_formate_from_oxalate_step_1_2
2023-12-18 16:44:42 INFO::Fitting model to feature number 314, metabolic_intermediate_degradation_oxalate_degradation_co_2_and_formate_from_oxalate_step_2_2
2023-12-18 16:44:42 INFO::Fitting model to feature number 315, nitrogen_metabolism_s_allantoin_degradation
2023-12-18 16:44:42 INFO::Fitting model to feature number 316, nitrogen_metabolism_s_allantoin_degradation_allantoate_from_s_allantoin_step_1_1
2023-12-18 16:44:42 INFO::Fitting model to feature number 317, nitrogen_metabolism_nitrate_reduction_assimilation
2023-12-18 16:44:42 INFO::Fitting model to feature number 318, nitrogen_metabolism_nitrate_reduction_denitrification_dinitrogen_from_nitrate_step_1_4
2023-12-18 16:44:42 INFO::Fitting model to feature number 319, nitrogen_metabolism_nitric_oxide_reduction
2023-12-18 16:44:42 INFO::Fitting model to feature number 320, nitrogen_metabolism_urea_degradation_co_2_and_nh_3_from_urea_urease_route_step_1_1
2023-12-18 16:44:42 INFO::Fitting model to feature number 321, nucleoside_biosynthesis_alpha_ribazole_biosynthesis_alpha_ribazole_from_5_6_dimethylbenzimidazole_step_1_2
2023-12-18 16:44:42 INFO::Fitting model to feature number 322, nucleoside_biosynthesis_alpha_ribazole_biosynthesis_alpha_ribazole_from_5_6_dimethylbenzimidazole_step_2_2
2023-12-18 16:44:42 INFO::Fitting model to feature number 323, nucleotide_sugar_biosynthesis_gdp_l_fucose_biosynthesis_via_de_novo_pathway_gdp_l_fucose_from_gdp_alpha_d_mannose_step_1_2
2023-12-18 16:44:42 INFO::Fitting model to feature number 324, nucleotide_sugar_biosynthesis_gdp_alpha_d_mannose_biosynthesis_gdp_alpha_d_mannose_from_alpha_d_mannose_1_phosphate_gtp_route_step_1_1
2023-12-18 16:44:42 INFO::Fitting model to feature number 325, nucleotide_sugar_biosynthesis_gdp_alpha_d_mannose_biosynthesis_alpha_d_mannose_1_phosphate_from_d_fructose_6_phosphate_step_2_2
2023-12-18 16:44:43 INFO::Fitting model to feature number 326, nucleotide_sugar_biosynthesis_d_tdp_4_acetamido_4_6_dideoxygalactose_biosynthesis
2023-12-18 16:44:43 INFO::Fitting model to feature number 327, one_carbon_metabolism_tetrahydrofolate_interconversion
2023-12-18 16:44:43 INFO::Fitting model to feature number 328, organic_acid_metabolism_glycolate_biosynthesis_glycolate_from_2_phosphoglycolate_step_1_1
2023-12-18 16:44:43 INFO::Fitting model to feature number 329, organic_acid_metabolism_glycolate_degradation_3_phospho_d_glycerate_from_glycolate_step_2_4
2023-12-18 16:44:43 INFO::Fitting model to feature number 330, organic_acid_metabolism_glycolate_degradation_3_phospho_d_glycerate_from_glycolate_step_3_4
2023-12-18 16:44:43 INFO::Fitting model to feature number 331, organic_acid_metabolism_glycolate_degradation_3_phospho_d_glycerate_from_glycolate_step_4_4
2023-12-18 16:44:43 INFO::Fitting model to feature number 332, organic_acid_metabolism_propanoate_degradation
2023-12-18 16:44:43 INFO::Fitting model to feature number 333, organosulfur_degradation
2023-12-18 16:44:43 INFO::Fitting model to feature number 334, organosulfur_degradation_taurine_degradation_via_aerobic_pathway_aminoacetaldehyde_and_sulfite_from_taurine_step_1_1
2023-12-18 16:44:43 INFO::Fitting model to feature number 335, phospholipid_metabolism_cdp_diacylglycerol_biosynthesis_cdp_diacylglycerol_from_sn_glycerol_3_phosphate_step_2_3
2023-12-18 16:44:43 INFO::Fitting model to feature number 336, phospholipid_metabolism_cdp_diacylglycerol_biosynthesis_cdp_diacylglycerol_from_sn_glycerol_3_phosphate_step_3_3
2023-12-18 16:44:43 INFO::Fitting model to feature number 337, phospholipid_metabolism_cdp_diacylglycerol_degradation_phosphatidate_from_cdp_diacylglycerol_step_1_1
2023-12-18 16:44:43 INFO::Fitting model to feature number 338, phospholipid_metabolism_phosphatidylethanolamine_biosynthesis_phosphatidylethanolamine_from_cdp_diacylglycerol_step_2_2
2023-12-18 16:44:43 INFO::Fitting model to feature number 339, phospholipid_metabolism_phosphatidylglycerol_biosynthesis_phosphatidylglycerol_from_cdp_diacylglycerol_step_1_2
2023-12-18 16:44:43 INFO::Fitting model to feature number 340, phospholipid_metabolism_phosphatidylglycerol_biosynthesis_phosphatidylglycerol_from_cdp_diacylglycerol_step_2_2
2023-12-18 16:44:43 INFO::Fitting model to feature number 341, polyol_metabolism_r_r_butane_2_3_diol_biosynthesis_r_r_butane_2_3_diol_from_pyruvate_step_1_3
2023-12-18 16:44:43 INFO::Fitting model to feature number 342, polyol_metabolism_r_r_butane_2_3_diol_biosynthesis_r_r_butane_2_3_diol_from_pyruvate_step_2_3
2023-12-18 16:44:43 INFO::Fitting model to feature number 343, polyol_metabolism_1_2_propanediol_degradation
2023-12-18 16:44:43 INFO::Fitting model to feature number 344, polyol_metabolism_glycerol_degradation
2023-12-18 16:44:43 INFO::Fitting model to feature number 345, polyol_metabolism_glycerol_degradation_via_glycerol_kinase_pathway_glycerone_phosphate_from_sn_glycerol_3_phosphate_aerobic_route_step_1_1
2023-12-18 16:44:43 INFO::Fitting model to feature number 346, polyol_metabolism_glycerol_degradation_via_glycerol_kinase_pathway_glycerone_phosphate_from_sn_glycerol_3_phosphate_anaerobic_route_step_1_1
2023-12-18 16:44:43 INFO::Fitting model to feature number 347, polyol_metabolism_glycerol_degradation_via_glycerol_kinase_pathway_sn_glycerol_3_phosphate_from_glycerol_step_1_1
2023-12-18 16:44:44 INFO::Fitting model to feature number 348, polyol_metabolism_glycerol_fermentation_glycerone_phosphate_from_glycerol_oxidative_route_step_1_2
2023-12-18 16:44:44 INFO::Fitting model to feature number 349, polyol_metabolism_glycerol_fermentation_glycerone_phosphate_from_glycerol_oxidative_route_step_2_2
2023-12-18 16:44:44 INFO::Fitting model to feature number 350, polyol_metabolism_myo_inositol_degradation_into_acetyl_co_a_acetyl_co_a_from_myo_inositol_step_7_7
2023-12-18 16:44:44 INFO::Fitting model to feature number 351, porphyrin_containing_compound_metabolism_heme_o_biosynthesis_heme_o_from_protoheme_step_1_1
2023-12-18 16:44:44 INFO::Fitting model to feature number 352, porphyrin_containing_compound_metabolism_protoheme_biosynthesis
2023-12-18 16:44:44 INFO::Fitting model to feature number 353, porphyrin_containing_compound_metabolism_protoheme_biosynthesis_protoheme_from_protoporphyrin_ix_step_1_1
2023-12-18 16:44:44 INFO::Fitting model to feature number 354, porphyrin_containing_compound_metabolism_protoporphyrin_ix_biosynthesis
2023-12-18 16:44:44 INFO::Fitting model to feature number 355, porphyrin_containing_compound_metabolism_protoporphyrin_ix_biosynthesis_5_aminolevulinate_from_l_glutamyl_t_rna_glu_step_1_2
2023-12-18 16:44:44 INFO::Fitting model to feature number 356, porphyrin_containing_compound_metabolism_protoporphyrin_ix_biosynthesis_5_aminolevulinate_from_l_glutamyl_t_rna_glu_step_2_2
2023-12-18 16:44:44 INFO::Fitting model to feature number 357, porphyrin_containing_compound_metabolism_protoporphyrin_ix_biosynthesis_coproporphyrinogen_iii_from_5_aminolevulinate_step_1_4
2023-12-18 16:44:44 INFO::Fitting model to feature number 358, porphyrin_containing_compound_metabolism_protoporphyrin_ix_biosynthesis_coproporphyrinogen_iii_from_5_aminolevulinate_step_2_4
2023-12-18 16:44:44 INFO::Fitting model to feature number 359, porphyrin_containing_compound_metabolism_protoporphyrin_ix_biosynthesis_coproporphyrinogen_iii_from_5_aminolevulinate_step_3_4
2023-12-18 16:44:44 INFO::Fitting model to feature number 360, porphyrin_containing_compound_metabolism_protoporphyrin_ix_biosynthesis_coproporphyrinogen_iii_from_5_aminolevulinate_step_4_4
2023-12-18 16:44:44 INFO::Fitting model to feature number 361, porphyrin_containing_compound_metabolism_protoporphyrin_ix_biosynthesis_protoporphyrin_ix_from_protoporphyrinogen_ix_step_1_1
2023-12-18 16:44:44 INFO::Fitting model to feature number 362, porphyrin_containing_compound_metabolism_protoporphyrin_ix_biosynthesis_protoporphyrinogen_ix_from_coproporphyrinogen_iii_ado_met_route_step_1_1
2023-12-18 16:44:44 INFO::Fitting model to feature number 363, porphyrin_containing_compound_metabolism_protoporphyrin_ix_biosynthesis_protoporphyrinogen_ix_from_coproporphyrinogen_iii_o2_route_step_1_1
2023-12-18 16:44:44 INFO::Fitting model to feature number 364, protein_biosynthesis_polypeptide_chain_elongation
2023-12-18 16:44:44 INFO::Fitting model to feature number 365, protein_degradation_proteasomal_pup_dependent_pathway
2023-12-18 16:44:44 INFO::Fitting model to feature number 366, protein_modification_ni_fe_hydrogenase_maturation
2023-12-18 16:44:44 INFO::Fitting model to feature number 367, protein_modification_lipoprotein_biosynthesis_diacylglyceryl_transfer
2023-12-18 16:44:44 INFO::Fitting model to feature number 368, protein_modification_lipoprotein_biosynthesis_signal_peptide_cleavage
2023-12-18 16:44:45 INFO::Fitting model to feature number 369, protein_modification_protein_lipoylation_via_endogenous_pathway_protein_n_6_lipoyl_lysine_from_octanoyl_acyl_carrier_protein_step_1_2
2023-12-18 16:44:45 INFO::Fitting model to feature number 370, protein_modification_protein_lipoylation_via_endogenous_pathway_protein_n_6_lipoyl_lysine_from_octanoyl_acyl_carrier_protein_step_2_2
2023-12-18 16:44:45 INFO::Fitting model to feature number 371, protein_modification_protein_lipoylation_via_exogenous_pathway_protein_n_6_lipoyl_lysine_from_lipoate_step_1_2
2023-12-18 16:44:45 INFO::Fitting model to feature number 372, protein_modification_sulfatase_oxidation
2023-12-18 16:44:45 INFO::Fitting model to feature number 373, purine_metabolism_3_5_cyclic_di_gmp_biosynthesis
2023-12-18 16:44:45 INFO::Fitting model to feature number 374, purine_metabolism_7_cyano_7_deazaguanine_biosynthesis
2023-12-18 16:44:45 INFO::Fitting model to feature number 375, purine_metabolism_amp_biosynthesis_via_de_novo_pathway_amp_from_imp_step_1_2
2023-12-18 16:44:45 INFO::Fitting model to feature number 376, purine_metabolism_amp_biosynthesis_via_de_novo_pathway_amp_from_imp_step_2_2
2023-12-18 16:44:45 INFO::Fitting model to feature number 377, purine_metabolism_amp_biosynthesis_via_salvage_pathway_amp_from_adp_step_1_1
2023-12-18 16:44:45 INFO::Fitting model to feature number 378, purine_metabolism_amp_biosynthesis_via_salvage_pathway_amp_from_adenine_step_1_1
2023-12-18 16:44:45 INFO::Fitting model to feature number 379, purine_metabolism_gmp_biosynthesis_gmp_from_xmp_l_gln_route_step_1_1
2023-12-18 16:44:45 INFO::Fitting model to feature number 380, purine_metabolism_imp_biosynthesis_via_de_novo_pathway_5_amino_1_5_phospho_d_ribosyl_imidazole_4_carboxamide_from_5_amino_1_5_phospho_d_ribosyl_imidazole_4_carboxylate_step_1_2
2023-12-18 16:44:45 INFO::Fitting model to feature number 381, purine_metabolism_imp_biosynthesis_via_de_novo_pathway_5_amino_1_5_phospho_d_ribosyl_imidazole_4_carboxylate_from_5_amino_1_5_phospho_d_ribosyl_imidazole_n5_cair_route_step_1_2
2023-12-18 16:44:45 INFO::Fitting model to feature number 382, purine_metabolism_imp_biosynthesis_via_de_novo_pathway_5_amino_1_5_phospho_d_ribosyl_imidazole_4_carboxylate_from_5_amino_1_5_phospho_d_ribosyl_imidazole_n5_cair_route_step_2_2
2023-12-18 16:44:45 INFO::Fitting model to feature number 383, purine_metabolism_imp_biosynthesis_via_de_novo_pathway_5_amino_1_5_phospho_d_ribosyl_imidazole_from_n_2_formyl_n_1_5_phospho_d_ribosyl_glycinamide_step_1_2
2023-12-18 16:44:45 INFO::Fitting model to feature number 384, purine_metabolism_imp_biosynthesis_via_de_novo_pathway_5_amino_1_5_phospho_d_ribosyl_imidazole_from_n_2_formyl_n_1_5_phospho_d_ribosyl_glycinamide_step_2_2
2023-12-18 16:44:45 INFO::Fitting model to feature number 385, purine_metabolism_imp_biosynthesis_via_de_novo_pathway_5_formamido_1_5_phospho_d_ribosyl_imidazole_4_carboxamide_from_5_amino_1_5_phospho_d_ribosyl_imidazole_4_carboxamide_10_formyl_thf_route_step_1_1
2023-12-18 16:44:45 INFO::Fitting model to feature number 386, purine_metabolism_imp_biosynthesis_via_de_novo_pathway_n_1_5_phospho_d_ribosyl_glycinamide_from_5_phospho_alpha_d_ribose_1_diphosphate_step_1_2
2023-12-18 16:44:45 INFO::Fitting model to feature number 387, purine_metabolism_imp_biosynthesis_via_de_novo_pathway_n_1_5_phospho_d_ribosyl_glycinamide_from_5_phospho_alpha_d_ribose_1_diphosphate_step_2_2
2023-12-18 16:44:45 INFO::Fitting model to feature number 388, purine_metabolism_imp_biosynthesis_via_de_novo_pathway_n_2_formyl_n_1_5_phospho_d_ribosyl_glycinamide_from_n_1_5_phospho_d_ribosyl_glycinamide_10_formyl_thf_route_step_1_1
2023-12-18 16:44:45 INFO::Fitting model to feature number 389, purine_metabolism_imp_biosynthesis_via_de_novo_pathway_n_2_formyl_n_1_5_phospho_d_ribosyl_glycinamide_from_n_1_5_phospho_d_ribosyl_glycinamide_formate_route_step_1_1
2023-12-18 16:44:45 INFO::Fitting model to feature number 390, purine_metabolism_imp_biosynthesis_via_salvage_pathway_imp_from_hypoxanthine_step_1_1
2023-12-18 16:44:45 INFO::Fitting model to feature number 391, purine_metabolism_imp_biosynthesis_via_salvage_pathway_imp_from_inosine_step_1_1
2023-12-18 16:44:46 INFO::Fitting model to feature number 392, purine_metabolism_xmp_biosynthesis_via_de_novo_pathway_xmp_from_imp_step_1_1
2023-12-18 16:44:46 INFO::Fitting model to feature number 393, purine_metabolism_xmp_biosynthesis_via_salvage_pathway_xmp_from_xanthine_step_1_1
2023-12-18 16:44:46 INFO::Fitting model to feature number 394, purine_metabolism_guanine_degradation_xanthine_from_guanine_step_1_1
2023-12-18 16:44:46 INFO::Fitting model to feature number 395, purine_metabolism_hypoxanthine_degradation_urate_from_hypoxanthine_step_1_2
2023-12-18 16:44:46 INFO::Fitting model to feature number 396, purine_metabolism_pp_gpp_biosynthesis_pp_gpp_from_gdp_step_1_1
2023-12-18 16:44:46 INFO::Fitting model to feature number 397, purine_metabolism_pp_gpp_biosynthesis_pp_gpp_from_gtp_step_1_2
2023-12-18 16:44:46 INFO::Fitting model to feature number 398, purine_metabolism_purine_nucleoside_salvage
2023-12-18 16:44:46 INFO::Fitting model to feature number 399, purine_metabolism_urate_degradation
2023-12-18 16:44:46 INFO::Fitting model to feature number 400, purine_metabolism_xanthosine_degradation
2023-12-18 16:44:46 INFO::Fitting model to feature number 401, pyrimidine_metabolism_ctp_biosynthesis_via_de_novo_pathway_ctp_from_udp_step_2_2
2023-12-18 16:44:46 INFO::Fitting model to feature number 402, pyrimidine_metabolism_ctp_biosynthesis_via_de_novo_pathway_udp_from_ump_umpk_route_step_1_1
2023-12-18 16:44:46 INFO::Fitting model to feature number 403, pyrimidine_metabolism_ctp_biosynthesis_via_salvage_pathway_ctp_from_cytidine_step_1_3
2023-12-18 16:44:46 INFO::Fitting model to feature number 404, pyrimidine_metabolism_ump_biosynthesis_via_de_novo_pathway
2023-12-18 16:44:46 INFO::Fitting model to feature number 405, pyrimidine_metabolism_ump_biosynthesis_via_de_novo_pathway_s_dihydroorotate_from_bicarbonate_step_2_3
2023-12-18 16:44:46 INFO::Fitting model to feature number 406, pyrimidine_metabolism_ump_biosynthesis_via_de_novo_pathway_s_dihydroorotate_from_bicarbonate_step_3_3
2023-12-18 16:44:46 INFO::Fitting model to feature number 407, pyrimidine_metabolism_ump_biosynthesis_via_de_novo_pathway_ump_from_orotate_step_1_2
2023-12-18 16:44:46 INFO::Fitting model to feature number 408, pyrimidine_metabolism_ump_biosynthesis_via_de_novo_pathway_ump_from_orotate_step_2_2
2023-12-18 16:44:46 INFO::Fitting model to feature number 409, pyrimidine_metabolism_ump_biosynthesis_via_de_novo_pathway_orotate_from_s_dihydroorotate_nad_route_step_1_1
2023-12-18 16:44:46 INFO::Fitting model to feature number 410, pyrimidine_metabolism_ump_biosynthesis_via_de_novo_pathway_orotate_from_s_dihydroorotate_quinone_route_step_1_1
2023-12-18 16:44:46 INFO::Fitting model to feature number 411, pyrimidine_metabolism_ump_biosynthesis_via_salvage_pathway_ump_from_uracil_step_1_1
2023-12-18 16:44:46 INFO::Fitting model to feature number 412, pyrimidine_metabolism_ump_biosynthesis_via_salvage_pathway_uracil_from_uridine_phosphorylase_route_step_1_1
2023-12-18 16:44:46 INFO::Fitting model to feature number 413, pyrimidine_metabolism_d_ttp_biosynthesis
2023-12-18 16:44:47 INFO::Fitting model to feature number 414, pyrimidine_metabolism_d_ump_biosynthesis_d_ump_from_d_ctp_d_utp_route_step_1_2
2023-12-18 16:44:47 INFO::Fitting model to feature number 415, pyrimidine_metabolism_d_ump_biosynthesis_d_ump_from_d_ctp_d_utp_route_step_2_2
2023-12-18 16:44:47 INFO::Fitting model to feature number 416, quinol_quinone_metabolism_1_4_dihydroxy_2_naphthoate_biosynthesis_1_4_dihydroxy_2_naphthoate_from_chorismate_step_2_7
2023-12-18 16:44:47 INFO::Fitting model to feature number 417, quinol_quinone_metabolism_menaquinone_biosynthesis
2023-12-18 16:44:47 INFO::Fitting model to feature number 418, quinol_quinone_metabolism_menaquinone_biosynthesis_menaquinol_from_1_4_dihydroxy_2_naphthoate_step_1_2
2023-12-18 16:44:47 INFO::Fitting model to feature number 419, quinol_quinone_metabolism_menaquinone_biosynthesis_menaquinol_from_1_4_dihydroxy_2_naphthoate_step_2_2
2023-12-18 16:44:47 INFO::Fitting model to feature number 420, secondary_metabolite_metabolism_methylglyoxal_degradation_r_lactate_from_methylglyoxal_step_1_2
2023-12-18 16:44:47 INFO::Fitting model to feature number 421, siderophore_biosynthesis_aerobactin_biosynthesis
2023-12-18 16:44:47 INFO::Fitting model to feature number 422, siderophore_biosynthesis_enterobactin_biosynthesis
2023-12-18 16:44:47 INFO::Fitting model to feature number 423, slime_biogenesis_slime_polysaccharide_biosynthesis
2023-12-18 16:44:47 INFO::Fitting model to feature number 424, sulfur_metabolism_glutathione_biosynthesis_glutathione_from_l_cysteine_and_l_glutamate_step_2_2
2023-12-18 16:44:47 INFO::Fitting model to feature number 425, sulfur_metabolism_glutathione_metabolism
2023-12-18 16:44:47 INFO::Fitting model to feature number 426, sulfur_metabolism_hydrogen_sulfide_biosynthesis_hydrogen_sulfide_from_sulfite_nadph_route_step_1_1
2023-12-18 16:44:47 INFO::Fitting model to feature number 427, sulfur_metabolism_hydrogen_sulfide_biosynthesis_sulfite_from_sulfate_step_1_3
2023-12-18 16:44:47 INFO::Fitting model to feature number 428, sulfur_metabolism_hydrogen_sulfide_biosynthesis_sulfite_from_sulfate_step_2_3
2023-12-18 16:44:47 INFO::Fitting model to feature number 429, sulfur_metabolism_hydrogen_sulfide_biosynthesis_sulfite_from_sulfate_step_3_3
2023-12-18 16:44:47 INFO::Fitting model to feature number 430, t_rna_modification_n_7_methylguanine_t_rna_biosynthesis
2023-12-18 16:44:47 INFO::Fitting model to feature number 431, t_rna_modification_t_rna_queuosine_biosynthesis
2023-12-18 16:44:47 INFO::Counting total values for each feature
2023-12-18 16:44:47 INFO::Writing filtered data to file Maaslin output/pathway_raw_TIME.POINT.2/features/filtered_data.tsv
2023-12-18 16:44:47 INFO::Writing filtered, normalized data to file Maaslin output/pathway_raw_TIME.POINT.2/features/filtered_data_norm.tsv
2023-12-18 16:44:48 INFO::Writing filtered, normalized, transformed data to file Maaslin output/pathway_raw_TIME.POINT.2/features/filtered_data_norm_transformed.tsv
2023-12-18 16:44:48 WARNING::Deleting existing residuals file: Maaslin output/pathway_raw_TIME.POINT.2/fits/residuals.rds
2023-12-18 16:44:48 INFO::Writing residuals to file Maaslin output/pathway_raw_TIME.POINT.2/fits/residuals.rds
2023-12-18 16:44:48 WARNING::Deleting existing fitted file: Maaslin output/pathway_raw_TIME.POINT.2/fits/fitted.rds
2023-12-18 16:44:48 INFO::Writing fitted values to file Maaslin output/pathway_raw_TIME.POINT.2/fits/fitted.rds
2023-12-18 16:44:48 WARNING::Deleting existing ranef file: Maaslin output/pathway_raw_TIME.POINT.2/fits/ranef.rds
2023-12-18 16:44:48 INFO::Writing extracted random effects to file Maaslin output/pathway_raw_TIME.POINT.2/fits/ranef.rds
2023-12-18 16:44:48 INFO::Writing all results to file (ordered by increasing q-values): Maaslin output/pathway_raw_TIME.POINT.2/all_results.tsv
2023-12-18 16:44:48 INFO::Writing the significant results (those which are less than or equal to the threshold of 0.050000 ) to file (ordered by increasing q-values): Maaslin output/pathway_raw_TIME.POINT.2/significant_results.tsv
