2023-12-18 16:43:08 INFO::Writing function arguments to log file
2023-12-18 16:43:08 DEBUG::Function arguments
2023-12-18 16:43:08 DEBUG::Output folder: Maaslin output/bch_raw_TIME.POINT.2
2023-12-18 16:43:08 DEBUG::Min Abundance: 0.000000
2023-12-18 16:43:08 DEBUG::Min Prevalence: 0.100000
2023-12-18 16:43:08 DEBUG::Normalization: NONE
2023-12-18 16:43:08 DEBUG::Transform: LOG
2023-12-18 16:43:08 DEBUG::Analysis method: LM
2023-12-18 16:43:08 DEBUG::Max significance: 0.050000
2023-12-18 16:43:08 DEBUG::Random effects: SUBJ.ID
2023-12-18 16:43:08 DEBUG::Fixed effects: TIME.POINT.2
2023-12-18 16:43:08 DEBUG::Correction method: bonferroni
2023-12-18 16:43:08 DEBUG::Standardize: TRUE
2023-12-18 16:43:08 DEBUG::Cores: 1
2023-12-18 16:43:08 INFO::Verifying options selected are valid
2023-12-18 16:43:08 INFO::Determining format of input files
2023-12-18 16:43:08 INFO::Input format is data samples as rows and metadata samples as rows
2023-12-18 16:43:08 DEBUG::A total of 45 samples were found in both the data and metadata
2023-12-18 16:43:08 DEBUG::Reordering data/metadata to use same sample ordering
2023-12-18 16:43:08 INFO::Formula for random effects: expr ~ (1 | SUBJ.ID)
2023-12-18 16:43:08 INFO::Formula for fixed effects: expr ~  TIME.POINT.2
2023-12-18 16:43:08 INFO::Filter data based on min abundance and min prevalence
2023-12-18 16:43:08 INFO::Total samples in data: 45
2023-12-18 16:43:08 INFO::Min samples required with min abundance for a feature not to be filtered: 4.500000
2023-12-18 16:43:08 INFO::Total filtered features: 0
2023-12-18 16:43:08 INFO::Filtered feature names from abundance and prevalence filtering:
2023-12-18 16:43:08 INFO::Total filtered features with variance filtering: 6
2023-12-18 16:43:08 INFO::Filtered feature names from variance filtering: cetirizine, glucoraphanin, metronidazole, oxypurinol, saponarin, urea
2023-12-18 16:43:08 INFO::Running selected normalization method: NONE
2023-12-18 16:43:08 INFO::Applying z-score to standardize continuous metadata
2023-12-18 16:43:08 INFO::Running selected transform method: LOG
2023-12-18 16:43:08 INFO::Running selected analysis method: LM
2023-12-18 16:43:08 INFO::Fitting model to feature number 1, x12_or_13_methylmyristate_a15_0_or_i15_0
2023-12-18 16:43:08 INFO::Fitting model to feature number 2, x14_or_15_methylpalmitate_a17_0_or_i17_0
2023-12-18 16:43:08 INFO::Fitting model to feature number 3, x16_or_17_methylstearate_a19_0_or_i19_0
2023-12-18 16:43:08 INFO::Fitting model to feature number 4, x3_5_adenylyladenosine
2023-12-18 16:43:08 INFO::Fitting model to feature number 5, x3_5_adenylylguanosine
2023-12-18 16:43:08 INFO::Fitting model to feature number 6, x3_5_adenylyluridine
2023-12-18 16:43:08 INFO::Fitting model to feature number 7, x3_5_cytidylyluridine
2023-12-18 16:43:08 INFO::Fitting model to feature number 8, x3_5_guanylylcytidine
2023-12-18 16:43:08 INFO::Fitting model to feature number 9, x3_5_guanylyluridine
2023-12-18 16:43:09 INFO::Fitting model to feature number 10, x3_5_uridylylcytidine
2023-12-18 16:43:09 INFO::Fitting model to feature number 11, x3_5_uridylyluridine
2023-12-18 16:43:09 INFO::Fitting model to feature number 12, x1_1_enyl_oleoyl_gpe_p_18_1
2023-12-18 16:43:09 INFO::Fitting model to feature number 13, x1_1_enyl_palmitoyl_2_arachidonoyl_gpc_p_16_0_20_4
2023-12-18 16:43:09 INFO::Fitting model to feature number 14, x1_1_enyl_palmitoyl_2_oleoyl_gpc_p_16_0_18_1
2023-12-18 16:43:09 INFO::Fitting model to feature number 15, x1_1_enyl_palmitoyl_gpc_p_16_0
2023-12-18 16:43:09 INFO::Fitting model to feature number 16, x1_1_enyl_palmitoyl_gpe_p_16_0
2023-12-18 16:43:09 INFO::Fitting model to feature number 17, x1_1_enyl_stearoyl_gpe_p_18_0
2023-12-18 16:43:09 INFO::Fitting model to feature number 18, x1_2_3_benzenetriol_sulfate_2
2023-12-18 16:43:09 INFO::Fitting model to feature number 19, x1_2_dilinolenoyl_digalactosylglycerol_18_3_18_3
2023-12-18 16:43:09 INFO::Fitting model to feature number 20, x1_2_dilinolenoyl_galactosylglycerol_18_3_18_3
2023-12-18 16:43:09 INFO::Fitting model to feature number 21, x1_2_dilinoleoyl_digalactosylglycerol_18_2_18_2
2023-12-18 16:43:09 INFO::Fitting model to feature number 22, x1_2_dilinoleoyl_galactosylglycerol_18_2_18_2
2023-12-18 16:43:09 INFO::Fitting model to feature number 23, x1_2_dilinoleoyl_gpc_18_2_18_2
2023-12-18 16:43:09 INFO::Fitting model to feature number 24, x1_2_dipalmitoyl_gpc_16_0_16_0
2023-12-18 16:43:09 INFO::Fitting model to feature number 25, x1_3_7_trimethylurate
2023-12-18 16:43:09 INFO::Fitting model to feature number 26, x1_3_dimethylurate
2023-12-18 16:43:09 INFO::Fitting model to feature number 27, x1_7_dimethylurate
2023-12-18 16:43:09 INFO::Fitting model to feature number 28, x10_hydroxystearate
2023-12-18 16:43:09 INFO::Fitting model to feature number 29, x10_nonadecenoate_19_1n9
2023-12-18 16:43:10 INFO::Fitting model to feature number 30, x11_ketoetiocholanolone_sulfate
2023-12-18 16:43:10 INFO::Fitting model to feature number 31, x12_13_di_home
2023-12-18 16:43:10 INFO::Fitting model to feature number 32, x12_dehydrocholate
2023-12-18 16:43:10 INFO::Fitting model to feature number 33, x13_hode_9_hode
2023-12-18 16:43:10 INFO::Fitting model to feature number 34, x1_carboxyethylisoleucine
2023-12-18 16:43:10 INFO::Fitting model to feature number 35, x1_carboxyethylleucine
2023-12-18 16:43:10 INFO::Fitting model to feature number 36, x1_carboxyethylphenylalanine
2023-12-18 16:43:10 INFO::Fitting model to feature number 37, x1_carboxyethylvaline
2023-12-18 16:43:10 INFO::Fitting model to feature number 38, x1_dihomo_linolenylglycerol_20_3
2023-12-18 16:43:10 INFO::Fitting model to feature number 39, x1_dihomo_linoleoylglycerol_20_2
2023-12-18 16:43:10 INFO::Fitting model to feature number 40, x1_linolenoylglycerol_18_3
2023-12-18 16:43:10 INFO::Fitting model to feature number 41, x1_linoleoyl_2_linolenoyl_digalactosylglycerol_18_2_18_3
2023-12-18 16:43:10 INFO::Fitting model to feature number 42, x1_linoleoyl_2_linolenoyl_galactosylglycerol_18_2_18_3
2023-12-18 16:43:10 INFO::Fitting model to feature number 43, x1_linoleoyl_digalactosylglycerol_18_2
2023-12-18 16:43:10 INFO::Fitting model to feature number 44, x1_linoleoyl_galactosylglycerol_18_2
2023-12-18 16:43:10 INFO::Fitting model to feature number 45, x1_linoleoylglycerol_18_2
2023-12-18 16:43:10 INFO::Fitting model to feature number 46, x1_linoleoyl_gpc_18_2
2023-12-18 16:43:10 INFO::Fitting model to feature number 47, x1_linoleoyl_gpe_18_2
2023-12-18 16:43:10 INFO::Fitting model to feature number 48, x1_linoleoyl_gpg_18_2
2023-12-18 16:43:10 INFO::Fitting model to feature number 49, x1_linoleoyl_gpi_18_2
2023-12-18 16:43:10 INFO::Fitting model to feature number 50, x1_margaroylglycerol_17_0
2023-12-18 16:43:11 INFO::Fitting model to feature number 51, x1_methyl_4_imidazoleacetate
2023-12-18 16:43:11 INFO::Fitting model to feature number 52, x1_methyladenine
2023-12-18 16:43:11 INFO::Fitting model to feature number 53, x1_methyl_beta_carboline_3_carboxylic_acid
2023-12-18 16:43:11 INFO::Fitting model to feature number 54, x1_methylguanidine
2023-12-18 16:43:11 INFO::Fitting model to feature number 55, x1_methylhistamine
2023-12-18 16:43:11 INFO::Fitting model to feature number 56, x1_methylhistidine
2023-12-18 16:43:11 INFO::Fitting model to feature number 57, x1_methylnicotinamide
2023-12-18 16:43:11 INFO::Fitting model to feature number 58, x1_methylurate
2023-12-18 16:43:11 INFO::Fitting model to feature number 59, x1_methylxanthine
2023-12-18 16:43:11 INFO::Fitting model to feature number 60, x1_myristoylglycerol_14_0
2023-12-18 16:43:11 INFO::Fitting model to feature number 61, x1_oleoyl_2_linoleoyl_gpc_18_1_18_2
2023-12-18 16:43:11 INFO::Fitting model to feature number 62, x1_oleoylglycerol_18_1
2023-12-18 16:43:11 INFO::Fitting model to feature number 63, x1_oleoyl_gpc_18_1
2023-12-18 16:43:11 INFO::Fitting model to feature number 64, x1_oleoyl_gpe_18_1
2023-12-18 16:43:11 INFO::Fitting model to feature number 65, x1_oleoyl_gpg_18_1
2023-12-18 16:43:11 INFO::Fitting model to feature number 66, x1_oleoyl_gpi_18_1
2023-12-18 16:43:11 INFO::Fitting model to feature number 67, x1_palmitoleoylglycerol_16_1
2023-12-18 16:43:11 INFO::Fitting model to feature number 68, x1_palmitoleoyl_gpc_16_1
2023-12-18 16:43:11 INFO::Fitting model to feature number 69, x1_palmitoyl_2_arachidonoyl_gpc_16_0_20_4n6
2023-12-18 16:43:11 INFO::Fitting model to feature number 70, x1_palmitoyl_2_docosahexaenoyl_gpc_16_0_22_6
2023-12-18 16:43:11 INFO::Fitting model to feature number 71, x1_palmitoyl_2_linolenoyl_digalactosylglycerol_16_0_18_3
2023-12-18 16:43:11 INFO::Fitting model to feature number 72, x1_palmitoyl_2_linoleoyl_digalactosylglycerol_16_0_18_2
2023-12-18 16:43:11 INFO::Fitting model to feature number 73, x1_palmitoyl_2_linoleoyl_galactosylglycerol_16_0_18_2
2023-12-18 16:43:12 INFO::Fitting model to feature number 74, x1_palmitoyl_2_linoleoyl_gpc_16_0_18_2
2023-12-18 16:43:12 INFO::Fitting model to feature number 75, x1_palmitoyl_2_linoleoyl_gpe_16_0_18_2
2023-12-18 16:43:12 INFO::Fitting model to feature number 76, x1_palmitoyl_2_oleoyl_gpc_16_0_18_1
2023-12-18 16:43:12 INFO::Fitting model to feature number 77, x1_palmitoyl_2_palmitoleoyl_gpc_16_0_16_1
2023-12-18 16:43:12 INFO::Fitting model to feature number 78, x1_palmitoyl_2_stearoyl_gpc_16_0_18_0
2023-12-18 16:43:12 INFO::Fitting model to feature number 79, x1_palmitoyl_digalactosylglycerol_16_0
2023-12-18 16:43:12 INFO::Fitting model to feature number 80, x1_palmitoyl_galactosylglycerol_16_0
2023-12-18 16:43:12 INFO::Fitting model to feature number 81, x1_palmitoylglycerol_16_0
2023-12-18 16:43:12 INFO::Fitting model to feature number 82, x1_palmitoyl_gpa_16_0
2023-12-18 16:43:12 INFO::Fitting model to feature number 83, x1_palmitoyl_gpc_16_0
2023-12-18 16:43:12 INFO::Fitting model to feature number 84, x1_palmitoyl_gpe_16_0
2023-12-18 16:43:12 INFO::Fitting model to feature number 85, x1_palmitoyl_gpg_16_0
2023-12-18 16:43:12 INFO::Fitting model to feature number 86, x1_palmitoyl_gpi_16_0
2023-12-18 16:43:12 INFO::Fitting model to feature number 87, x1_palmitoyl_gps_16_0
2023-12-18 16:43:12 INFO::Fitting model to feature number 88, x1_palmitoyl_sulfoquinovopyranosyl_glycerol_16_0
2023-12-18 16:43:12 INFO::Fitting model to feature number 89, x1_pentadecanoylglycerol_15_0
2023-12-18 16:43:12 INFO::Fitting model to feature number 90, x1_stearoyl_2_oleoyl_gpc_18_0_18_1
2023-12-18 16:43:12 INFO::Fitting model to feature number 91, x1_stearoyl_gpc_18_0
2023-12-18 16:43:12 INFO::Fitting model to feature number 92, x1_stearoyl_gpe_18_0
2023-12-18 16:43:12 INFO::Fitting model to feature number 93, x1_stearoyl_gpg_18_0
2023-12-18 16:43:12 INFO::Fitting model to feature number 94, x1_stearoyl_gpi_18_0
2023-12-18 16:43:13 INFO::Fitting model to feature number 95, x1_stearoyl_gps_18_0
2023-12-18 16:43:13 INFO::Fitting model to feature number 96, x2_3_dihydroxy_2_methylbutyrate
2023-12-18 16:43:13 INFO::Fitting model to feature number 97, x2_3_dihydroxy_5_methylthio_4_pentenoate_dmtpa
2023-12-18 16:43:13 INFO::Fitting model to feature number 98, x2_3_dihydroxyisovalerate
2023-12-18 16:43:13 INFO::Fitting model to feature number 99, x2_3_dimethylsuccinate
2023-12-18 16:43:13 INFO::Fitting model to feature number 100, x2_4_6_trihydroxybenzoate
2023-12-18 16:43:13 INFO::Fitting model to feature number 101, x2_8_quinolinediol
2023-12-18 16:43:13 INFO::Fitting model to feature number 102, x2_8_quinolinediol_sulfate
2023-12-18 16:43:13 INFO::Fitting model to feature number 103, x20_hydroxyecdysone
2023-12-18 16:43:13 INFO::Fitting model to feature number 104, x21_hydroxypregnanolone_disulfate
2023-12-18 16:43:13 INFO::Fitting model to feature number 105, x21_hydroxypregnanolone_monosulfate_1
2023-12-18 16:43:13 INFO::Fitting model to feature number 106, x21_hydroxypregnenolone_disulfate
2023-12-18 16:43:13 INFO::Fitting model to feature number 107, x2_acetamidobutanoate
2023-12-18 16:43:13 INFO::Fitting model to feature number 108, x2_aminoadipate
2023-12-18 16:43:13 INFO::Fitting model to feature number 109, x2_aminoheptanoate
2023-12-18 16:43:13 INFO::Fitting model to feature number 110, x2_aminophenol
2023-12-18 16:43:13 INFO::Fitting model to feature number 111, x2_deoxyadenosine
2023-12-18 16:43:13 INFO::Fitting model to feature number 112, x2_deoxyadenosine_5_monophosphate
2023-12-18 16:43:13 INFO::Fitting model to feature number 113, x2_deoxycytidine
2023-12-18 16:43:13 INFO::Fitting model to feature number 114, d_cmp
2023-12-18 16:43:13 INFO::Fitting model to feature number 115, x2_deoxyguanosine
2023-12-18 16:43:13 INFO::Fitting model to feature number 116, x2_deoxyguanosine_5_monophosphate_d_gmp
2023-12-18 16:43:13 INFO::Fitting model to feature number 117, x2_deoxyinosine
2023-12-18 16:43:14 INFO::Fitting model to feature number 118, x2_deoxyuridine
2023-12-18 16:43:14 INFO::Fitting model to feature number 119, x2_hydroxy_3_methylvalerate
2023-12-18 16:43:14 INFO::Fitting model to feature number 120, x2_hydroxyacetaminophen_sulfate
2023-12-18 16:43:14 INFO::Fitting model to feature number 121, x2_hydroxyadipate
2023-12-18 16:43:14 INFO::Fitting model to feature number 122, x2_hydroxyarachidate
2023-12-18 16:43:14 INFO::Fitting model to feature number 123, x2_hydroxybehenate
2023-12-18 16:43:14 INFO::Fitting model to feature number 124, x2_hydroxybutyrate_2_hydroxyisobutyrate
2023-12-18 16:43:14 INFO::Fitting model to feature number 125, x2_hydroxydecanoate
2023-12-18 16:43:14 INFO::Fitting model to feature number 126, x2_hydroxyglutarate
2023-12-18 16:43:14 INFO::Fitting model to feature number 127, x2_hydroxyheptanoate
2023-12-18 16:43:14 INFO::Fitting model to feature number 128, x2_hydroxyhippurate_salicylurate
2023-12-18 16:43:14 INFO::Fitting model to feature number 129, x2_hydroxyibuprofen
2023-12-18 16:43:14 INFO::Fitting model to feature number 130, x2_hydroxylaurate
2023-12-18 16:43:14 INFO::Fitting model to feature number 131, x2_hydroxymyristate
2023-12-18 16:43:14 INFO::Fitting model to feature number 132, x2_hydroxynervonate
2023-12-18 16:43:14 INFO::Fitting model to feature number 133, x2_hydroxypalmitate
2023-12-18 16:43:14 INFO::Fitting model to feature number 134, x2_hydroxystearate
2023-12-18 16:43:14 INFO::Fitting model to feature number 135, x2_isopropylmalate
2023-12-18 16:43:14 INFO::Fitting model to feature number 136, x2_keto_3_deoxy_gluconate
2023-12-18 16:43:14 INFO::Fitting model to feature number 137, x2_linoleoylglycerol_18_2
2023-12-18 16:43:14 INFO::Fitting model to feature number 138, x2_methylbutyrylglycine_c5
2023-12-18 16:43:14 INFO::Fitting model to feature number 139, x2_methylcitrate_homocitrate
2023-12-18 16:43:15 INFO::Fitting model to feature number 140, x2_oleoylglycerol_18_1
2023-12-18 16:43:15 INFO::Fitting model to feature number 141, x2_o_methyluridine
2023-12-18 16:43:15 INFO::Fitting model to feature number 142, x2_oxindole_3_acetate
2023-12-18 16:43:15 INFO::Fitting model to feature number 143, x2_oxoarginine
2023-12-18 16:43:15 INFO::Fitting model to feature number 144, x2_palmitoleoylglycerol_16_1
2023-12-18 16:43:15 INFO::Fitting model to feature number 145, x2_palmitoyl_galactosylglycerol_16_0
2023-12-18 16:43:15 INFO::Fitting model to feature number 146, x2_palmitoylglycerol_16_0
2023-12-18 16:43:15 INFO::Fitting model to feature number 147, x2_palmitoyl_gpc_16_0
2023-12-18 16:43:15 INFO::Fitting model to feature number 148, x2_piperidinone
2023-12-18 16:43:15 INFO::Fitting model to feature number 149, x3_3_hydroxyphenyl_propionate
2023-12-18 16:43:15 INFO::Fitting model to feature number 150, x3_3_hydroxyphenyl_propionate_sulfate
2023-12-18 16:43:15 INFO::Fitting model to feature number 151, x3_4_hydroxyphenyl_lactate_hpla
2023-12-18 16:43:15 INFO::Fitting model to feature number 152, x3_4_hydroxyphenyl_propionate
2023-12-18 16:43:15 INFO::Fitting model to feature number 153, x3_cystein_s_yl_acetaminophen
2023-12-18 16:43:15 INFO::Fitting model to feature number 154, x3_methylthio_acetaminophen_sulfate
2023-12-18 16:43:15 INFO::Fitting model to feature number 155, x3_n_acetyl_l_cystein_s_yl_acetaminophen
2023-12-18 16:43:15 INFO::Fitting model to feature number 156, x3_4_dihydroxybenzaldehyde
2023-12-18 16:43:15 INFO::Fitting model to feature number 157, x3_4_dihydroxyphenylacetate
2023-12-18 16:43:15 INFO::Fitting model to feature number 158, x3_7_dimethylurate
2023-12-18 16:43:15 INFO::Fitting model to feature number 159, x3_aminoisobutyrate
2023-12-18 16:43:16 INFO::Fitting model to feature number 160, x3beta_hydroxy_5_cholestenoate
2023-12-18 16:43:16 INFO::Fitting model to feature number 161, x3b_hydroxy_5_cholenoic_acid
2023-12-18 16:43:16 INFO::Fitting model to feature number 162, x3_carboxy_4_methyl_5_pentyl_2_furanpropionate_3_cmpfp
2023-12-18 16:43:16 INFO::Fitting model to feature number 163, x3_carboxyadipate
2023-12-18 16:43:16 INFO::Fitting model to feature number 164, x3_dehydrocholate
2023-12-18 16:43:16 INFO::Fitting model to feature number 165, x3_dehydroshikimate
2023-12-18 16:43:16 INFO::Fitting model to feature number 166, x3_hydroxy_3_methylglutarate
2023-12-18 16:43:16 INFO::Fitting model to feature number 167, x3_hydroxyadipate
2023-12-18 16:43:16 INFO::Fitting model to feature number 168, x3_hydroxybutyrate_bhba
2023-12-18 16:43:16 INFO::Fitting model to feature number 169, x3_hydroxyhexanoate
2023-12-18 16:43:16 INFO::Fitting model to feature number 170, x3_hydroxyisobutyrate
2023-12-18 16:43:16 INFO::Fitting model to feature number 171, x3_hydroxylaurate
2023-12-18 16:43:16 INFO::Fitting model to feature number 172, x3_hydroxymyristate
2023-12-18 16:43:16 INFO::Fitting model to feature number 173, x3_hydroxyoleoylcarnitine
2023-12-18 16:43:16 INFO::Fitting model to feature number 174, x3_hydroxypalmitate
2023-12-18 16:43:16 INFO::Fitting model to feature number 175, x3_hydroxypalmitoylcarnitine
2023-12-18 16:43:16 INFO::Fitting model to feature number 176, x3_hydroxyphenylacetate
2023-12-18 16:43:16 INFO::Fitting model to feature number 177, x3_hydroxyphenylacetate_sulfate
2023-12-18 16:43:16 INFO::Fitting model to feature number 178, x3_hydroxysebacate
2023-12-18 16:43:16 INFO::Fitting model to feature number 179, x3_hydroxystachydrine
2023-12-18 16:43:16 INFO::Fitting model to feature number 180, x3_hydroxystearate
2023-12-18 16:43:17 INFO::Fitting model to feature number 181, x3_hydroxysuberate
2023-12-18 16:43:17 INFO::Fitting model to feature number 182, x3_ketosphinganine
2023-12-18 16:43:17 INFO::Fitting model to feature number 183, x3_methoxycatechol_sulfate_1
2023-12-18 16:43:17 INFO::Fitting model to feature number 184, x3_methyl_2_oxobutyrate
2023-12-18 16:43:17 INFO::Fitting model to feature number 185, x3_methyl_2_oxovalerate
2023-12-18 16:43:17 INFO::Fitting model to feature number 186, x3_methyladipate
2023-12-18 16:43:17 INFO::Fitting model to feature number 187, x3_methylglutaconate
2023-12-18 16:43:17 INFO::Fitting model to feature number 188, x3_methylglutarate_2_methylglutarate
2023-12-18 16:43:17 INFO::Fitting model to feature number 189, x3_methylhistidine
2023-12-18 16:43:17 INFO::Fitting model to feature number 190, x3_methylxanthine
2023-12-18 16:43:17 INFO::Fitting model to feature number 191, x3_phenylpropionate_hydrocinnamate
2023-12-18 16:43:17 INFO::Fitting model to feature number 192, x3_sialyllactose
2023-12-18 16:43:17 INFO::Fitting model to feature number 193, x3_sulfo_l_alanine
2023-12-18 16:43:17 INFO::Fitting model to feature number 194, x3_ureidoisobutyrate
2023-12-18 16:43:17 INFO::Fitting model to feature number 195, x3_ureidopropionate
2023-12-18 16:43:17 INFO::Fitting model to feature number 196, x4_acetamidobenzoate
2023-12-18 16:43:17 INFO::Fitting model to feature number 197, x4_acetamidobutanoate
2023-12-18 16:43:17 INFO::Fitting model to feature number 198, x4_acetamidophenol
2023-12-18 16:43:17 INFO::Fitting model to feature number 199, x4_acetaminophen_sulfate
2023-12-18 16:43:17 INFO::Fitting model to feature number 200, x4_acetylcatechol_sulfate_1
2023-12-18 16:43:17 INFO::Fitting model to feature number 201, x4_cholesten_3_one
2023-12-18 16:43:18 INFO::Fitting model to feature number 202, x4_guanidinobutanoate
2023-12-18 16:43:18 INFO::Fitting model to feature number 203, x4_hydroxybenzoate
2023-12-18 16:43:18 INFO::Fitting model to feature number 204, x4_hydroxycinnamate
2023-12-18 16:43:18 INFO::Fitting model to feature number 205, x4_hydroxyhippurate
2023-12-18 16:43:18 INFO::Fitting model to feature number 206, x4_hydroxyphenylacetate
2023-12-18 16:43:18 INFO::Fitting model to feature number 207, x4_hydroxyphenylacetate_sulfate
2023-12-18 16:43:18 INFO::Fitting model to feature number 208, x4_hydroxyphenylpyruvate
2023-12-18 16:43:18 INFO::Fitting model to feature number 209, x4_imidazoleacetate
2023-12-18 16:43:18 INFO::Fitting model to feature number 210, x4_methyl_2_oxopentanoate
2023-12-18 16:43:18 INFO::Fitting model to feature number 211, x4_methylcatechol_sulfate
2023-12-18 16:43:18 INFO::Fitting model to feature number 212, x4_methylthio_2_oxobutanoate
2023-12-18 16:43:18 INFO::Fitting model to feature number 213, x4_ureidobutyrate
2023-12-18 16:43:18 INFO::Fitting model to feature number 214, x5_2_hydroxyethyl_4_methylthiazole
2023-12-18 16:43:18 INFO::Fitting model to feature number 215, x5_galactosylhydroxy_l_lysine
2023-12-18 16:43:18 INFO::Fitting model to feature number 216, x5_6_dihydrothymine
2023-12-18 16:43:18 INFO::Fitting model to feature number 217, x5_6_dihydrouracil
2023-12-18 16:43:18 INFO::Fitting model to feature number 218, x5_6_dihydrouridine
2023-12-18 16:43:18 INFO::Fitting model to feature number 219, x5_acetylamino_6_amino_3_methyluracil
2023-12-18 16:43:18 INFO::Fitting model to feature number 220, x5_acetylamino_6_formylamino_3_methyluracil
2023-12-18 16:43:18 INFO::Fitting model to feature number 221, x5alpha_androstan_3alpha_17alpha_diol_disulfate
2023-12-18 16:43:18 INFO::Fitting model to feature number 222, x5alpha_androstan_3alpha_17beta_diol_disulfate
2023-12-18 16:43:18 INFO::Fitting model to feature number 223, x5alpha_androstan_3alpha_17beta_diol_monosulfate_1
2023-12-18 16:43:18 INFO::Fitting model to feature number 224, x5alpha_androstan_3beta_17alpha_diol_disulfate
2023-12-18 16:43:19 INFO::Fitting model to feature number 225, x5alpha_androstan_3beta_17beta_diol_disulfate
2023-12-18 16:43:19 INFO::Fitting model to feature number 226, x5alpha_androstan_3beta_17beta_diol_monosulfate_2
2023-12-18 16:43:19 INFO::Fitting model to feature number 227, x5alpha_pregnan_3beta_20alpha_diol_disulfate
2023-12-18 16:43:19 INFO::Fitting model to feature number 228, x5alpha_pregnan_3beta_20alpha_diol_monosulfate_1
2023-12-18 16:43:19 INFO::Fitting model to feature number 229, x5alpha_pregnan_3beta_20beta_diol_monosulfate_1
2023-12-18 16:43:19 INFO::Fitting model to feature number 230, x5alpha_pregnan_diol_disulfate
2023-12-18 16:43:19 INFO::Fitting model to feature number 231, x5_aminovalerate
2023-12-18 16:43:19 INFO::Fitting model to feature number 232, x5_dodecenoate_12_1n7
2023-12-18 16:43:19 INFO::Fitting model to feature number 233, x5_dodecenoylcarnitine_c12_1
2023-12-18 16:43:19 INFO::Fitting model to feature number 234, x5_hydroxyhexanoate
2023-12-18 16:43:19 INFO::Fitting model to feature number 235, x5_hydroxylysine
2023-12-18 16:43:19 INFO::Fitting model to feature number 236, x5_methylthioadenosine_mta
2023-12-18 16:43:19 INFO::Fitting model to feature number 237, x5_methyluridine_ribothymidine
2023-12-18 16:43:19 INFO::Fitting model to feature number 238, x5_oxoproline
2023-12-18 16:43:19 INFO::Fitting model to feature number 239, x6_hydroxynicotinate
2023-12-18 16:43:19 INFO::Fitting model to feature number 240, x6_oxopiperidine_2_carboxylate
2023-12-18 16:43:19 INFO::Fitting model to feature number 241, x7_12_diketolithocholate
2023-12-18 16:43:19 INFO::Fitting model to feature number 242, x7_hydroxycholesterol_alpha_or_beta
2023-12-18 16:43:19 INFO::Fitting model to feature number 243, x7_ketodeoxycholate
2023-12-18 16:43:19 INFO::Fitting model to feature number 244, x7_ketolithocholate
2023-12-18 16:43:19 INFO::Fitting model to feature number 245, x7_methylguanine
2023-12-18 16:43:20 INFO::Fitting model to feature number 246, x7_methylurate
2023-12-18 16:43:20 INFO::Fitting model to feature number 247, x7_methylxanthine
2023-12-18 16:43:20 INFO::Fitting model to feature number 248, x8_hydroxyguanine
2023-12-18 16:43:20 INFO::Fitting model to feature number 249, x8_hydroxyoctanoate
2023-12-18 16:43:20 INFO::Fitting model to feature number 250, x9_10_di_home
2023-12-18 16:43:20 INFO::Fitting model to feature number 251, acesulfame
2023-12-18 16:43:20 INFO::Fitting model to feature number 252, acetylagmatine
2023-12-18 16:43:20 INFO::Fitting model to feature number 253, acetylcarnitine_c2
2023-12-18 16:43:20 INFO::Fitting model to feature number 254, acetylcholine
2023-12-18 16:43:20 INFO::Fitting model to feature number 255, acisoga
2023-12-18 16:43:20 INFO::Fitting model to feature number 256, aconitate_cis_or_trans
2023-12-18 16:43:20 INFO::Fitting model to feature number 257, adenine
2023-12-18 16:43:20 INFO::Fitting model to feature number 258, adenosine
2023-12-18 16:43:20 INFO::Fitting model to feature number 259, amp
2023-12-18 16:43:20 INFO::Fitting model to feature number 260, adipate
2023-12-18 16:43:20 INFO::Fitting model to feature number 261, agmatine
2023-12-18 16:43:20 INFO::Fitting model to feature number 262, alanine
2023-12-18 16:43:20 INFO::Fitting model to feature number 263, alanylleucine
2023-12-18 16:43:20 INFO::Fitting model to feature number 264, allantoin
2023-12-18 16:43:20 INFO::Fitting model to feature number 265, allo_threonine
2023-12-18 16:43:20 INFO::Fitting model to feature number 266, alpha_cehc
2023-12-18 16:43:20 INFO::Fitting model to feature number 267, alpha_cehc_sulfate
2023-12-18 16:43:20 INFO::Fitting model to feature number 268, alpha_hydroxycaproate
2023-12-18 16:43:20 INFO::Fitting model to feature number 269, alpha_hydroxyisocaproate
2023-12-18 16:43:21 INFO::Fitting model to feature number 270, alpha_hydroxyisovalerate
2023-12-18 16:43:21 INFO::Fitting model to feature number 271, alpha_ketoglutaramate
2023-12-18 16:43:21 INFO::Fitting model to feature number 272, alpha_ketoglutarate
2023-12-18 16:43:21 INFO::Fitting model to feature number 273, alpha_tocopherol
2023-12-18 16:43:21 INFO::Fitting model to feature number 274, alpha_tocopherol_acetate
2023-12-18 16:43:21 INFO::Fitting model to feature number 275, alpha_tocotrienol
2023-12-18 16:43:21 INFO::Fitting model to feature number 276, amoxicillin
2023-12-18 16:43:21 INFO::Fitting model to feature number 277, androstenediol_3alpha_17alpha_monosulfate_2
2023-12-18 16:43:21 INFO::Fitting model to feature number 278, androstenediol_3beta_17beta_disulfate_1
2023-12-18 16:43:21 INFO::Fitting model to feature number 279, androstenediol_3beta_17beta_disulfate_2
2023-12-18 16:43:21 INFO::Fitting model to feature number 280, androstenediol_3beta_17beta_monosulfate_1
2023-12-18 16:43:21 INFO::Fitting model to feature number 281, androsterone_sulfate
2023-12-18 16:43:21 INFO::Fitting model to feature number 282, anserine
2023-12-18 16:43:21 INFO::Fitting model to feature number 283, anthranilate
2023-12-18 16:43:21 INFO::Fitting model to feature number 284, apigenin
2023-12-18 16:43:21 INFO::Fitting model to feature number 285, apiin
2023-12-18 16:43:21 INFO::Fitting model to feature number 286, arabinose
2023-12-18 16:43:21 INFO::Fitting model to feature number 287, arabitol_xylitol
2023-12-18 16:43:21 INFO::Fitting model to feature number 288, arabonate_xylonate
2023-12-18 16:43:21 INFO::Fitting model to feature number 289, arachidate_20_0
2023-12-18 16:43:21 INFO::Fitting model to feature number 290, arachidonate_20_4n6
2023-12-18 16:43:22 INFO::Fitting model to feature number 291, arachidonoyl_ethanolamide
2023-12-18 16:43:22 INFO::Fitting model to feature number 292, arachidoyl_ethanolamide_20_0
2023-12-18 16:43:22 INFO::Fitting model to feature number 293, arachidoylcarnitine_c20
2023-12-18 16:43:22 INFO::Fitting model to feature number 294, argininate
2023-12-18 16:43:22 INFO::Fitting model to feature number 295, arginine
2023-12-18 16:43:22 INFO::Fitting model to feature number 296, argininosuccinate
2023-12-18 16:43:22 INFO::Fitting model to feature number 297, asparagine
2023-12-18 16:43:22 INFO::Fitting model to feature number 298, aspartate
2023-12-18 16:43:22 INFO::Fitting model to feature number 299, astaxanthin
2023-12-18 16:43:22 INFO::Fitting model to feature number 300, atenolol
2023-12-18 16:43:22 INFO::Fitting model to feature number 301, atorvastatin_lipitor
2023-12-18 16:43:22 INFO::Fitting model to feature number 302, atorvastatin_lactone
2023-12-18 16:43:22 INFO::Fitting model to feature number 303, azelate_nonanedioate_c9
2023-12-18 16:43:22 INFO::Fitting model to feature number 304, behenate_22_0
2023-12-18 16:43:22 INFO::Fitting model to feature number 305, behenoyl_ethanolamide_22_0
2023-12-18 16:43:22 INFO::Fitting model to feature number 306, behenoyl_sphingomyelin_d18_1_22_0
2023-12-18 16:43:22 INFO::Fitting model to feature number 307, behenoylcarnitine_c22
2023-12-18 16:43:22 INFO::Fitting model to feature number 308, benzoate
2023-12-18 16:43:22 INFO::Fitting model to feature number 309, beta_alanine
2023-12-18 16:43:22 INFO::Fitting model to feature number 310, beta_citrylglutamate
2023-12-18 16:43:22 INFO::Fitting model to feature number 311, beta_cryptoxanthin
2023-12-18 16:43:22 INFO::Fitting model to feature number 312, beta_guanidinopropanoate
2023-12-18 16:43:23 INFO::Fitting model to feature number 313, beta_hydroxyisovalerate
2023-12-18 16:43:23 INFO::Fitting model to feature number 314, betaine
2023-12-18 16:43:23 INFO::Fitting model to feature number 315, beta_sitosterol
2023-12-18 16:43:23 INFO::Fitting model to feature number 316, bilirubin
2023-12-18 16:43:23 INFO::Fitting model to feature number 317, biliverdin
2023-12-18 16:43:23 INFO::Fitting model to feature number 318, biocytin
2023-12-18 16:43:23 INFO::Fitting model to feature number 319, biotin
2023-12-18 16:43:23 INFO::Fitting model to feature number 320, butyrylglycine_c4
2023-12-18 16:43:23 INFO::Fitting model to feature number 321, cadaverine
2023-12-18 16:43:23 INFO::Fitting model to feature number 322, caffeate
2023-12-18 16:43:23 INFO::Fitting model to feature number 323, caffeic_acid_sulfate
2023-12-18 16:43:23 INFO::Fitting model to feature number 324, caffeine
2023-12-18 16:43:23 INFO::Fitting model to feature number 325, campesterol
2023-12-18 16:43:23 INFO::Fitting model to feature number 326, caprate_10_0
2023-12-18 16:43:23 INFO::Fitting model to feature number 327, caproate_6_0
2023-12-18 16:43:23 INFO::Fitting model to feature number 328, caprylate_8_0
2023-12-18 16:43:23 INFO::Fitting model to feature number 329, carboxyethyl_gaba
2023-12-18 16:43:23 INFO::Fitting model to feature number 330, carboxyibuprofen
2023-12-18 16:43:23 INFO::Fitting model to feature number 331, carboxyibuprofen_glucuronide
2023-12-18 16:43:23 INFO::Fitting model to feature number 332, carnitine
2023-12-18 16:43:23 INFO::Fitting model to feature number 333, carnosine
2023-12-18 16:43:23 INFO::Fitting model to feature number 334, carotene_diol_1
2023-12-18 16:43:23 INFO::Fitting model to feature number 335, carotene_diol_2
2023-12-18 16:43:24 INFO::Fitting model to feature number 336, carotene_diol_3
2023-12-18 16:43:24 INFO::Fitting model to feature number 337, catechol_sulfate
2023-12-18 16:43:24 INFO::Fitting model to feature number 338, ceramide_d16_1_24_1_d18_1_22_1
2023-12-18 16:43:24 INFO::Fitting model to feature number 339, ceramide_d18_1_14_0_d16_1_16_0
2023-12-18 16:43:24 INFO::Fitting model to feature number 340, ceramide_d18_1_17_0_d17_1_18_0
2023-12-18 16:43:24 INFO::Fitting model to feature number 341, ceramide_d18_1_20_0_d16_1_22_0_d20_1_18_0
2023-12-18 16:43:24 INFO::Fitting model to feature number 342, ceramide_d18_2_24_1_d18_1_24_2
2023-12-18 16:43:24 INFO::Fitting model to feature number 343, cerotoylcarnitine_c26
2023-12-18 16:43:24 INFO::Fitting model to feature number 344, c_glycosyltryptophan
2023-12-18 16:43:24 INFO::Fitting model to feature number 345, chenodeoxycholate
2023-12-18 16:43:24 INFO::Fitting model to feature number 346, chiro_inositol
2023-12-18 16:43:24 INFO::Fitting model to feature number 347, chlorthalidone
2023-12-18 16:43:24 INFO::Fitting model to feature number 348, cholate
2023-12-18 16:43:24 INFO::Fitting model to feature number 349, cholate_sulfate
2023-12-18 16:43:24 INFO::Fitting model to feature number 350, cholesterol
2023-12-18 16:43:24 INFO::Fitting model to feature number 351, cholic_acid_glucuronide
2023-12-18 16:43:24 INFO::Fitting model to feature number 352, choline
2023-12-18 16:43:24 INFO::Fitting model to feature number 353, phosphocholine
2023-12-18 16:43:24 INFO::Fitting model to feature number 354, chrysoeriol
2023-12-18 16:43:24 INFO::Fitting model to feature number 355, ciliatine_2_aminoethylphosphonate
2023-12-18 16:43:24 INFO::Fitting model to feature number 356, cis_4_decenoylcarnitine_c10_1
2023-12-18 16:43:24 INFO::Fitting model to feature number 357, citramalate
2023-12-18 16:43:25 INFO::Fitting model to feature number 358, citrate
2023-12-18 16:43:25 INFO::Fitting model to feature number 359, citrulline
2023-12-18 16:43:25 INFO::Fitting model to feature number 360, coprostanol
2023-12-18 16:43:25 INFO::Fitting model to feature number 361, coumaroylquinate_1
2023-12-18 16:43:25 INFO::Fitting model to feature number 362, coumaroylquinate_3
2023-12-18 16:43:25 INFO::Fitting model to feature number 363, creatine
2023-12-18 16:43:25 INFO::Fitting model to feature number 364, creatinine
2023-12-18 16:43:25 INFO::Fitting model to feature number 365, cryptochlorogenic_acid
2023-12-18 16:43:25 INFO::Fitting model to feature number 366, curcumin
2023-12-18 16:43:25 INFO::Fitting model to feature number 367, cysteine
2023-12-18 16:43:25 INFO::Fitting model to feature number 368, cysteine_s_sulfate
2023-12-18 16:43:25 INFO::Fitting model to feature number 369, cysteine_sulfinic_acid
2023-12-18 16:43:25 INFO::Fitting model to feature number 370, cysteinylglycine
2023-12-18 16:43:25 INFO::Fitting model to feature number 371, cystine
2023-12-18 16:43:25 INFO::Fitting model to feature number 372, cytidine
2023-12-18 16:43:25 INFO::Fitting model to feature number 373, cytidine_2_3_cyclic_monophosphate
2023-12-18 16:43:25 INFO::Fitting model to feature number 374, cytosine
2023-12-18 16:43:25 INFO::Fitting model to feature number 375, daidzein
2023-12-18 16:43:25 INFO::Fitting model to feature number 376, decanoylcarnitine_c10
2023-12-18 16:43:25 INFO::Fitting model to feature number 377, dehydroisoandrosterone_sulfate_dhea_s
2023-12-18 16:43:25 INFO::Fitting model to feature number 378, dehydrolithocholate
2023-12-18 16:43:25 INFO::Fitting model to feature number 379, delta_tocopherol
2023-12-18 16:43:26 INFO::Fitting model to feature number 380, deoxycarnitine
2023-12-18 16:43:26 INFO::Fitting model to feature number 381, deoxycholate
2023-12-18 16:43:26 INFO::Fitting model to feature number 382, deoxycholic_acid_3_sulfate
2023-12-18 16:43:26 INFO::Fitting model to feature number 383, deoxymugineic_acid
2023-12-18 16:43:26 INFO::Fitting model to feature number 384, desmethylcitalopram
2023-12-18 16:43:26 INFO::Fitting model to feature number 385, dextromethorphan
2023-12-18 16:43:26 INFO::Fitting model to feature number 386, diacetylspermidine
2023-12-18 16:43:26 INFO::Fitting model to feature number 387, diacylglycerol_12_0_18_1_14_0_16_1_16_0_14_1_2
2023-12-18 16:43:26 INFO::Fitting model to feature number 388, diacylglycerol_14_0_18_1_16_0_16_1_1
2023-12-18 16:43:26 INFO::Fitting model to feature number 389, diacylglycerol_14_0_18_1_16_0_16_1_2
2023-12-18 16:43:26 INFO::Fitting model to feature number 390, diacylglycerol_16_1_18_2_2_16_0_18_3_1
2023-12-18 16:43:26 INFO::Fitting model to feature number 391, diaminopimelate
2023-12-18 16:43:26 INFO::Fitting model to feature number 392, digalactosylglycerol
2023-12-18 16:43:26 INFO::Fitting model to feature number 393, digalacturonic_acid
2023-12-18 16:43:26 INFO::Fitting model to feature number 394, diglycerol
2023-12-18 16:43:26 INFO::Fitting model to feature number 395, dihomolinoleate_20_2n6
2023-12-18 16:43:26 INFO::Fitting model to feature number 396, dihomolinolenate_20_3n3_or_3n6
2023-12-18 16:43:26 INFO::Fitting model to feature number 397, dihomo_linolenoylcarnitine_c20_3n3_or_6
2023-12-18 16:43:26 INFO::Fitting model to feature number 398, dihydrobiopterin
2023-12-18 16:43:26 INFO::Fitting model to feature number 399, dihydrocaffeate
2023-12-18 16:43:26 INFO::Fitting model to feature number 400, dihydrocaffeate_sulfate_2
2023-12-18 16:43:26 INFO::Fitting model to feature number 401, dihydroferulate
2023-12-18 16:43:26 INFO::Fitting model to feature number 402, dihydroorotate
2023-12-18 16:43:27 INFO::Fitting model to feature number 403, diltiazem
2023-12-18 16:43:27 INFO::Fitting model to feature number 404, dimethylarginine_adma_sdma
2023-12-18 16:43:27 INFO::Fitting model to feature number 405, dimethylglycine
2023-12-18 16:43:27 INFO::Fitting model to feature number 406, dimethylmalonic_acid
2023-12-18 16:43:27 INFO::Fitting model to feature number 407, diosmetin
2023-12-18 16:43:27 INFO::Fitting model to feature number 408, diphenhydramine
2023-12-18 16:43:27 INFO::Fitting model to feature number 409, dipicolinate
2023-12-18 16:43:27 INFO::Fitting model to feature number 410, docosadienoate_22_2n6
2023-12-18 16:43:27 INFO::Fitting model to feature number 411, docosahexaenoate_dha_22_6n3
2023-12-18 16:43:27 INFO::Fitting model to feature number 412, docosapentaenoate_dpa_22_5n3
2023-12-18 16:43:27 INFO::Fitting model to feature number 413, docosapentaenoate_n6_dpa_22_5n6
2023-12-18 16:43:27 INFO::Fitting model to feature number 414, dodecanedioate_c12
2023-12-18 16:43:27 INFO::Fitting model to feature number 415, dodecenedioate_c12_1_dc
2023-12-18 16:43:27 INFO::Fitting model to feature number 416, dopamine
2023-12-18 16:43:27 INFO::Fitting model to feature number 417, d_urobilin
2023-12-18 16:43:27 INFO::Fitting model to feature number 418, ectoine
2023-12-18 16:43:27 INFO::Fitting model to feature number 419, eicosanoylsphingosine_d20_1
2023-12-18 16:43:27 INFO::Fitting model to feature number 420, eicosapentaenoate_epa_20_5n3
2023-12-18 16:43:27 INFO::Fitting model to feature number 421, eicosenoate_20_1n9_or_1n11
2023-12-18 16:43:27 INFO::Fitting model to feature number 422, eicosenoylcarnitine_c20_1
2023-12-18 16:43:28 INFO::Fitting model to feature number 423, enterolactone
2023-12-18 16:43:28 INFO::Fitting model to feature number 424, epiandrosterone_sulfate
2023-12-18 16:43:28 INFO::Fitting model to feature number 425, epicatechin
2023-12-18 16:43:28 INFO::Fitting model to feature number 426, ergosterol
2023-12-18 16:43:28 INFO::Fitting model to feature number 427, eriocitrin
2023-12-18 16:43:28 INFO::Fitting model to feature number 428, eriodictyol
2023-12-18 16:43:28 INFO::Fitting model to feature number 429, erucate_22_1n9
2023-12-18 16:43:28 INFO::Fitting model to feature number 430, erucoylcarnitine_c22_1
2023-12-18 16:43:28 INFO::Fitting model to feature number 431, erythritol
2023-12-18 16:43:28 INFO::Fitting model to feature number 432, erythronate
2023-12-18 16:43:28 INFO::Fitting model to feature number 433, erythrose
2023-12-18 16:43:28 INFO::Fitting model to feature number 434, escitalopram
2023-12-18 16:43:28 INFO::Fitting model to feature number 435, estrone
2023-12-18 16:43:28 INFO::Fitting model to feature number 436, ethylmalonate
2023-12-18 16:43:28 INFO::Fitting model to feature number 437, famotidine
2023-12-18 16:43:28 INFO::Fitting model to feature number 438, ferulate
2023-12-18 16:43:28 INFO::Fitting model to feature number 439, ferulic_acid_4_sulfate
2023-12-18 16:43:28 INFO::Fitting model to feature number 440, feruloylputrescine
2023-12-18 16:43:28 INFO::Fitting model to feature number 441, ferulylglycine_1
2023-12-18 16:43:28 INFO::Fitting model to feature number 442, ferulylglycine_2
2023-12-18 16:43:28 INFO::Fitting model to feature number 443, fexofenadine
2023-12-18 16:43:28 INFO::Fitting model to feature number 444, formiminoglutamate
2023-12-18 16:43:28 INFO::Fitting model to feature number 445, fructose
2023-12-18 16:43:29 INFO::Fitting model to feature number 446, fucose
2023-12-18 16:43:29 INFO::Fitting model to feature number 447, fumarate
2023-12-18 16:43:29 INFO::Fitting model to feature number 448, furaneol_sulfate
2023-12-18 16:43:29 INFO::Fitting model to feature number 449, gabapentin
2023-12-18 16:43:29 INFO::Fitting model to feature number 450, galactitol_dulcitol
2023-12-18 16:43:29 INFO::Fitting model to feature number 451, galactonate
2023-12-18 16:43:29 INFO::Fitting model to feature number 452, galactosylglycerol
2023-12-18 16:43:29 INFO::Fitting model to feature number 453, gamma_cehc
2023-12-18 16:43:29 INFO::Fitting model to feature number 454, gamma_cehc_glucuronide
2023-12-18 16:43:29 INFO::Fitting model to feature number 455, gamma_cehc_sulfate
2023-12-18 16:43:29 INFO::Fitting model to feature number 456, gamma_glutamyl_alpha_lysine
2023-12-18 16:43:29 INFO::Fitting model to feature number 457, gamma_glutamylcitrulline
2023-12-18 16:43:29 INFO::Fitting model to feature number 458, gamma_glutamyl_epsilon_lysine
2023-12-18 16:43:29 INFO::Fitting model to feature number 459, gamma_glutamylglutamate
2023-12-18 16:43:29 INFO::Fitting model to feature number 460, gamma_glutamylglutamine
2023-12-18 16:43:29 INFO::Fitting model to feature number 461, gamma_glutamylglycine
2023-12-18 16:43:29 INFO::Fitting model to feature number 462, gamma_glutamylhistidine
2023-12-18 16:43:29 INFO::Fitting model to feature number 463, gamma_glutamylisoleucine
2023-12-18 16:43:29 INFO::Fitting model to feature number 464, gamma_glutamylleucine
2023-12-18 16:43:29 INFO::Fitting model to feature number 465, gamma_glutamylmethionine
2023-12-18 16:43:29 INFO::Fitting model to feature number 466, gamma_glutamylphenylalanine
2023-12-18 16:43:30 INFO::Fitting model to feature number 467, gamma_glutamylthreonine
2023-12-18 16:43:30 INFO::Fitting model to feature number 468, gamma_glutamyltyrosine
2023-12-18 16:43:30 INFO::Fitting model to feature number 469, gamma_tocopherol_beta_tocopherol
2023-12-18 16:43:30 INFO::Fitting model to feature number 470, gamma_tocotrienol
2023-12-18 16:43:30 INFO::Fitting model to feature number 471, genistein
2023-12-18 16:43:30 INFO::Fitting model to feature number 472, gentisate
2023-12-18 16:43:30 INFO::Fitting model to feature number 473, gentisic_acid_5_glucoside
2023-12-18 16:43:30 INFO::Fitting model to feature number 474, gluconate
2023-12-18 16:43:30 INFO::Fitting model to feature number 475, glucose
2023-12-18 16:43:30 INFO::Fitting model to feature number 476, glucuronate
2023-12-18 16:43:30 INFO::Fitting model to feature number 477, glucuronide_of_piperine_metabolite_c17h21no3_1
2023-12-18 16:43:30 WARNING::Fitting problem for feature 477 a warning was issued
2023-12-18 16:43:30 INFO::Fitting model to feature number 478, glutamate
2023-12-18 16:43:30 INFO::Fitting model to feature number 479, glutamate_gamma_methyl_ester
2023-12-18 16:43:30 INFO::Fitting model to feature number 480, glutamine
2023-12-18 16:43:30 INFO::Fitting model to feature number 481, glutaminylleucine
2023-12-18 16:43:30 INFO::Fitting model to feature number 482, glutamyl_meso_diaminopimelate
2023-12-18 16:43:30 INFO::Fitting model to feature number 483, glutarate_c5_dc
2023-12-18 16:43:30 INFO::Fitting model to feature number 484, glycerate
2023-12-18 16:43:30 INFO::Fitting model to feature number 485, glycerol
2023-12-18 16:43:30 INFO::Fitting model to feature number 486, glycerol_3_phosphate
2023-12-18 16:43:30 INFO::Fitting model to feature number 487, glycerophosphoethanolamine
2023-12-18 16:43:31 INFO::Fitting model to feature number 488, glycerophosphoglycerol
2023-12-18 16:43:31 INFO::Fitting model to feature number 489, glycerophosphoinositol
2023-12-18 16:43:31 INFO::Fitting model to feature number 490, glycerophosphorylcholine_gpc
2023-12-18 16:43:31 INFO::Fitting model to feature number 491, glycerophosphoserine
2023-12-18 16:43:31 INFO::Fitting model to feature number 492, glycine
2023-12-18 16:43:31 INFO::Fitting model to feature number 493, glycitein
2023-12-18 16:43:31 INFO::Fitting model to feature number 494, glycochenodeoxycholate
2023-12-18 16:43:31 INFO::Fitting model to feature number 495, glycochenodeoxycholate_3_sulfate
2023-12-18 16:43:31 INFO::Fitting model to feature number 496, glycochenodeoxycholate_glucuronide_1
2023-12-18 16:43:31 INFO::Fitting model to feature number 497, glycocholate
2023-12-18 16:43:31 INFO::Fitting model to feature number 498, glycocholate_glucuronide_1
2023-12-18 16:43:31 INFO::Fitting model to feature number 499, glycocholate_sulfate
2023-12-18 16:43:31 INFO::Fitting model to feature number 500, glycocholenate_sulfate
2023-12-18 16:43:31 INFO::Fitting model to feature number 501, glycodeoxycholate
2023-12-18 16:43:31 INFO::Fitting model to feature number 502, glycodeoxycholate_3_sulfate
2023-12-18 16:43:31 INFO::Fitting model to feature number 503, glycohyocholate
2023-12-18 16:43:31 INFO::Fitting model to feature number 504, glycolithocholate
2023-12-18 16:43:31 INFO::Fitting model to feature number 505, glycolithocholate_sulfate
2023-12-18 16:43:31 INFO::Fitting model to feature number 506, glycosyl_ceramide_d18_2_24_1_d18_1_24_2
2023-12-18 16:43:31 INFO::Fitting model to feature number 507, glycosyl_n_2_hydroxynervonoyl_sphingosine_d18_1_24_1_2oh
2023-12-18 16:43:31 INFO::Fitting model to feature number 508, glycosyl_n_palmitoyl_sphingosine_d18_1_16_0
2023-12-18 16:43:31 INFO::Fitting model to feature number 509, glycosyl_n_stearoyl_sphingosine_d18_1_18_0
2023-12-18 16:43:31 INFO::Fitting model to feature number 510, glycoursodeoxycholate
2023-12-18 16:43:32 INFO::Fitting model to feature number 511, glycylisoleucine
2023-12-18 16:43:32 INFO::Fitting model to feature number 512, glycylleucine
2023-12-18 16:43:32 INFO::Fitting model to feature number 513, glycylvaline
2023-12-18 16:43:32 INFO::Fitting model to feature number 514, guanidinoacetate
2023-12-18 16:43:32 INFO::Fitting model to feature number 515, guanine
2023-12-18 16:43:32 INFO::Fitting model to feature number 516, guanosine
2023-12-18 16:43:32 INFO::Fitting model to feature number 517, gulonate
2023-12-18 16:43:32 INFO::Fitting model to feature number 518, harmane
2023-12-18 16:43:32 INFO::Fitting model to feature number 519, heneicosapentaenoate_21_5n3
2023-12-18 16:43:32 INFO::Fitting model to feature number 520, heptanoate_7_0
2023-12-18 16:43:32 INFO::Fitting model to feature number 521, hesperetin
2023-12-18 16:43:32 INFO::Fitting model to feature number 522, hesperidin
2023-12-18 16:43:32 INFO::Fitting model to feature number 523, hexadecadienoate_16_2n6
2023-12-18 16:43:32 INFO::Fitting model to feature number 524, hexadecanedioate_c16
2023-12-18 16:43:32 INFO::Fitting model to feature number 525, hexadecasphinganine_d16_0
2023-12-18 16:43:32 INFO::Fitting model to feature number 526, hexadecasphingosine_d16_1
2023-12-18 16:43:32 INFO::Fitting model to feature number 527, hexadecatrienoate_16_3n3
2023-12-18 16:43:32 INFO::Fitting model to feature number 528, hippurate
2023-12-18 16:43:32 INFO::Fitting model to feature number 529, histamine
2023-12-18 16:43:32 INFO::Fitting model to feature number 530, histidine
2023-12-18 16:43:32 INFO::Fitting model to feature number 531, histidine_betaine_hercynine
2023-12-18 16:43:32 INFO::Fitting model to feature number 532, histidylalanine
2023-12-18 16:43:33 INFO::Fitting model to feature number 533, homocitrulline
2023-12-18 16:43:33 INFO::Fitting model to feature number 534, homoserine_homoserine_lactone
2023-12-18 16:43:33 INFO::Fitting model to feature number 535, hydantoin_5_propionate
2023-12-18 16:43:33 INFO::Fitting model to feature number 536, hydrochlorothiazide
2023-12-18 16:43:33 INFO::Fitting model to feature number 537, hydroxymethylpyrimidine
2023-12-18 16:43:33 INFO::Fitting model to feature number 538, hyocholate
2023-12-18 16:43:33 INFO::Fitting model to feature number 539, hypoxanthine
2023-12-18 16:43:33 INFO::Fitting model to feature number 540, imidazole_lactate
2023-12-18 16:43:33 INFO::Fitting model to feature number 541, imidazole_propionate
2023-12-18 16:43:33 INFO::Fitting model to feature number 542, indole
2023-12-18 16:43:33 INFO::Fitting model to feature number 543, indoleacetate
2023-12-18 16:43:33 INFO::Fitting model to feature number 544, indolelactate
2023-12-18 16:43:33 INFO::Fitting model to feature number 545, indolepropionate
2023-12-18 16:43:33 INFO::Fitting model to feature number 546, indolin_2_one
2023-12-18 16:43:33 INFO::Fitting model to feature number 547, inosine
2023-12-18 16:43:33 INFO::Fitting model to feature number 548, isobutyrylglycine_c4
2023-12-18 16:43:33 INFO::Fitting model to feature number 549, isocaproate_i6_0
2023-12-18 16:43:33 INFO::Fitting model to feature number 550, isoleucine
2023-12-18 16:43:33 INFO::Fitting model to feature number 551, isoleucylglycine
2023-12-18 16:43:33 INFO::Fitting model to feature number 552, isoursodeoxycholate
2023-12-18 16:43:33 INFO::Fitting model to feature number 553, isovalerate_c5
2023-12-18 16:43:33 INFO::Fitting model to feature number 554, isovalerylglycine
2023-12-18 16:43:34 INFO::Fitting model to feature number 555, isovitexin
2023-12-18 16:43:34 INFO::Fitting model to feature number 556, i_urobilinogen
2023-12-18 16:43:34 INFO::Fitting model to feature number 557, kynurenate
2023-12-18 16:43:34 INFO::Fitting model to feature number 558, kynurenine
2023-12-18 16:43:34 INFO::Fitting model to feature number 559, lactate
2023-12-18 16:43:34 INFO::Fitting model to feature number 560, lactosyl_n_behenoyl_sphingosine_d18_1_22_0
2023-12-18 16:43:34 INFO::Fitting model to feature number 561, lactosyl_n_nervonoyl_sphingosine_d18_1_24_1
2023-12-18 16:43:34 INFO::Fitting model to feature number 562, lactosyl_n_palmitoyl_sphingosine_d18_1_16_0
2023-12-18 16:43:34 INFO::Fitting model to feature number 563, lahsa_18_2_oh_18_0
2023-12-18 16:43:34 INFO::Fitting model to feature number 564, lanosterol
2023-12-18 16:43:34 INFO::Fitting model to feature number 565, laurate_12_0
2023-12-18 16:43:34 INFO::Fitting model to feature number 566, laurylcarnitine_c12
2023-12-18 16:43:34 INFO::Fitting model to feature number 567, leucine
2023-12-18 16:43:34 INFO::Fitting model to feature number 568, leucylalanine
2023-12-18 16:43:34 INFO::Fitting model to feature number 569, leucylglutamine
2023-12-18 16:43:34 INFO::Fitting model to feature number 570, leucylglycine
2023-12-18 16:43:34 INFO::Fitting model to feature number 571, levetiracetam
2023-12-18 16:43:34 INFO::Fitting model to feature number 572, levulinate_4_oxovalerate
2023-12-18 16:43:34 INFO::Fitting model to feature number 573, lignoceroyl_ethanolamide_24_0
2023-12-18 16:43:34 INFO::Fitting model to feature number 574, lignoceroylcarnitine_c24
2023-12-18 16:43:34 INFO::Fitting model to feature number 575, linoleate_18_2n6
2023-12-18 16:43:34 INFO::Fitting model to feature number 576, linolenate_18_3n3_or_3n6
2023-12-18 16:43:34 INFO::Fitting model to feature number 577, linolenoyl_ethanolamide
2023-12-18 16:43:35 INFO::Fitting model to feature number 578, linolenoyl_linolenoyl_glycerol_18_3_18_3_1
2023-12-18 16:43:35 INFO::Fitting model to feature number 579, linolenoyl_linolenoyl_glycerol_18_3_18_3_2
2023-12-18 16:43:35 INFO::Fitting model to feature number 580, linoleoyl_ethanolamide
2023-12-18 16:43:35 INFO::Fitting model to feature number 581, linoleoylcarnitine_c18_2
2023-12-18 16:43:35 INFO::Fitting model to feature number 582, linoleoyl_linolenoyl_glycerol_18_2_18_3_1
2023-12-18 16:43:35 INFO::Fitting model to feature number 583, linoleoyl_linolenoyl_glycerol_18_2_18_3_2
2023-12-18 16:43:35 INFO::Fitting model to feature number 584, linoleoyl_linoleoyl_glycerol_18_2_18_2_1
2023-12-18 16:43:35 INFO::Fitting model to feature number 585, linoleoyl_linoleoyl_glycerol_18_2_18_2_2
2023-12-18 16:43:35 INFO::Fitting model to feature number 586, lisinopril
2023-12-18 16:43:35 INFO::Fitting model to feature number 587, lithocholate
2023-12-18 16:43:35 INFO::Fitting model to feature number 588, lithocholate_sulfate_1
2023-12-18 16:43:35 INFO::Fitting model to feature number 589, lithocholic_acid_sulfate_2
2023-12-18 16:43:35 INFO::Fitting model to feature number 590, loperamide
2023-12-18 16:43:35 INFO::Fitting model to feature number 591, l_urobilin
2023-12-18 16:43:35 INFO::Fitting model to feature number 592, luteolin
2023-12-18 16:43:35 INFO::Fitting model to feature number 593, lysine
2023-12-18 16:43:35 INFO::Fitting model to feature number 594, lysylleucine
2023-12-18 16:43:35 INFO::Fitting model to feature number 595, malate
2023-12-18 16:43:35 INFO::Fitting model to feature number 596, maleate
2023-12-18 16:43:35 INFO::Fitting model to feature number 597, malonate
2023-12-18 16:43:35 INFO::Fitting model to feature number 598, malonylcarnitine
2023-12-18 16:43:36 INFO::Fitting model to feature number 599, maltose
2023-12-18 16:43:36 INFO::Fitting model to feature number 600, mannitol_sorbitol
2023-12-18 16:43:36 INFO::Fitting model to feature number 601, mannose
2023-12-18 16:43:36 INFO::Fitting model to feature number 602, margarate_17_0
2023-12-18 16:43:36 INFO::Fitting model to feature number 603, margaroylcarnitine_c17
2023-12-18 16:43:36 INFO::Fitting model to feature number 604, mead_acid_20_3n9
2023-12-18 16:43:36 INFO::Fitting model to feature number 605, meadoylcarnitine_c20_3n9
2023-12-18 16:43:36 INFO::Fitting model to feature number 606, methionine
2023-12-18 16:43:36 INFO::Fitting model to feature number 607, methionine_sulfone
2023-12-18 16:43:36 INFO::Fitting model to feature number 608, methionine_sulfoxide
2023-12-18 16:43:36 INFO::Fitting model to feature number 609, methylmalonate_mma
2023-12-18 16:43:36 INFO::Fitting model to feature number 610, methylphosphate
2023-12-18 16:43:36 INFO::Fitting model to feature number 611, methylsuccinate
2023-12-18 16:43:36 INFO::Fitting model to feature number 612, metoprolol_acid_metabolite
2023-12-18 16:43:36 INFO::Fitting model to feature number 613, mevalonate
2023-12-18 16:43:36 INFO::Fitting model to feature number 614, mevalonolactone
2023-12-18 16:43:36 INFO::Fitting model to feature number 615, m_tyramine
2023-12-18 16:43:36 INFO::Fitting model to feature number 616, myo_inositol
2023-12-18 16:43:36 INFO::Fitting model to feature number 617, myristate_14_0
2023-12-18 16:43:36 INFO::Fitting model to feature number 618, myristoleate_14_1n5
2023-12-18 16:43:36 INFO::Fitting model to feature number 619, myristoleoylcarnitine_c14_1
2023-12-18 16:43:36 INFO::Fitting model to feature number 620, myristoylcarnitine_c14
2023-12-18 16:43:36 INFO::Fitting model to feature number 621, n_1_acetylspermidine
2023-12-18 16:43:36 INFO::Fitting model to feature number 622, n_2_hydroxypalmitoyl_sphingosine_d18_1_16_0_2oh
2023-12-18 16:43:37 INFO::Fitting model to feature number 623, n_n_n_trimethyl_5_aminovalerate
2023-12-18 16:43:37 INFO::Fitting model to feature number 624, n_n_dimethyl_5_aminovalerate
2023-12-18 16:43:37 INFO::Fitting model to feature number 625, n1_n12_diacetylspermine
2023-12-18 16:43:37 INFO::Fitting model to feature number 626, n1_methyl_2_pyridone_5_carboxamide
2023-12-18 16:43:37 INFO::Fitting model to feature number 627, x1_methyladenosine
2023-12-18 16:43:37 INFO::Fitting model to feature number 628, n2_n5_diacetylornithine
2023-12-18 16:43:37 INFO::Fitting model to feature number 629, n2_acetyllysine
2023-12-18 16:43:37 INFO::Fitting model to feature number 630, n6_n6_n6_trimethyllysine
2023-12-18 16:43:37 INFO::Fitting model to feature number 631, n6_acetyllysine
2023-12-18 16:43:37 INFO::Fitting model to feature number 632, n6_carboxyethyllysine
2023-12-18 16:43:37 INFO::Fitting model to feature number 633, n6_carboxymethyllysine
2023-12-18 16:43:37 INFO::Fitting model to feature number 634, n6_formyllysine
2023-12-18 16:43:37 INFO::Fitting model to feature number 635, n_acetyl_1_methylhistidine
2023-12-18 16:43:37 INFO::Fitting model to feature number 636, n_acetyl_3_methylhistidine
2023-12-18 16:43:37 INFO::Fitting model to feature number 637, n_acetylalanine
2023-12-18 16:43:37 INFO::Fitting model to feature number 638, n_acetylarginine
2023-12-18 16:43:37 INFO::Fitting model to feature number 639, n_acetylasparagine
2023-12-18 16:43:37 INFO::Fitting model to feature number 640, n_acetylaspartate_naa
2023-12-18 16:43:37 INFO::Fitting model to feature number 641, n_acetyl_aspartyl_glutamate_naag
2023-12-18 16:43:37 INFO::Fitting model to feature number 642, n_acetyl_beta_glucosaminylamine
2023-12-18 16:43:37 INFO::Fitting model to feature number 643, n_acetyl_cadaverine
2023-12-18 16:43:38 INFO::Fitting model to feature number 644, n_acetylcitrulline
2023-12-18 16:43:38 INFO::Fitting model to feature number 645, n_acetylcysteine
2023-12-18 16:43:38 INFO::Fitting model to feature number 646, n_acetylglucosamine_n_acetylgalactosamine
2023-12-18 16:43:38 INFO::Fitting model to feature number 647, n_acetylglucosaminylasparagine
2023-12-18 16:43:38 INFO::Fitting model to feature number 648, n_acetylglutamate
2023-12-18 16:43:38 INFO::Fitting model to feature number 649, n_acetylglutamine
2023-12-18 16:43:38 INFO::Fitting model to feature number 650, n_acetylglycine
2023-12-18 16:43:38 INFO::Fitting model to feature number 651, n_acetylhistamine
2023-12-18 16:43:38 INFO::Fitting model to feature number 652, n_acetylhistidine
2023-12-18 16:43:38 INFO::Fitting model to feature number 653, n_acetylisoleucine
2023-12-18 16:43:38 INFO::Fitting model to feature number 654, n_acetyl_isoputreanine
2023-12-18 16:43:38 INFO::Fitting model to feature number 655, n_acetylleucine
2023-12-18 16:43:38 INFO::Fitting model to feature number 656, n_acetylmethionine
2023-12-18 16:43:38 INFO::Fitting model to feature number 657, n_acetylmethionine_sulfoxide
2023-12-18 16:43:38 INFO::Fitting model to feature number 658, n_acetylmuramate
2023-12-18 16:43:38 INFO::Fitting model to feature number 659, n_acetylneuraminate
2023-12-18 16:43:38 INFO::Fitting model to feature number 660, n_acetylphenylalanine
2023-12-18 16:43:38 INFO::Fitting model to feature number 661, n_acetylproline
2023-12-18 16:43:38 INFO::Fitting model to feature number 662, n_acetylputrescine
2023-12-18 16:43:38 INFO::Fitting model to feature number 663, n_acetylserine
2023-12-18 16:43:38 INFO::Fitting model to feature number 664, n_acetylsphingosine
2023-12-18 16:43:39 INFO::Fitting model to feature number 665, n_acetyltaurine
2023-12-18 16:43:39 INFO::Fitting model to feature number 666, n_acetylthreonine
2023-12-18 16:43:39 INFO::Fitting model to feature number 667, n_acetyltryptophan
2023-12-18 16:43:39 INFO::Fitting model to feature number 668, n_acetyltyrosine
2023-12-18 16:43:39 INFO::Fitting model to feature number 669, n_acetylvaline
2023-12-18 16:43:39 INFO::Fitting model to feature number 670, n_alpha_acetylornithine
2023-12-18 16:43:39 INFO::Fitting model to feature number 671, naringenin
2023-12-18 16:43:39 INFO::Fitting model to feature number 672, naringenin_7_o_glucoside
2023-12-18 16:43:39 INFO::Fitting model to feature number 673, narirutin
2023-12-18 16:43:39 INFO::Fitting model to feature number 674, n_behenoyl_sphingadienine_d18_2_22_0
2023-12-18 16:43:39 INFO::Fitting model to feature number 675, n_carbamoylaspartate
2023-12-18 16:43:39 INFO::Fitting model to feature number 676, n_delta_acetylornithine
2023-12-18 16:43:39 INFO::Fitting model to feature number 677, nervonoylcarnitine_c24_1
2023-12-18 16:43:39 INFO::Fitting model to feature number 678, n_formylanthranilic_acid
2023-12-18 16:43:39 INFO::Fitting model to feature number 679, n_formylmethionine
2023-12-18 16:43:39 INFO::Fitting model to feature number 680, n_formylphenylalanine
2023-12-18 16:43:39 INFO::Fitting model to feature number 681, nicotianamine
2023-12-18 16:43:39 INFO::Fitting model to feature number 682, nicotinamide
2023-12-18 16:43:39 INFO::Fitting model to feature number 683, nicotinamide_riboside
2023-12-18 16:43:39 INFO::Fitting model to feature number 684, nicotinate
2023-12-18 16:43:39 INFO::Fitting model to feature number 685, nicotinate_ribonucleoside
2023-12-18 16:43:39 INFO::Fitting model to feature number 686, n_linoleoylglycine
2023-12-18 16:43:39 INFO::Fitting model to feature number 687, n_methylalanine
2023-12-18 16:43:39 INFO::Fitting model to feature number 688, n_methylhydantoin
2023-12-18 16:43:40 INFO::Fitting model to feature number 689, n_methylhydroxyproline
2023-12-18 16:43:40 INFO::Fitting model to feature number 690, n_methylphenylalanine
2023-12-18 16:43:40 INFO::Fitting model to feature number 691, n_methylpipecolate
2023-12-18 16:43:40 INFO::Fitting model to feature number 692, n_methylproline
2023-12-18 16:43:40 INFO::Fitting model to feature number 693, n_oleoylglycine
2023-12-18 16:43:40 INFO::Fitting model to feature number 694, n_oleoyl_sphingosine_d18_1_18_1
2023-12-18 16:43:40 INFO::Fitting model to feature number 695, n_oleoyltaurine
2023-12-18 16:43:40 INFO::Fitting model to feature number 696, nonadecanoate_19_0
2023-12-18 16:43:40 INFO::Fitting model to feature number 697, norvaline
2023-12-18 16:43:40 INFO::Fitting model to feature number 698, n_palmitoylglycine
2023-12-18 16:43:40 INFO::Fitting model to feature number 699, n_palmitoyl_sphinganine_d18_0_16_0
2023-12-18 16:43:40 INFO::Fitting model to feature number 700, n_palmitoyl_sphingosine_d18_1_16_0
2023-12-18 16:43:40 INFO::Fitting model to feature number 701, n_palmitoyltaurine
2023-12-18 16:43:40 INFO::Fitting model to feature number 702, n_propionylalanine
2023-12-18 16:43:40 INFO::Fitting model to feature number 703, n_stearoyl_sphinganine_d18_0_18_0
2023-12-18 16:43:40 INFO::Fitting model to feature number 704, n_stearoyl_sphingosine_d18_1_18_0
2023-12-18 16:43:40 INFO::Fitting model to feature number 705, oahsa_18_1_oh_18_0
2023-12-18 16:43:40 INFO::Fitting model to feature number 706, octadecadienedioate_c18_2_dc
2023-12-18 16:43:40 INFO::Fitting model to feature number 707, octadecanedioate_c18
2023-12-18 16:43:40 INFO::Fitting model to feature number 708, octadecenedioate_c18_1_dc
2023-12-18 16:43:40 INFO::Fitting model to feature number 709, octadecenedioylcarnitine_c18_1_dc
2023-12-18 16:43:40 INFO::Fitting model to feature number 710, octanoylcarnitine_c8
2023-12-18 16:43:41 INFO::Fitting model to feature number 711, o_hydroxyatorvastatin
2023-12-18 16:43:41 INFO::Fitting model to feature number 712, o_hydroxyatorvastatin_lactone
2023-12-18 16:43:41 INFO::Fitting model to feature number 713, oleate_vaccenate_18_1
2023-12-18 16:43:41 INFO::Fitting model to feature number 714, oleoyl_ethanolamide
2023-12-18 16:43:41 INFO::Fitting model to feature number 715, oleoylcarnitine_c18
2023-12-18 16:43:41 INFO::Fitting model to feature number 716, oleoylcholine
2023-12-18 16:43:41 INFO::Fitting model to feature number 717, oleoyl_linoleoyl_glycerol_18_1_18_2_1
2023-12-18 16:43:41 INFO::Fitting model to feature number 718, oleoyl_linoleoyl_glycerol_18_1_18_2_2
2023-12-18 16:43:41 INFO::Fitting model to feature number 719, oleoyl_oleoyl_glycerol_18_1_18_1_1
2023-12-18 16:43:41 INFO::Fitting model to feature number 720, oleoyl_oleoyl_glycerol_18_1_18_1_2
2023-12-18 16:43:41 INFO::Fitting model to feature number 721, ornithine
2023-12-18 16:43:41 INFO::Fitting model to feature number 722, orotate
2023-12-18 16:43:41 INFO::Fitting model to feature number 723, orotidine
2023-12-18 16:43:41 INFO::Fitting model to feature number 724, o_sulfo_l_tyrosine
2023-12-18 16:43:41 INFO::Fitting model to feature number 725, o_tyrosine
2023-12-18 16:43:41 INFO::Fitting model to feature number 726, oxalate_ethanedioate
2023-12-18 16:43:41 INFO::Fitting model to feature number 727, pahsa_16_0_oh_18_0
2023-12-18 16:43:42 INFO::Fitting model to feature number 728, palmitate_16_0
2023-12-18 16:43:42 INFO::Fitting model to feature number 729, palmitoleate_16_1n7
2023-12-18 16:43:42 INFO::Fitting model to feature number 730, palmitoleoyl_ethanolamide
2023-12-18 16:43:42 INFO::Fitting model to feature number 731, palmitoleoylcarnitine_c16_1
2023-12-18 16:43:42 INFO::Fitting model to feature number 732, palmitoleoyl_linoleoyl_glycerol_16_1_18_2_1
2023-12-18 16:43:42 INFO::Fitting model to feature number 733, palmitoleoyl_oleoyl_glycerol_16_1_18_1_1
2023-12-18 16:43:42 INFO::Fitting model to feature number 734, palmitoyl_dihydrosphingomyelin_d18_0_16_0
2023-12-18 16:43:42 INFO::Fitting model to feature number 735, palmitoyl_ethanolamide
2023-12-18 16:43:42 INFO::Fitting model to feature number 736, palmitoyl_sphingomyelin_d18_1_16_0
2023-12-18 16:43:42 INFO::Fitting model to feature number 737, palmitoylcarnitine_c16
2023-12-18 16:43:42 INFO::Fitting model to feature number 738, palmitoylcholine
2023-12-18 16:43:42 INFO::Fitting model to feature number 739, palmitoyl_linolenoyl_glycerol_16_0_18_3_2
2023-12-18 16:43:42 INFO::Fitting model to feature number 740, palmitoyl_linoleoyl_glycerol_16_0_18_2_1
2023-12-18 16:43:42 INFO::Fitting model to feature number 741, palmitoyl_linoleoyl_glycerol_16_0_18_2_2
2023-12-18 16:43:42 INFO::Fitting model to feature number 742, palmitoyl_oleoyl_glycerol_16_0_18_1_1
2023-12-18 16:43:42 INFO::Fitting model to feature number 743, palmitoyl_oleoyl_glycerol_16_0_18_1_2
2023-12-18 16:43:42 INFO::Fitting model to feature number 744, pantothenate_vitamin_b5
2023-12-18 16:43:42 INFO::Fitting model to feature number 745, p_cresol
2023-12-18 16:43:42 INFO::Fitting model to feature number 746, p_cresol_sulfate
2023-12-18 16:43:42 INFO::Fitting model to feature number 747, pelargonate_9_0
2023-12-18 16:43:42 INFO::Fitting model to feature number 748, pentadecanoate_15_0
2023-12-18 16:43:42 INFO::Fitting model to feature number 749, phenethylamine
2023-12-18 16:43:43 INFO::Fitting model to feature number 750, phenol_sulfate
2023-12-18 16:43:43 INFO::Fitting model to feature number 751, phenylacetate
2023-12-18 16:43:43 INFO::Fitting model to feature number 752, phenylacetylglutamate
2023-12-18 16:43:43 INFO::Fitting model to feature number 753, phenylacetylglutamine
2023-12-18 16:43:43 INFO::Fitting model to feature number 754, phenylalanine
2023-12-18 16:43:43 INFO::Fitting model to feature number 755, phenylalanylalanine
2023-12-18 16:43:43 INFO::Fitting model to feature number 756, phenylalanylglycine
2023-12-18 16:43:43 INFO::Fitting model to feature number 757, phenyllactate_pla
2023-12-18 16:43:43 INFO::Fitting model to feature number 758, phenylpyruvate
2023-12-18 16:43:43 INFO::Fitting model to feature number 759, pheophorbide_a
2023-12-18 16:43:43 INFO::Fitting model to feature number 760, pheophytin_a
2023-12-18 16:43:43 INFO::Fitting model to feature number 761, phosphate
2023-12-18 16:43:43 INFO::Fitting model to feature number 762, p_hydroxyatorvastatin
2023-12-18 16:43:43 INFO::Fitting model to feature number 763, p_hydroxyatorvastatin_lactone
2023-12-18 16:43:43 INFO::Fitting model to feature number 764, p_hydroxybenzaldehyde
2023-12-18 16:43:43 INFO::Fitting model to feature number 765, phytanate
2023-12-18 16:43:43 INFO::Fitting model to feature number 766, phytosphingosine
2023-12-18 16:43:43 INFO::Fitting model to feature number 767, picolinate
2023-12-18 16:43:43 INFO::Fitting model to feature number 768, pimelate_c7_dc
2023-12-18 16:43:43 INFO::Fitting model to feature number 769, pipecolate
2023-12-18 16:43:43 INFO::Fitting model to feature number 770, piperidine
2023-12-18 16:43:43 INFO::Fitting model to feature number 771, piperine
2023-12-18 16:43:43 INFO::Fitting model to feature number 772, ponciretin
2023-12-18 16:43:43 INFO::Fitting model to feature number 773, pregabalin
2023-12-18 16:43:44 INFO::Fitting model to feature number 774, pregnen_diol_disulfate
2023-12-18 16:43:44 INFO::Fitting model to feature number 775, pregnenediol_sulfate_c21h34o5s
2023-12-18 16:43:44 INFO::Fitting model to feature number 776, pregnenolone_sulfate
2023-12-18 16:43:44 INFO::Fitting model to feature number 777, pristanate
2023-12-18 16:43:44 INFO::Fitting model to feature number 778, prolylhydroxyproline
2023-12-18 16:43:44 INFO::Fitting model to feature number 779, proline
2023-12-18 16:43:44 INFO::Fitting model to feature number 780, prolylglycine
2023-12-18 16:43:44 INFO::Fitting model to feature number 781, propionylglycine_c3
2023-12-18 16:43:44 INFO::Fitting model to feature number 782, protoporphyrin_ix
2023-12-18 16:43:44 INFO::Fitting model to feature number 783, pseudoephedrine
2023-12-18 16:43:44 WARNING::Fitting problem for feature 783 a warning was issued
2023-12-18 16:43:44 INFO::Fitting model to feature number 784, pseudouridine
2023-12-18 16:43:44 INFO::Fitting model to feature number 785, pterin
2023-12-18 16:43:44 INFO::Fitting model to feature number 786, putrescine
2023-12-18 16:43:44 INFO::Fitting model to feature number 787, pyridoxal
2023-12-18 16:43:44 INFO::Fitting model to feature number 788, pyridoxamine
2023-12-18 16:43:44 INFO::Fitting model to feature number 789, pyridoxate
2023-12-18 16:43:44 INFO::Fitting model to feature number 790, pyridoxine_vitamin_b6
2023-12-18 16:43:44 INFO::Fitting model to feature number 791, pyroglutamine
2023-12-18 16:43:44 INFO::Fitting model to feature number 792, pyrraline
2023-12-18 16:43:44 INFO::Fitting model to feature number 793, pyruvate
2023-12-18 16:43:44 INFO::Fitting model to feature number 794, quetiapine
2023-12-18 16:43:45 INFO::Fitting model to feature number 795, quinate
2023-12-18 16:43:45 INFO::Fitting model to feature number 796, quinolinate
2023-12-18 16:43:45 INFO::Fitting model to feature number 797, ranitidine
2023-12-18 16:43:45 INFO::Fitting model to feature number 798, retinol_vitamin_a
2023-12-18 16:43:45 INFO::Fitting model to feature number 799, ribitol
2023-12-18 16:43:45 INFO::Fitting model to feature number 800, riboflavin_vitamin_b2
2023-12-18 16:43:45 INFO::Fitting model to feature number 801, ribonate_ribonolactone
2023-12-18 16:43:45 INFO::Fitting model to feature number 802, ribose
2023-12-18 16:43:45 INFO::Fitting model to feature number 803, ribulonate_xylulonate
2023-12-18 16:43:45 INFO::Fitting model to feature number 804, ribulose_xylulose
2023-12-18 16:43:45 INFO::Fitting model to feature number 805, rivaroxaban
2023-12-18 16:43:45 INFO::Fitting model to feature number 806, s_1_pyrroline_5_carboxylate
2023-12-18 16:43:45 INFO::Fitting model to feature number 807, saccharin
2023-12-18 16:43:45 INFO::Fitting model to feature number 808, saccharopine
2023-12-18 16:43:45 INFO::Fitting model to feature number 809, salicylate
2023-12-18 16:43:45 INFO::Fitting model to feature number 810, s_allylcysteine
2023-12-18 16:43:45 INFO::Fitting model to feature number 811, sarcosine
2023-12-18 16:43:45 INFO::Fitting model to feature number 812, s_carboxymethyl_l_cysteine
2023-12-18 16:43:45 INFO::Fitting model to feature number 813, sebacate_c10_dc
2023-12-18 16:43:45 INFO::Fitting model to feature number 814, secoisolariciresinol
2023-12-18 16:43:45 INFO::Fitting model to feature number 815, sedoheptulose
2023-12-18 16:43:45 INFO::Fitting model to feature number 816, sedoheptulose_7_phosphate
2023-12-18 16:43:46 INFO::Fitting model to feature number 817, serine
2023-12-18 16:43:46 INFO::Fitting model to feature number 818, serotonin
2023-12-18 16:43:46 INFO::Fitting model to feature number 819, sitostanol
2023-12-18 16:43:46 INFO::Fitting model to feature number 820, s_methylcysteine
2023-12-18 16:43:46 INFO::Fitting model to feature number 821, solanidine
2023-12-18 16:43:46 INFO::Fitting model to feature number 822, soyasaponin_i
2023-12-18 16:43:46 INFO::Fitting model to feature number 823, spermidine
2023-12-18 16:43:46 INFO::Fitting model to feature number 824, sphinganine
2023-12-18 16:43:46 INFO::Fitting model to feature number 825, sphingomyelin_d18_0_18_0_d19_0_17_0
2023-12-18 16:43:46 INFO::Fitting model to feature number 826, sphingomyelin_d18_1_14_0_d16_1_16_0
2023-12-18 16:43:46 INFO::Fitting model to feature number 827, sphingomyelin_d18_1_24_1_d18_2_24_0
2023-12-18 16:43:46 INFO::Fitting model to feature number 828, sphingomyelin_d18_2_16_0_d18_1_16_1
2023-12-18 16:43:46 INFO::Fitting model to feature number 829, sphingomyelin_d18_2_24_1_d18_1_24_2
2023-12-18 16:43:46 INFO::Fitting model to feature number 830, sphingosine
2023-12-18 16:43:46 INFO::Fitting model to feature number 831, stachydrine
2023-12-18 16:43:46 INFO::Fitting model to feature number 832, stearate_18_0
2023-12-18 16:43:46 INFO::Fitting model to feature number 833, stearidonate_18_4n3
2023-12-18 16:43:46 INFO::Fitting model to feature number 834, stearoyl_ethanolamide
2023-12-18 16:43:46 INFO::Fitting model to feature number 835, stearoyl_sphingomyelin_d18_1_18_0
2023-12-18 16:43:46 INFO::Fitting model to feature number 836, stearoylcarnitine_c18
2023-12-18 16:43:46 INFO::Fitting model to feature number 837, steviol
2023-12-18 16:43:46 INFO::Fitting model to feature number 838, stigmasterol
2023-12-18 16:43:46 INFO::Fitting model to feature number 839, suberate_c8_dc
2023-12-18 16:43:47 INFO::Fitting model to feature number 840, suberoylcarnitine_c8_dc
2023-12-18 16:43:47 INFO::Fitting model to feature number 841, succinate
2023-12-18 16:43:47 INFO::Fitting model to feature number 842, succinimide
2023-12-18 16:43:47 INFO::Fitting model to feature number 843, succinylcarnitine_c4
2023-12-18 16:43:47 INFO::Fitting model to feature number 844, succinylglutamine
2023-12-18 16:43:47 INFO::Fitting model to feature number 845, sucralose
2023-12-18 16:43:47 INFO::Fitting model to feature number 846, sucrose
2023-12-18 16:43:47 INFO::Fitting model to feature number 847, sulfate_of_piperine_metabolite_c16h19no3_1
2023-12-18 16:43:47 INFO::Fitting model to feature number 848, sulfate_of_piperine_metabolite_c16h19no3_2
2023-12-18 16:43:47 INFO::Fitting model to feature number 849, sulfate_of_piperine_metabolite_c16h19no3_3
2023-12-18 16:43:47 INFO::Fitting model to feature number 850, sulfate_of_piperine_metabolite_c18h21no3_1
2023-12-18 16:43:47 INFO::Fitting model to feature number 851, sulfate_of_piperine_metabolite_c18h21no3_2
2023-12-18 16:43:47 INFO::Fitting model to feature number 852, sulfate_of_piperine_metabolite_c18h21no3_3
2023-12-18 16:43:47 INFO::Fitting model to feature number 853, sulfate
2023-12-18 16:43:47 INFO::Fitting model to feature number 854, syringic_acid
2023-12-18 16:43:47 INFO::Fitting model to feature number 855, taurine
2023-12-18 16:43:47 INFO::Fitting model to feature number 856, taurochenodeoxycholate
2023-12-18 16:43:47 INFO::Fitting model to feature number 857, taurocholate
2023-12-18 16:43:47 INFO::Fitting model to feature number 858, taurocholenate_sulfate
2023-12-18 16:43:47 INFO::Fitting model to feature number 859, taurodeoxycholate
2023-12-18 16:43:47 INFO::Fitting model to feature number 860, taurolithocholate
2023-12-18 16:43:47 INFO::Fitting model to feature number 861, taurolithocholate_3_sulfate
2023-12-18 16:43:48 INFO::Fitting model to feature number 862, tauroursodeoxycholate
2023-12-18 16:43:48 INFO::Fitting model to feature number 863, tauroursodeoxycholic_acid_sulfate_1
2023-12-18 16:43:48 INFO::Fitting model to feature number 864, tetradecanedioate_c14
2023-12-18 16:43:48 INFO::Fitting model to feature number 865, tetrahydrocortisol_sulfate_1
2023-12-18 16:43:48 INFO::Fitting model to feature number 866, tetrahydrocortisol_sulfate_2
2023-12-18 16:43:48 INFO::Fitting model to feature number 867, theanine
2023-12-18 16:43:48 INFO::Fitting model to feature number 868, theobromine
2023-12-18 16:43:48 INFO::Fitting model to feature number 869, theophylline
2023-12-18 16:43:48 INFO::Fitting model to feature number 870, thiamin_vitamin_b1
2023-12-18 16:43:48 INFO::Fitting model to feature number 871, thioproline
2023-12-18 16:43:48 INFO::Fitting model to feature number 872, threonate
2023-12-18 16:43:48 INFO::Fitting model to feature number 873, threonine
2023-12-18 16:43:48 INFO::Fitting model to feature number 874, threonylphenylalanine
2023-12-18 16:43:48 INFO::Fitting model to feature number 875, thymidine
2023-12-18 16:43:48 INFO::Fitting model to feature number 876, tmp
2023-12-18 16:43:48 INFO::Fitting model to feature number 877, thymine
2023-12-18 16:43:48 INFO::Fitting model to feature number 878, topiramate
2023-12-18 16:43:48 INFO::Fitting model to feature number 879, hydroxyproline
2023-12-18 16:43:48 INFO::Fitting model to feature number 880, trans_nonadecenoate_tr_19_1
2023-12-18 16:43:48 INFO::Fitting model to feature number 881, trans_urocanate
2023-12-18 16:43:48 INFO::Fitting model to feature number 882, trazadone
2023-12-18 16:43:48 INFO::Fitting model to feature number 883, tricarballylate
2023-12-18 16:43:49 INFO::Fitting model to feature number 884, trigonelline_n_methylnicotinate
2023-12-18 16:43:49 INFO::Fitting model to feature number 885, tryptamine
2023-12-18 16:43:49 INFO::Fitting model to feature number 886, tryptophan
2023-12-18 16:43:49 INFO::Fitting model to feature number 887, tryptophan_betaine
2023-12-18 16:43:49 INFO::Fitting model to feature number 888, tryptophylglycine
2023-12-18 16:43:49 INFO::Fitting model to feature number 889, tyramine
2023-12-18 16:43:49 INFO::Fitting model to feature number 890, tyramine_o_sulfate
2023-12-18 16:43:49 INFO::Fitting model to feature number 891, tyrosine
2023-12-18 16:43:49 INFO::Fitting model to feature number 892, tyrosol
2023-12-18 16:43:49 INFO::Fitting model to feature number 893, undecanedioate_c11_dc
2023-12-18 16:43:49 INFO::Fitting model to feature number 894, undecanoate_11_0
2023-12-18 16:43:49 INFO::Fitting model to feature number 895, uracil
2023-12-18 16:43:49 INFO::Fitting model to feature number 896, urate
2023-12-18 16:43:49 INFO::Fitting model to feature number 897, uridine
2023-12-18 16:43:49 INFO::Fitting model to feature number 898, uridine_2_3_cyclic_monophosphate
2023-12-18 16:43:49 INFO::Fitting model to feature number 899, urolithin_a
2023-12-18 16:43:49 INFO::Fitting model to feature number 900, ursocholate
2023-12-18 16:43:49 INFO::Fitting model to feature number 901, ursodeoxycholate
2023-12-18 16:43:49 INFO::Fitting model to feature number 902, ursodeoxycholate_sulfate_1
2023-12-18 16:43:49 INFO::Fitting model to feature number 903, valerate_5_0
2023-12-18 16:43:49 INFO::Fitting model to feature number 904, valine
2023-12-18 16:43:49 INFO::Fitting model to feature number 905, valine_betaine
2023-12-18 16:43:49 INFO::Fitting model to feature number 906, valsartan
2023-12-18 16:43:49 INFO::Fitting model to feature number 907, valylglutamine
2023-12-18 16:43:50 INFO::Fitting model to feature number 908, valylglycine
2023-12-18 16:43:50 INFO::Fitting model to feature number 909, valylleucine
2023-12-18 16:43:50 INFO::Fitting model to feature number 910, vancomycin
2023-12-18 16:43:50 INFO::Fitting model to feature number 911, vanillactate
2023-12-18 16:43:50 INFO::Fitting model to feature number 912, vanillate
2023-12-18 16:43:50 INFO::Fitting model to feature number 913, vanillin_sulfate
2023-12-18 16:43:50 INFO::Fitting model to feature number 914, xanthine
2023-12-18 16:43:50 INFO::Fitting model to feature number 915, xanthosine
2023-12-18 16:43:50 INFO::Fitting model to feature number 916, xanthurenate
2023-12-18 16:43:50 INFO::Fitting model to feature number 917, ximenoylcarnitine_c26_1
2023-12-18 16:43:50 INFO::Fitting model to feature number 918, xylose
2023-12-18 16:43:50 INFO::Counting total values for each feature
2023-12-18 16:43:50 INFO::Writing filtered data to file Maaslin output/bch_raw_TIME.POINT.2/features/filtered_data.tsv
2023-12-18 16:43:50 INFO::Writing filtered, normalized data to file Maaslin output/bch_raw_TIME.POINT.2/features/filtered_data_norm.tsv
2023-12-18 16:43:51 INFO::Writing filtered, normalized, transformed data to file Maaslin output/bch_raw_TIME.POINT.2/features/filtered_data_norm_transformed.tsv
2023-12-18 16:43:51 WARNING::Deleting existing residuals file: Maaslin output/bch_raw_TIME.POINT.2/fits/residuals.rds
2023-12-18 16:43:51 INFO::Writing residuals to file Maaslin output/bch_raw_TIME.POINT.2/fits/residuals.rds
2023-12-18 16:43:51 WARNING::Deleting existing fitted file: Maaslin output/bch_raw_TIME.POINT.2/fits/fitted.rds
2023-12-18 16:43:51 INFO::Writing fitted values to file Maaslin output/bch_raw_TIME.POINT.2/fits/fitted.rds
2023-12-18 16:43:51 WARNING::Deleting existing ranef file: Maaslin output/bch_raw_TIME.POINT.2/fits/ranef.rds
2023-12-18 16:43:51 INFO::Writing extracted random effects to file Maaslin output/bch_raw_TIME.POINT.2/fits/ranef.rds
2023-12-18 16:43:51 INFO::Writing all results to file (ordered by increasing q-values): Maaslin output/bch_raw_TIME.POINT.2/all_results.tsv
2023-12-18 16:43:51 INFO::Writing the significant results (those which are less than or equal to the threshold of 0.050000 ) to file (ordered by increasing q-values): Maaslin output/bch_raw_TIME.POINT.2/significant_results.tsv
2023-12-18 16:43:51 WARNING::Input is a matrix, passing through as.data.frame() .
