2024-01-03 15:30:26 INFO::Writing function arguments to log file
2024-01-03 15:30:26 DEBUG::Function arguments
2024-01-03 15:30:26 DEBUG::Output folder: Maaslin output/aa_biosynth_prepost
2024-01-03 15:30:26 DEBUG::Min Abundance: 0.000000
2024-01-03 15:30:26 DEBUG::Min Prevalence: 0.100000
2024-01-03 15:30:26 DEBUG::Normalization: NONE
2024-01-03 15:30:26 DEBUG::Transform: LOG
2024-01-03 15:30:26 DEBUG::Analysis method: LM
2024-01-03 15:30:26 DEBUG::Max significance: 0.050000
2024-01-03 15:30:26 DEBUG::Random effects: SUBJ.ID
2024-01-03 15:30:26 DEBUG::Fixed effects: prepost
2024-01-03 15:30:26 DEBUG::Correction method: bonferroni
2024-01-03 15:30:26 DEBUG::Standardize: TRUE
2024-01-03 15:30:26 DEBUG::Cores: 1
2024-01-03 15:30:26 INFO::Verifying options selected are valid
2024-01-03 15:30:26 INFO::Determining format of input files
2024-01-03 15:30:26 INFO::Input format is data samples as rows and metadata samples as rows
2024-01-03 15:30:28 DEBUG::A total of 45 samples were found in both the data and metadata
2024-01-03 15:30:28 DEBUG::Reordering data/metadata to use same sample ordering
2024-01-03 15:30:28 INFO::Formula for random effects: expr ~ (1 | SUBJ.ID)
2024-01-03 15:30:28 INFO::Formula for fixed effects: expr ~  prepost
2024-01-03 15:30:28 INFO::Filter data based on min abundance and min prevalence
2024-01-03 15:30:28 INFO::Total samples in data: 45
2024-01-03 15:30:28 INFO::Min samples required with min abundance for a feature not to be filtered: 4.500000
2024-01-03 15:30:28 INFO::Total filtered features: 1
2024-01-03 15:30:28 INFO::Filtered feature names from abundance and prevalence filtering: glycine
2024-01-03 15:30:28 INFO::Total filtered features with variance filtering: 0
2024-01-03 15:30:28 INFO::Filtered feature names from variance filtering:
2024-01-03 15:30:28 INFO::Running selected normalization method: NONE
2024-01-03 15:30:28 INFO::Applying z-score to standardize continuous metadata
2024-01-03 15:30:28 INFO::Running selected transform method: LOG
2024-01-03 15:30:28 INFO::Running selected analysis method: LM
2024-01-03 15:30:28 INFO::Fitting model to feature number 1, d_alanine
2024-01-03 15:30:28 INFO::Fitting model to feature number 2, l_arginine
2024-01-03 15:30:28 INFO::Fitting model to feature number 3, l_asparagine
2024-01-03 15:30:28 INFO::Fitting model to feature number 4, l_cysteine
2024-01-03 15:30:28 INFO::Fitting model to feature number 5, l_glutamate
2024-01-03 15:30:28 INFO::Fitting model to feature number 6, l_histidine
2024-01-03 15:30:28 INFO::Fitting model to feature number 7, l_homocysteine
2024-01-03 15:30:28 INFO::Fitting model to feature number 8, l_isoleucine
2024-01-03 15:30:28 INFO::Fitting model to feature number 9, l_leucine
2024-01-03 15:30:28 INFO::Fitting model to feature number 10, l_lysine
2024-01-03 15:30:28 INFO::Fitting model to feature number 11, l_methionine
2024-01-03 15:30:29 INFO::Fitting model to feature number 12, l_phenylalanine
2024-01-03 15:30:29 INFO::Fitting model to feature number 13, l_proline
2024-01-03 15:30:29 INFO::Fitting model to feature number 14, l_serine
2024-01-03 15:30:29 INFO::Fitting model to feature number 15, l_threonine
2024-01-03 15:30:29 INFO::Fitting model to feature number 16, l_tryptophan
2024-01-03 15:30:29 INFO::Fitting model to feature number 17, l_tyrosine
2024-01-03 15:30:29 INFO::Fitting model to feature number 18, s_adenosyl_l_methionine
2024-01-03 15:30:29 INFO::Counting total values for each feature
2024-01-03 15:30:29 INFO::Writing filtered data to file Maaslin output/aa_biosynth_prepost/features/filtered_data.tsv
2024-01-03 15:30:29 INFO::Writing filtered, normalized data to file Maaslin output/aa_biosynth_prepost/features/filtered_data_norm.tsv
2024-01-03 15:30:29 INFO::Writing filtered, normalized, transformed data to file Maaslin output/aa_biosynth_prepost/features/filtered_data_norm_transformed.tsv
2024-01-03 15:30:29 WARNING::Deleting existing residuals file: Maaslin output/aa_biosynth_prepost/fits/residuals.rds
2024-01-03 15:30:29 INFO::Writing residuals to file Maaslin output/aa_biosynth_prepost/fits/residuals.rds
2024-01-03 15:30:29 WARNING::Deleting existing fitted file: Maaslin output/aa_biosynth_prepost/fits/fitted.rds
2024-01-03 15:30:29 INFO::Writing fitted values to file Maaslin output/aa_biosynth_prepost/fits/fitted.rds
2024-01-03 15:30:29 WARNING::Deleting existing ranef file: Maaslin output/aa_biosynth_prepost/fits/ranef.rds
2024-01-03 15:30:29 INFO::Writing extracted random effects to file Maaslin output/aa_biosynth_prepost/fits/ranef.rds
2024-01-03 15:30:29 INFO::Writing all results to file (ordered by increasing q-values): Maaslin output/aa_biosynth_prepost/all_results.tsv
2024-01-03 15:30:29 INFO::Writing the significant results (those which are less than or equal to the threshold of 0.050000 ) to file (ordered by increasing q-values): Maaslin output/aa_biosynth_prepost/significant_results.tsv
2024-01-03 15:30:32 WARNING::Input is a matrix, passing through as.data.frame() .
