2024-01-25 18:05:02 INFO::Writing function arguments to log file
2024-01-25 18:05:02 DEBUG::Function arguments
2024-01-25 18:05:02 DEBUG::Output folder: Maaslin output/pathway_raw_sex
2024-01-25 18:05:02 DEBUG::Min Abundance: 0.000000
2024-01-25 18:05:02 DEBUG::Min Prevalence: 0.100000
2024-01-25 18:05:02 DEBUG::Normalization: NONE
2024-01-25 18:05:02 DEBUG::Transform: LOG
2024-01-25 18:05:02 DEBUG::Analysis method: LM
2024-01-25 18:05:02 DEBUG::Max significance: 0.050000
2024-01-25 18:05:04 DEBUG::Random effects: SUBJ.ID
2024-01-25 18:05:04 DEBUG::Fixed effects: sex
2024-01-25 18:05:04 DEBUG::Correction method: bonferroni
2024-01-25 18:05:04 DEBUG::Standardize: TRUE
2024-01-25 18:05:04 DEBUG::Cores: 1
2024-01-25 18:05:04 INFO::Verifying options selected are valid
2024-01-25 18:05:04 INFO::Determining format of input files
2024-01-25 18:05:04 INFO::Input format is data samples as rows and metadata samples as rows
2024-01-25 18:05:04 DEBUG::A total of 45 samples were found in both the data and metadata
2024-01-25 18:05:04 DEBUG::Reordering data/metadata to use same sample ordering
2024-01-25 18:05:04 INFO::Formula for random effects: expr ~ (1 | SUBJ.ID)
2024-01-25 18:05:04 INFO::Formula for fixed effects: expr ~  sex
2024-01-25 18:05:04 INFO::Filter data based on min abundance and min prevalence
2024-01-25 18:05:04 INFO::Total samples in data: 45
2024-01-25 18:05:04 INFO::Min samples required with min abundance for a feature not to be filtered: 4.500000
2024-01-25 18:05:04 INFO::Total filtered features: 63
2024-01-25 18:05:04 INFO::Filtered feature names from abundance and prevalence filtering: Amine_and_polyamine_biosynthesis.agmatine_biosynthesis.agmatine_from_L.arginine._step_1.1., Amine_and_polyamine_biosynthesis.betaine_biosynthesis_via_choline_pathway.betaine_aldehyde_from_choline_.cytochrome_c_reductase_route.._step_1.1., Amine_and_polyamine_biosynthesis.betaine_biosynthesis_via_choline_pathway_.regulation.., Amine_and_polyamine_biosynthesis.putrescine_biosynthesis_via_agmatine_pathway.putrescine_from_N.carbamoylputrescine_.transferase_route.._step_1.1., Amine_and_polyamine_degradation.putrescine_degradation., Amine_and_polyamine_degradation.putrescine_degradation.4.aminobutanoate_from_putrescine._step_2.4., Amine_and_polyamine_degradation.putrescine_degradation.4.aminobutanoate_from_putrescine._step_3.4., Amine_and_polyamine_degradation.putrescine_degradation.succinate_semialdehyde_from_4.aminobutanoate._step_1.1., Amino.acid_biosynthesis.L.methionine_biosynthesis_via_de_novo_pathway.L.homocysteine_from_O.succinyl.L.homoserine._step_1.1., Amino.acid_biosynthesis.L.methionine_biosynthesis_via_salvage_pathway.L.methionine_from_S.methyl.5.thio.alpha.D.ribose_1.phosphate._step_5.6., Amino.acid_biosynthesis.L.methionine_biosynthesis_via_salvage_pathway.S.methyl.5.thio.alpha.D.ribose_1.phosphate_from_S.methyl.5..thioadenosine_.hydrolase_route.._step_1.2., Amino.acid_biosynthesis.L.methionine_biosynthesis_via_salvage_pathway.S.methyl.5.thio.alpha.D.ribose_1.phosphate_from_S.methyl.5..thioadenosine_.hydrolase_route.._step_2.2., Amino.acid_biosynthesis.glycine_biosynthesis.glycine_from_L.serine._step_1.1., Amino.acid_degradation.L.arginine_degradation., Amino.acid_degradation.L.arginine_degradation_.regulation.., Amino.acid_degradation.L.arginine_degradation_via_ADI_pathway., Amino.acid_degradation.L.lysine_degradation_via_acetate_pathway., Amino.acid_degradation.L.phenylalanine_degradation.acetoacetate_and_fumarate_from_L.phenylalanine._step_4.6., Amino.acid_degradation.L.phenylalanine_degradation.phenylacetate_from_L.phenylalanine._step_3.3., Amino.sugar_metabolism.N.acetylneuraminate_degradation.D.fructose_6.phosphate_from_N.acetylneuraminate._step_2.5., Carbohydrate_degradation.L.arabinose_degradation_via_L.ribulose.D.xylulose_5.phosphate_from_L.arabinose_.bacterial_route.._step_2.3., Cofactor_biosynthesis.5.6.7.8.tetrahydromethanopterin_biosynthesis., Cofactor_biosynthesis.NAD..._biosynthesis.nicotinate_D.ribonucleotide_from_nicotinate._step_1.1., Cofactor_biosynthesis.adenosylcobalamin_biosynthesis.adenosylcobalamin_from_cob.II.yrinate_a.c.diamide._step_3.7., Cofactor_biosynthesis.adenosylcobalamin_biosynthesis.cob.II.yrinate_a.c.diamide_from_sirohydrochlorin_.anaerobic_route.._step_1.10., Cofactor_biosynthesis.adenosylcobalamin_biosynthesis.cob.II.yrinate_a.c.diamide_from_sirohydrochlorin_.anaerobic_route.._step_10.10., Cofactor_biosynthesis.adenosylcobalamin_biosynthesis.cob.II.yrinate_a.c.diamide_from_sirohydrochlorin_.anaerobic_route.._step_2.10., Cofactor_biosynthesis.adenosylcobalamin_biosynthesis.cob.II.yrinate_a.c.diamide_from_sirohydrochlorin_.anaerobic_route.._step_5.10., Cofactor_biosynthesis.adenosylcobalamin_biosynthesis.cob.II.yrinate_a.c.diamide_from_sirohydrochlorin_.anaerobic_route.._step_7.10., Cofactor_biosynthesis.adenosylcobalamin_biosynthesis.cob.II.yrinate_a.c.diamide_from_sirohydrochlorin_.anaerobic_route.._step_8.10., Cofactor_biosynthesis.adenosylcobalamin_biosynthesis.cob.II.yrinate_a.c.diamide_from_sirohydrochlorin_.anaerobic_route.._step_9.10., Cofactor_biosynthesis.adenosylcobalamin_biosynthesis_.regulation.., Cofactor_biosynthesis.coenzyme_F420_biosynthesis., Cofactor_biosynthesis.methanofuran_biosynthesis., Cofactor_biosynthesis.tetrahydrofolate_biosynthesis.2.amino.4.hydroxy.6.hydroxymethyl.7.8.dihydropteridine_diphosphate_from_7.8.dihydroneopterin_triphosphate._step_1.4., Hydrocarbon_metabolism.alkane_degradation., Metabolic_intermediate_biosynthesis.acetyl.CoA_biosynthesis.acetyl.CoA_from_acetate._step_2.2., Metabolic_intermediate_biosynthesis.chorismate_biosynthesis., Metabolic_intermediate_metabolism.carbamoyl_phosphate_degradation.CO.2._and_NH.3._from_carbamoyl_phosphate._step_1.1., Nucleotide.sugar_biosynthesis.ADP.L.glycero.beta.D.manno.heptose_biosynthesis.ADP.L.glycero.beta.D.manno.heptose_from_D.glycero.beta.D.manno.heptose_7.phosphate._step_1.4., Nucleotide.sugar_biosynthesis.ADP.L.glycero.beta.D.manno.heptose_biosynthesis.ADP.L.glycero.beta.D.manno.heptose_from_D.glycero.beta.D.manno.heptose_7.phosphate._step_4.4., Nucleotide.sugar_biosynthesis.CDP.3.6.dideoxy.D.mannose_biosynthesis.CDP.3.6.dideoxy.D.mannose_from_CTP_and_alpha.D.glucose_1.phosphate._step_1.5., Nucleotide.sugar_biosynthesis.CDP.3.6.dideoxy.D.mannose_biosynthesis.CDP.3.6.dideoxy.D.mannose_from_CTP_and_alpha.D.glucose_1.phosphate._step_2.5., One.carbon_metabolism.methanogenesis_from_CO.2..5.10.methenyl.5.6.7.8.tetrahydromethanopterin_from_CO.2.._step_3.3., One.carbon_metabolism.methanogenesis_from_CO.2..5.10.methylene.5.6.7.8.tetrahydromethanopterin_from_5.10.methenyl.5.6.7.8.tetrahydromethanopterin_.coenzyme_F420_route.._step_1.1., Organosulfur_degradation.taurine_degradation_via_aerobic_pathway.acetyl_phosphate_and_sulfite_from_taurine._step_1.2., Phospholipid_metabolism.CDP.diacylglycerol_biosynthesis.CDP.diacylglycerol_from_sn.glycerol_3.phosphate._step_1.3., Polyol_metabolism.1.2.propanediol_degradation_.regulation.., Polyol_metabolism.myo.inositol_degradation_into_acetyl.CoA.acetyl.CoA_from_myo.inositol._step_1.7., Polyol_metabolism.myo.inositol_degradation_into_acetyl.CoA.acetyl.CoA_from_myo.inositol._step_2.7., Polyol_metabolism.myo.inositol_degradation_into_acetyl.CoA.acetyl.CoA_from_myo.inositol._step_3.7., Polyol_metabolism.myo.inositol_degradation_into_acetyl.CoA.acetyl.CoA_from_myo.inositol._step_4.7., Polyol_metabolism.myo.inositol_degradation_into_acetyl.CoA.acetyl.CoA_from_myo.inositol._step_5.7., Purine_metabolism.IMP_biosynthesis_via_de_novo_pathway.IMP_from_5.formamido.1..5.phospho.D.ribosyl.imidazole.4.carboxamide._step_1.1., Purine_metabolism.purine_nucleotide_biosynthesis_.regulation.., Pyrimidine_metabolism.UMP_biosynthesis_via_de_novo_pathway..S..dihydroorotate_from_bicarbonate._step_1.3., Quinol.quinone_metabolism.1.4.dihydroxy.2.naphthoate_biosynthesis.1.4.dihydroxy.2.naphthoate_from_chorismate._step_1.7., Quinol.quinone_metabolism.1.4.dihydroxy.2.naphthoate_biosynthesis.1.4.dihydroxy.2.naphthoate_from_chorismate._step_5.7., Sulfur_metabolism.glutathione_biosynthesis.glutathione_from_L.cysteine_and_L.glutamate._step_1.2., Sulfur_metabolism.sulfite_reduction., Xenobiotic_degradation.atrazine_degradation.biuret_from_cyanurate._step_1.1., tRNA_modification.2.methylthio.N.6..cis.hydroxy.isopentenyl_adenosine.tRNA_biosynthesis., tRNA_modification.archaeosine.tRNA_biosynthesis.
2024-01-25 18:05:04 INFO::Total filtered features with variance filtering: 0
2024-01-25 18:05:04 INFO::Filtered feature names from variance filtering:
2024-01-25 18:05:04 INFO::Running selected normalization method: NONE
2024-01-25 18:05:04 INFO::Applying z-score to standardize continuous metadata
2024-01-25 18:05:04 INFO::Running selected transform method: LOG
2024-01-25 18:05:04 INFO::Running selected analysis method: LM
2024-01-25 18:05:04 INFO::Fitting model to feature number 1, UNMAPPED
2024-01-25 18:05:04 INFO::Fitting model to feature number 2, UNINTEGRATED
2024-01-25 18:05:05 INFO::Fitting model to feature number 3, Amine_and_polyamine_biosynthesis.betaine_biosynthesis_via_choline_pathway.
2024-01-25 18:05:05 INFO::Fitting model to feature number 4, Amine_and_polyamine_biosynthesis.betaine_biosynthesis_via_choline_pathway.betaine_from_betaine_aldehyde._step_1.1.
2024-01-25 18:05:05 INFO::Fitting model to feature number 5, Amine_and_polyamine_biosynthesis.putrescine_biosynthesis_via_L.ornithine_pathway.putrescine_from_L.ornithine._step_1.1.
2024-01-25 18:05:05 INFO::Fitting model to feature number 6, Amine_and_polyamine_biosynthesis.putrescine_biosynthesis_via_agmatine_pathway.putrescine_from_agmatine._step_1.1.
2024-01-25 18:05:05 INFO::Fitting model to feature number 7, Amine_and_polyamine_biosynthesis.spermidine_biosynthesis.spermidine_from_putrescine._step_1.1.
2024-01-25 18:05:05 INFO::Fitting model to feature number 8, Amine_and_polyamine_degradation.ethanolamine_degradation.
2024-01-25 18:05:05 INFO::Fitting model to feature number 9, Amine_and_polyamine_degradation.putrescine_degradation.4.aminobutanoate_from_4.aminobutanal._step_1.1.
2024-01-25 18:05:05 INFO::Fitting model to feature number 10, Amine_and_polyamine_degradation.putrescine_degradation.4.aminobutanoate_from_putrescine._step_1.4.
2024-01-25 18:05:05 INFO::Fitting model to feature number 11, Amine_and_polyamine_degradation.putrescine_degradation_.regulation..
2024-01-25 18:05:05 INFO::Fitting model to feature number 12, Amine_and_polyamine_metabolism.carnitine_metabolism.
2024-01-25 18:05:05 INFO::Fitting model to feature number 13, Amine_and_polyamine_metabolism.spermidine_metabolism.
2024-01-25 18:05:05 INFO::Fitting model to feature number 14, Amino.acid_biosynthesis.D.alanine_biosynthesis.D.alanine_from_L.alanine._step_1.1.
2024-01-25 18:05:05 INFO::Fitting model to feature number 15, Amino.acid_biosynthesis.L.arginine_biosynthesis.
2024-01-25 18:05:06 INFO::Fitting model to feature number 16, Amino.acid_biosynthesis.L.arginine_biosynthesis.L.arginine_from_L.ornithine_and_carbamoyl_phosphate._step_1.3.
2024-01-25 18:05:06 INFO::Fitting model to feature number 17, Amino.acid_biosynthesis.L.arginine_biosynthesis.L.arginine_from_L.ornithine_and_carbamoyl_phosphate._step_2.3.
2024-01-25 18:05:06 INFO::Fitting model to feature number 18, Amino.acid_biosynthesis.L.arginine_biosynthesis.L.arginine_from_L.ornithine_and_carbamoyl_phosphate._step_3.3.
2024-01-25 18:05:06 INFO::Fitting model to feature number 19, Amino.acid_biosynthesis.L.arginine_biosynthesis.L.ornithine_and_N.acetyl.L.glutamate_from_L.glutamate_and_N.2..acetyl.L.ornithine_.cyclic.._step_1.1.
2024-01-25 18:05:06 INFO::Fitting model to feature number 20, Amino.acid_biosynthesis.L.arginine_biosynthesis.N.2..acetyl.L.ornithine_from_L.glutamate._step_1.4.
2024-01-25 18:05:06 INFO::Fitting model to feature number 21, Amino.acid_biosynthesis.L.arginine_biosynthesis.N.2..acetyl.L.ornithine_from_L.glutamate._step_2.4.
2024-01-25 18:05:06 INFO::Fitting model to feature number 22, Amino.acid_biosynthesis.L.arginine_biosynthesis.N.2..acetyl.L.ornithine_from_L.glutamate._step_3.4.
2024-01-25 18:05:06 INFO::Fitting model to feature number 23, Amino.acid_biosynthesis.L.arginine_biosynthesis.N.2..acetyl.L.ornithine_from_L.glutamate._step_4.4.
2024-01-25 18:05:06 INFO::Fitting model to feature number 24, Amino.acid_biosynthesis.L.arginine_biosynthesis.carbamoyl_phosphate_from_bicarbonate._step_1.1.
2024-01-25 18:05:06 INFO::Fitting model to feature number 25, Amino.acid_biosynthesis.L.arginine_biosynthesis_.regulation..
2024-01-25 18:05:07 INFO::Fitting model to feature number 26, Amino.acid_biosynthesis.L.asparagine_biosynthesis.L.asparagine_from_L.aspartate_.L.Gln_route.._step_1.1.
2024-01-25 18:05:07 INFO::Fitting model to feature number 27, Amino.acid_biosynthesis.L.asparagine_biosynthesis.L.asparagine_from_L.aspartate_.ammonia_route.._step_1.1.
2024-01-25 18:05:07 INFO::Fitting model to feature number 28, Amino.acid_biosynthesis.L.cysteine_biosynthesis.L.cysteine_from_L.serine._step_1.2.
2024-01-25 18:05:07 INFO::Fitting model to feature number 29, Amino.acid_biosynthesis.L.cysteine_biosynthesis.L.cysteine_from_L.serine._step_2.2.
2024-01-25 18:05:07 INFO::Fitting model to feature number 30, Amino.acid_biosynthesis.L.glutamate_biosynthesis_via_GLT_pathway.L.glutamate_from_2.oxoglutarate_and_L.glutamine_.NADP..._route.._step_1.1.
2024-01-25 18:05:07 INFO::Fitting model to feature number 31, Amino.acid_biosynthesis.L.histidine_biosynthesis.L.histidine_from_5.phospho.alpha.D.ribose_1.diphosphate._step_1.9.
2024-01-25 18:05:07 INFO::Fitting model to feature number 32, Amino.acid_biosynthesis.L.histidine_biosynthesis.L.histidine_from_5.phospho.alpha.D.ribose_1.diphosphate._step_2.9.
2024-01-25 18:05:07 INFO::Fitting model to feature number 33, Amino.acid_biosynthesis.L.histidine_biosynthesis.L.histidine_from_5.phospho.alpha.D.ribose_1.diphosphate._step_3.9.
2024-01-25 18:05:07 INFO::Fitting model to feature number 34, Amino.acid_biosynthesis.L.histidine_biosynthesis.L.histidine_from_5.phospho.alpha.D.ribose_1.diphosphate._step_4.9.
2024-01-25 18:05:07 INFO::Fitting model to feature number 35, Amino.acid_biosynthesis.L.histidine_biosynthesis.L.histidine_from_5.phospho.alpha.D.ribose_1.diphosphate._step_5.9.
2024-01-25 18:05:07 INFO::Fitting model to feature number 36, Amino.acid_biosynthesis.L.histidine_biosynthesis.L.histidine_from_5.phospho.alpha.D.ribose_1.diphosphate._step_6.9.
2024-01-25 18:05:07 INFO::Fitting model to feature number 37, Amino.acid_biosynthesis.L.histidine_biosynthesis.L.histidine_from_5.phospho.alpha.D.ribose_1.diphosphate._step_7.9.
2024-01-25 18:05:07 INFO::Fitting model to feature number 38, Amino.acid_biosynthesis.L.histidine_biosynthesis.L.histidine_from_5.phospho.alpha.D.ribose_1.diphosphate._step_9.9.
2024-01-25 18:05:07 INFO::Fitting model to feature number 39, Amino.acid_biosynthesis.L.homocysteine_biosynthesis.L.homocysteine_from_S.adenosyl.L.homocysteine._step_1.1.
2024-01-25 18:05:07 INFO::Fitting model to feature number 40, Amino.acid_biosynthesis.L.isoleucine_biosynthesis.2.oxobutanoate_from_L.threonine.
2024-01-25 18:05:07 INFO::Fitting model to feature number 41, Amino.acid_biosynthesis.L.isoleucine_biosynthesis.2.oxobutanoate_from_L.threonine._step_1.1.
2024-01-25 18:05:08 INFO::Fitting model to feature number 42, Amino.acid_biosynthesis.L.isoleucine_biosynthesis.L.isoleucine_from_2.oxobutanoate._step_1.4.
2024-01-25 18:05:08 INFO::Fitting model to feature number 43, Amino.acid_biosynthesis.L.isoleucine_biosynthesis.L.isoleucine_from_2.oxobutanoate._step_2.4.
2024-01-25 18:05:08 INFO::Fitting model to feature number 44, Amino.acid_biosynthesis.L.isoleucine_biosynthesis.L.isoleucine_from_2.oxobutanoate._step_3.4.
2024-01-25 18:05:08 INFO::Fitting model to feature number 45, Amino.acid_biosynthesis.L.isoleucine_biosynthesis.L.isoleucine_from_2.oxobutanoate._step_4.4.
2024-01-25 18:05:08 INFO::Fitting model to feature number 46, Amino.acid_biosynthesis.L.leucine_biosynthesis.L.leucine_from_3.methyl.2.oxobutanoate._step_1.4.
2024-01-25 18:05:08 INFO::Fitting model to feature number 47, Amino.acid_biosynthesis.L.leucine_biosynthesis.L.leucine_from_3.methyl.2.oxobutanoate._step_2.4.
2024-01-25 18:05:08 INFO::Fitting model to feature number 48, Amino.acid_biosynthesis.L.leucine_biosynthesis.L.leucine_from_3.methyl.2.oxobutanoate._step_3.4.
2024-01-25 18:05:08 INFO::Fitting model to feature number 49, Amino.acid_biosynthesis.L.lysine_biosynthesis_via_DAP_pathway..S..tetrahydrodipicolinate_from_L.aspartate._step_1.4.
2024-01-25 18:05:08 INFO::Fitting model to feature number 50, Amino.acid_biosynthesis.L.lysine_biosynthesis_via_DAP_pathway..S..tetrahydrodipicolinate_from_L.aspartate._step_2.4.
2024-01-25 18:05:08 INFO::Fitting model to feature number 51, Amino.acid_biosynthesis.L.lysine_biosynthesis_via_DAP_pathway..S..tetrahydrodipicolinate_from_L.aspartate._step_3.4.
2024-01-25 18:05:08 INFO::Fitting model to feature number 52, Amino.acid_biosynthesis.L.lysine_biosynthesis_via_DAP_pathway..S..tetrahydrodipicolinate_from_L.aspartate._step_4.4.
2024-01-25 18:05:08 INFO::Fitting model to feature number 53, Amino.acid_biosynthesis.L.lysine_biosynthesis_via_DAP_pathway.DL.2.6.diaminopimelate_from_.S..tetrahydrodipicolinate._step_1.1.
2024-01-25 18:05:08 INFO::Fitting model to feature number 54, Amino.acid_biosynthesis.L.lysine_biosynthesis_via_DAP_pathway.DL.2.6.diaminopimelate_from_LL.2.6.diaminopimelate._step_1.1.
2024-01-25 18:05:09 INFO::Fitting model to feature number 55, Amino.acid_biosynthesis.L.lysine_biosynthesis_via_DAP_pathway.L.lysine_from_DL.2.6.diaminopimelate._step_1.1.
2024-01-25 18:05:09 INFO::Fitting model to feature number 56, Amino.acid_biosynthesis.L.lysine_biosynthesis_via_DAP_pathway.LL.2.6.diaminopimelate_from_.S..tetrahydrodipicolinate_.acetylase_route.._step_1.3.
2024-01-25 18:05:09 INFO::Fitting model to feature number 57, Amino.acid_biosynthesis.L.lysine_biosynthesis_via_DAP_pathway.LL.2.6.diaminopimelate_from_.S..tetrahydrodipicolinate_.acetylase_route.._step_3.3.
2024-01-25 18:05:09 INFO::Fitting model to feature number 58, Amino.acid_biosynthesis.L.lysine_biosynthesis_via_DAP_pathway.LL.2.6.diaminopimelate_from_.S..tetrahydrodipicolinate_.aminotransferase_route.._step_1.1.
2024-01-25 18:05:09 INFO::Fitting model to feature number 59, Amino.acid_biosynthesis.L.lysine_biosynthesis_via_DAP_pathway.LL.2.6.diaminopimelate_from_.S..tetrahydrodipicolinate_.succinylase_route.._step_1.3.
2024-01-25 18:05:09 INFO::Fitting model to feature number 60, Amino.acid_biosynthesis.L.methionine_biosynthesis_via_de_novo_pathway.L.cystathionine_from_O.succinyl.L.homoserine._step_1.1.
2024-01-25 18:05:09 INFO::Fitting model to feature number 61, Amino.acid_biosynthesis.L.methionine_biosynthesis_via_de_novo_pathway.L.homocysteine_from_L.cystathionine._step_1.1.
2024-01-25 18:05:09 INFO::Fitting model to feature number 62, Amino.acid_biosynthesis.L.methionine_biosynthesis_via_de_novo_pathway.L.methionine_from_L.homocysteine_.MetE_route.._step_1.1.
2024-01-25 18:05:09 INFO::Fitting model to feature number 63, Amino.acid_biosynthesis.L.methionine_biosynthesis_via_de_novo_pathway.L.methionine_from_L.homocysteine_.MetH_route.._step_1.1.
2024-01-25 18:05:09 INFO::Fitting model to feature number 64, Amino.acid_biosynthesis.L.methionine_biosynthesis_via_de_novo_pathway.O.succinyl.L.homoserine_from_L.homoserine._step_1.1.
2024-01-25 18:05:10 INFO::Fitting model to feature number 65, Amino.acid_biosynthesis.L.methionine_biosynthesis_via_salvage_pathway.L.methionine_from_S.methyl.5.thio.alpha.D.ribose_1.phosphate._step_1.6.
2024-01-25 18:05:10 INFO::Fitting model to feature number 66, Amino.acid_biosynthesis.L.methionine_biosynthesis_via_salvage_pathway.L.methionine_from_S.methyl.5.thio.alpha.D.ribose_1.phosphate._step_3.6.
2024-01-25 18:05:10 INFO::Fitting model to feature number 67, Amino.acid_biosynthesis.L.methionine_biosynthesis_via_salvage_pathway.L.methionine_from_S.methyl.5.thio.alpha.D.ribose_1.phosphate._step_6.6.
2024-01-25 18:05:10 INFO::Fitting model to feature number 68, Amino.acid_biosynthesis.L.phenylalanine_biosynthesis.L.phenylalanine_from_phenylpyruvate_.ArAT_route.._step_1.1.
2024-01-25 18:05:10 INFO::Fitting model to feature number 69, Amino.acid_biosynthesis.L.phenylalanine_biosynthesis.phenylpyruvate_from_prephenate._step_1.1.
2024-01-25 18:05:10 INFO::Fitting model to feature number 70, Amino.acid_biosynthesis.L.proline_biosynthesis.L.glutamate_5.semialdehyde_from_L.glutamate._step_1.2.
2024-01-25 18:05:10 INFO::Fitting model to feature number 71, Amino.acid_biosynthesis.L.proline_biosynthesis.L.glutamate_5.semialdehyde_from_L.glutamate._step_2.2.
2024-01-25 18:05:10 INFO::Fitting model to feature number 72, Amino.acid_biosynthesis.L.proline_biosynthesis.L.proline_from_L.glutamate_5.semialdehyde._step_1.1.
2024-01-25 18:05:10 INFO::Fitting model to feature number 73, Amino.acid_biosynthesis.L.serine_biosynthesis.L.serine_from_3.phospho.D.glycerate._step_1.3.
2024-01-25 18:05:11 INFO::Fitting model to feature number 74, Amino.acid_biosynthesis.L.serine_biosynthesis.L.serine_from_3.phospho.D.glycerate._step_2.3.
2024-01-25 18:05:11 INFO::Fitting model to feature number 75, Amino.acid_biosynthesis.L.serine_biosynthesis.L.serine_from_3.phospho.D.glycerate._step_3.3.
2024-01-25 18:05:11 INFO::Fitting model to feature number 76, Amino.acid_biosynthesis.L.threonine_biosynthesis.L.threonine_from_L.aspartate._step_4.5.
2024-01-25 18:05:11 INFO::Fitting model to feature number 77, Amino.acid_biosynthesis.L.threonine_biosynthesis.L.threonine_from_L.aspartate._step_5.5.
2024-01-25 18:05:11 INFO::Fitting model to feature number 78, Amino.acid_biosynthesis.L.tryptophan_biosynthesis.L.tryptophan_from_chorismate._step_1.5.
2024-01-25 18:05:11 INFO::Fitting model to feature number 79, Amino.acid_biosynthesis.L.tryptophan_biosynthesis.L.tryptophan_from_chorismate._step_2.5.
2024-01-25 18:05:11 INFO::Fitting model to feature number 80, Amino.acid_biosynthesis.L.tryptophan_biosynthesis.L.tryptophan_from_chorismate._step_3.5.
2024-01-25 18:05:11 INFO::Fitting model to feature number 81, Amino.acid_biosynthesis.L.tryptophan_biosynthesis.L.tryptophan_from_chorismate._step_4.5.
2024-01-25 18:05:11 INFO::Fitting model to feature number 82, Amino.acid_biosynthesis.L.tryptophan_biosynthesis.L.tryptophan_from_chorismate._step_5.5.
2024-01-25 18:05:11 INFO::Fitting model to feature number 83, Amino.acid_biosynthesis.L.tyrosine_biosynthesis..4.hydroxyphenyl.pyruvate_from_prephenate_.NAD..._route.._step_1.1.
2024-01-25 18:05:11 INFO::Fitting model to feature number 84, Amino.acid_biosynthesis.S.adenosyl.L.methionine_biosynthesis.S.adenosyl.L.methionine_from_L.methionine._step_1.1.
2024-01-25 18:05:11 INFO::Fitting model to feature number 85, Amino.acid_degradation.4.aminobutanoate_degradation.
2024-01-25 18:05:11 INFO::Fitting model to feature number 86, Amino.acid_degradation.D.alanine_degradation.NH.3._and_pyruvate_from_D.alanine._step_1.1.
2024-01-25 18:05:11 INFO::Fitting model to feature number 87, Amino.acid_degradation.L.arginine_degradation_via_ADI_pathway.carbamoyl_phosphate_from_L.arginine._step_1.2.
2024-01-25 18:05:11 INFO::Fitting model to feature number 88, Amino.acid_degradation.L.arginine_degradation_via_ADI_pathway.carbamoyl_phosphate_from_L.arginine._step_2.2.
2024-01-25 18:05:11 INFO::Fitting model to feature number 89, Amino.acid_degradation.L.arginine_degradation_via_AST_pathway.L.glutamate_and_succinate_from_L.arginine._step_1.5.
2024-01-25 18:05:12 INFO::Fitting model to feature number 90, Amino.acid_degradation.L.arginine_degradation_via_AST_pathway.L.glutamate_and_succinate_from_L.arginine._step_2.5.
2024-01-25 18:05:12 INFO::Fitting model to feature number 91, Amino.acid_degradation.L.arginine_degradation_via_AST_pathway.L.glutamate_and_succinate_from_L.arginine._step_3.5.
2024-01-25 18:05:12 INFO::Fitting model to feature number 92, Amino.acid_degradation.L.arginine_degradation_via_AST_pathway.L.glutamate_and_succinate_from_L.arginine._step_4.5.
2024-01-25 18:05:12 INFO::Fitting model to feature number 93, Amino.acid_degradation.L.glutamate_degradation_via_hydroxyglutarate_pathway.crotonoyl.CoA_from_L.glutamate._step_3.5.
2024-01-25 18:05:12 INFO::Fitting model to feature number 94, Amino.acid_degradation.L.glutamate_degradation_via_hydroxyglutarate_pathway.crotonoyl.CoA_from_L.glutamate._step_4.5.
2024-01-25 18:05:12 INFO::Fitting model to feature number 95, Amino.acid_degradation.L.glutamate_degradation_via_mesaconate_pathway.acetate_and_pyruvate_from_L.glutamate._step_1.4.
2024-01-25 18:05:12 INFO::Fitting model to feature number 96, Amino.acid_degradation.L.glutamate_degradation_via_mesaconate_pathway.acetate_and_pyruvate_from_L.glutamate._step_2.4.
2024-01-25 18:05:12 INFO::Fitting model to feature number 97, Amino.acid_degradation.L.histidine_degradation_into_L.glutamate.L.glutamate_from_N.formimidoyl.L.glutamate_.hydrolase_route.._step_1.1.
2024-01-25 18:05:12 INFO::Fitting model to feature number 98, Amino.acid_degradation.L.histidine_degradation_into_L.glutamate.N.formimidoyl.L.glutamate_from_L.histidine._step_1.3.
2024-01-25 18:05:12 INFO::Fitting model to feature number 99, Amino.acid_degradation.L.histidine_degradation_into_L.glutamate.N.formimidoyl.L.glutamate_from_L.histidine._step_2.3.
2024-01-25 18:05:13 INFO::Fitting model to feature number 100, Amino.acid_degradation.L.histidine_degradation_into_L.glutamate.N.formimidoyl.L.glutamate_from_L.histidine._step_3.3.
2024-01-25 18:05:13 INFO::Fitting model to feature number 101, Amino.acid_degradation.L.histidine_degradation_into_L.glutamate_.regulation..
2024-01-25 18:05:13 INFO::Fitting model to feature number 102, Amino.acid_degradation.L.lysine_degradation_via_saccharopine_pathway.glutaryl.CoA_from_L.lysine._step_6.6.
2024-01-25 18:05:13 INFO::Fitting model to feature number 103, Amino.acid_degradation.L.phenylalanine_degradation.phenylacetate_from_L.phenylalanine._step_2.3.
2024-01-25 18:05:13 INFO::Fitting model to feature number 104, Amino.acid_degradation.L.proline_degradation_into_L.glutamate.L.glutamate_from_L.proline._step_1.2.
2024-01-25 18:05:13 INFO::Fitting model to feature number 105, Amino.acid_degradation.L.threonine_degradation_via_oxydo.reductase_pathway.glycine_from_L.threonine._step_1.2.
2024-01-25 18:05:13 INFO::Fitting model to feature number 106, Amino.acid_degradation.L.threonine_degradation_via_oxydo.reductase_pathway.glycine_from_L.threonine._step_2.2.
2024-01-25 18:05:13 INFO::Fitting model to feature number 107, Amino.acid_degradation.L.threonine_degradation_via_propanoate_pathway.
2024-01-25 18:05:13 INFO::Fitting model to feature number 108, Amino.acid_degradation.L.threonine_degradation_via_propanoate_pathway.propanoate_from_L.threonine._step_1.4.
2024-01-25 18:05:13 INFO::Fitting model to feature number 109, Amino.acid_degradation.L.threonine_degradation_via_propanoate_pathway.propanoate_from_L.threonine._step_2.4.
2024-01-25 18:05:13 INFO::Fitting model to feature number 110, Amino.acid_degradation.L.threonine_degradation_via_propanoate_pathway.propanoate_from_L.threonine._step_4.4.
2024-01-25 18:05:13 INFO::Fitting model to feature number 111, Amino.acid_degradation.L.threonine_degradation_via_propanoate_pathway_.regulation..
2024-01-25 18:05:13 INFO::Fitting model to feature number 112, Amino.sugar_metabolism.N.acetylmuramate_degradation.
2024-01-25 18:05:14 INFO::Fitting model to feature number 113, Amino.sugar_metabolism.N.acetylneuraminate_degradation.D.fructose_6.phosphate_from_N.acetylneuraminate._step_1.5.
2024-01-25 18:05:14 INFO::Fitting model to feature number 114, Amino.sugar_metabolism.N.acetylneuraminate_degradation.D.fructose_6.phosphate_from_N.acetylneuraminate._step_3.5.
2024-01-25 18:05:14 INFO::Fitting model to feature number 115, Amino.sugar_metabolism.N.acetylneuraminate_degradation.D.fructose_6.phosphate_from_N.acetylneuraminate._step_4.5.
2024-01-25 18:05:14 INFO::Fitting model to feature number 116, Amino.sugar_metabolism.N.acetylneuraminate_degradation.D.fructose_6.phosphate_from_N.acetylneuraminate._step_5.5.
2024-01-25 18:05:14 INFO::Fitting model to feature number 117, Aminoacyl.tRNA_biosynthesis.selenocysteinyl.tRNA.Sec._biosynthesis.L.seryl.tRNA.Sec._from_L.serine_and_tRNA.Sec.._step_1.1.
2024-01-25 18:05:14 INFO::Fitting model to feature number 118, Aromatic_compound_metabolism.3.phenylpropanoate_degradation.
2024-01-25 18:05:14 INFO::Fitting model to feature number 119, Aromatic_compound_metabolism.4.hydroxyphenylacetate_degradation.pyruvate_and_succinate_semialdehyde_from_4.hydroxyphenylacetate._step_1.7.
2024-01-25 18:05:14 INFO::Fitting model to feature number 120, Aromatic_compound_metabolism.4.hydroxyphenylacetate_degradation.pyruvate_and_succinate_semialdehyde_from_4.hydroxyphenylacetate._step_3.7.
2024-01-25 18:05:14 INFO::Fitting model to feature number 121, Aromatic_compound_metabolism.4.hydroxyphenylacetate_degradation.pyruvate_and_succinate_semialdehyde_from_4.hydroxyphenylacetate._step_4.7.
2024-01-25 18:05:14 INFO::Fitting model to feature number 122, Aromatic_compound_metabolism.4.hydroxyphenylacetate_degradation.pyruvate_and_succinate_semialdehyde_from_4.hydroxyphenylacetate._step_5.7.
2024-01-25 18:05:14 INFO::Fitting model to feature number 123, Aromatic_compound_metabolism.4.hydroxyphenylacetate_degradation.pyruvate_and_succinate_semialdehyde_from_4.hydroxyphenylacetate._step_6.7.
2024-01-25 18:05:14 INFO::Fitting model to feature number 124, Aromatic_compound_metabolism.4.hydroxyphenylacetate_degradation.pyruvate_and_succinate_semialdehyde_from_4.hydroxyphenylacetate._step_7.7.
2024-01-25 18:05:14 INFO::Fitting model to feature number 125, Aromatic_compound_metabolism.phenylacetate_degradation.
2024-01-25 18:05:14 INFO::Fitting model to feature number 126, Bacterial_outer_membrane_biogenesis.LPS_O.antigen_biosynthesis.
2024-01-25 18:05:15 INFO::Fitting model to feature number 127, Bacterial_outer_membrane_biogenesis.LPS_core_biosynthesis.
2024-01-25 18:05:15 INFO::Fitting model to feature number 128, Bacterial_outer_membrane_biogenesis.LPS_lipid_A_biosynthesis.
2024-01-25 18:05:15 INFO::Fitting model to feature number 129, Bacterial_outer_membrane_biogenesis.enterobacterial_common_antigen_biosynthesis.
2024-01-25 18:05:15 INFO::Fitting model to feature number 130, Bacterial_outer_membrane_biogenesis.lipopolysaccharide_biosynthesis.
2024-01-25 18:05:15 INFO::Fitting model to feature number 131, Bacterial_outer_membrane_biogenesis.lipopolysaccharide_metabolism.
2024-01-25 18:05:15 INFO::Fitting model to feature number 132, Capsule_biogenesis.capsule_polysaccharide_biosynthesis.
2024-01-25 18:05:15 INFO::Fitting model to feature number 133, Carbohydrate_acid_metabolism.2.dehydro.3.deoxy.D.gluconate_degradation.D.glyceraldehyde_3.phosphate_and_pyruvate_from_2.dehydro.3.deoxy.D.gluconate._step_1.2.
2024-01-25 18:05:15 INFO::Fitting model to feature number 134, Carbohydrate_acid_metabolism.2.dehydro.3.deoxy.D.gluconate_degradation.D.glyceraldehyde_3.phosphate_and_pyruvate_from_2.dehydro.3.deoxy.D.gluconate._step_2.2.
2024-01-25 18:05:15 INFO::Fitting model to feature number 135, Carbohydrate_acid_metabolism.D.galactonate_degradation.D.glyceraldehyde_3.phosphate_and_pyruvate_from_D.galactonate._step_1.3.
2024-01-25 18:05:15 INFO::Fitting model to feature number 136, Carbohydrate_acid_metabolism.D.galactonate_degradation.D.glyceraldehyde_3.phosphate_and_pyruvate_from_D.galactonate._step_2.3.
2024-01-25 18:05:16 INFO::Fitting model to feature number 137, Carbohydrate_acid_metabolism.D.galactonate_degradation.D.glyceraldehyde_3.phosphate_and_pyruvate_from_D.galactonate._step_3.3.
2024-01-25 18:05:16 INFO::Fitting model to feature number 138, Carbohydrate_acid_metabolism.D.glucarate_degradation.2.5.dioxopentanoate_from_D.glucarate._step_1.2.
2024-01-25 18:05:16 INFO::Fitting model to feature number 139, Carbohydrate_acid_metabolism.D.gluconate_degradation.
2024-01-25 18:05:16 INFO::Fitting model to feature number 140, Carbohydrate_acid_metabolism.D.gluconate_degradation_.regulation..
2024-01-25 18:05:16 INFO::Fitting model to feature number 141, Carbohydrate_acid_metabolism.L.idonate_degradation.
2024-01-25 18:05:16 INFO::Fitting model to feature number 142, Carbohydrate_acid_metabolism.galactarate_degradation.D.glycerate_from_galactarate._step_1.3.
2024-01-25 18:05:16 INFO::Fitting model to feature number 143, Carbohydrate_acid_metabolism.galactarate_degradation.D.glycerate_from_galactarate._step_2.3.
2024-01-25 18:05:16 INFO::Fitting model to feature number 144, Carbohydrate_acid_metabolism.galactarate_degradation.D.glycerate_from_galactarate._step_3.3.
2024-01-25 18:05:16 INFO::Fitting model to feature number 145, Carbohydrate_biosynthesis.3.deoxy.D.manno.octulosonate_biosynthesis.3.deoxy.D.manno.octulosonate_from_D.ribulose_5.phosphate._step_1.3.
2024-01-25 18:05:16 INFO::Fitting model to feature number 146, Carbohydrate_biosynthesis.D.glycero.D.manno.heptose_7.phosphate_biosynthesis.D.glycero.alpha.D.manno.heptose_7.phosphate_and_D.glycero.beta.D.manno.heptose_7.phosphate_from_sedoheptulose_7.phosphate._step_1.1.
2024-01-25 18:05:16 INFO::Fitting model to feature number 147, Carbohydrate_biosynthesis.gluconeogenesis.
2024-01-25 18:05:16 INFO::Fitting model to feature number 148, Carbohydrate_degradation.2.deoxy.D.ribose_1.phosphate_degradation.D.glyceraldehyde_3.phosphate_and_acetaldehyde_from_2.deoxy.alpha.D.ribose_1.phosphate._step_2.2.
2024-01-25 18:05:16 INFO::Fitting model to feature number 149, Carbohydrate_degradation.D.allose_degradation.
2024-01-25 18:05:16 INFO::Fitting model to feature number 150, Carbohydrate_degradation.L.arabinose_degradation_via_L.ribulose.D.xylulose_5.phosphate_from_L.arabinose_.bacterial_route.._step_1.3.
2024-01-25 18:05:17 INFO::Fitting model to feature number 151, Carbohydrate_degradation.L.arabinose_degradation_via_L.ribulose.D.xylulose_5.phosphate_from_L.arabinose_.bacterial_route.._step_3.3.
2024-01-25 18:05:17 INFO::Fitting model to feature number 152, Carbohydrate_degradation.L.fucose_degradation.
2024-01-25 18:05:17 INFO::Fitting model to feature number 153, Carbohydrate_degradation.L.fucose_degradation.L.lactaldehyde_and_glycerone_phosphate_from_L.fucose._step_1.3.
2024-01-25 18:05:17 INFO::Fitting model to feature number 154, Carbohydrate_degradation.L.rhamnose_degradation.glycerone_phosphate_from_L.rhamnose._step_1.3.
2024-01-25 18:05:17 INFO::Fitting model to feature number 155, Carbohydrate_degradation.L.rhamnose_degradation.glycerone_phosphate_from_L.rhamnose._step_2.3.
2024-01-25 18:05:17 INFO::Fitting model to feature number 156, Carbohydrate_degradation.L.rhamnose_degradation.glycerone_phosphate_from_L.rhamnose._step_3.3.
2024-01-25 18:05:17 INFO::Fitting model to feature number 157, Carbohydrate_degradation.glycolysis.D.glyceraldehyde_3.phosphate_and_glycerone_phosphate_from_D.glucose._step_2.4.
2024-01-25 18:05:17 INFO::Fitting model to feature number 158, Carbohydrate_degradation.glycolysis.D.glyceraldehyde_3.phosphate_and_glycerone_phosphate_from_D.glucose._step_3.4.
2024-01-25 18:05:17 INFO::Fitting model to feature number 159, Carbohydrate_degradation.glycolysis.D.glyceraldehyde_3.phosphate_and_glycerone_phosphate_from_D.glucose._step_4.4.
2024-01-25 18:05:17 INFO::Fitting model to feature number 160, Carbohydrate_degradation.glycolysis.pyruvate_from_D.glyceraldehyde_3.phosphate._step_1.5.
2024-01-25 18:05:17 INFO::Fitting model to feature number 161, Carbohydrate_degradation.glycolysis.pyruvate_from_D.glyceraldehyde_3.phosphate._step_2.5.
2024-01-25 18:05:17 INFO::Fitting model to feature number 162, Carbohydrate_degradation.glycolysis.pyruvate_from_D.glyceraldehyde_3.phosphate._step_3.5.
2024-01-25 18:05:17 INFO::Fitting model to feature number 163, Carbohydrate_degradation.glycolysis.pyruvate_from_D.glyceraldehyde_3.phosphate._step_4.5.
2024-01-25 18:05:17 INFO::Fitting model to feature number 164, Carbohydrate_degradation.glycolysis.pyruvate_from_D.glyceraldehyde_3.phosphate._step_5.5.
2024-01-25 18:05:17 INFO::Fitting model to feature number 165, Carbohydrate_degradation.pentose_phosphate_pathway.D.glyceraldehyde_3.phosphate_and_beta.D.fructose_6.phosphate_from_D.ribose_5.phosphate_and_D.xylulose_5.phosphate_.non.oxidative_stage.._step_2.3.
2024-01-25 18:05:18 INFO::Fitting model to feature number 166, Carbohydrate_degradation.pentose_phosphate_pathway.D.ribose_5.phosphate_from_D.ribulose_5.phosphate_.non.oxidative_stage.._step_1.1.
2024-01-25 18:05:18 INFO::Fitting model to feature number 167, Carbohydrate_degradation.pentose_phosphate_pathway.D.ribulose_5.phosphate_from_D.glucose_6.phosphate_.oxidative_stage.._step_1.3.
2024-01-25 18:05:18 INFO::Fitting model to feature number 168, Carbohydrate_degradation.pentose_phosphate_pathway.D.ribulose_5.phosphate_from_D.glucose_6.phosphate_.oxidative_stage.._step_2.3.
2024-01-25 18:05:18 INFO::Fitting model to feature number 169, Carbohydrate_degradation.pentose_phosphate_pathway.D.ribulose_5.phosphate_from_D.glucose_6.phosphate_.oxidative_stage.._step_3.3.
2024-01-25 18:05:18 INFO::Fitting model to feature number 170, Carbohydrate_metabolism.D.arabinitol_metabolism.
2024-01-25 18:05:18 INFO::Fitting model to feature number 171, Carbohydrate_metabolism.D.galactose_6.phosphate_degradation.D.tagatose_6.phosphate_from_D.galactose_6.phosphate._step_1.1.
2024-01-25 18:05:18 INFO::Fitting model to feature number 172, Carbohydrate_metabolism.D.ribose_degradation.D.ribose_5.phosphate_from_beta.D.ribopyranose._step_1.2.
2024-01-25 18:05:18 INFO::Fitting model to feature number 173, Carbohydrate_metabolism.D.ribose_degradation.D.ribose_5.phosphate_from_beta.D.ribopyranose._step_2.2.
2024-01-25 18:05:18 INFO::Fitting model to feature number 174, Carbohydrate_metabolism.D.sorbitol_degradation.D.fructose_6.phosphate_from_D.sorbitol_6.phosphate._step_1.1.
2024-01-25 18:05:18 INFO::Fitting model to feature number 175, Carbohydrate_metabolism.D.tagatose_6.phosphate_degradation.D.glyceraldehyde_3.phosphate_and_glycerone_phosphate_from_D.tagatose_6.phosphate._step_1.2.
2024-01-25 18:05:18 INFO::Fitting model to feature number 176, Carbohydrate_metabolism.D.tagatose_6.phosphate_degradation.D.glyceraldehyde_3.phosphate_and_glycerone_phosphate_from_D.tagatose_6.phosphate._step_2.2.
2024-01-25 18:05:18 INFO::Fitting model to feature number 177, Carbohydrate_metabolism.Entner.Doudoroff_pathway.
2024-01-25 18:05:18 INFO::Fitting model to feature number 178, Carbohydrate_metabolism.L.fucose_metabolism.
2024-01-25 18:05:18 INFO::Fitting model to feature number 179, Carbohydrate_metabolism.L.rhamnose_metabolism.
2024-01-25 18:05:18 INFO::Fitting model to feature number 180, Carbohydrate_metabolism.fructoselysine_degradation.
2024-01-25 18:05:18 INFO::Fitting model to feature number 181, Carbohydrate_metabolism.galactose_metabolism.
2024-01-25 18:05:19 INFO::Fitting model to feature number 182, Carbohydrate_metabolism.galactose_metabolism_.regulation..
2024-01-25 18:05:19 INFO::Fitting model to feature number 183, Carbohydrate_metabolism.glyoxylate_cycle..S..malate_from_isocitrate._step_2.2.
2024-01-25 18:05:19 INFO::Fitting model to feature number 184, Carbohydrate_metabolism.hexose_metabolism.
2024-01-25 18:05:19 INFO::Fitting model to feature number 185, Carbohydrate_metabolism.lactose_degradation.D.galactose_6.phosphate_and_beta.D.glucose_from_lactose_6.phosphate._step_1.1.
2024-01-25 18:05:19 INFO::Fitting model to feature number 186, Carbohydrate_metabolism.pentose_and_glucuronate_interconversion.
2024-01-25 18:05:19 INFO::Fitting model to feature number 187, Carbohydrate_metabolism.tricarboxylic_acid_cycle.
2024-01-25 18:05:19 INFO::Fitting model to feature number 188, Carbohydrate_metabolism.tricarboxylic_acid_cycle..S..malate_from_fumarate._step_1.1.
2024-01-25 18:05:19 INFO::Fitting model to feature number 189, Carbohydrate_metabolism.tricarboxylic_acid_cycle.fumarate_from_succinate_.bacterial_route.._step_1.1.
2024-01-25 18:05:19 INFO::Fitting model to feature number 190, Carbohydrate_metabolism.tricarboxylic_acid_cycle.isocitrate_from_oxaloacetate._step_1.2.
2024-01-25 18:05:19 INFO::Fitting model to feature number 191, Carbohydrate_metabolism.tricarboxylic_acid_cycle.isocitrate_from_oxaloacetate._step_2.2.
2024-01-25 18:05:19 INFO::Fitting model to feature number 192, Carbohydrate_metabolism.tricarboxylic_acid_cycle.oxaloacetate_from_.S..malate_.quinone_route.._step_1.1.
2024-01-25 18:05:19 INFO::Fitting model to feature number 193, Carbohydrate_metabolism.tricarboxylic_acid_cycle.succinate_from_succinyl.CoA_.ligase_route.._step_1.1.
2024-01-25 18:05:19 INFO::Fitting model to feature number 194, Cell_wall_biogenesis.cell_wall_polysaccharide_biosynthesis.
2024-01-25 18:05:19 INFO::Fitting model to feature number 195, Cell_wall_biogenesis.lipoteichoic_acid_biosynthesis.
2024-01-25 18:05:19 INFO::Fitting model to feature number 196, Cell_wall_biogenesis.peptidoglycan_biosynthesis.
2024-01-25 18:05:19 INFO::Fitting model to feature number 197, Cell_wall_biogenesis.peptidoglycan_recycling.
2024-01-25 18:05:19 INFO::Fitting model to feature number 198, Cofactor_biosynthesis..R..pantothenate_biosynthesis..R..pantoate_from_3.methyl.2.oxobutanoate._step_1.2.
2024-01-25 18:05:20 INFO::Fitting model to feature number 199, Cofactor_biosynthesis..R..pantothenate_biosynthesis..R..pantothenate_from_.R..pantoate_and_beta.alanine._step_1.1.
2024-01-25 18:05:20 INFO::Fitting model to feature number 200, Cofactor_biosynthesis..R..pantothenate_biosynthesis.beta.alanine_from_L.aspartate._step_1.1.
2024-01-25 18:05:20 INFO::Fitting model to feature number 201, Cofactor_biosynthesis.7.8.dihydroneopterin_triphosphate_biosynthesis.7.8.dihydroneopterin_triphosphate_from_GTP._step_1.1.
2024-01-25 18:05:20 INFO::Fitting model to feature number 202, Cofactor_biosynthesis.B6_vitamer_interconversion.pyridoxal_5..phosphate_from_pyridoxamine_5..phosphate._step_1.1.
2024-01-25 18:05:20 INFO::Fitting model to feature number 203, Cofactor_biosynthesis.FAD_biosynthesis.FAD_from_FMN._step_1.1.
2024-01-25 18:05:20 INFO::Fitting model to feature number 204, Cofactor_biosynthesis.Fe.Mo_cofactor_biosynthesis.
2024-01-25 18:05:20 INFO::Fitting model to feature number 205, Cofactor_biosynthesis.NAD..._biosynthesis.NAD..._from_deamido.NAD..._.ammonia_route.._step_1.1.
2024-01-25 18:05:20 INFO::Fitting model to feature number 206, Cofactor_biosynthesis.NAD..._biosynthesis.NAD..._from_nicotinamide_D.ribonucleotide._step_1.1.
2024-01-25 18:05:20 INFO::Fitting model to feature number 207, Cofactor_biosynthesis.NAD..._biosynthesis.deamido.NAD..._from_nicotinate_D.ribonucleotide._step_1.1.
2024-01-25 18:05:20 INFO::Fitting model to feature number 208, Cofactor_biosynthesis.NAD..._biosynthesis.iminoaspartate_from_L.aspartate_.oxidase_route.._step_1.1.
2024-01-25 18:05:20 INFO::Fitting model to feature number 209, Cofactor_biosynthesis.NAD..._biosynthesis.nicotinate_D.ribonucleotide_from_quinolinate._step_1.1.
2024-01-25 18:05:20 INFO::Fitting model to feature number 210, Cofactor_biosynthesis.NAD..._biosynthesis_.regulation..
2024-01-25 18:05:20 INFO::Fitting model to feature number 211, Cofactor_biosynthesis.adenosylcobalamin_biosynthesis.
2024-01-25 18:05:20 INFO::Fitting model to feature number 212, Cofactor_biosynthesis.adenosylcobalamin_biosynthesis.adenosylcobalamin_from_cob.II.yrinate_a.c.diamide._step_2.7.
2024-01-25 18:05:20 INFO::Fitting model to feature number 213, Cofactor_biosynthesis.adenosylcobalamin_biosynthesis.adenosylcobalamin_from_cob.II.yrinate_a.c.diamide._step_5.7.
2024-01-25 18:05:20 INFO::Fitting model to feature number 214, Cofactor_biosynthesis.adenosylcobalamin_biosynthesis.adenosylcobalamin_from_cob.II.yrinate_a.c.diamide._step_7.7.
2024-01-25 18:05:21 INFO::Fitting model to feature number 215, Cofactor_biosynthesis.adenosylcobalamin_biosynthesis.cob.II.yrinate_a.c.diamide_from_sirohydrochlorin_.anaerobic_route.._step_3.10.
2024-01-25 18:05:21 INFO::Fitting model to feature number 216, Cofactor_biosynthesis.adenosylcobalamin_biosynthesis.cob.II.yrinate_a.c.diamide_from_sirohydrochlorin_.anaerobic_route.._step_4.10.
2024-01-25 18:05:21 INFO::Fitting model to feature number 217, Cofactor_biosynthesis.adenosylcobalamin_biosynthesis.cob.II.yrinate_a.c.diamide_from_sirohydrochlorin_.anaerobic_route.._step_6.10.
2024-01-25 18:05:21 INFO::Fitting model to feature number 218, Cofactor_biosynthesis.adenosylcobalamin_biosynthesis.precorrin.2_from_uroporphyrinogen_III._step_1.1.
2024-01-25 18:05:21 INFO::Fitting model to feature number 219, Cofactor_biosynthesis.biotin_biosynthesis.
2024-01-25 18:05:21 INFO::Fitting model to feature number 220, Cofactor_biosynthesis.biotin_biosynthesis.7.8.diaminononanoate_from_8.amino.7.oxononanoate_.SAM_route.._step_1.1.
2024-01-25 18:05:21 INFO::Fitting model to feature number 221, Cofactor_biosynthesis.biotin_biosynthesis.biotin_from_7.8.diaminononanoate._step_1.2.
2024-01-25 18:05:21 INFO::Fitting model to feature number 222, Cofactor_biosynthesis.biotin_biosynthesis.biotin_from_7.8.diaminononanoate._step_2.2.
2024-01-25 18:05:21 INFO::Fitting model to feature number 223, Cofactor_biosynthesis.coenzyme_A_biosynthesis.CoA_from_.R..pantothenate._step_1.5.
2024-01-25 18:05:21 INFO::Fitting model to feature number 224, Cofactor_biosynthesis.coenzyme_A_biosynthesis.CoA_from_.R..pantothenate._step_2.5.
2024-01-25 18:05:21 INFO::Fitting model to feature number 225, Cofactor_biosynthesis.coenzyme_A_biosynthesis.CoA_from_.R..pantothenate._step_4.5.
2024-01-25 18:05:21 INFO::Fitting model to feature number 226, Cofactor_biosynthesis.coenzyme_A_biosynthesis.CoA_from_.R..pantothenate._step_5.5.
2024-01-25 18:05:21 INFO::Fitting model to feature number 227, Cofactor_biosynthesis.iron.sulfur_cluster_biosynthesis.
2024-01-25 18:05:21 INFO::Fitting model to feature number 228, Cofactor_biosynthesis.molybdopterin_biosynthesis.
2024-01-25 18:05:21 INFO::Fitting model to feature number 229, Cofactor_biosynthesis.nicotinate_biosynthesis.nicotinate_from_nicotinamide._step_1.1.
2024-01-25 18:05:21 INFO::Fitting model to feature number 230, Cofactor_biosynthesis.pyridoxal_5..phosphate_biosynthesis.
2024-01-25 18:05:21 INFO::Fitting model to feature number 231, Cofactor_biosynthesis.pyridoxine_5..phosphate_biosynthesis.pyridoxine_5..phosphate_from_D.erythrose_4.phosphate._step_1.5.
2024-01-25 18:05:22 INFO::Fitting model to feature number 232, Cofactor_biosynthesis.pyridoxine_5..phosphate_biosynthesis.pyridoxine_5..phosphate_from_D.erythrose_4.phosphate._step_2.5.
2024-01-25 18:05:22 INFO::Fitting model to feature number 233, Cofactor_biosynthesis.pyridoxine_5..phosphate_biosynthesis.pyridoxine_5..phosphate_from_D.erythrose_4.phosphate._step_4.5.
2024-01-25 18:05:22 INFO::Fitting model to feature number 234, Cofactor_biosynthesis.pyridoxine_5..phosphate_biosynthesis.pyridoxine_5..phosphate_from_D.erythrose_4.phosphate._step_5.5.
2024-01-25 18:05:22 INFO::Fitting model to feature number 235, Cofactor_biosynthesis.pyrroloquinoline_quinone_biosynthesis.
2024-01-25 18:05:22 INFO::Fitting model to feature number 236, Cofactor_biosynthesis.riboflavin_biosynthesis.2.hydroxy.3.oxobutyl_phosphate_from_D.ribulose_5.phosphate._step_1.1.
2024-01-25 18:05:22 INFO::Fitting model to feature number 237, Cofactor_biosynthesis.riboflavin_biosynthesis.5.amino.6..D.ribitylamino.uracil_from_GTP._step_1.4.
2024-01-25 18:05:22 INFO::Fitting model to feature number 238, Cofactor_biosynthesis.riboflavin_biosynthesis.5.amino.6..D.ribitylamino.uracil_from_GTP._step_2.4.
2024-01-25 18:05:22 INFO::Fitting model to feature number 239, Cofactor_biosynthesis.riboflavin_biosynthesis.riboflavin_from_2.hydroxy.3.oxobutyl_phosphate_and_5.amino.6..D.ribitylamino.uracil._step_1.2.
2024-01-25 18:05:22 INFO::Fitting model to feature number 240, Cofactor_biosynthesis.riboflavin_biosynthesis.riboflavin_from_2.hydroxy.3.oxobutyl_phosphate_and_5.amino.6..D.ribitylamino.uracil._step_2.2.
2024-01-25 18:05:22 INFO::Fitting model to feature number 241, Cofactor_biosynthesis.tetrahydrofolate_biosynthesis.2.amino.4.hydroxy.6.hydroxymethyl.7.8.dihydropteridine_diphosphate_from_7.8.dihydroneopterin_triphosphate._step_3.4.
2024-01-25 18:05:22 INFO::Fitting model to feature number 242, Cofactor_biosynthesis.tetrahydrofolate_biosynthesis.2.amino.4.hydroxy.6.hydroxymethyl.7.8.dihydropteridine_diphosphate_from_7.8.dihydroneopterin_triphosphate._step_4.4.
2024-01-25 18:05:22 INFO::Fitting model to feature number 243, Cofactor_biosynthesis.tetrahydrofolate_biosynthesis.4.aminobenzoate_from_chorismate._step_1.2.
2024-01-25 18:05:22 INFO::Fitting model to feature number 244, Cofactor_biosynthesis.tetrahydrofolate_biosynthesis.4.aminobenzoate_from_chorismate._step_2.2.
2024-01-25 18:05:22 INFO::Fitting model to feature number 245, Cofactor_biosynthesis.tetrahydrofolate_biosynthesis.5.6.7.8.tetrahydrofolate_from_7.8.dihydrofolate._step_1.1.
2024-01-25 18:05:23 INFO::Fitting model to feature number 246, Cofactor_biosynthesis.tetrahydrofolate_biosynthesis.7.8.dihydrofolate_from_2.amino.4.hydroxy.6.hydroxymethyl.7.8.dihydropteridine_diphosphate_and_4.aminobenzoate._step_1.2.
2024-01-25 18:05:23 INFO::Fitting model to feature number 247, Cofactor_biosynthesis.tetrahydrofolate_biosynthesis.7.8.dihydrofolate_from_2.amino.4.hydroxy.6.hydroxymethyl.7.8.dihydropteridine_diphosphate_and_4.aminobenzoate._step_2.2.
2024-01-25 18:05:23 INFO::Fitting model to feature number 248, Cofactor_biosynthesis.tetrahydrofolylpolyglutamate_biosynthesis.
2024-01-25 18:05:23 INFO::Fitting model to feature number 249, Cofactor_biosynthesis.thiamine_diphosphate_biosynthesis.
2024-01-25 18:05:23 INFO::Fitting model to feature number 250, Cofactor_biosynthesis.thiamine_diphosphate_biosynthesis.4.amino.2.methyl.5.diphosphomethylpyrimidine_from_5.amino.1..5.phospho.D.ribosyl.imidazole._step_2.3.
2024-01-25 18:05:23 INFO::Fitting model to feature number 251, Cofactor_biosynthesis.thiamine_diphosphate_biosynthesis.4.methyl.5..2.phosphoethyl..thiazole_from_5..2.hydroxyethyl..4.methylthiazole._step_1.1.
2024-01-25 18:05:23 INFO::Fitting model to feature number 252, Cofactor_biosynthesis.thiamine_diphosphate_biosynthesis.thiamine_diphosphate_from_thiamine_phosphate._step_1.1.
2024-01-25 18:05:23 INFO::Fitting model to feature number 253, Cofactor_biosynthesis.thiamine_diphosphate_biosynthesis.thiamine_phosphate_from_4.amino.2.methyl.5.diphosphomethylpyrimidine_and_4.methyl.5..2.phosphoethyl..thiazole._step_1.1.
2024-01-25 18:05:23 INFO::Fitting model to feature number 254, Cofactor_biosynthesis.ubiquinone_biosynthesis.
2024-01-25 18:05:23 INFO::Fitting model to feature number 255, Cofactor_biosynthesis.ubiquinone_biosynthesis_.regulation..
2024-01-25 18:05:23 INFO::Fitting model to feature number 256, Cofactor_degradation.L.ascorbate_degradation.D.xylulose_5.phosphate_from_L.ascorbate._step_4.4.
2024-01-25 18:05:23 INFO::Fitting model to feature number 257, Energy_metabolism.nitrogen_metabolism.
2024-01-25 18:05:23 INFO::Fitting model to feature number 258, Energy_metabolism.oxidative_phosphorylation.
2024-01-25 18:05:23 INFO::Fitting model to feature number 259, Exopolysaccharide_biosynthesis.colanic_acid_biosynthesis.
2024-01-25 18:05:23 INFO::Fitting model to feature number 260, Fermentation.pyruvate_fermentation.formate_from_pyruvate._step_1.1.
2024-01-25 18:05:24 INFO::Fitting model to feature number 261, Fermentation.pyruvate_fermentation_to_lactate..S..lactate_from_pyruvate._step_1.1.
2024-01-25 18:05:24 INFO::Fitting model to feature number 262, Flavonoid_metabolism.quercetin_degradation.
2024-01-25 18:05:24 INFO::Fitting model to feature number 263, Genetic_information_processing.DNA_replication.
2024-01-25 18:05:24 INFO::Fitting model to feature number 264, Glucan_metabolism.xyloglucan_degradation.
2024-01-25 18:05:24 INFO::Fitting model to feature number 265, Glycan_biosynthesis.glycogen_biosynthesis.
2024-01-25 18:05:24 INFO::Fitting model to feature number 266, Glycan_biosynthesis.sucrose_metabolism.
2024-01-25 18:05:24 INFO::Fitting model to feature number 267, Glycan_biosynthesis.trehalose_biosynthesis.
2024-01-25 18:05:24 INFO::Fitting model to feature number 268, Glycan_degradation.glycogen_degradation.
2024-01-25 18:05:24 INFO::Fitting model to feature number 269, Glycan_degradation.starch_degradation.
2024-01-25 18:05:24 INFO::Fitting model to feature number 270, Glycan_degradation.xylan_degradation.
2024-01-25 18:05:24 INFO::Fitting model to feature number 271, Glycan_metabolism.L.arabinan_degradation.
2024-01-25 18:05:24 INFO::Fitting model to feature number 272, Glycan_metabolism.bacterial_cellulose_biosynthesis.
2024-01-25 18:05:24 INFO::Fitting model to feature number 273, Glycan_metabolism.exopolysaccharide_biosynthesis.
2024-01-25 18:05:24 INFO::Fitting model to feature number 274, Glycan_metabolism.osmoregulated_periplasmic_glucan_.OPG._biosynthesis.
2024-01-25 18:05:24 INFO::Fitting model to feature number 275, Glycan_metabolism.pectin_degradation.2.dehydro.3.deoxy.D.gluconate_from_pectin._step_4.5.
2024-01-25 18:05:24 INFO::Fitting model to feature number 276, Glycolipid_biosynthesis.KDO.2..lipid_A_biosynthesis.KDO.2..lipid_A_from_CMP.3.deoxy.D.manno.octulosonate_and_lipid_IV.A.._step_1.4.
2024-01-25 18:05:24 INFO::Fitting model to feature number 277, Glycolipid_biosynthesis.KDO.2..lipid_A_biosynthesis.KDO.2..lipid_A_from_CMP.3.deoxy.D.manno.octulosonate_and_lipid_IV.A.._step_2.4.
2024-01-25 18:05:25 INFO::Fitting model to feature number 278, Glycolipid_biosynthesis.KDO.2..lipid_A_biosynthesis.KDO.2..lipid_A_from_CMP.3.deoxy.D.manno.octulosonate_and_lipid_IV.A.._step_3.4.
2024-01-25 18:05:25 INFO::Fitting model to feature number 279, Glycolipid_biosynthesis.KDO.2..lipid_A_biosynthesis.KDO.2..lipid_A_from_CMP.3.deoxy.D.manno.octulosonate_and_lipid_IV.A.._step_4.4.
2024-01-25 18:05:25 INFO::Fitting model to feature number 280, Glycolipid_biosynthesis.lipid_IV.A._biosynthesis.lipid_IV.A._from_.3R..3.hydroxytetradecanoyl..acyl.carrier.protein._and_UDP.N.acetyl.alpha.D.glucosamine._step_1.6.
2024-01-25 18:05:25 INFO::Fitting model to feature number 281, Glycolipid_biosynthesis.lipid_IV.A._biosynthesis.lipid_IV.A._from_.3R..3.hydroxytetradecanoyl..acyl.carrier.protein._and_UDP.N.acetyl.alpha.D.glucosamine._step_2.6.
2024-01-25 18:05:25 INFO::Fitting model to feature number 282, Glycolipid_biosynthesis.lipid_IV.A._biosynthesis.lipid_IV.A._from_.3R..3.hydroxytetradecanoyl..acyl.carrier.protein._and_UDP.N.acetyl.alpha.D.glucosamine._step_4.6.
2024-01-25 18:05:25 INFO::Fitting model to feature number 283, Glycolipid_biosynthesis.lipid_IV.A._biosynthesis.lipid_IV.A._from_.3R..3.hydroxytetradecanoyl..acyl.carrier.protein._and_UDP.N.acetyl.alpha.D.glucosamine._step_5.6.
2024-01-25 18:05:25 INFO::Fitting model to feature number 284, Glycolipid_biosynthesis.lipid_IV.A._biosynthesis.lipid_IV.A._from_.3R..3.hydroxytetradecanoyl..acyl.carrier.protein._and_UDP.N.acetyl.alpha.D.glucosamine._step_6.6.
2024-01-25 18:05:25 INFO::Fitting model to feature number 285, Isoprenoid_biosynthesis.dimethylallyl_diphosphate_biosynthesis.dimethylallyl_diphosphate_from_.2E..4.hydroxy.3.methylbutenyl_diphosphate._step_1.1.
2024-01-25 18:05:25 INFO::Fitting model to feature number 286, Isoprenoid_biosynthesis.dimethylallyl_diphosphate_biosynthesis.dimethylallyl_diphosphate_from_isopentenyl_diphosphate._step_1.1.
2024-01-25 18:05:25 INFO::Fitting model to feature number 287, Isoprenoid_biosynthesis.isopentenyl_diphosphate_biosynthesis_via_DXP_pathway.isopentenyl_diphosphate_from_1.deoxy.D.xylulose_5.phosphate._step_1.6.
2024-01-25 18:05:25 INFO::Fitting model to feature number 288, Isoprenoid_biosynthesis.isopentenyl_diphosphate_biosynthesis_via_DXP_pathway.isopentenyl_diphosphate_from_1.deoxy.D.xylulose_5.phosphate._step_2.6.
2024-01-25 18:05:25 INFO::Fitting model to feature number 289, Isoprenoid_biosynthesis.isopentenyl_diphosphate_biosynthesis_via_DXP_pathway.isopentenyl_diphosphate_from_1.deoxy.D.xylulose_5.phosphate._step_3.6.
2024-01-25 18:05:25 INFO::Fitting model to feature number 290, Isoprenoid_biosynthesis.isopentenyl_diphosphate_biosynthesis_via_DXP_pathway.isopentenyl_diphosphate_from_1.deoxy.D.xylulose_5.phosphate._step_4.6.
2024-01-25 18:05:25 INFO::Fitting model to feature number 291, Isoprenoid_biosynthesis.isopentenyl_diphosphate_biosynthesis_via_DXP_pathway.isopentenyl_diphosphate_from_1.deoxy.D.xylulose_5.phosphate._step_5.6.
2024-01-25 18:05:25 INFO::Fitting model to feature number 292, Lipid_metabolism.bile_acid_degradation.
2024-01-25 18:05:25 INFO::Fitting model to feature number 293, Lipid_metabolism.fatty_acid_beta.oxidation.
2024-01-25 18:05:25 INFO::Fitting model to feature number 294, Lipid_metabolism.fatty_acid_biosynthesis.
2024-01-25 18:05:26 INFO::Fitting model to feature number 295, Lipid_metabolism.malonyl.CoA_biosynthesis.malonyl.CoA_from_acetyl.CoA._step_1.1.
2024-01-25 18:05:26 INFO::Fitting model to feature number 296, Lipid_metabolism.phospholipid_metabolism.
2024-01-25 18:05:26 INFO::Fitting model to feature number 297, Lipid_metabolism.short.chain_fatty_acid_metabolism.
2024-01-25 18:05:26 INFO::Fitting model to feature number 298, Membrane_lipid_metabolism.glycerophospholipid_metabolism.
2024-01-25 18:05:26 INFO::Fitting model to feature number 299, Metabolic_intermediate_biosynthesis..R..mevalonate_biosynthesis..R..mevalonate_from_acetyl.CoA._step_1.3.
2024-01-25 18:05:26 INFO::Fitting model to feature number 300, Metabolic_intermediate_biosynthesis.1.deoxy.D.xylulose_5.phosphate_biosynthesis.1.deoxy.D.xylulose_5.phosphate_from_D.glyceraldehyde_3.phosphate_and_pyruvate._step_1.1.
2024-01-25 18:05:26 INFO::Fitting model to feature number 301, Metabolic_intermediate_biosynthesis.5.phospho.alpha.D.ribose_1.diphosphate_biosynthesis.5.phospho.alpha.D.ribose_1.diphosphate_from_D.ribose_5.phosphate_.route_I.._step_1.1.
2024-01-25 18:05:26 INFO::Fitting model to feature number 302, Metabolic_intermediate_biosynthesis.5.phospho.alpha.D.ribose_1.diphosphate_biosynthesis.5.phospho.alpha.D.ribose_1.diphosphate_from_D.ribose_5.phosphate_.route_II.._step_1.3.
2024-01-25 18:05:26 INFO::Fitting model to feature number 303, Metabolic_intermediate_biosynthesis.5.phospho.alpha.D.ribose_1.diphosphate_biosynthesis.5.phospho.alpha.D.ribose_1.diphosphate_from_D.ribose_5.phosphate_.route_II.._step_3.3.
2024-01-25 18:05:26 INFO::Fitting model to feature number 304, Metabolic_intermediate_biosynthesis.acetyl.CoA_biosynthesis.acetyl.CoA_from_acetate._step_1.2.
2024-01-25 18:05:26 INFO::Fitting model to feature number 305, Metabolic_intermediate_biosynthesis.chorismate_biosynthesis.chorismate_from_D.erythrose_4.phosphate_and_phosphoenolpyruvate._step_1.7.
2024-01-25 18:05:26 INFO::Fitting model to feature number 306, Metabolic_intermediate_biosynthesis.chorismate_biosynthesis.chorismate_from_D.erythrose_4.phosphate_and_phosphoenolpyruvate._step_2.7.
2024-01-25 18:05:26 INFO::Fitting model to feature number 307, Metabolic_intermediate_biosynthesis.chorismate_biosynthesis.chorismate_from_D.erythrose_4.phosphate_and_phosphoenolpyruvate._step_3.7.
2024-01-25 18:05:26 INFO::Fitting model to feature number 308, Metabolic_intermediate_biosynthesis.chorismate_biosynthesis.chorismate_from_D.erythrose_4.phosphate_and_phosphoenolpyruvate._step_4.7.
2024-01-25 18:05:26 INFO::Fitting model to feature number 309, Metabolic_intermediate_biosynthesis.chorismate_biosynthesis.chorismate_from_D.erythrose_4.phosphate_and_phosphoenolpyruvate._step_5.7.
2024-01-25 18:05:26 INFO::Fitting model to feature number 310, Metabolic_intermediate_biosynthesis.chorismate_biosynthesis.chorismate_from_D.erythrose_4.phosphate_and_phosphoenolpyruvate._step_6.7.
2024-01-25 18:05:26 INFO::Fitting model to feature number 311, Metabolic_intermediate_biosynthesis.chorismate_biosynthesis.chorismate_from_D.erythrose_4.phosphate_and_phosphoenolpyruvate._step_7.7.
2024-01-25 18:05:27 INFO::Fitting model to feature number 312, Metabolic_intermediate_biosynthesis.prephenate_biosynthesis.prephenate_from_chorismate._step_1.1.
2024-01-25 18:05:27 INFO::Fitting model to feature number 313, Metabolic_intermediate_degradation.oxalate_degradation.CO.2._and_formate_from_oxalate._step_1.2.
2024-01-25 18:05:27 INFO::Fitting model to feature number 314, Metabolic_intermediate_degradation.oxalate_degradation.CO.2._and_formate_from_oxalate._step_2.2.
2024-01-25 18:05:27 INFO::Fitting model to feature number 315, Nitrogen_metabolism..S..allantoin_degradation.
2024-01-25 18:05:27 INFO::Fitting model to feature number 316, Nitrogen_metabolism..S..allantoin_degradation.allantoate_from_.S..allantoin._step_1.1.
2024-01-25 18:05:27 INFO::Fitting model to feature number 317, Nitrogen_metabolism.nitrate_reduction_.assimilation..
2024-01-25 18:05:27 INFO::Fitting model to feature number 318, Nitrogen_metabolism.nitrate_reduction_.denitrification..dinitrogen_from_nitrate._step_1.4.
2024-01-25 18:05:27 INFO::Fitting model to feature number 319, Nitrogen_metabolism.nitric_oxide_reduction.
2024-01-25 18:05:27 INFO::Fitting model to feature number 320, Nitrogen_metabolism.urea_degradation.CO.2._and_NH.3._from_urea_.urease_route.._step_1.1.
2024-01-25 18:05:27 INFO::Fitting model to feature number 321, Nucleoside_biosynthesis.alpha.ribazole_biosynthesis.alpha.ribazole_from_5.6.dimethylbenzimidazole._step_1.2.
2024-01-25 18:05:27 INFO::Fitting model to feature number 322, Nucleoside_biosynthesis.alpha.ribazole_biosynthesis.alpha.ribazole_from_5.6.dimethylbenzimidazole._step_2.2.
2024-01-25 18:05:27 INFO::Fitting model to feature number 323, Nucleotide.sugar_biosynthesis.GDP.L.fucose_biosynthesis_via_de_novo_pathway.GDP.L.fucose_from_GDP.alpha.D.mannose._step_1.2.
2024-01-25 18:05:27 INFO::Fitting model to feature number 324, Nucleotide.sugar_biosynthesis.GDP.alpha.D.mannose_biosynthesis.GDP.alpha.D.mannose_from_alpha.D.mannose_1.phosphate_.GTP_route.._step_1.1.
2024-01-25 18:05:27 INFO::Fitting model to feature number 325, Nucleotide.sugar_biosynthesis.GDP.alpha.D.mannose_biosynthesis.alpha.D.mannose_1.phosphate_from_D.fructose_6.phosphate._step_2.2.
2024-01-25 18:05:27 INFO::Fitting model to feature number 326, Nucleotide.sugar_biosynthesis.dTDP.4.acetamido.4.6.dideoxygalactose_biosynthesis.
2024-01-25 18:05:27 INFO::Fitting model to feature number 327, One.carbon_metabolism.tetrahydrofolate_interconversion.
2024-01-25 18:05:27 INFO::Fitting model to feature number 328, Organic_acid_metabolism.glycolate_biosynthesis.glycolate_from_2.phosphoglycolate._step_1.1.
2024-01-25 18:05:28 INFO::Fitting model to feature number 329, Organic_acid_metabolism.glycolate_degradation.3.phospho.D.glycerate_from_glycolate._step_2.4.
2024-01-25 18:05:28 INFO::Fitting model to feature number 330, Organic_acid_metabolism.glycolate_degradation.3.phospho.D.glycerate_from_glycolate._step_3.4.
2024-01-25 18:05:28 INFO::Fitting model to feature number 331, Organic_acid_metabolism.glycolate_degradation.3.phospho.D.glycerate_from_glycolate._step_4.4.
2024-01-25 18:05:28 INFO::Fitting model to feature number 332, Organic_acid_metabolism.propanoate_degradation.
2024-01-25 18:05:28 INFO::Fitting model to feature number 333, Organosulfur_degradation.
2024-01-25 18:05:28 INFO::Fitting model to feature number 334, Organosulfur_degradation.taurine_degradation_via_aerobic_pathway.aminoacetaldehyde_and_sulfite_from_taurine._step_1.1.
2024-01-25 18:05:28 INFO::Fitting model to feature number 335, Phospholipid_metabolism.CDP.diacylglycerol_biosynthesis.CDP.diacylglycerol_from_sn.glycerol_3.phosphate._step_2.3.
2024-01-25 18:05:28 INFO::Fitting model to feature number 336, Phospholipid_metabolism.CDP.diacylglycerol_biosynthesis.CDP.diacylglycerol_from_sn.glycerol_3.phosphate._step_3.3.
2024-01-25 18:05:28 INFO::Fitting model to feature number 337, Phospholipid_metabolism.CDP.diacylglycerol_degradation.phosphatidate_from_CDP.diacylglycerol._step_1.1.
2024-01-25 18:05:28 INFO::Fitting model to feature number 338, Phospholipid_metabolism.phosphatidylethanolamine_biosynthesis.phosphatidylethanolamine_from_CDP.diacylglycerol._step_2.2.
2024-01-25 18:05:28 INFO::Fitting model to feature number 339, Phospholipid_metabolism.phosphatidylglycerol_biosynthesis.phosphatidylglycerol_from_CDP.diacylglycerol._step_1.2.
2024-01-25 18:05:28 INFO::Fitting model to feature number 340, Phospholipid_metabolism.phosphatidylglycerol_biosynthesis.phosphatidylglycerol_from_CDP.diacylglycerol._step_2.2.
2024-01-25 18:05:28 INFO::Fitting model to feature number 341, Polyol_metabolism..R.R..butane.2.3.diol_biosynthesis..R.R..butane.2.3.diol_from_pyruvate._step_1.3.
2024-01-25 18:05:28 INFO::Fitting model to feature number 342, Polyol_metabolism..R.R..butane.2.3.diol_biosynthesis..R.R..butane.2.3.diol_from_pyruvate._step_2.3.
2024-01-25 18:05:28 INFO::Fitting model to feature number 343, Polyol_metabolism.1.2.propanediol_degradation.
2024-01-25 18:05:28 INFO::Fitting model to feature number 344, Polyol_metabolism.glycerol_degradation.
2024-01-25 18:05:28 INFO::Fitting model to feature number 345, Polyol_metabolism.glycerol_degradation_via_glycerol_kinase_pathway.glycerone_phosphate_from_sn.glycerol_3.phosphate_.aerobic_route.._step_1.1.
2024-01-25 18:05:29 INFO::Fitting model to feature number 346, Polyol_metabolism.glycerol_degradation_via_glycerol_kinase_pathway.glycerone_phosphate_from_sn.glycerol_3.phosphate_.anaerobic_route.._step_1.1.
2024-01-25 18:05:29 INFO::Fitting model to feature number 347, Polyol_metabolism.glycerol_degradation_via_glycerol_kinase_pathway.sn.glycerol_3.phosphate_from_glycerol._step_1.1.
2024-01-25 18:05:29 INFO::Fitting model to feature number 348, Polyol_metabolism.glycerol_fermentation.glycerone_phosphate_from_glycerol_.oxidative_route.._step_1.2.
2024-01-25 18:05:29 INFO::Fitting model to feature number 349, Polyol_metabolism.glycerol_fermentation.glycerone_phosphate_from_glycerol_.oxidative_route.._step_2.2.
2024-01-25 18:05:29 INFO::Fitting model to feature number 350, Polyol_metabolism.myo.inositol_degradation_into_acetyl.CoA.acetyl.CoA_from_myo.inositol._step_7.7.
2024-01-25 18:05:29 INFO::Fitting model to feature number 351, Porphyrin.containing_compound_metabolism.heme_O_biosynthesis.heme_O_from_protoheme._step_1.1.
2024-01-25 18:05:29 INFO::Fitting model to feature number 352, Porphyrin.containing_compound_metabolism.protoheme_biosynthesis.
2024-01-25 18:05:29 INFO::Fitting model to feature number 353, Porphyrin.containing_compound_metabolism.protoheme_biosynthesis.protoheme_from_protoporphyrin.IX._step_1.1.
2024-01-25 18:05:29 INFO::Fitting model to feature number 354, Porphyrin.containing_compound_metabolism.protoporphyrin.IX_biosynthesis.
2024-01-25 18:05:29 INFO::Fitting model to feature number 355, Porphyrin.containing_compound_metabolism.protoporphyrin.IX_biosynthesis.5.aminolevulinate_from_L.glutamyl.tRNA.Glu.._step_1.2.
2024-01-25 18:05:29 INFO::Fitting model to feature number 356, Porphyrin.containing_compound_metabolism.protoporphyrin.IX_biosynthesis.5.aminolevulinate_from_L.glutamyl.tRNA.Glu.._step_2.2.
2024-01-25 18:05:29 INFO::Fitting model to feature number 357, Porphyrin.containing_compound_metabolism.protoporphyrin.IX_biosynthesis.coproporphyrinogen.III_from_5.aminolevulinate._step_1.4.
2024-01-25 18:05:29 INFO::Fitting model to feature number 358, Porphyrin.containing_compound_metabolism.protoporphyrin.IX_biosynthesis.coproporphyrinogen.III_from_5.aminolevulinate._step_2.4.
2024-01-25 18:05:29 INFO::Fitting model to feature number 359, Porphyrin.containing_compound_metabolism.protoporphyrin.IX_biosynthesis.coproporphyrinogen.III_from_5.aminolevulinate._step_3.4.
2024-01-25 18:05:29 INFO::Fitting model to feature number 360, Porphyrin.containing_compound_metabolism.protoporphyrin.IX_biosynthesis.coproporphyrinogen.III_from_5.aminolevulinate._step_4.4.
2024-01-25 18:05:29 INFO::Fitting model to feature number 361, Porphyrin.containing_compound_metabolism.protoporphyrin.IX_biosynthesis.protoporphyrin.IX_from_protoporphyrinogen.IX._step_1.1.
2024-01-25 18:05:29 INFO::Fitting model to feature number 362, Porphyrin.containing_compound_metabolism.protoporphyrin.IX_biosynthesis.protoporphyrinogen.IX_from_coproporphyrinogen.III_.AdoMet_route.._step_1.1.
2024-01-25 18:05:29 INFO::Fitting model to feature number 363, Porphyrin.containing_compound_metabolism.protoporphyrin.IX_biosynthesis.protoporphyrinogen.IX_from_coproporphyrinogen.III_.O2_route.._step_1.1.
2024-01-25 18:05:30 INFO::Fitting model to feature number 364, Protein_biosynthesis.polypeptide_chain_elongation.
2024-01-25 18:05:30 INFO::Fitting model to feature number 365, Protein_degradation.proteasomal_Pup.dependent_pathway.
2024-01-25 18:05:30 INFO::Fitting model to feature number 366, Protein_modification..NiFe._hydrogenase_maturation.
2024-01-25 18:05:30 INFO::Fitting model to feature number 367, Protein_modification.lipoprotein_biosynthesis_.diacylglyceryl_transfer..
2024-01-25 18:05:30 INFO::Fitting model to feature number 368, Protein_modification.lipoprotein_biosynthesis_.signal_peptide_cleavage..
2024-01-25 18:05:30 INFO::Fitting model to feature number 369, Protein_modification.protein_lipoylation_via_endogenous_pathway.protein_N.6...lipoyl.lysine_from_octanoyl..acyl.carrier.protein.._step_1.2.
2024-01-25 18:05:30 INFO::Fitting model to feature number 370, Protein_modification.protein_lipoylation_via_endogenous_pathway.protein_N.6...lipoyl.lysine_from_octanoyl..acyl.carrier.protein.._step_2.2.
2024-01-25 18:05:30 INFO::Fitting model to feature number 371, Protein_modification.protein_lipoylation_via_exogenous_pathway.protein_N.6...lipoyl.lysine_from_lipoate._step_1.2.
2024-01-25 18:05:30 INFO::Fitting model to feature number 372, Protein_modification.sulfatase_oxidation.
2024-01-25 18:05:30 INFO::Fitting model to feature number 373, Purine_metabolism.3..5..cyclic_di.GMP_biosynthesis.
2024-01-25 18:05:30 INFO::Fitting model to feature number 374, Purine_metabolism.7.cyano.7.deazaguanine_biosynthesis.
2024-01-25 18:05:30 INFO::Fitting model to feature number 375, Purine_metabolism.AMP_biosynthesis_via_de_novo_pathway.AMP_from_IMP._step_1.2.
2024-01-25 18:05:30 INFO::Fitting model to feature number 376, Purine_metabolism.AMP_biosynthesis_via_de_novo_pathway.AMP_from_IMP._step_2.2.
2024-01-25 18:05:30 INFO::Fitting model to feature number 377, Purine_metabolism.AMP_biosynthesis_via_salvage_pathway.AMP_from_ADP._step_1.1.
2024-01-25 18:05:30 INFO::Fitting model to feature number 378, Purine_metabolism.AMP_biosynthesis_via_salvage_pathway.AMP_from_adenine._step_1.1.
2024-01-25 18:05:30 INFO::Fitting model to feature number 379, Purine_metabolism.GMP_biosynthesis.GMP_from_XMP_.L.Gln_route.._step_1.1.
2024-01-25 18:05:30 INFO::Fitting model to feature number 380, Purine_metabolism.IMP_biosynthesis_via_de_novo_pathway.5.amino.1..5.phospho.D.ribosyl.imidazole.4.carboxamide_from_5.amino.1..5.phospho.D.ribosyl.imidazole.4.carboxylate._step_1.2.
2024-01-25 18:05:31 INFO::Fitting model to feature number 381, Purine_metabolism.IMP_biosynthesis_via_de_novo_pathway.5.amino.1..5.phospho.D.ribosyl.imidazole.4.carboxylate_from_5.amino.1..5.phospho.D.ribosyl.imidazole_.N5.CAIR_route.._step_1.2.
2024-01-25 18:05:31 INFO::Fitting model to feature number 382, Purine_metabolism.IMP_biosynthesis_via_de_novo_pathway.5.amino.1..5.phospho.D.ribosyl.imidazole.4.carboxylate_from_5.amino.1..5.phospho.D.ribosyl.imidazole_.N5.CAIR_route.._step_2.2.
2024-01-25 18:05:31 INFO::Fitting model to feature number 383, Purine_metabolism.IMP_biosynthesis_via_de_novo_pathway.5.amino.1..5.phospho.D.ribosyl.imidazole_from_N.2..formyl.N.1...5.phospho.D.ribosyl.glycinamide._step_1.2.
2024-01-25 18:05:31 INFO::Fitting model to feature number 384, Purine_metabolism.IMP_biosynthesis_via_de_novo_pathway.5.amino.1..5.phospho.D.ribosyl.imidazole_from_N.2..formyl.N.1...5.phospho.D.ribosyl.glycinamide._step_2.2.
2024-01-25 18:05:31 INFO::Fitting model to feature number 385, Purine_metabolism.IMP_biosynthesis_via_de_novo_pathway.5.formamido.1..5.phospho.D.ribosyl.imidazole.4.carboxamide_from_5.amino.1..5.phospho.D.ribosyl.imidazole.4.carboxamide_.10.formyl_THF_route.._step_1.1.
2024-01-25 18:05:31 INFO::Fitting model to feature number 386, Purine_metabolism.IMP_biosynthesis_via_de_novo_pathway.N.1...5.phospho.D.ribosyl.glycinamide_from_5.phospho.alpha.D.ribose_1.diphosphate._step_1.2.
2024-01-25 18:05:31 INFO::Fitting model to feature number 387, Purine_metabolism.IMP_biosynthesis_via_de_novo_pathway.N.1...5.phospho.D.ribosyl.glycinamide_from_5.phospho.alpha.D.ribose_1.diphosphate._step_2.2.
2024-01-25 18:05:31 INFO::Fitting model to feature number 388, Purine_metabolism.IMP_biosynthesis_via_de_novo_pathway.N.2..formyl.N.1...5.phospho.D.ribosyl.glycinamide_from_N.1...5.phospho.D.ribosyl.glycinamide_.10.formyl_THF_route.._step_1.1.
2024-01-25 18:05:31 INFO::Fitting model to feature number 389, Purine_metabolism.IMP_biosynthesis_via_de_novo_pathway.N.2..formyl.N.1...5.phospho.D.ribosyl.glycinamide_from_N.1...5.phospho.D.ribosyl.glycinamide_.formate_route.._step_1.1.
2024-01-25 18:05:31 INFO::Fitting model to feature number 390, Purine_metabolism.IMP_biosynthesis_via_salvage_pathway.IMP_from_hypoxanthine._step_1.1.
2024-01-25 18:05:31 INFO::Fitting model to feature number 391, Purine_metabolism.IMP_biosynthesis_via_salvage_pathway.IMP_from_inosine._step_1.1.
2024-01-25 18:05:31 INFO::Fitting model to feature number 392, Purine_metabolism.XMP_biosynthesis_via_de_novo_pathway.XMP_from_IMP._step_1.1.
2024-01-25 18:05:31 INFO::Fitting model to feature number 393, Purine_metabolism.XMP_biosynthesis_via_salvage_pathway.XMP_from_xanthine._step_1.1.
2024-01-25 18:05:31 INFO::Fitting model to feature number 394, Purine_metabolism.guanine_degradation.xanthine_from_guanine._step_1.1.
2024-01-25 18:05:31 INFO::Fitting model to feature number 395, Purine_metabolism.hypoxanthine_degradation.urate_from_hypoxanthine._step_1.2.
2024-01-25 18:05:31 INFO::Fitting model to feature number 396, Purine_metabolism.ppGpp_biosynthesis.ppGpp_from_GDP._step_1.1.
2024-01-25 18:05:32 INFO::Fitting model to feature number 397, Purine_metabolism.ppGpp_biosynthesis.ppGpp_from_GTP._step_1.2.
2024-01-25 18:05:32 INFO::Fitting model to feature number 398, Purine_metabolism.purine_nucleoside_salvage.
2024-01-25 18:05:32 INFO::Fitting model to feature number 399, Purine_metabolism.urate_degradation.
2024-01-25 18:05:32 INFO::Fitting model to feature number 400, Purine_metabolism.xanthosine_degradation.
2024-01-25 18:05:32 INFO::Fitting model to feature number 401, Pyrimidine_metabolism.CTP_biosynthesis_via_de_novo_pathway.CTP_from_UDP._step_2.2.
2024-01-25 18:05:32 INFO::Fitting model to feature number 402, Pyrimidine_metabolism.CTP_biosynthesis_via_de_novo_pathway.UDP_from_UMP_.UMPK_route.._step_1.1.
2024-01-25 18:05:32 INFO::Fitting model to feature number 403, Pyrimidine_metabolism.CTP_biosynthesis_via_salvage_pathway.CTP_from_cytidine._step_1.3.
2024-01-25 18:05:32 INFO::Fitting model to feature number 404, Pyrimidine_metabolism.UMP_biosynthesis_via_de_novo_pathway.
2024-01-25 18:05:32 INFO::Fitting model to feature number 405, Pyrimidine_metabolism.UMP_biosynthesis_via_de_novo_pathway..S..dihydroorotate_from_bicarbonate._step_2.3.
2024-01-25 18:05:32 INFO::Fitting model to feature number 406, Pyrimidine_metabolism.UMP_biosynthesis_via_de_novo_pathway..S..dihydroorotate_from_bicarbonate._step_3.3.
2024-01-25 18:05:32 INFO::Fitting model to feature number 407, Pyrimidine_metabolism.UMP_biosynthesis_via_de_novo_pathway.UMP_from_orotate._step_1.2.
2024-01-25 18:05:32 INFO::Fitting model to feature number 408, Pyrimidine_metabolism.UMP_biosynthesis_via_de_novo_pathway.UMP_from_orotate._step_2.2.
2024-01-25 18:05:32 INFO::Fitting model to feature number 409, Pyrimidine_metabolism.UMP_biosynthesis_via_de_novo_pathway.orotate_from_.S..dihydroorotate_.NAD..._route.._step_1.1.
2024-01-25 18:05:32 INFO::Fitting model to feature number 410, Pyrimidine_metabolism.UMP_biosynthesis_via_de_novo_pathway.orotate_from_.S..dihydroorotate_.quinone_route.._step_1.1.
2024-01-25 18:05:32 INFO::Fitting model to feature number 411, Pyrimidine_metabolism.UMP_biosynthesis_via_salvage_pathway.UMP_from_uracil._step_1.1.
2024-01-25 18:05:32 INFO::Fitting model to feature number 412, Pyrimidine_metabolism.UMP_biosynthesis_via_salvage_pathway.uracil_from_uridine_.phosphorylase_route.._step_1.1.
2024-01-25 18:05:32 INFO::Fitting model to feature number 413, Pyrimidine_metabolism.dTTP_biosynthesis.
2024-01-25 18:05:32 INFO::Fitting model to feature number 414, Pyrimidine_metabolism.dUMP_biosynthesis.dUMP_from_dCTP_.dUTP_route.._step_1.2.
2024-01-25 18:05:33 INFO::Fitting model to feature number 415, Pyrimidine_metabolism.dUMP_biosynthesis.dUMP_from_dCTP_.dUTP_route.._step_2.2.
2024-01-25 18:05:33 INFO::Fitting model to feature number 416, Quinol.quinone_metabolism.1.4.dihydroxy.2.naphthoate_biosynthesis.1.4.dihydroxy.2.naphthoate_from_chorismate._step_2.7.
2024-01-25 18:05:33 INFO::Fitting model to feature number 417, Quinol.quinone_metabolism.menaquinone_biosynthesis.
2024-01-25 18:05:33 INFO::Fitting model to feature number 418, Quinol.quinone_metabolism.menaquinone_biosynthesis.menaquinol_from_1.4.dihydroxy.2.naphthoate._step_1.2.
2024-01-25 18:05:33 INFO::Fitting model to feature number 419, Quinol.quinone_metabolism.menaquinone_biosynthesis.menaquinol_from_1.4.dihydroxy.2.naphthoate._step_2.2.
2024-01-25 18:05:33 INFO::Fitting model to feature number 420, Secondary_metabolite_metabolism.methylglyoxal_degradation..R..lactate_from_methylglyoxal._step_1.2.
2024-01-25 18:05:33 INFO::Fitting model to feature number 421, Siderophore_biosynthesis.aerobactin_biosynthesis.
2024-01-25 18:05:33 INFO::Fitting model to feature number 422, Siderophore_biosynthesis.enterobactin_biosynthesis.
2024-01-25 18:05:33 INFO::Fitting model to feature number 423, Slime_biogenesis.slime_polysaccharide_biosynthesis.
2024-01-25 18:05:33 INFO::Fitting model to feature number 424, Sulfur_metabolism.glutathione_biosynthesis.glutathione_from_L.cysteine_and_L.glutamate._step_2.2.
2024-01-25 18:05:33 INFO::Fitting model to feature number 425, Sulfur_metabolism.glutathione_metabolism.
2024-01-25 18:05:33 INFO::Fitting model to feature number 426, Sulfur_metabolism.hydrogen_sulfide_biosynthesis.hydrogen_sulfide_from_sulfite_.NADPH_route.._step_1.1.
2024-01-25 18:05:33 INFO::Fitting model to feature number 427, Sulfur_metabolism.hydrogen_sulfide_biosynthesis.sulfite_from_sulfate._step_1.3.
2024-01-25 18:05:33 INFO::Fitting model to feature number 428, Sulfur_metabolism.hydrogen_sulfide_biosynthesis.sulfite_from_sulfate._step_2.3.
2024-01-25 18:05:33 INFO::Fitting model to feature number 429, Sulfur_metabolism.hydrogen_sulfide_biosynthesis.sulfite_from_sulfate._step_3.3.
2024-01-25 18:05:34 INFO::Fitting model to feature number 430, tRNA_modification.N.7..methylguanine.tRNA_biosynthesis.
2024-01-25 18:05:34 INFO::Fitting model to feature number 431, tRNA_modification.tRNA.queuosine_biosynthesis.
2024-01-25 18:05:34 INFO::Counting total values for each feature
2024-01-25 18:05:34 INFO::Writing filtered data to file Maaslin output/pathway_raw_sex/features/filtered_data.tsv
2024-01-25 18:05:34 INFO::Writing filtered, normalized data to file Maaslin output/pathway_raw_sex/features/filtered_data_norm.tsv
2024-01-25 18:05:34 INFO::Writing filtered, normalized, transformed data to file Maaslin output/pathway_raw_sex/features/filtered_data_norm_transformed.tsv
2024-01-25 18:05:35 INFO::Writing residuals to file Maaslin output/pathway_raw_sex/fits/residuals.rds
2024-01-25 18:05:36 INFO::Writing fitted values to file Maaslin output/pathway_raw_sex/fits/fitted.rds
2024-01-25 18:05:36 INFO::Writing extracted random effects to file Maaslin output/pathway_raw_sex/fits/ranef.rds
2024-01-25 18:05:36 INFO::Writing all results to file (ordered by increasing q-values): Maaslin output/pathway_raw_sex/all_results.tsv
2024-01-25 18:05:37 INFO::Writing the significant results (those which are less than or equal to the threshold of 0.050000 ) to file (ordered by increasing q-values): Maaslin output/pathway_raw_sex/significant_results.tsv
2024-01-25 18:05:41 WARNING::Input is a matrix, passing through as.data.frame() .
