2023-12-18 16:44:01 INFO::Writing function arguments to log file
2023-12-18 16:44:01 DEBUG::Function arguments
2023-12-18 16:44:01 DEBUG::Output folder: Maaslin output/tax_fam_prepost
2023-12-18 16:44:01 DEBUG::Min Abundance: 0.000000
2023-12-18 16:44:01 DEBUG::Min Prevalence: 0.100000
2023-12-18 16:44:01 DEBUG::Normalization: NONE
2023-12-18 16:44:01 DEBUG::Transform: LOG
2023-12-18 16:44:01 DEBUG::Analysis method: LM
2023-12-18 16:44:01 DEBUG::Max significance: 0.050000
2023-12-18 16:44:01 DEBUG::Random effects: SUBJ.ID
2023-12-18 16:44:01 DEBUG::Fixed effects: prepost
2023-12-18 16:44:01 DEBUG::Correction method: bonferroni
2023-12-18 16:44:01 DEBUG::Standardize: TRUE
2023-12-18 16:44:01 DEBUG::Cores: 1
2023-12-18 16:44:01 INFO::Verifying options selected are valid
2023-12-18 16:44:01 INFO::Determining format of input files
2023-12-18 16:44:01 INFO::Input format is data samples as rows and metadata samples as rows
2023-12-18 16:44:01 DEBUG::A total of 45 samples were found in both the data and metadata
2023-12-18 16:44:01 DEBUG::Reordering data/metadata to use same sample ordering
2023-12-18 16:44:01 INFO::Formula for random effects: expr ~ (1 | SUBJ.ID)
2023-12-18 16:44:01 INFO::Formula for fixed effects: expr ~  prepost
2023-12-18 16:44:01 INFO::Filter data based on min abundance and min prevalence
2023-12-18 16:44:01 INFO::Total samples in data: 45
2023-12-18 16:44:01 INFO::Min samples required with min abundance for a feature not to be filtered: 4.500000
2023-12-18 16:44:01 INFO::Total filtered features: 22
2023-12-18 16:44:01 INFO::Filtered feature names from abundance and prevalence filtering: fusobacteriaceae, cellulosilyticaceae, synergistaceae, cag_239, methanobacteriaceae, muribaculaceae, massilibacillaceae, dysgonomonadaceae, aerococcaceae, gca_900066905, dialisteraceae, christensenellaceae, umgs1253, uba7702, uba660, cag_272, cag_274, pseudomonadaceae, cag_508, mycobacteriaceae, atopobiaceae, neisseriaceae
2023-12-18 16:44:01 INFO::Total filtered features with variance filtering: 0
2023-12-18 16:44:01 INFO::Filtered feature names from variance filtering:
2023-12-18 16:44:01 INFO::Running selected normalization method: NONE
2023-12-18 16:44:01 INFO::Applying z-score to standardize continuous metadata
2023-12-18 16:44:01 INFO::Running selected transform method: LOG
2023-12-18 16:44:02 INFO::Running selected analysis method: LM
2023-12-18 16:44:02 INFO::Fitting model to feature number 1, lactobacillaceae
2023-12-18 16:44:02 INFO::Fitting model to feature number 2, enterobacteriaceae
2023-12-18 16:44:02 INFO::Fitting model to feature number 3, veillonellaceae
2023-12-18 16:44:02 INFO::Fitting model to feature number 4, burkholderiaceae
2023-12-18 16:44:02 INFO::Fitting model to feature number 5, megasphaeraceae
2023-12-18 16:44:02 INFO::Fitting model to feature number 6, akkermansiaceae
2023-12-18 16:44:02 INFO::Fitting model to feature number 7, lachnospiraceae
2023-12-18 16:44:02 INFO::Fitting model to feature number 8, tannerellaceae
2023-12-18 16:44:02 INFO::Fitting model to feature number 9, bacteroidaceae
2023-12-18 16:44:02 INFO::Fitting model to feature number 10, anaerovoracaceae
2023-12-18 16:44:02 INFO::Fitting model to feature number 11, barnesiellaceae
2023-12-18 16:44:02 INFO::Fitting model to feature number 12, rikenellaceae
2023-12-18 16:44:02 INFO::Fitting model to feature number 13, acutalibacteraceae
2023-12-18 16:44:02 INFO::Fitting model to feature number 14, oscillospiraceae
2023-12-18 16:44:02 INFO::Fitting model to feature number 15, coriobacteriaceae
2023-12-18 16:44:02 INFO::Fitting model to feature number 16, coprobacillaceae
2023-12-18 16:44:02 INFO::Fitting model to feature number 17, erysipelotrichaceae
2023-12-18 16:44:02 INFO::Fitting model to feature number 18, ruminococcaceae
2023-12-18 16:44:02 INFO::Fitting model to feature number 19, bifidobacteriaceae
2023-12-18 16:44:02 INFO::Fitting model to feature number 20, cag_74
2023-12-18 16:44:03 INFO::Fitting model to feature number 21, marinifilaceae
2023-12-18 16:44:03 INFO::Fitting model to feature number 22, eggerthellaceae
2023-12-18 16:44:03 INFO::Fitting model to feature number 23, streptococcaceae
2023-12-18 16:44:03 INFO::Fitting model to feature number 24, clostridiaceae
2023-12-18 16:44:03 INFO::Fitting model to feature number 25, acidaminococcaceae
2023-12-18 16:44:03 INFO::Fitting model to feature number 26, anaerotignaceae
2023-12-18 16:44:03 INFO::Fitting model to feature number 27, peptostreptococcaceae
2023-12-18 16:44:03 INFO::Fitting model to feature number 28, enterococcaceae
2023-12-18 16:44:03 INFO::Fitting model to feature number 29, actinomycetaceae
2023-12-18 16:44:03 INFO::Fitting model to feature number 30, desulfovibrionaceae
2023-12-18 16:44:03 INFO::Fitting model to feature number 31, butyricicoccaceae
2023-12-18 16:44:03 INFO::Fitting model to feature number 32, uba1381
2023-12-18 16:44:03 INFO::Fitting model to feature number 33, monoglobaceae
2023-12-18 16:44:03 INFO::Fitting model to feature number 34, turicibacteraceae
2023-12-18 16:44:03 INFO::Fitting model to feature number 35, eubacteriaceae
2023-12-18 16:44:03 INFO::Fitting model to feature number 36, qamh01
2023-12-18 16:44:03 INFO::Counting total values for each feature
2023-12-18 16:44:03 INFO::Writing filtered data to file Maaslin output/tax_fam_prepost/features/filtered_data.tsv
2023-12-18 16:44:03 INFO::Writing filtered, normalized data to file Maaslin output/tax_fam_prepost/features/filtered_data_norm.tsv
2023-12-18 16:44:03 INFO::Writing filtered, normalized, transformed data to file Maaslin output/tax_fam_prepost/features/filtered_data_norm_transformed.tsv
2023-12-18 16:44:03 WARNING::Deleting existing residuals file: Maaslin output/tax_fam_prepost/fits/residuals.rds
2023-12-18 16:44:03 INFO::Writing residuals to file Maaslin output/tax_fam_prepost/fits/residuals.rds
2023-12-18 16:44:03 WARNING::Deleting existing fitted file: Maaslin output/tax_fam_prepost/fits/fitted.rds
2023-12-18 16:44:03 INFO::Writing fitted values to file Maaslin output/tax_fam_prepost/fits/fitted.rds
2023-12-18 16:44:03 WARNING::Deleting existing ranef file: Maaslin output/tax_fam_prepost/fits/ranef.rds
2023-12-18 16:44:03 INFO::Writing extracted random effects to file Maaslin output/tax_fam_prepost/fits/ranef.rds
2023-12-18 16:44:03 INFO::Writing all results to file (ordered by increasing q-values): Maaslin output/tax_fam_prepost/all_results.tsv
2023-12-18 16:44:03 INFO::Writing the significant results (those which are less than or equal to the threshold of 0.050000 ) to file (ordered by increasing q-values): Maaslin output/tax_fam_prepost/significant_results.tsv
2023-12-18 16:44:04 WARNING::Input is a matrix, passing through as.data.frame() .
