2024-01-25 18:06:45 INFO::Writing function arguments to log file
2024-01-25 18:06:45 DEBUG::Function arguments
2024-01-25 18:06:45 DEBUG::Output folder: Maaslin output/MCBA_raw_sex
2024-01-25 18:06:45 DEBUG::Min Abundance: 0.000000
2024-01-25 18:06:45 DEBUG::Min Prevalence: 0.100000
2024-01-25 18:06:47 DEBUG::Normalization: NONE
2024-01-25 18:06:47 DEBUG::Transform: LOG
2024-01-25 18:06:47 DEBUG::Analysis method: LM
2024-01-25 18:06:47 DEBUG::Max significance: 0.050000
2024-01-25 18:06:47 DEBUG::Random effects: SUBJ.ID
2024-01-25 18:06:47 DEBUG::Fixed effects: sex
2024-01-25 18:06:47 DEBUG::Correction method: bonferroni
2024-01-25 18:06:48 DEBUG::Standardize: TRUE
2024-01-25 18:06:48 DEBUG::Cores: 1
2024-01-25 18:06:48 INFO::Verifying options selected are valid
2024-01-25 18:06:48 INFO::Determining format of input files
2024-01-25 18:06:48 INFO::Input format is data samples as rows and metadata samples as rows
2024-01-25 18:06:48 DEBUG::A total of 45 samples were found in both the data and metadata
2024-01-25 18:06:48 DEBUG::Reordering data/metadata to use same sample ordering
2024-01-25 18:06:48 INFO::Formula for random effects: expr ~ (1 | SUBJ.ID)
2024-01-25 18:06:48 INFO::Formula for fixed effects: expr ~  sex
2024-01-25 18:06:48 INFO::Filter data based on min abundance and min prevalence
2024-01-25 18:06:48 INFO::Total samples in data: 45
2024-01-25 18:06:48 INFO::Min samples required with min abundance for a feature not to be filtered: 4.500000
2024-01-25 18:06:48 INFO::Total filtered features: 42
2024-01-25 18:06:48 INFO::Filtered feature names from abundance and prevalence filtering: Arg_CA, Lys_CA_b, Orn_CA_a, Orn_CA_b, Arg_CDCA, Asn_CDCA, Lys_CDCA_b, Orn_CDCA, Asn_DCA, Gln_DCA, Tyr_HDCA, Ala_UDCA, Asp_UDCA, Ile_Leu_UDCA, Phe_UDCA, Ser_UDCA, Thr_UDCA, Trp_UDCA, Val_UDCA, Cit_UDCA, Arg_aMCA, Asp_aMCA, Glu_aMCA_a, Phe_aMCA_a, Phe_aMCA_b, Pro_aMCA, Ser_aMCA, Thr_aMCA, Tyr_aMCA, Asn_bMCA, Asp_bMCA, Glu_bMCA, Ile_Leu_bMCA, Phe_bMCA, Ser_bMCA, Thr_bMCA, Trp_bMCA, Gln_HCA, Ile_Leu_HCA, Phe_HCA_a, Thr_HCA, Orn_HCA
2024-01-25 18:06:48 INFO::Total filtered features with variance filtering: 0
2024-01-25 18:06:48 INFO::Filtered feature names from variance filtering:
2024-01-25 18:06:48 INFO::Running selected normalization method: NONE
2024-01-25 18:06:48 INFO::Applying z-score to standardize continuous metadata
2024-01-25 18:06:48 INFO::Running selected transform method: LOG
2024-01-25 18:06:48 INFO::Running selected analysis method: LM
2024-01-25 18:06:48 INFO::Fitting model to feature number 1, X12.oxo.LCA
2024-01-25 18:06:48 INFO::Fitting model to feature number 2, X23.NDCA
2024-01-25 18:06:48 INFO::Fitting model to feature number 3, X3.DCA
2024-01-25 18:06:48 INFO::Fitting model to feature number 4, X3.oxo.LCA
2024-01-25 18:06:48 INFO::Fitting model to feature number 5, X7.12.diketo.LCA
2024-01-25 18:06:48 INFO::Fitting model to feature number 6, X7.keto.DCA
2024-01-25 18:06:48 INFO::Fitting model to feature number 7, aMCA
2024-01-25 18:06:48 INFO::Fitting model to feature number 8, bMCA
2024-01-25 18:06:48 INFO::Fitting model to feature number 9, CA
2024-01-25 18:06:49 INFO::Fitting model to feature number 10, CDCA
2024-01-25 18:06:49 INFO::Fitting model to feature number 11, DCA
2024-01-25 18:06:49 INFO::Fitting model to feature number 12, EDCA
2024-01-25 18:06:49 INFO::Fitting model to feature number 13, GCA
2024-01-25 18:06:49 INFO::Fitting model to feature number 14, GCDCA
2024-01-25 18:06:49 INFO::Fitting model to feature number 15, GDCA
2024-01-25 18:06:49 INFO::Fitting model to feature number 16, GHCA
2024-01-25 18:06:49 INFO::Fitting model to feature number 17, GHDCA
2024-01-25 18:06:49 INFO::Fitting model to feature number 18, GLCA
2024-01-25 18:06:49 INFO::Fitting model to feature number 19, HCA
2024-01-25 18:06:49 INFO::Fitting model to feature number 20, GUDCA
2024-01-25 18:06:49 INFO::Fitting model to feature number 21, HDCA
2024-01-25 18:06:49 INFO::Fitting model to feature number 22, isoLCA
2024-01-25 18:06:49 INFO::Fitting model to feature number 23, LCA
2024-01-25 18:06:50 INFO::Fitting model to feature number 24, NSC.18165
2024-01-25 18:06:50 INFO::Fitting model to feature number 25, TaMCA
2024-01-25 18:06:50 INFO::Fitting model to feature number 26, TbMCA
2024-01-25 18:06:50 INFO::Fitting model to feature number 27, TCA
2024-01-25 18:06:50 INFO::Fitting model to feature number 28, TCDCA
2024-01-25 18:06:50 INFO::Fitting model to feature number 29, TDCA
2024-01-25 18:06:50 INFO::Fitting model to feature number 30, THCA
2024-01-25 18:06:50 INFO::Fitting model to feature number 31, THDCA
2024-01-25 18:06:50 INFO::Fitting model to feature number 32, TLCA
2024-01-25 18:06:50 INFO::Fitting model to feature number 33, TUDCA
2024-01-25 18:06:50 INFO::Fitting model to feature number 34, UDCA
2024-01-25 18:06:50 INFO::Fitting model to feature number 35, wMCA
2024-01-25 18:06:50 INFO::Fitting model to feature number 36, Ala_CA
2024-01-25 18:06:50 INFO::Fitting model to feature number 37, Asn_CA
2024-01-25 18:06:50 INFO::Fitting model to feature number 38, Asp_CA
2024-01-25 18:06:50 INFO::Fitting model to feature number 39, Glu_CA
2024-01-25 18:06:50 INFO::Fitting model to feature number 40, Gln_CA
2024-01-25 18:06:50 INFO::Fitting model to feature number 41, His_CA
2024-01-25 18:06:51 INFO::Fitting model to feature number 42, Ile_Leu_CA
2024-01-25 18:06:51 INFO::Fitting model to feature number 43, Lys_CA_a
2024-01-25 18:06:51 INFO::Fitting model to feature number 44, Met_CA
2024-01-25 18:06:51 INFO::Fitting model to feature number 45, Phe_CA
2024-01-25 18:06:51 INFO::Fitting model to feature number 46, Ser_CA
2024-01-25 18:06:51 INFO::Fitting model to feature number 47, Thr_CA
2024-01-25 18:06:51 INFO::Fitting model to feature number 48, Trp_CA
2024-01-25 18:06:51 INFO::Fitting model to feature number 49, Tyr_CA
2024-01-25 18:06:51 INFO::Fitting model to feature number 50, Val_CA
2024-01-25 18:06:51 INFO::Fitting model to feature number 51, Cit_CA
2024-01-25 18:06:51 INFO::Fitting model to feature number 52, Ala_CDCA
2024-01-25 18:06:51 INFO::Fitting model to feature number 53, Asp_CDCA
2024-01-25 18:06:51 INFO::Fitting model to feature number 54, Glu_CDCA
2024-01-25 18:06:51 INFO::Fitting model to feature number 55, Gln_CDCA
2024-01-25 18:06:52 INFO::Fitting model to feature number 56, His_CDCA
2024-01-25 18:06:52 INFO::Fitting model to feature number 57, Ile_Leu_CDCA
2024-01-25 18:06:52 INFO::Fitting model to feature number 58, Lys_CDCA_a
2024-01-25 18:06:52 INFO::Fitting model to feature number 59, Met_CDCA
2024-01-25 18:06:52 INFO::Fitting model to feature number 60, Phe_CDCA
2024-01-25 18:06:52 INFO::Fitting model to feature number 61, Thr_CDCA
2024-01-25 18:06:52 INFO::Fitting model to feature number 62, Trp_CDCA
2024-01-25 18:06:52 INFO::Fitting model to feature number 63, Tyr_CDCA
2024-01-25 18:06:52 INFO::Fitting model to feature number 64, Val_CDCA
2024-01-25 18:06:52 INFO::Fitting model to feature number 65, Cit_CDCA
2024-01-25 18:06:53 INFO::Fitting model to feature number 66, Ser_CDCA
2024-01-25 18:06:53 INFO::Fitting model to feature number 67, Ala_DCA
2024-01-25 18:06:53 INFO::Fitting model to feature number 68, Arg_DCA
2024-01-25 18:06:53 INFO::Fitting model to feature number 69, Asp_DCA
2024-01-25 18:06:53 INFO::Fitting model to feature number 70, Glu_DCA
2024-01-25 18:06:53 INFO::Fitting model to feature number 71, His_DCA
2024-01-25 18:06:53 INFO::Fitting model to feature number 72, Ile_Leu_DCA
2024-01-25 18:06:53 INFO::Fitting model to feature number 73, Lys_DCA_a
2024-01-25 18:06:53 INFO::Fitting model to feature number 74, Lys_DCA_b
2024-01-25 18:06:53 INFO::Fitting model to feature number 75, Met_DCA
2024-01-25 18:06:53 INFO::Fitting model to feature number 76, Phe_DCA
2024-01-25 18:06:53 INFO::Fitting model to feature number 77, Ser_DCA
2024-01-25 18:06:53 INFO::Fitting model to feature number 78, Thr_DCA
2024-01-25 18:06:53 INFO::Fitting model to feature number 79, Trp_DCA
2024-01-25 18:06:53 INFO::Fitting model to feature number 80, Tyr_DCA
2024-01-25 18:06:54 INFO::Fitting model to feature number 81, Val_DCA
2024-01-25 18:06:54 INFO::Fitting model to feature number 82, Cit_DCA
2024-01-25 18:06:54 INFO::Fitting model to feature number 83, Glu_HDCA
2024-01-25 18:06:54 INFO::Fitting model to feature number 84, Glu_UDCA
2024-01-25 18:06:54 INFO::Fitting model to feature number 85, Tyr_UDCA
2024-01-25 18:06:54 INFO::Fitting model to feature number 86, Glu_aMCA_b
2024-01-25 18:06:54 INFO::Fitting model to feature number 87, Pro_bMCA
2024-01-25 18:06:54 INFO::Fitting model to feature number 88, Lys_HCA
2024-01-25 18:06:54 INFO::Fitting model to feature number 89, Phe_HCA_b
2024-01-25 18:06:54 INFO::Fitting model to feature number 90, Pro_HCA
2024-01-25 18:06:54 INFO::Fitting model to feature number 91, Val_HCA
2024-01-25 18:06:54 INFO::Fitting model to feature number 92, Cit_HCA
2024-01-25 18:06:54 INFO::Counting total values for each feature
2024-01-25 18:06:54 INFO::Writing filtered data to file Maaslin output/MCBA_raw_sex/features/filtered_data.tsv
2024-01-25 18:06:54 INFO::Writing filtered, normalized data to file Maaslin output/MCBA_raw_sex/features/filtered_data_norm.tsv
2024-01-25 18:06:54 INFO::Writing filtered, normalized, transformed data to file Maaslin output/MCBA_raw_sex/features/filtered_data_norm_transformed.tsv
2024-01-25 18:06:54 WARNING::Deleting existing residuals file: Maaslin output/MCBA_raw_sex/fits/residuals.rds
2024-01-25 18:06:54 INFO::Writing residuals to file Maaslin output/MCBA_raw_sex/fits/residuals.rds
2024-01-25 18:06:54 WARNING::Deleting existing fitted file: Maaslin output/MCBA_raw_sex/fits/fitted.rds
2024-01-25 18:06:54 INFO::Writing fitted values to file Maaslin output/MCBA_raw_sex/fits/fitted.rds
2024-01-25 18:06:54 WARNING::Deleting existing ranef file: Maaslin output/MCBA_raw_sex/fits/ranef.rds
2024-01-25 18:06:54 INFO::Writing extracted random effects to file Maaslin output/MCBA_raw_sex/fits/ranef.rds
2024-01-25 18:06:54 INFO::Writing all results to file (ordered by increasing q-values): Maaslin output/MCBA_raw_sex/all_results.tsv
2024-01-25 18:06:58 INFO::Writing the significant results (those which are less than or equal to the threshold of 0.050000 ) to file (ordered by increasing q-values): Maaslin output/MCBA_raw_sex/significant_results.tsv
2024-01-25 18:06:59 WARNING::Input is a matrix, passing through as.data.frame() .
