2024-01-25 18:05:41 INFO::Writing function arguments to log file
2024-01-25 18:05:41 DEBUG::Function arguments
2024-01-25 18:05:41 DEBUG::Output folder: Maaslin output/bch_raw_sex
2024-01-25 18:05:41 DEBUG::Min Abundance: 0.000000
2024-01-25 18:05:41 DEBUG::Min Prevalence: 0.100000
2024-01-25 18:05:41 DEBUG::Normalization: NONE
2024-01-25 18:05:41 DEBUG::Transform: LOG
2024-01-25 18:05:41 DEBUG::Analysis method: LM
2024-01-25 18:05:41 DEBUG::Max significance: 0.050000
2024-01-25 18:05:42 DEBUG::Random effects: SUBJ.ID
2024-01-25 18:05:42 DEBUG::Fixed effects: sex
2024-01-25 18:05:42 DEBUG::Correction method: bonferroni
2024-01-25 18:05:42 DEBUG::Standardize: TRUE
2024-01-25 18:05:42 DEBUG::Cores: 1
2024-01-25 18:05:42 INFO::Verifying options selected are valid
2024-01-25 18:05:42 INFO::Determining format of input files
2024-01-25 18:05:43 INFO::Input format is data samples as rows and metadata samples as rows
2024-01-25 18:05:44 DEBUG::A total of 45 samples were found in both the data and metadata
2024-01-25 18:05:44 DEBUG::Reordering data/metadata to use same sample ordering
2024-01-25 18:05:44 INFO::Formula for random effects: expr ~ (1 | SUBJ.ID)
2024-01-25 18:05:44 INFO::Formula for fixed effects: expr ~  sex
2024-01-25 18:05:44 INFO::Filter data based on min abundance and min prevalence
2024-01-25 18:05:44 INFO::Total samples in data: 45
2024-01-25 18:05:44 INFO::Min samples required with min abundance for a feature not to be filtered: 4.500000
2024-01-25 18:05:44 INFO::Total filtered features: 0
2024-01-25 18:05:44 INFO::Filtered feature names from abundance and prevalence filtering:
2024-01-25 18:05:45 INFO::Total filtered features with variance filtering: 6
2024-01-25 18:05:45 INFO::Filtered feature names from variance filtering: cetirizine, glucoraphanin, metronidazole, oxypurinol, saponarin, urea
2024-01-25 18:05:45 INFO::Running selected normalization method: NONE
2024-01-25 18:05:45 INFO::Applying z-score to standardize continuous metadata
2024-01-25 18:05:45 INFO::Running selected transform method: LOG
2024-01-25 18:05:45 INFO::Running selected analysis method: LM
2024-01-25 18:05:45 INFO::Fitting model to feature number 1, X.12.or.13..methylmyristate..a15.0.or.i15.0.
2024-01-25 18:05:45 INFO::Fitting model to feature number 2, X.14.or.15..methylpalmitate..a17.0.or.i17.0.
2024-01-25 18:05:45 INFO::Fitting model to feature number 3, X.16.or.17..methylstearate..a19.0.or.i19.0.
2024-01-25 18:05:45 INFO::Fitting model to feature number 4, X.3..5...adenylyladenosine.
2024-01-25 18:05:45 INFO::Fitting model to feature number 5, X.3..5...adenylylguanosine.
2024-01-25 18:05:45 INFO::Fitting model to feature number 6, X.3..5...adenylyluridine
2024-01-25 18:05:45 INFO::Fitting model to feature number 7, X.3..5...cytidylyluridine.
2024-01-25 18:05:45 INFO::Fitting model to feature number 8, X.3..5...guanylylcytidine
2024-01-25 18:05:45 INFO::Fitting model to feature number 9, X.3..5...guanylyluridine
2024-01-25 18:05:45 INFO::Fitting model to feature number 10, X.3..5...uridylylcytidine.
2024-01-25 18:05:45 INFO::Fitting model to feature number 11, X.3..5...uridylyluridine
2024-01-25 18:05:45 INFO::Fitting model to feature number 12, X1..1.enyl.oleoyl..GPE..P.18.1..
2024-01-25 18:05:45 INFO::Fitting model to feature number 13, X1..1.enyl.palmitoyl..2.arachidonoyl.GPC..P.16.0.20.4..
2024-01-25 18:05:45 INFO::Fitting model to feature number 14, X1..1.enyl.palmitoyl..2.oleoyl.GPC..P.16.0.18.1..
2024-01-25 18:05:45 INFO::Fitting model to feature number 15, X1..1.enyl.palmitoyl..GPC..P.16.0..
2024-01-25 18:05:45 INFO::Fitting model to feature number 16, X1..1.enyl.palmitoyl..GPE..P.16.0..
2024-01-25 18:05:46 INFO::Fitting model to feature number 17, X1..1.enyl.stearoyl..GPE..P.18.0..
2024-01-25 18:05:46 INFO::Fitting model to feature number 18, X1.2.3.benzenetriol.sulfate..2.
2024-01-25 18:05:46 INFO::Fitting model to feature number 19, X1.2.dilinolenoyl.digalactosylglycerol..18.3.18.3.
2024-01-25 18:05:46 INFO::Fitting model to feature number 20, X1.2.dilinolenoyl.galactosylglycerol..18.3.18.3..
2024-01-25 18:05:46 INFO::Fitting model to feature number 21, X1.2.dilinoleoyl.digalactosylglycerol..18.2.18.2..
2024-01-25 18:05:46 INFO::Fitting model to feature number 22, X1.2.dilinoleoyl.galactosylglycerol..18.2.18.2..
2024-01-25 18:05:46 INFO::Fitting model to feature number 23, X1.2.dilinoleoyl.GPC..18.2.18.2.
2024-01-25 18:05:46 INFO::Fitting model to feature number 24, X1.2.dipalmitoyl.GPC..16.0.16.0.
2024-01-25 18:05:46 INFO::Fitting model to feature number 25, X1.3.7.trimethylurate
2024-01-25 18:05:46 INFO::Fitting model to feature number 26, X1.3.dimethylurate
2024-01-25 18:05:46 INFO::Fitting model to feature number 27, X1.7.dimethylurate
2024-01-25 18:05:46 INFO::Fitting model to feature number 28, X10.hydroxystearate
2024-01-25 18:05:46 INFO::Fitting model to feature number 29, X10.nonadecenoate..19.1n9.
2024-01-25 18:05:46 INFO::Fitting model to feature number 30, X11.ketoetiocholanolone.sulfate
2024-01-25 18:05:46 INFO::Fitting model to feature number 31, X12.13.DiHOME
2024-01-25 18:05:46 INFO::Fitting model to feature number 32, X12.dehydrocholate
2024-01-25 18:05:46 INFO::Fitting model to feature number 33, X13.HODE...9.HODE
2024-01-25 18:05:46 INFO::Fitting model to feature number 34, X1.carboxyethylisoleucine
2024-01-25 18:05:47 INFO::Fitting model to feature number 35, X1.carboxyethylleucine
2024-01-25 18:05:47 INFO::Fitting model to feature number 36, X1.carboxyethylphenylalanine
2024-01-25 18:05:47 INFO::Fitting model to feature number 37, X1.carboxyethylvaline
2024-01-25 18:05:47 INFO::Fitting model to feature number 38, X1.dihomo.linolenylglycerol..20.3.
2024-01-25 18:05:47 INFO::Fitting model to feature number 39, X1.dihomo.linoleoylglycerol..20.2.
2024-01-25 18:05:47 INFO::Fitting model to feature number 40, X1.linolenoylglycerol..18.3.
2024-01-25 18:05:47 INFO::Fitting model to feature number 41, X1.linoleoyl.2.linolenoyl.digalactosylglycerol..18.2.18.3..
2024-01-25 18:05:47 INFO::Fitting model to feature number 42, X1.linoleoyl.2.linolenoyl.galactosylglycerol..18.2.18.3..
2024-01-25 18:05:47 INFO::Fitting model to feature number 43, X1.linoleoyl.digalactosylglycerol..18.2..
2024-01-25 18:05:47 INFO::Fitting model to feature number 44, X1.linoleoyl.galactosylglycerol..18.2..
2024-01-25 18:05:47 INFO::Fitting model to feature number 45, X1.linoleoylglycerol..18.2.
2024-01-25 18:05:47 INFO::Fitting model to feature number 46, X1.linoleoyl.GPC..18.2.
2024-01-25 18:05:47 INFO::Fitting model to feature number 47, X1.linoleoyl.GPE..18.2..
2024-01-25 18:05:47 INFO::Fitting model to feature number 48, X1.linoleoyl.GPG..18.2..
2024-01-25 18:05:47 INFO::Fitting model to feature number 49, X1.linoleoyl.GPI...18.2..
2024-01-25 18:05:47 INFO::Fitting model to feature number 50, X1.margaroylglycerol..17.0.
2024-01-25 18:05:47 INFO::Fitting model to feature number 51, X1.methyl.4.imidazoleacetate
2024-01-25 18:05:48 INFO::Fitting model to feature number 52, X1.methyladenine
2024-01-25 18:05:48 INFO::Fitting model to feature number 53, X1.methyl.beta.carboline.3.carboxylic.acid
2024-01-25 18:05:48 INFO::Fitting model to feature number 54, X1.methylguanidine
2024-01-25 18:05:48 INFO::Fitting model to feature number 55, X1.methylhistamine
2024-01-25 18:05:48 INFO::Fitting model to feature number 56, X1.methylhistidine
2024-01-25 18:05:48 INFO::Fitting model to feature number 57, X1.methylnicotinamide
2024-01-25 18:05:48 INFO::Fitting model to feature number 58, X1.methylurate
2024-01-25 18:05:48 INFO::Fitting model to feature number 59, X1.methylxanthine
2024-01-25 18:05:48 INFO::Fitting model to feature number 60, X1.myristoylglycerol..14.0.
2024-01-25 18:05:48 INFO::Fitting model to feature number 61, X1.oleoyl.2.linoleoyl.GPC..18.1.18.2..
2024-01-25 18:05:48 INFO::Fitting model to feature number 62, X1.oleoylglycerol..18.1.
2024-01-25 18:05:48 INFO::Fitting model to feature number 63, X1.oleoyl.GPC..18.1.
2024-01-25 18:05:48 INFO::Fitting model to feature number 64, X1.oleoyl.GPE..18.1.
2024-01-25 18:05:48 INFO::Fitting model to feature number 65, X1.oleoyl.GPG..18.1..
2024-01-25 18:05:48 INFO::Fitting model to feature number 66, X1.oleoyl.GPI..18.1..
2024-01-25 18:05:48 INFO::Fitting model to feature number 67, X1.palmitoleoylglycerol..16.1..
2024-01-25 18:05:48 INFO::Fitting model to feature number 68, X1.palmitoleoyl.GPC...16.1..
2024-01-25 18:05:49 INFO::Fitting model to feature number 69, X1.palmitoyl.2.arachidonoyl.GPC..16.0.20.4n6.
2024-01-25 18:05:49 INFO::Fitting model to feature number 70, X1.palmitoyl.2.docosahexaenoyl.GPC..16.0.22.6.
2024-01-25 18:05:49 INFO::Fitting model to feature number 71, X1.palmitoyl.2.linolenoyl.digalactosylglycerol..16.0.18.3.
2024-01-25 18:05:49 INFO::Fitting model to feature number 72, X1.palmitoyl.2.linoleoyl.digalactosylglycerol..16.0.18.2..
2024-01-25 18:05:49 INFO::Fitting model to feature number 73, X1.palmitoyl.2.linoleoyl.galactosylglycerol..16.0.18.2..
2024-01-25 18:05:49 INFO::Fitting model to feature number 74, X1.palmitoyl.2.linoleoyl.GPC..16.0.18.2.
2024-01-25 18:05:49 INFO::Fitting model to feature number 75, X1.palmitoyl.2.linoleoyl.GPE..16.0.18.2.
2024-01-25 18:05:49 INFO::Fitting model to feature number 76, X1.palmitoyl.2.oleoyl.GPC..16.0.18.1.
2024-01-25 18:05:49 INFO::Fitting model to feature number 77, X1.palmitoyl.2.palmitoleoyl.GPC..16.0.16.1..
2024-01-25 18:05:49 INFO::Fitting model to feature number 78, X1.palmitoyl.2.stearoyl.GPC..16.0.18.0.
2024-01-25 18:05:49 INFO::Fitting model to feature number 79, X1.palmitoyl.digalactosylglycerol..16.0..
2024-01-25 18:05:49 INFO::Fitting model to feature number 80, X1.palmitoyl.galactosylglycerol..16.0..
2024-01-25 18:05:49 INFO::Fitting model to feature number 81, X1.palmitoylglycerol..16.0.
2024-01-25 18:05:49 INFO::Fitting model to feature number 82, X1.palmitoyl.GPA..16.0.
2024-01-25 18:05:49 INFO::Fitting model to feature number 83, X1.palmitoyl.GPC..16.0.
2024-01-25 18:05:49 INFO::Fitting model to feature number 84, X1.palmitoyl.GPE..16.0.
2024-01-25 18:05:50 INFO::Fitting model to feature number 85, X1.palmitoyl.GPG..16.0..
2024-01-25 18:05:50 INFO::Fitting model to feature number 86, X1.palmitoyl.GPI...16.0.
2024-01-25 18:05:50 INFO::Fitting model to feature number 87, X1.palmitoyl.GPS..16.0..
2024-01-25 18:05:50 INFO::Fitting model to feature number 88, X1.palmitoyl.sulfoquinovopyranosyl.glycerol..16.0...
2024-01-25 18:05:50 INFO::Fitting model to feature number 89, X1.pentadecanoylglycerol..15.0.
2024-01-25 18:05:50 INFO::Fitting model to feature number 90, X1.stearoyl.2.oleoyl.GPC..18.0.18.1.
2024-01-25 18:05:50 INFO::Fitting model to feature number 91, X1.stearoyl.GPC..18.0.
2024-01-25 18:05:50 INFO::Fitting model to feature number 92, X1.stearoyl.GPE..18.0.
2024-01-25 18:05:50 INFO::Fitting model to feature number 93, X1.stearoyl.GPG..18.0.
2024-01-25 18:05:50 INFO::Fitting model to feature number 94, X1.stearoyl.GPI..18.0.
2024-01-25 18:05:50 INFO::Fitting model to feature number 95, X1.stearoyl.GPS..18.0..
2024-01-25 18:05:50 INFO::Fitting model to feature number 96, X2.3.dihydroxy.2.methylbutyrate
2024-01-25 18:05:50 INFO::Fitting model to feature number 97, X2.3.dihydroxy.5.methylthio.4.pentenoate..DMTPA..
2024-01-25 18:05:50 INFO::Fitting model to feature number 98, X2.3.dihydroxyisovalerate
2024-01-25 18:05:50 INFO::Fitting model to feature number 99, X2.3.dimethylsuccinate
2024-01-25 18:05:50 INFO::Fitting model to feature number 100, X2.4.6.trihydroxybenzoate
2024-01-25 18:05:50 INFO::Fitting model to feature number 101, X2.8.quinolinediol
2024-01-25 18:05:51 INFO::Fitting model to feature number 102, X2.8.quinolinediol.sulfate
2024-01-25 18:05:51 INFO::Fitting model to feature number 103, X20.hydroxyecdysone
2024-01-25 18:05:51 INFO::Fitting model to feature number 104, X21.hydroxypregnanolone.disulfate
2024-01-25 18:05:51 INFO::Fitting model to feature number 105, X21.hydroxypregnanolone.monosulfate..1.
2024-01-25 18:05:51 INFO::Fitting model to feature number 106, X21.hydroxypregnenolone.disulfate
2024-01-25 18:05:51 INFO::Fitting model to feature number 107, X2.acetamidobutanoate
2024-01-25 18:05:51 INFO::Fitting model to feature number 108, X2.aminoadipate
2024-01-25 18:05:51 INFO::Fitting model to feature number 109, X2.aminoheptanoate
2024-01-25 18:05:51 INFO::Fitting model to feature number 110, X2.aminophenol
2024-01-25 18:05:51 INFO::Fitting model to feature number 111, X2..deoxyadenosine
2024-01-25 18:05:51 INFO::Fitting model to feature number 112, X2..deoxyadenosine.5..monophosphate
2024-01-25 18:05:51 INFO::Fitting model to feature number 113, X2..deoxycytidine
2024-01-25 18:05:51 INFO::Fitting model to feature number 114, dCMP
2024-01-25 18:05:51 INFO::Fitting model to feature number 115, X2..deoxyguanosine
2024-01-25 18:05:51 INFO::Fitting model to feature number 116, X2..deoxyguanosine.5..monophosphate..dGMP.
2024-01-25 18:05:51 INFO::Fitting model to feature number 117, X2..deoxyinosine
2024-01-25 18:05:51 INFO::Fitting model to feature number 118, X2..deoxyuridine
2024-01-25 18:05:51 INFO::Fitting model to feature number 119, X2.hydroxy.3.methylvalerate
2024-01-25 18:05:52 INFO::Fitting model to feature number 120, X2.hydroxyacetaminophen.sulfate.
2024-01-25 18:05:52 INFO::Fitting model to feature number 121, X2.hydroxyadipate
2024-01-25 18:05:52 INFO::Fitting model to feature number 122, X2.hydroxyarachidate.
2024-01-25 18:05:52 INFO::Fitting model to feature number 123, X2.hydroxybehenate
2024-01-25 18:05:52 INFO::Fitting model to feature number 124, X2.hydroxybutyrate.2.hydroxyisobutyrate
2024-01-25 18:05:52 INFO::Fitting model to feature number 125, X2.hydroxydecanoate
2024-01-25 18:05:52 INFO::Fitting model to feature number 126, X2.hydroxyglutarate
2024-01-25 18:05:52 INFO::Fitting model to feature number 127, X2.hydroxyheptanoate.
2024-01-25 18:05:52 INFO::Fitting model to feature number 128, X2.hydroxyhippurate..salicylurate.
2024-01-25 18:05:52 INFO::Fitting model to feature number 129, X2.hydroxyibuprofen
2024-01-25 18:05:52 INFO::Fitting model to feature number 130, X2.hydroxylaurate
2024-01-25 18:05:52 INFO::Fitting model to feature number 131, X2.hydroxymyristate
2024-01-25 18:05:52 INFO::Fitting model to feature number 132, X2.hydroxynervonate.
2024-01-25 18:05:52 INFO::Fitting model to feature number 133, X2.hydroxypalmitate
2024-01-25 18:05:52 INFO::Fitting model to feature number 134, X2.hydroxystearate
2024-01-25 18:05:52 INFO::Fitting model to feature number 135, X2.isopropylmalate
2024-01-25 18:05:52 INFO::Fitting model to feature number 136, X2.keto.3.deoxy.gluconate
2024-01-25 18:05:53 INFO::Fitting model to feature number 137, X2.linoleoylglycerol..18.2.
2024-01-25 18:05:53 INFO::Fitting model to feature number 138, X2.methylbutyrylglycine..C5.
2024-01-25 18:05:53 INFO::Fitting model to feature number 139, X2.methylcitrate.homocitrate
2024-01-25 18:05:53 INFO::Fitting model to feature number 140, X2.oleoylglycerol..18.1.
2024-01-25 18:05:53 INFO::Fitting model to feature number 141, X2..O.methyluridine
2024-01-25 18:05:53 INFO::Fitting model to feature number 142, X2.oxindole.3.acetate
2024-01-25 18:05:53 INFO::Fitting model to feature number 143, X2.oxoarginine.
2024-01-25 18:05:53 INFO::Fitting model to feature number 144, X2.palmitoleoylglycerol..16.1..
2024-01-25 18:05:53 INFO::Fitting model to feature number 145, X2.palmitoyl.galactosylglycerol..16.0..
2024-01-25 18:05:53 INFO::Fitting model to feature number 146, X2.palmitoylglycerol..16.0.
2024-01-25 18:05:53 INFO::Fitting model to feature number 147, X2.palmitoyl.GPC...16.0..
2024-01-25 18:05:53 INFO::Fitting model to feature number 148, X2.piperidinone
2024-01-25 18:05:53 INFO::Fitting model to feature number 149, X3..3.hydroxyphenyl.propionate
2024-01-25 18:05:53 INFO::Fitting model to feature number 150, X3..3.hydroxyphenyl.propionate.sulfate
2024-01-25 18:05:54 INFO::Fitting model to feature number 151, X3..4.hydroxyphenyl.lactate..HPLA.
2024-01-25 18:05:54 INFO::Fitting model to feature number 152, X3..4.hydroxyphenyl.propionate
2024-01-25 18:05:54 INFO::Fitting model to feature number 153, X3..cystein.S.yl.acetaminophen.
2024-01-25 18:05:54 INFO::Fitting model to feature number 154, X3..methylthio.acetaminophen.sulfate.
2024-01-25 18:05:54 INFO::Fitting model to feature number 155, X3..N.acetyl.L.cystein.S.yl..acetaminophen
2024-01-25 18:05:54 INFO::Fitting model to feature number 156, X3.4.dihydroxybenzaldehyde
2024-01-25 18:05:54 INFO::Fitting model to feature number 157, X3.4.dihydroxyphenylacetate
2024-01-25 18:05:54 INFO::Fitting model to feature number 158, X3.7.dimethylurate
2024-01-25 18:05:54 INFO::Fitting model to feature number 159, X3.aminoisobutyrate
2024-01-25 18:05:54 INFO::Fitting model to feature number 160, X3beta.hydroxy.5.cholestenoate
2024-01-25 18:05:54 INFO::Fitting model to feature number 161, X3b.hydroxy.5.cholenoic.acid
2024-01-25 18:05:54 INFO::Fitting model to feature number 162, X3.carboxy.4.methyl.5.pentyl.2.furanpropionate..3.CMPFP.
2024-01-25 18:05:54 INFO::Fitting model to feature number 163, X3.carboxyadipate
2024-01-25 18:05:54 INFO::Fitting model to feature number 164, X3.dehydrocholate
2024-01-25 18:05:54 INFO::Fitting model to feature number 165, X3.dehydroshikimate
2024-01-25 18:05:54 INFO::Fitting model to feature number 166, X3.hydroxy.3.methylglutarate
2024-01-25 18:05:54 INFO::Fitting model to feature number 167, X3.hydroxyadipate.
2024-01-25 18:05:55 INFO::Fitting model to feature number 168, X3.hydroxybutyrate..BHBA.
2024-01-25 18:05:55 INFO::Fitting model to feature number 169, X3.hydroxyhexanoate
2024-01-25 18:05:55 INFO::Fitting model to feature number 170, X3.hydroxyisobutyrate
2024-01-25 18:05:55 INFO::Fitting model to feature number 171, X3.hydroxylaurate
2024-01-25 18:05:55 INFO::Fitting model to feature number 172, X3.hydroxymyristate
2024-01-25 18:05:55 INFO::Fitting model to feature number 173, X3.hydroxyoleoylcarnitine
2024-01-25 18:05:55 INFO::Fitting model to feature number 174, X3.hydroxypalmitate
2024-01-25 18:05:55 INFO::Fitting model to feature number 175, X3.hydroxypalmitoylcarnitine
2024-01-25 18:05:55 INFO::Fitting model to feature number 176, X3.hydroxyphenylacetate
2024-01-25 18:05:55 INFO::Fitting model to feature number 177, X3.hydroxyphenylacetate.sulfate
2024-01-25 18:05:55 INFO::Fitting model to feature number 178, X3.hydroxysebacate
2024-01-25 18:05:55 INFO::Fitting model to feature number 179, X3.hydroxystachydrine.
2024-01-25 18:05:55 INFO::Fitting model to feature number 180, X3.hydroxystearate
2024-01-25 18:05:55 INFO::Fitting model to feature number 181, X3.hydroxysuberate
2024-01-25 18:05:55 INFO::Fitting model to feature number 182, X3.ketosphinganine
2024-01-25 18:05:55 INFO::Fitting model to feature number 183, X3.methoxycatechol.sulfate..1.
2024-01-25 18:05:55 INFO::Fitting model to feature number 184, X3.methyl.2.oxobutyrate
2024-01-25 18:05:56 INFO::Fitting model to feature number 185, X3.methyl.2.oxovalerate
2024-01-25 18:05:56 INFO::Fitting model to feature number 186, X3.methyladipate
2024-01-25 18:05:56 INFO::Fitting model to feature number 187, X3.methylglutaconate
2024-01-25 18:05:56 INFO::Fitting model to feature number 188, X3.methylglutarate.2.methylglutarate
2024-01-25 18:05:56 INFO::Fitting model to feature number 189, X3.methylhistidine
2024-01-25 18:05:56 INFO::Fitting model to feature number 190, X3.methylxanthine
2024-01-25 18:05:56 INFO::Fitting model to feature number 191, X3.phenylpropionate..hydrocinnamate.
2024-01-25 18:05:56 INFO::Fitting model to feature number 192, X3.sialyllactose
2024-01-25 18:05:56 INFO::Fitting model to feature number 193, X3.sulfo.L.alanine
2024-01-25 18:05:56 INFO::Fitting model to feature number 194, X3.ureidoisobutyrate
2024-01-25 18:05:56 INFO::Fitting model to feature number 195, X3.ureidopropionate
2024-01-25 18:05:56 INFO::Fitting model to feature number 196, X4.acetamidobenzoate
2024-01-25 18:05:56 INFO::Fitting model to feature number 197, X4.acetamidobutanoate
2024-01-25 18:05:56 INFO::Fitting model to feature number 198, X4.acetamidophenol
2024-01-25 18:05:56 INFO::Fitting model to feature number 199, X4.acetaminophen.sulfate
2024-01-25 18:05:56 INFO::Fitting model to feature number 200, X4.acetylcatechol.sulfate..1.
2024-01-25 18:05:56 INFO::Fitting model to feature number 201, X4.cholesten.3.one
2024-01-25 18:05:56 INFO::Fitting model to feature number 202, X4.guanidinobutanoate
2024-01-25 18:05:57 INFO::Fitting model to feature number 203, X4.hydroxybenzoate
2024-01-25 18:05:57 INFO::Fitting model to feature number 204, X4.hydroxycinnamate
2024-01-25 18:05:57 INFO::Fitting model to feature number 205, X4.hydroxyhippurate
2024-01-25 18:05:57 INFO::Fitting model to feature number 206, X4.hydroxyphenylacetate
2024-01-25 18:05:57 INFO::Fitting model to feature number 207, X4.hydroxyphenylacetate.sulfate........
2024-01-25 18:05:57 INFO::Fitting model to feature number 208, X4.hydroxyphenylpyruvate
2024-01-25 18:05:57 INFO::Fitting model to feature number 209, X4.imidazoleacetate
2024-01-25 18:05:57 INFO::Fitting model to feature number 210, X4.methyl.2.oxopentanoate
2024-01-25 18:05:57 INFO::Fitting model to feature number 211, X4.methylcatechol.sulfate
2024-01-25 18:05:57 INFO::Fitting model to feature number 212, X4.methylthio.2.oxobutanoate
2024-01-25 18:05:57 INFO::Fitting model to feature number 213, X4.ureidobutyrate
2024-01-25 18:05:57 INFO::Fitting model to feature number 214, X5..2.Hydroxyethyl..4.methylthiazole
2024-01-25 18:05:57 INFO::Fitting model to feature number 215, X5..galactosylhydroxy..L.lysine
2024-01-25 18:05:57 INFO::Fitting model to feature number 216, X5.6.dihydrothymine
2024-01-25 18:05:57 INFO::Fitting model to feature number 217, X5.6.dihydrouracil
2024-01-25 18:05:57 INFO::Fitting model to feature number 218, X5.6.dihydrouridine
2024-01-25 18:05:57 INFO::Fitting model to feature number 219, X5.acetylamino.6.amino.3.methyluracil
2024-01-25 18:05:57 INFO::Fitting model to feature number 220, X5.acetylamino.6.formylamino.3.methyluracil
2024-01-25 18:05:58 INFO::Fitting model to feature number 221, X5alpha.androstan.3alpha.17alpha.diol.disulfate
2024-01-25 18:05:58 INFO::Fitting model to feature number 222, X5alpha.androstan.3alpha.17beta.diol.disulfate
2024-01-25 18:05:58 INFO::Fitting model to feature number 223, X5alpha.androstan.3alpha.17beta.diol.monosulfate..1.
2024-01-25 18:05:58 INFO::Fitting model to feature number 224, X5alpha.androstan.3beta.17alpha.diol.disulfate
2024-01-25 18:05:58 INFO::Fitting model to feature number 225, X5alpha.androstan.3beta.17beta.diol.disulfate
2024-01-25 18:05:58 INFO::Fitting model to feature number 226, X5alpha.androstan.3beta.17beta.diol.monosulfate..2.
2024-01-25 18:05:58 INFO::Fitting model to feature number 227, X5alpha.pregnan.3beta.20alpha.diol.disulfate
2024-01-25 18:05:58 INFO::Fitting model to feature number 228, X5alpha.pregnan.3beta.20alpha.diol.monosulfate..1.
2024-01-25 18:05:58 INFO::Fitting model to feature number 229, X5alpha.pregnan.3beta.20beta.diol.monosulfate..1.
2024-01-25 18:05:58 INFO::Fitting model to feature number 230, X5alpha.pregnan.diol.disulfate
2024-01-25 18:05:58 INFO::Fitting model to feature number 231, X5.aminovalerate
2024-01-25 18:05:58 INFO::Fitting model to feature number 232, X5.dodecenoate..12.1n7.
2024-01-25 18:05:58 INFO::Fitting model to feature number 233, X5.dodecenoylcarnitine..C12.1.
2024-01-25 18:05:58 INFO::Fitting model to feature number 234, X5.hydroxyhexanoate
2024-01-25 18:05:58 INFO::Fitting model to feature number 235, X5.hydroxylysine
2024-01-25 18:05:58 INFO::Fitting model to feature number 236, X5.methylthioadenosine..MTA.
2024-01-25 18:05:58 INFO::Fitting model to feature number 237, X5.methyluridine..ribothymidine.
2024-01-25 18:05:58 INFO::Fitting model to feature number 238, X5.oxoproline
2024-01-25 18:05:58 INFO::Fitting model to feature number 239, X6.hydroxynicotinate
2024-01-25 18:05:59 INFO::Fitting model to feature number 240, X6.oxopiperidine.2.carboxylate
2024-01-25 18:05:59 INFO::Fitting model to feature number 241, X7.12.diketolithocholate
2024-01-25 18:05:59 INFO::Fitting model to feature number 242, X7.hydroxycholesterol..alpha.or.beta.
2024-01-25 18:05:59 INFO::Fitting model to feature number 243, X7.ketodeoxycholate
2024-01-25 18:05:59 INFO::Fitting model to feature number 244, X7.ketolithocholate
2024-01-25 18:05:59 INFO::Fitting model to feature number 245, X7.methylguanine
2024-01-25 18:05:59 INFO::Fitting model to feature number 246, X7.methylurate
2024-01-25 18:05:59 INFO::Fitting model to feature number 247, X7.methylxanthine
2024-01-25 18:05:59 INFO::Fitting model to feature number 248, X8.hydroxyguanine
2024-01-25 18:05:59 INFO::Fitting model to feature number 249, X8.hydroxyoctanoate
2024-01-25 18:05:59 INFO::Fitting model to feature number 250, X9.10.DiHOME
2024-01-25 18:05:59 INFO::Fitting model to feature number 251, acesulfame
2024-01-25 18:05:59 INFO::Fitting model to feature number 252, acetylagmatine
2024-01-25 18:05:59 INFO::Fitting model to feature number 253, acetylcarnitine..C2.
2024-01-25 18:05:59 INFO::Fitting model to feature number 254, acetylcholine
2024-01-25 18:05:59 INFO::Fitting model to feature number 255, acisoga
2024-01-25 18:05:59 INFO::Fitting model to feature number 256, aconitate..cis.or.trans.
2024-01-25 18:05:59 INFO::Fitting model to feature number 257, adenine
2024-01-25 18:06:00 INFO::Fitting model to feature number 258, adenosine
2024-01-25 18:06:00 INFO::Fitting model to feature number 259, AMP
2024-01-25 18:06:00 INFO::Fitting model to feature number 260, adipate
2024-01-25 18:06:00 INFO::Fitting model to feature number 261, agmatine
2024-01-25 18:06:00 INFO::Fitting model to feature number 262, alanine
2024-01-25 18:06:00 INFO::Fitting model to feature number 263, alanylleucine
2024-01-25 18:06:00 INFO::Fitting model to feature number 264, allantoin
2024-01-25 18:06:00 INFO::Fitting model to feature number 265, allo.threonine
2024-01-25 18:06:00 INFO::Fitting model to feature number 266, alpha.CEHC
2024-01-25 18:06:00 INFO::Fitting model to feature number 267, alpha.CEHC.sulfate
2024-01-25 18:06:00 INFO::Fitting model to feature number 268, alpha.hydroxycaproate
2024-01-25 18:06:00 INFO::Fitting model to feature number 269, alpha.hydroxyisocaproate
2024-01-25 18:06:00 INFO::Fitting model to feature number 270, alpha.hydroxyisovalerate
2024-01-25 18:06:00 INFO::Fitting model to feature number 271, alpha.ketoglutaramate.
2024-01-25 18:06:00 INFO::Fitting model to feature number 272, alpha.ketoglutarate
2024-01-25 18:06:00 INFO::Fitting model to feature number 273, alpha.tocopherol
2024-01-25 18:06:00 INFO::Fitting model to feature number 274, alpha.tocopherol.acetate
2024-01-25 18:06:00 INFO::Fitting model to feature number 275, alpha.tocotrienol
2024-01-25 18:06:00 INFO::Fitting model to feature number 276, amoxicillin
2024-01-25 18:06:01 INFO::Fitting model to feature number 277, androstenediol..3alpha..17alpha..monosulfate..2.
2024-01-25 18:06:01 INFO::Fitting model to feature number 278, androstenediol..3beta.17beta..disulfate..1.
2024-01-25 18:06:01 INFO::Fitting model to feature number 279, androstenediol..3beta.17beta..disulfate..2.
2024-01-25 18:06:01 INFO::Fitting model to feature number 280, androstenediol..3beta.17beta..monosulfate..1.
2024-01-25 18:06:01 INFO::Fitting model to feature number 281, androsterone.sulfate
2024-01-25 18:06:01 INFO::Fitting model to feature number 282, anserine
2024-01-25 18:06:01 INFO::Fitting model to feature number 283, anthranilate
2024-01-25 18:06:01 INFO::Fitting model to feature number 284, apigenin
2024-01-25 18:06:01 INFO::Fitting model to feature number 285, apiin
2024-01-25 18:06:01 INFO::Fitting model to feature number 286, arabinose
2024-01-25 18:06:01 INFO::Fitting model to feature number 287, arabitol.xylitol
2024-01-25 18:06:01 INFO::Fitting model to feature number 288, arabonate.xylonate
2024-01-25 18:06:01 INFO::Fitting model to feature number 289, arachidate..20.0.
2024-01-25 18:06:01 INFO::Fitting model to feature number 290, arachidonate..20.4n6.
2024-01-25 18:06:01 INFO::Fitting model to feature number 291, arachidonoyl.ethanolamide
2024-01-25 18:06:01 INFO::Fitting model to feature number 292, arachidoyl.ethanolamide..20.0..
2024-01-25 18:06:01 INFO::Fitting model to feature number 293, arachidoylcarnitine..C20..
2024-01-25 18:06:01 INFO::Fitting model to feature number 294, argininate.
2024-01-25 18:06:02 INFO::Fitting model to feature number 295, arginine
2024-01-25 18:06:02 INFO::Fitting model to feature number 296, argininosuccinate
2024-01-25 18:06:02 INFO::Fitting model to feature number 297, asparagine
2024-01-25 18:06:02 INFO::Fitting model to feature number 298, aspartate
2024-01-25 18:06:02 INFO::Fitting model to feature number 299, astaxanthin
2024-01-25 18:06:02 INFO::Fitting model to feature number 300, atenolol
2024-01-25 18:06:02 INFO::Fitting model to feature number 301, atorvastatin..lipitor.
2024-01-25 18:06:02 INFO::Fitting model to feature number 302, atorvastatin.lactone
2024-01-25 18:06:02 INFO::Fitting model to feature number 303, azelate..nonanedioate..C9.
2024-01-25 18:06:02 INFO::Fitting model to feature number 304, behenate..22.0..
2024-01-25 18:06:02 INFO::Fitting model to feature number 305, behenoyl.ethanolamide..22.0..
2024-01-25 18:06:02 INFO::Fitting model to feature number 306, behenoyl.sphingomyelin..d18.1.22.0..
2024-01-25 18:06:02 INFO::Fitting model to feature number 307, behenoylcarnitine..C22..
2024-01-25 18:06:02 INFO::Fitting model to feature number 308, benzoate
2024-01-25 18:06:02 INFO::Fitting model to feature number 309, beta.alanine
2024-01-25 18:06:02 INFO::Fitting model to feature number 310, beta.citrylglutamate
2024-01-25 18:06:02 INFO::Fitting model to feature number 311, beta.cryptoxanthin
2024-01-25 18:06:02 INFO::Fitting model to feature number 312, beta.guanidinopropanoate
2024-01-25 18:06:02 INFO::Fitting model to feature number 313, beta.hydroxyisovalerate
2024-01-25 18:06:03 INFO::Fitting model to feature number 314, betaine
2024-01-25 18:06:03 INFO::Fitting model to feature number 315, beta.sitosterol
2024-01-25 18:06:03 INFO::Fitting model to feature number 316, bilirubin
2024-01-25 18:06:03 INFO::Fitting model to feature number 317, biliverdin
2024-01-25 18:06:03 INFO::Fitting model to feature number 318, biocytin
2024-01-25 18:06:03 INFO::Fitting model to feature number 319, biotin
2024-01-25 18:06:03 INFO::Fitting model to feature number 320, butyrylglycine..C4.
2024-01-25 18:06:03 INFO::Fitting model to feature number 321, cadaverine
2024-01-25 18:06:03 INFO::Fitting model to feature number 322, caffeate
2024-01-25 18:06:03 INFO::Fitting model to feature number 323, caffeic.acid.sulfate
2024-01-25 18:06:03 INFO::Fitting model to feature number 324, caffeine
2024-01-25 18:06:03 INFO::Fitting model to feature number 325, campesterol
2024-01-25 18:06:03 INFO::Fitting model to feature number 326, caprate..10.0.
2024-01-25 18:06:03 INFO::Fitting model to feature number 327, caproate..6.0.
2024-01-25 18:06:03 INFO::Fitting model to feature number 328, caprylate..8.0.
2024-01-25 18:06:03 INFO::Fitting model to feature number 329, carboxyethyl.GABA
2024-01-25 18:06:03 INFO::Fitting model to feature number 330, carboxyibuprofen
2024-01-25 18:06:03 INFO::Fitting model to feature number 331, carboxyibuprofen.glucuronide.
2024-01-25 18:06:03 INFO::Fitting model to feature number 332, carnitine
2024-01-25 18:06:04 INFO::Fitting model to feature number 333, carnosine
2024-01-25 18:06:04 INFO::Fitting model to feature number 334, carotene.diol..1.
2024-01-25 18:06:04 INFO::Fitting model to feature number 335, carotene.diol..2.
2024-01-25 18:06:04 INFO::Fitting model to feature number 336, carotene.diol..3.
2024-01-25 18:06:04 INFO::Fitting model to feature number 337, catechol.sulfate
2024-01-25 18:06:04 INFO::Fitting model to feature number 338, ceramide..d16.1.24.1..d18.1.22.1..
2024-01-25 18:06:04 INFO::Fitting model to feature number 339, ceramide..d18.1.14.0..d16.1.16.0..
2024-01-25 18:06:04 INFO::Fitting model to feature number 340, ceramide..d18.1.17.0..d17.1.18.0..
2024-01-25 18:06:04 INFO::Fitting model to feature number 341, ceramide..d18.1.20.0..d16.1.22.0..d20.1.18.0..
2024-01-25 18:06:04 INFO::Fitting model to feature number 342, ceramide..d18.2.24.1..d18.1.24.2..
2024-01-25 18:06:04 INFO::Fitting model to feature number 343, cerotoylcarnitine..C26..
2024-01-25 18:06:04 INFO::Fitting model to feature number 344, C.glycosyltryptophan
2024-01-25 18:06:04 INFO::Fitting model to feature number 345, chenodeoxycholate
2024-01-25 18:06:04 INFO::Fitting model to feature number 346, chiro.inositol
2024-01-25 18:06:04 INFO::Fitting model to feature number 347, chlorthalidone
2024-01-25 18:06:04 INFO::Fitting model to feature number 348, cholate
2024-01-25 18:06:04 INFO::Fitting model to feature number 349, cholate.sulfate
2024-01-25 18:06:04 INFO::Fitting model to feature number 350, cholesterol
2024-01-25 18:06:04 INFO::Fitting model to feature number 351, cholic.acid.glucuronide
2024-01-25 18:06:05 INFO::Fitting model to feature number 352, choline
2024-01-25 18:06:05 INFO::Fitting model to feature number 353, phosphocholine
2024-01-25 18:06:05 INFO::Fitting model to feature number 354, chrysoeriol
2024-01-25 18:06:05 INFO::Fitting model to feature number 355, ciliatine..2.aminoethylphosphonate.
2024-01-25 18:06:05 INFO::Fitting model to feature number 356, cis.4.decenoylcarnitine..C10.1.
2024-01-25 18:06:05 INFO::Fitting model to feature number 357, citramalate
2024-01-25 18:06:05 INFO::Fitting model to feature number 358, citrate
2024-01-25 18:06:05 INFO::Fitting model to feature number 359, citrulline
2024-01-25 18:06:05 INFO::Fitting model to feature number 360, coprostanol
2024-01-25 18:06:05 INFO::Fitting model to feature number 361, coumaroylquinate..1.
2024-01-25 18:06:05 INFO::Fitting model to feature number 362, coumaroylquinate..3.
2024-01-25 18:06:05 INFO::Fitting model to feature number 363, creatine
2024-01-25 18:06:05 INFO::Fitting model to feature number 364, creatinine
2024-01-25 18:06:05 INFO::Fitting model to feature number 365, cryptochlorogenic.acid
2024-01-25 18:06:05 INFO::Fitting model to feature number 366, curcumin
2024-01-25 18:06:05 INFO::Fitting model to feature number 367, cysteine
2024-01-25 18:06:05 INFO::Fitting model to feature number 368, cysteine.s.sulfate
2024-01-25 18:06:05 INFO::Fitting model to feature number 369, cysteine.sulfinic.acid
2024-01-25 18:06:06 INFO::Fitting model to feature number 370, cysteinylglycine
2024-01-25 18:06:06 INFO::Fitting model to feature number 371, cystine
2024-01-25 18:06:06 INFO::Fitting model to feature number 372, cytidine
2024-01-25 18:06:06 INFO::Fitting model to feature number 373, cytidine.2..3..cyclic.monophosphate
2024-01-25 18:06:06 INFO::Fitting model to feature number 374, cytosine
2024-01-25 18:06:06 INFO::Fitting model to feature number 375, daidzein
2024-01-25 18:06:06 INFO::Fitting model to feature number 376, decanoylcarnitine..C10.
2024-01-25 18:06:06 INFO::Fitting model to feature number 377, dehydroisoandrosterone.sulfate..DHEA.S.
2024-01-25 18:06:06 INFO::Fitting model to feature number 378, dehydrolithocholate
2024-01-25 18:06:06 INFO::Fitting model to feature number 379, delta.tocopherol
2024-01-25 18:06:06 INFO::Fitting model to feature number 380, deoxycarnitine
2024-01-25 18:06:06 INFO::Fitting model to feature number 381, deoxycholate
2024-01-25 18:06:06 INFO::Fitting model to feature number 382, deoxycholic.acid.3.sulfate
2024-01-25 18:06:06 INFO::Fitting model to feature number 383, deoxymugineic.acid
2024-01-25 18:06:06 INFO::Fitting model to feature number 384, desmethylcitalopram.
2024-01-25 18:06:06 INFO::Fitting model to feature number 385, dextromethorphan
2024-01-25 18:06:06 INFO::Fitting model to feature number 386, diacetylspermidine.
2024-01-25 18:06:07 INFO::Fitting model to feature number 387, diacylglycerol..12.0.18.1..14.0.16.1..16.0.14.1...2..
2024-01-25 18:06:07 INFO::Fitting model to feature number 388, diacylglycerol..14.0.18.1..16.0.16.1...1..
2024-01-25 18:06:07 INFO::Fitting model to feature number 389, diacylglycerol..14.0.18.1..16.0.16.1...2..
2024-01-25 18:06:07 INFO::Fitting model to feature number 390, diacylglycerol..16.1.18.2..2...16.0.18.3..1...
2024-01-25 18:06:07 INFO::Fitting model to feature number 391, diaminopimelate
2024-01-25 18:06:07 INFO::Fitting model to feature number 392, digalactosylglycerol.
2024-01-25 18:06:07 INFO::Fitting model to feature number 393, digalacturonic.acid
2024-01-25 18:06:07 INFO::Fitting model to feature number 394, diglycerol
2024-01-25 18:06:07 INFO::Fitting model to feature number 395, dihomolinoleate..20.2n6.
2024-01-25 18:06:07 INFO::Fitting model to feature number 396, dihomolinolenate..20.3n3.or.3n6.
2024-01-25 18:06:07 INFO::Fitting model to feature number 397, dihomo.linolenoylcarnitine..C20.3n3.or.6..
2024-01-25 18:06:07 INFO::Fitting model to feature number 398, dihydrobiopterin
2024-01-25 18:06:07 INFO::Fitting model to feature number 399, dihydrocaffeate
2024-01-25 18:06:07 INFO::Fitting model to feature number 400, dihydrocaffeate.sulfate..2.
2024-01-25 18:06:07 INFO::Fitting model to feature number 401, dihydroferulate
2024-01-25 18:06:07 INFO::Fitting model to feature number 402, dihydroorotate
2024-01-25 18:06:07 INFO::Fitting model to feature number 403, diltiazem
2024-01-25 18:06:08 INFO::Fitting model to feature number 404, dimethylarginine..ADMA...SDMA.
2024-01-25 18:06:08 INFO::Fitting model to feature number 405, dimethylglycine
2024-01-25 18:06:08 INFO::Fitting model to feature number 406, dimethylmalonic.acid
2024-01-25 18:06:08 INFO::Fitting model to feature number 407, diosmetin
2024-01-25 18:06:08 INFO::Fitting model to feature number 408, diphenhydramine
2024-01-25 18:06:08 INFO::Fitting model to feature number 409, dipicolinate
2024-01-25 18:06:08 INFO::Fitting model to feature number 410, docosadienoate..22.2n6.
2024-01-25 18:06:08 INFO::Fitting model to feature number 411, docosahexaenoate..DHA..22.6n3.
2024-01-25 18:06:08 INFO::Fitting model to feature number 412, docosapentaenoate..DPA..22.5n3.
2024-01-25 18:06:08 INFO::Fitting model to feature number 413, docosapentaenoate..n6.DPA..22.5n6.
2024-01-25 18:06:08 INFO::Fitting model to feature number 414, dodecanedioate..C12.
2024-01-25 18:06:08 INFO::Fitting model to feature number 415, dodecenedioate..C12.1.DC..
2024-01-25 18:06:08 INFO::Fitting model to feature number 416, dopamine
2024-01-25 18:06:08 INFO::Fitting model to feature number 417, D.urobilin
2024-01-25 18:06:08 INFO::Fitting model to feature number 418, ectoine
2024-01-25 18:06:08 INFO::Fitting model to feature number 419, eicosanoylsphingosine..d20.1..
2024-01-25 18:06:08 INFO::Fitting model to feature number 420, eicosapentaenoate..EPA..20.5n3.
2024-01-25 18:06:08 INFO::Fitting model to feature number 421, eicosenoate..20.1n9.or.1n11.
2024-01-25 18:06:09 INFO::Fitting model to feature number 422, eicosenoylcarnitine..C20.1..
2024-01-25 18:06:09 INFO::Fitting model to feature number 423, enterolactone
2024-01-25 18:06:09 INFO::Fitting model to feature number 424, epiandrosterone.sulfate
2024-01-25 18:06:09 INFO::Fitting model to feature number 425, epicatechin
2024-01-25 18:06:09 INFO::Fitting model to feature number 426, ergosterol
2024-01-25 18:06:09 INFO::Fitting model to feature number 427, eriocitrin
2024-01-25 18:06:09 INFO::Fitting model to feature number 428, eriodictyol
2024-01-25 18:06:09 INFO::Fitting model to feature number 429, erucate..22.1n9.
2024-01-25 18:06:09 INFO::Fitting model to feature number 430, erucoylcarnitine..C22.1..
2024-01-25 18:06:09 INFO::Fitting model to feature number 431, erythritol
2024-01-25 18:06:09 INFO::Fitting model to feature number 432, erythronate.
2024-01-25 18:06:09 INFO::Fitting model to feature number 433, erythrose
2024-01-25 18:06:09 INFO::Fitting model to feature number 434, escitalopram
2024-01-25 18:06:09 INFO::Fitting model to feature number 435, estrone
2024-01-25 18:06:09 INFO::Fitting model to feature number 436, ethylmalonate
2024-01-25 18:06:09 INFO::Fitting model to feature number 437, famotidine
2024-01-25 18:06:10 INFO::Fitting model to feature number 438, ferulate
2024-01-25 18:06:10 INFO::Fitting model to feature number 439, ferulic.acid.4.sulfate
2024-01-25 18:06:10 INFO::Fitting model to feature number 440, feruloylputrescine
2024-01-25 18:06:10 INFO::Fitting model to feature number 441, ferulylglycine..1.
2024-01-25 18:06:10 INFO::Fitting model to feature number 442, ferulylglycine..2.
2024-01-25 18:06:10 INFO::Fitting model to feature number 443, fexofenadine
2024-01-25 18:06:10 INFO::Fitting model to feature number 444, formiminoglutamate
2024-01-25 18:06:10 INFO::Fitting model to feature number 445, fructose
2024-01-25 18:06:10 INFO::Fitting model to feature number 446, fucose
2024-01-25 18:06:10 INFO::Fitting model to feature number 447, fumarate
2024-01-25 18:06:10 INFO::Fitting model to feature number 448, furaneol.sulfate
2024-01-25 18:06:10 INFO::Fitting model to feature number 449, gabapentin
2024-01-25 18:06:10 INFO::Fitting model to feature number 450, galactitol..dulcitol.
2024-01-25 18:06:10 INFO::Fitting model to feature number 451, galactonate
2024-01-25 18:06:10 INFO::Fitting model to feature number 452, galactosylglycerol.
2024-01-25 18:06:10 INFO::Fitting model to feature number 453, gamma.CEHC
2024-01-25 18:06:11 INFO::Fitting model to feature number 454, gamma.CEHC.glucuronide.
2024-01-25 18:06:11 INFO::Fitting model to feature number 455, gamma.CEHC.sulfate.
2024-01-25 18:06:11 INFO::Fitting model to feature number 456, gamma.glutamyl.alpha.lysine
2024-01-25 18:06:11 INFO::Fitting model to feature number 457, gamma.glutamylcitrulline.
2024-01-25 18:06:11 INFO::Fitting model to feature number 458, gamma.glutamyl.epsilon.lysine
2024-01-25 18:06:11 INFO::Fitting model to feature number 459, gamma.glutamylglutamate
2024-01-25 18:06:11 INFO::Fitting model to feature number 460, gamma.glutamylglutamine
2024-01-25 18:06:11 INFO::Fitting model to feature number 461, gamma.glutamylglycine
2024-01-25 18:06:11 INFO::Fitting model to feature number 462, gamma.glutamylhistidine
2024-01-25 18:06:11 INFO::Fitting model to feature number 463, gamma.glutamylisoleucine.
2024-01-25 18:06:11 INFO::Fitting model to feature number 464, gamma.glutamylleucine
2024-01-25 18:06:11 INFO::Fitting model to feature number 465, gamma.glutamylmethionine
2024-01-25 18:06:11 INFO::Fitting model to feature number 466, gamma.glutamylphenylalanine
2024-01-25 18:06:11 INFO::Fitting model to feature number 467, gamma.glutamylthreonine
2024-01-25 18:06:11 INFO::Fitting model to feature number 468, gamma.glutamyltyrosine
2024-01-25 18:06:11 INFO::Fitting model to feature number 469, gamma.tocopherol.beta.tocopherol
2024-01-25 18:06:11 INFO::Fitting model to feature number 470, gamma.tocotrienol
2024-01-25 18:06:12 INFO::Fitting model to feature number 471, genistein
2024-01-25 18:06:12 INFO::Fitting model to feature number 472, gentisate
2024-01-25 18:06:12 INFO::Fitting model to feature number 473, gentisic.acid.5.glucoside
2024-01-25 18:06:12 INFO::Fitting model to feature number 474, gluconate
2024-01-25 18:06:12 INFO::Fitting model to feature number 475, glucose
2024-01-25 18:06:12 INFO::Fitting model to feature number 476, glucuronate
2024-01-25 18:06:12 INFO::Fitting model to feature number 477, glucuronide.of.piperine.metabolite.C17H21NO3..1..
2024-01-25 18:06:12 INFO::Fitting model to feature number 478, glutamate
2024-01-25 18:06:12 INFO::Fitting model to feature number 479, glutamate..gamma.methyl.ester
2024-01-25 18:06:12 INFO::Fitting model to feature number 480, glutamine
2024-01-25 18:06:12 INFO::Fitting model to feature number 481, glutaminylleucine
2024-01-25 18:06:12 INFO::Fitting model to feature number 482, glutamyl.meso.diaminopimelate
2024-01-25 18:06:12 INFO::Fitting model to feature number 483, glutarate..C5.DC.
2024-01-25 18:06:12 INFO::Fitting model to feature number 484, glycerate
2024-01-25 18:06:12 INFO::Fitting model to feature number 485, glycerol
2024-01-25 18:06:12 INFO::Fitting model to feature number 486, glycerol.3.phosphate
2024-01-25 18:06:12 INFO::Fitting model to feature number 487, glycerophosphoethanolamine
2024-01-25 18:06:13 INFO::Fitting model to feature number 488, glycerophosphoglycerol
2024-01-25 18:06:13 INFO::Fitting model to feature number 489, glycerophosphoinositol.
2024-01-25 18:06:13 INFO::Fitting model to feature number 490, glycerophosphorylcholine..GPC.
2024-01-25 18:06:13 INFO::Fitting model to feature number 491, glycerophosphoserine.
2024-01-25 18:06:13 INFO::Fitting model to feature number 492, glycine
2024-01-25 18:06:13 INFO::Fitting model to feature number 493, glycitein
2024-01-25 18:06:13 INFO::Fitting model to feature number 494, glycochenodeoxycholate
2024-01-25 18:06:13 INFO::Fitting model to feature number 495, glycochenodeoxycholate.3.sulfate
2024-01-25 18:06:13 INFO::Fitting model to feature number 496, glycochenodeoxycholate.glucuronide..1.
2024-01-25 18:06:13 INFO::Fitting model to feature number 497, glycocholate
2024-01-25 18:06:13 INFO::Fitting model to feature number 498, glycocholate.glucuronide..1.
2024-01-25 18:06:13 INFO::Fitting model to feature number 499, glycocholate.sulfate
2024-01-25 18:06:13 INFO::Fitting model to feature number 500, glycocholenate.sulfate.
2024-01-25 18:06:13 INFO::Fitting model to feature number 501, glycodeoxycholate
2024-01-25 18:06:14 INFO::Fitting model to feature number 502, glycodeoxycholate.3.sulfate
2024-01-25 18:06:14 INFO::Fitting model to feature number 503, glycohyocholate
2024-01-25 18:06:14 INFO::Fitting model to feature number 504, glycolithocholate
2024-01-25 18:06:14 INFO::Fitting model to feature number 505, glycolithocholate.sulfate.
2024-01-25 18:06:14 INFO::Fitting model to feature number 506, glycosyl.ceramide..d18.2.24.1..d18.1.24.2..
2024-01-25 18:06:14 INFO::Fitting model to feature number 507, glycosyl.N..2.hydroxynervonoyl..sphingosine..d18.1.24.1.2OH...
2024-01-25 18:06:14 INFO::Fitting model to feature number 508, glycosyl.N.palmitoyl.sphingosine..d18.1.16.0.
2024-01-25 18:06:14 INFO::Fitting model to feature number 509, glycosyl.N.stearoyl.sphingosine..d18.1.18.0.
2024-01-25 18:06:14 INFO::Fitting model to feature number 510, glycoursodeoxycholate
2024-01-25 18:06:14 INFO::Fitting model to feature number 511, glycylisoleucine
2024-01-25 18:06:14 INFO::Fitting model to feature number 512, glycylleucine
2024-01-25 18:06:14 INFO::Fitting model to feature number 513, glycylvaline
2024-01-25 18:06:14 INFO::Fitting model to feature number 514, guanidinoacetate
2024-01-25 18:06:14 INFO::Fitting model to feature number 515, guanine
2024-01-25 18:06:15 INFO::Fitting model to feature number 516, guanosine
2024-01-25 18:06:15 INFO::Fitting model to feature number 517, gulonate.
2024-01-25 18:06:15 INFO::Fitting model to feature number 518, harmane
2024-01-25 18:06:15 INFO::Fitting model to feature number 519, heneicosapentaenoate..21.5n3.
2024-01-25 18:06:15 INFO::Fitting model to feature number 520, heptanoate..7.0.
2024-01-25 18:06:15 INFO::Fitting model to feature number 521, hesperetin
2024-01-25 18:06:15 INFO::Fitting model to feature number 522, hesperidin
2024-01-25 18:06:15 INFO::Fitting model to feature number 523, hexadecadienoate..16.2n6.
2024-01-25 18:06:15 INFO::Fitting model to feature number 524, hexadecanedioate..C16.
2024-01-25 18:06:15 INFO::Fitting model to feature number 525, hexadecasphinganine..d16.0..
2024-01-25 18:06:15 INFO::Fitting model to feature number 526, hexadecasphingosine..d16.1..
2024-01-25 18:06:15 INFO::Fitting model to feature number 527, hexadecatrienoate..16.3n3.
2024-01-25 18:06:15 INFO::Fitting model to feature number 528, hippurate
2024-01-25 18:06:15 INFO::Fitting model to feature number 529, histamine
2024-01-25 18:06:15 INFO::Fitting model to feature number 530, histidine
2024-01-25 18:06:16 INFO::Fitting model to feature number 531, histidine.betaine..hercynine..
2024-01-25 18:06:16 INFO::Fitting model to feature number 532, histidylalanine
2024-01-25 18:06:16 INFO::Fitting model to feature number 533, homocitrulline
2024-01-25 18:06:16 INFO::Fitting model to feature number 534, homoserine..homoserine.lactone.
2024-01-25 18:06:16 INFO::Fitting model to feature number 535, hydantoin.5.propionate
2024-01-25 18:06:16 INFO::Fitting model to feature number 536, hydrochlorothiazide
2024-01-25 18:06:16 INFO::Fitting model to feature number 537, hydroxymethylpyrimidine
2024-01-25 18:06:16 INFO::Fitting model to feature number 538, hyocholate
2024-01-25 18:06:16 INFO::Fitting model to feature number 539, hypoxanthine
2024-01-25 18:06:16 INFO::Fitting model to feature number 540, imidazole.lactate
2024-01-25 18:06:16 INFO::Fitting model to feature number 541, imidazole.propionate
2024-01-25 18:06:16 INFO::Fitting model to feature number 542, indole
2024-01-25 18:06:16 INFO::Fitting model to feature number 543, indoleacetate
2024-01-25 18:06:16 INFO::Fitting model to feature number 544, indolelactate
2024-01-25 18:06:16 INFO::Fitting model to feature number 545, indolepropionate
2024-01-25 18:06:16 INFO::Fitting model to feature number 546, indolin.2.one
2024-01-25 18:06:16 INFO::Fitting model to feature number 547, inosine
2024-01-25 18:06:16 INFO::Fitting model to feature number 548, isobutyrylglycine..C4.
2024-01-25 18:06:17 INFO::Fitting model to feature number 549, isocaproate..i6.0.
2024-01-25 18:06:17 INFO::Fitting model to feature number 550, isoleucine
2024-01-25 18:06:17 INFO::Fitting model to feature number 551, isoleucylglycine
2024-01-25 18:06:17 INFO::Fitting model to feature number 552, isoursodeoxycholate
2024-01-25 18:06:17 INFO::Fitting model to feature number 553, isovalerate..C5.
2024-01-25 18:06:17 INFO::Fitting model to feature number 554, isovalerylglycine
2024-01-25 18:06:17 INFO::Fitting model to feature number 555, isovitexin
2024-01-25 18:06:17 INFO::Fitting model to feature number 556, I.urobilinogen
2024-01-25 18:06:17 INFO::Fitting model to feature number 557, kynurenate
2024-01-25 18:06:17 INFO::Fitting model to feature number 558, kynurenine
2024-01-25 18:06:17 INFO::Fitting model to feature number 559, lactate
2024-01-25 18:06:17 INFO::Fitting model to feature number 560, lactosyl.N.behenoyl.sphingosine..d18.1.22.0..
2024-01-25 18:06:17 INFO::Fitting model to feature number 561, lactosyl.N.nervonoyl.sphingosine..d18.1.24.1..
2024-01-25 18:06:18 INFO::Fitting model to feature number 562, lactosyl.N.palmitoyl.sphingosine..d18.1.16.0.
2024-01-25 18:06:18 INFO::Fitting model to feature number 563, LAHSA..18.2.OH.18.0..
2024-01-25 18:06:18 INFO::Fitting model to feature number 564, lanosterol
2024-01-25 18:06:18 INFO::Fitting model to feature number 565, laurate..12.0.
2024-01-25 18:06:18 INFO::Fitting model to feature number 566, laurylcarnitine..C12.
2024-01-25 18:06:18 INFO::Fitting model to feature number 567, leucine
2024-01-25 18:06:18 INFO::Fitting model to feature number 568, leucylalanine
2024-01-25 18:06:18 INFO::Fitting model to feature number 569, leucylglutamine.
2024-01-25 18:06:18 INFO::Fitting model to feature number 570, leucylglycine
2024-01-25 18:06:18 INFO::Fitting model to feature number 571, levetiracetam
2024-01-25 18:06:18 INFO::Fitting model to feature number 572, levulinate..4.oxovalerate.
2024-01-25 18:06:18 INFO::Fitting model to feature number 573, lignoceroyl.ethanolamide..24.0..
2024-01-25 18:06:18 INFO::Fitting model to feature number 574, lignoceroylcarnitine..C24..
2024-01-25 18:06:18 INFO::Fitting model to feature number 575, linoleate..18.2n6.
2024-01-25 18:06:18 INFO::Fitting model to feature number 576, linolenate..18.3n3.or.3n6.
2024-01-25 18:06:18 INFO::Fitting model to feature number 577, linolenoyl.ethanolamide
2024-01-25 18:06:19 INFO::Fitting model to feature number 578, linolenoyl.linolenoyl.glycerol..18.3.18.3...1..
2024-01-25 18:06:19 INFO::Fitting model to feature number 579, linolenoyl.linolenoyl.glycerol..18.3.18.3...2..
2024-01-25 18:06:19 INFO::Fitting model to feature number 580, linoleoyl.ethanolamide
2024-01-25 18:06:19 INFO::Fitting model to feature number 581, linoleoylcarnitine..C18.2..
2024-01-25 18:06:19 INFO::Fitting model to feature number 582, linoleoyl.linolenoyl.glycerol..18.2.18.3...1..
2024-01-25 18:06:19 INFO::Fitting model to feature number 583, linoleoyl.linolenoyl.glycerol..18.2.18.3...2..
2024-01-25 18:06:19 INFO::Fitting model to feature number 584, linoleoyl.linoleoyl.glycerol..18.2.18.2...1..
2024-01-25 18:06:19 INFO::Fitting model to feature number 585, linoleoyl.linoleoyl.glycerol..18.2.18.2...2..
2024-01-25 18:06:19 INFO::Fitting model to feature number 586, lisinopril
2024-01-25 18:06:19 INFO::Fitting model to feature number 587, lithocholate
2024-01-25 18:06:20 INFO::Fitting model to feature number 588, lithocholate.sulfate..1.
2024-01-25 18:06:20 INFO::Fitting model to feature number 589, lithocholic.acid.sulfate..2.
2024-01-25 18:06:20 INFO::Fitting model to feature number 590, loperamide
2024-01-25 18:06:20 INFO::Fitting model to feature number 591, L.urobilin
2024-01-25 18:06:20 INFO::Fitting model to feature number 592, luteolin
2024-01-25 18:06:20 INFO::Fitting model to feature number 593, lysine
2024-01-25 18:06:20 INFO::Fitting model to feature number 594, lysylleucine
2024-01-25 18:06:20 INFO::Fitting model to feature number 595, malate
2024-01-25 18:06:20 INFO::Fitting model to feature number 596, maleate
2024-01-25 18:06:20 INFO::Fitting model to feature number 597, malonate
2024-01-25 18:06:20 INFO::Fitting model to feature number 598, malonylcarnitine
2024-01-25 18:06:20 INFO::Fitting model to feature number 599, maltose
2024-01-25 18:06:20 INFO::Fitting model to feature number 600, mannitol.sorbitol
2024-01-25 18:06:20 INFO::Fitting model to feature number 601, mannose
2024-01-25 18:06:20 INFO::Fitting model to feature number 602, margarate..17.0.
2024-01-25 18:06:20 INFO::Fitting model to feature number 603, margaroylcarnitine..C17..
2024-01-25 18:06:21 INFO::Fitting model to feature number 604, mead.acid..20.3n9.
2024-01-25 18:06:21 INFO::Fitting model to feature number 605, meadoylcarnitine..C20.3n9..
2024-01-25 18:06:21 INFO::Fitting model to feature number 606, methionine
2024-01-25 18:06:21 INFO::Fitting model to feature number 607, methionine.sulfone
2024-01-25 18:06:21 INFO::Fitting model to feature number 608, methionine.sulfoxide
2024-01-25 18:06:21 INFO::Fitting model to feature number 609, methylmalonate..MMA.
2024-01-25 18:06:21 INFO::Fitting model to feature number 610, methylphosphate
2024-01-25 18:06:21 INFO::Fitting model to feature number 611, methylsuccinate
2024-01-25 18:06:21 INFO::Fitting model to feature number 612, metoprolol.acid.metabolite.
2024-01-25 18:06:21 INFO::Fitting model to feature number 613, mevalonate
2024-01-25 18:06:21 INFO::Fitting model to feature number 614, mevalonolactone
2024-01-25 18:06:21 INFO::Fitting model to feature number 615, m.tyramine
2024-01-25 18:06:21 INFO::Fitting model to feature number 616, myo.inositol
2024-01-25 18:06:21 INFO::Fitting model to feature number 617, myristate..14.0.
2024-01-25 18:06:21 INFO::Fitting model to feature number 618, myristoleate..14.1n5.
2024-01-25 18:06:22 INFO::Fitting model to feature number 619, myristoleoylcarnitine..C14.1..
2024-01-25 18:06:22 INFO::Fitting model to feature number 620, myristoylcarnitine..C14.
2024-01-25 18:06:22 INFO::Fitting model to feature number 621, N..1..acetylspermidine
2024-01-25 18:06:22 INFO::Fitting model to feature number 622, N..2.hydroxypalmitoyl..sphingosine..d18.1.16.0.2OH..
2024-01-25 18:06:22 INFO::Fitting model to feature number 623, N.N.N.trimethyl.5.aminovalerate
2024-01-25 18:06:22 INFO::Fitting model to feature number 624, N.N.dimethyl.5.aminovalerate
2024-01-25 18:06:22 INFO::Fitting model to feature number 625, N1.N12.diacetylspermine
2024-01-25 18:06:22 INFO::Fitting model to feature number 626, N1.Methyl.2.pyridone.5.carboxamide
2024-01-25 18:06:22 INFO::Fitting model to feature number 627, X1.methyladenosine
2024-01-25 18:06:22 INFO::Fitting model to feature number 628, N2.N5.diacetylornithine
2024-01-25 18:06:22 INFO::Fitting model to feature number 629, N2.acetyllysine
2024-01-25 18:06:22 INFO::Fitting model to feature number 630, N6.N6.N6.trimethyllysine
2024-01-25 18:06:22 INFO::Fitting model to feature number 631, N6.acetyllysine
2024-01-25 18:06:22 INFO::Fitting model to feature number 632, N6.carboxyethyllysine
2024-01-25 18:06:22 INFO::Fitting model to feature number 633, N6.carboxymethyllysine
2024-01-25 18:06:22 INFO::Fitting model to feature number 634, N6.formyllysine
2024-01-25 18:06:22 INFO::Fitting model to feature number 635, N.acetyl.1.methylhistidine.
2024-01-25 18:06:23 INFO::Fitting model to feature number 636, N.acetyl.3.methylhistidine.
2024-01-25 18:06:23 INFO::Fitting model to feature number 637, N.acetylalanine
2024-01-25 18:06:23 INFO::Fitting model to feature number 638, N.acetylarginine
2024-01-25 18:06:23 INFO::Fitting model to feature number 639, N.acetylasparagine
2024-01-25 18:06:23 INFO::Fitting model to feature number 640, N.acetylaspartate..NAA.
2024-01-25 18:06:23 INFO::Fitting model to feature number 641, N.acetyl.aspartyl.glutamate..NAAG.
2024-01-25 18:06:23 INFO::Fitting model to feature number 642, N.acetyl.beta.glucosaminylamine
2024-01-25 18:06:23 INFO::Fitting model to feature number 643, N.acetyl.cadaverine
2024-01-25 18:06:23 INFO::Fitting model to feature number 644, N.acetylcitrulline
2024-01-25 18:06:23 INFO::Fitting model to feature number 645, N.acetylcysteine
2024-01-25 18:06:23 INFO::Fitting model to feature number 646, N.acetylglucosamine.N.acetylgalactosamine
2024-01-25 18:06:23 INFO::Fitting model to feature number 647, N.acetylglucosaminylasparagine
2024-01-25 18:06:23 INFO::Fitting model to feature number 648, N.acetylglutamate
2024-01-25 18:06:23 INFO::Fitting model to feature number 649, N.acetylglutamine
2024-01-25 18:06:23 INFO::Fitting model to feature number 650, N.acetylglycine
2024-01-25 18:06:23 INFO::Fitting model to feature number 651, N.acetylhistamine
2024-01-25 18:06:24 INFO::Fitting model to feature number 652, N.acetylhistidine
2024-01-25 18:06:24 INFO::Fitting model to feature number 653, N.acetylisoleucine
2024-01-25 18:06:24 INFO::Fitting model to feature number 654, N.acetyl.isoputreanine.
2024-01-25 18:06:24 INFO::Fitting model to feature number 655, N.acetylleucine
2024-01-25 18:06:24 INFO::Fitting model to feature number 656, N.acetylmethionine
2024-01-25 18:06:24 INFO::Fitting model to feature number 657, N.acetylmethionine.sulfoxide
2024-01-25 18:06:24 INFO::Fitting model to feature number 658, N.acetylmuramate
2024-01-25 18:06:24 INFO::Fitting model to feature number 659, N.acetylneuraminate
2024-01-25 18:06:24 INFO::Fitting model to feature number 660, N.acetylphenylalanine
2024-01-25 18:06:24 INFO::Fitting model to feature number 661, N.acetylproline
2024-01-25 18:06:24 INFO::Fitting model to feature number 662, N.acetylputrescine
2024-01-25 18:06:24 INFO::Fitting model to feature number 663, N.acetylserine
2024-01-25 18:06:24 INFO::Fitting model to feature number 664, N.acetylsphingosine
2024-01-25 18:06:24 INFO::Fitting model to feature number 665, N.acetyltaurine
2024-01-25 18:06:24 INFO::Fitting model to feature number 666, N.acetylthreonine
2024-01-25 18:06:24 INFO::Fitting model to feature number 667, N.acetyltryptophan
2024-01-25 18:06:24 INFO::Fitting model to feature number 668, N.acetyltyrosine
2024-01-25 18:06:25 INFO::Fitting model to feature number 669, N.acetylvaline
2024-01-25 18:06:25 INFO::Fitting model to feature number 670, N.alpha.acetylornithine
2024-01-25 18:06:25 INFO::Fitting model to feature number 671, naringenin
2024-01-25 18:06:25 INFO::Fitting model to feature number 672, naringenin.7.O.glucoside
2024-01-25 18:06:25 INFO::Fitting model to feature number 673, narirutin
2024-01-25 18:06:25 INFO::Fitting model to feature number 674, N.behenoyl.sphingadienine..d18.2.22.0..
2024-01-25 18:06:25 INFO::Fitting model to feature number 675, N.carbamoylaspartate
2024-01-25 18:06:25 INFO::Fitting model to feature number 676, N.delta.acetylornithine
2024-01-25 18:06:25 INFO::Fitting model to feature number 677, nervonoylcarnitine..C24.1..
2024-01-25 18:06:25 INFO::Fitting model to feature number 678, N.formylanthranilic.acid
2024-01-25 18:06:25 INFO::Fitting model to feature number 679, N.formylmethionine
2024-01-25 18:06:25 INFO::Fitting model to feature number 680, N.formylphenylalanine
2024-01-25 18:06:25 INFO::Fitting model to feature number 681, nicotianamine
2024-01-25 18:06:25 INFO::Fitting model to feature number 682, nicotinamide
2024-01-25 18:06:25 INFO::Fitting model to feature number 683, nicotinamide.riboside
2024-01-25 18:06:25 INFO::Fitting model to feature number 684, nicotinate
2024-01-25 18:06:26 INFO::Fitting model to feature number 685, nicotinate.ribonucleoside
2024-01-25 18:06:26 INFO::Fitting model to feature number 686, N.linoleoylglycine
2024-01-25 18:06:26 INFO::Fitting model to feature number 687, N.methylalanine
2024-01-25 18:06:26 INFO::Fitting model to feature number 688, N.methylhydantoin
2024-01-25 18:06:26 INFO::Fitting model to feature number 689, N.methylhydroxyproline
2024-01-25 18:06:26 INFO::Fitting model to feature number 690, N.methylphenylalanine
2024-01-25 18:06:26 INFO::Fitting model to feature number 691, N.methylpipecolate
2024-01-25 18:06:26 INFO::Fitting model to feature number 692, N.methylproline
2024-01-25 18:06:26 INFO::Fitting model to feature number 693, N.oleoylglycine
2024-01-25 18:06:26 INFO::Fitting model to feature number 694, N.oleoyl.sphingosine..d18.1.18.1..
2024-01-25 18:06:26 INFO::Fitting model to feature number 695, N.oleoyltaurine
2024-01-25 18:06:26 INFO::Fitting model to feature number 696, nonadecanoate..19.0.
2024-01-25 18:06:26 INFO::Fitting model to feature number 697, norvaline
2024-01-25 18:06:26 INFO::Fitting model to feature number 698, N.palmitoylglycine
2024-01-25 18:06:26 INFO::Fitting model to feature number 699, N.palmitoyl.sphinganine..d18.0.16.0.
2024-01-25 18:06:26 INFO::Fitting model to feature number 700, N.palmitoyl.sphingosine..d18.1.16.0.
2024-01-25 18:06:26 INFO::Fitting model to feature number 701, N.palmitoyltaurine
2024-01-25 18:06:26 INFO::Fitting model to feature number 702, N.propionylalanine
2024-01-25 18:06:27 INFO::Fitting model to feature number 703, N.stearoyl.sphinganine..d18.0.18.0..
2024-01-25 18:06:27 INFO::Fitting model to feature number 704, N.stearoyl.sphingosine..d18.1.18.0..
2024-01-25 18:06:27 INFO::Fitting model to feature number 705, OAHSA..18.1.OH.18.0.
2024-01-25 18:06:27 INFO::Fitting model to feature number 706, octadecadienedioate..C18.2.DC..
2024-01-25 18:06:27 INFO::Fitting model to feature number 707, octadecanedioate..C18.
2024-01-25 18:06:27 INFO::Fitting model to feature number 708, octadecenedioate..C18.1.DC..
2024-01-25 18:06:27 INFO::Fitting model to feature number 709, octadecenedioylcarnitine..C18.1.DC..
2024-01-25 18:06:27 INFO::Fitting model to feature number 710, octanoylcarnitine..C8.
2024-01-25 18:06:27 INFO::Fitting model to feature number 711, o.hydroxyatorvastatin
2024-01-25 18:06:27 INFO::Fitting model to feature number 712, o.hydroxyatorvastatin.lactone
2024-01-25 18:06:27 INFO::Fitting model to feature number 713, oleate.vaccenate..18.1.
2024-01-25 18:06:27 INFO::Fitting model to feature number 714, oleoyl.ethanolamide
2024-01-25 18:06:27 INFO::Fitting model to feature number 715, oleoylcarnitine..C18.
2024-01-25 18:06:27 INFO::Fitting model to feature number 716, oleoylcholine
2024-01-25 18:06:27 INFO::Fitting model to feature number 717, oleoyl.linoleoyl.glycerol..18.1.18.2...1.
2024-01-25 18:06:27 INFO::Fitting model to feature number 718, oleoyl.linoleoyl.glycerol..18.1.18.2...2.
2024-01-25 18:06:27 INFO::Fitting model to feature number 719, oleoyl.oleoyl.glycerol..18.1.18.1....1..
2024-01-25 18:06:28 INFO::Fitting model to feature number 720, oleoyl.oleoyl.glycerol..18.1.18.1...2..
2024-01-25 18:06:28 INFO::Fitting model to feature number 721, ornithine
2024-01-25 18:06:28 INFO::Fitting model to feature number 722, orotate
2024-01-25 18:06:28 INFO::Fitting model to feature number 723, orotidine
2024-01-25 18:06:28 INFO::Fitting model to feature number 724, O.sulfo.L.tyrosine
2024-01-25 18:06:28 INFO::Fitting model to feature number 725, o.Tyrosine
2024-01-25 18:06:28 INFO::Fitting model to feature number 726, oxalate..ethanedioate.
2024-01-25 18:06:28 INFO::Fitting model to feature number 727, PAHSA..16.0.OH.18.0.
2024-01-25 18:06:28 INFO::Fitting model to feature number 728, palmitate..16.0.
2024-01-25 18:06:28 INFO::Fitting model to feature number 729, palmitoleate..16.1n7.
2024-01-25 18:06:28 INFO::Fitting model to feature number 730, palmitoleoyl.ethanolamide.
2024-01-25 18:06:28 INFO::Fitting model to feature number 731, palmitoleoylcarnitine..C16.1..
2024-01-25 18:06:28 INFO::Fitting model to feature number 732, palmitoleoyl.linoleoyl.glycerol..16.1.18.2...1..
2024-01-25 18:06:28 INFO::Fitting model to feature number 733, palmitoleoyl.oleoyl.glycerol..16.1.18.1...1..
2024-01-25 18:06:28 INFO::Fitting model to feature number 734, palmitoyl.dihydrosphingomyelin..d18.0.16.0..
2024-01-25 18:06:29 INFO::Fitting model to feature number 735, palmitoyl.ethanolamide
2024-01-25 18:06:29 INFO::Fitting model to feature number 736, palmitoyl.sphingomyelin..d18.1.16.0.
2024-01-25 18:06:29 INFO::Fitting model to feature number 737, palmitoylcarnitine..C16.
2024-01-25 18:06:29 INFO::Fitting model to feature number 738, palmitoylcholine
2024-01-25 18:06:29 INFO::Fitting model to feature number 739, palmitoyl.linolenoyl.glycerol..16.0.18.3...2..
2024-01-25 18:06:29 INFO::Fitting model to feature number 740, palmitoyl.linoleoyl.glycerol..16.0.18.2...1..
2024-01-25 18:06:29 INFO::Fitting model to feature number 741, palmitoyl.linoleoyl.glycerol..16.0.18.2...2..
2024-01-25 18:06:29 INFO::Fitting model to feature number 742, palmitoyl.oleoyl.glycerol..16.0.18.1...1..
2024-01-25 18:06:29 INFO::Fitting model to feature number 743, palmitoyl.oleoyl.glycerol..16.0.18.1...2..
2024-01-25 18:06:29 INFO::Fitting model to feature number 744, pantothenate..Vitamin.B5.
2024-01-25 18:06:29 INFO::Fitting model to feature number 745, p.cresol
2024-01-25 18:06:29 INFO::Fitting model to feature number 746, p.cresol.sulfate
2024-01-25 18:06:29 INFO::Fitting model to feature number 747, pelargonate..9.0.
2024-01-25 18:06:30 INFO::Fitting model to feature number 748, pentadecanoate..15.0.
2024-01-25 18:06:30 INFO::Fitting model to feature number 749, phenethylamine
2024-01-25 18:06:30 INFO::Fitting model to feature number 750, phenol.sulfate
2024-01-25 18:06:30 INFO::Fitting model to feature number 751, phenylacetate
2024-01-25 18:06:30 INFO::Fitting model to feature number 752, phenylacetylglutamate
2024-01-25 18:06:30 INFO::Fitting model to feature number 753, phenylacetylglutamine
2024-01-25 18:06:30 INFO::Fitting model to feature number 754, phenylalanine
2024-01-25 18:06:30 INFO::Fitting model to feature number 755, phenylalanylalanine
2024-01-25 18:06:30 INFO::Fitting model to feature number 756, phenylalanylglycine
2024-01-25 18:06:30 INFO::Fitting model to feature number 757, phenyllactate..PLA.
2024-01-25 18:06:30 INFO::Fitting model to feature number 758, phenylpyruvate
2024-01-25 18:06:30 INFO::Fitting model to feature number 759, pheophorbide.A
2024-01-25 18:06:30 INFO::Fitting model to feature number 760, pheophytin.A
2024-01-25 18:06:30 INFO::Fitting model to feature number 761, phosphate
2024-01-25 18:06:30 INFO::Fitting model to feature number 762, p.hydroxyatorvastatin
2024-01-25 18:06:30 INFO::Fitting model to feature number 763, p.hydroxyatorvastatin.lactone
2024-01-25 18:06:31 INFO::Fitting model to feature number 764, p.hydroxybenzaldehyde
2024-01-25 18:06:31 INFO::Fitting model to feature number 765, phytanate
2024-01-25 18:06:31 INFO::Fitting model to feature number 766, phytosphingosine
2024-01-25 18:06:31 INFO::Fitting model to feature number 767, picolinate
2024-01-25 18:06:31 INFO::Fitting model to feature number 768, pimelate..C7.DC.
2024-01-25 18:06:31 INFO::Fitting model to feature number 769, pipecolate
2024-01-25 18:06:31 INFO::Fitting model to feature number 770, piperidine
2024-01-25 18:06:31 INFO::Fitting model to feature number 771, piperine
2024-01-25 18:06:31 INFO::Fitting model to feature number 772, ponciretin
2024-01-25 18:06:31 INFO::Fitting model to feature number 773, pregabalin
2024-01-25 18:06:31 INFO::Fitting model to feature number 774, pregnen.diol.disulfate.
2024-01-25 18:06:31 INFO::Fitting model to feature number 775, pregnenediol.sulfate..C21H34O5S..
2024-01-25 18:06:31 INFO::Fitting model to feature number 776, pregnenolone.sulfate
2024-01-25 18:06:31 INFO::Fitting model to feature number 777, pristanate
2024-01-25 18:06:31 INFO::Fitting model to feature number 778, prolylhydroxyproline
2024-01-25 18:06:31 INFO::Fitting model to feature number 779, proline
2024-01-25 18:06:32 INFO::Fitting model to feature number 780, prolylglycine
2024-01-25 18:06:32 INFO::Fitting model to feature number 781, propionylglycine..C3.
2024-01-25 18:06:32 INFO::Fitting model to feature number 782, protoporphyrin.IX
2024-01-25 18:06:32 INFO::Fitting model to feature number 783, pseudoephedrine
2024-01-25 18:06:32 INFO::Fitting model to feature number 784, pseudouridine
2024-01-25 18:06:32 INFO::Fitting model to feature number 785, pterin
2024-01-25 18:06:32 INFO::Fitting model to feature number 786, putrescine
2024-01-25 18:06:32 INFO::Fitting model to feature number 787, pyridoxal
2024-01-25 18:06:32 INFO::Fitting model to feature number 788, pyridoxamine
2024-01-25 18:06:32 INFO::Fitting model to feature number 789, pyridoxate
2024-01-25 18:06:32 INFO::Fitting model to feature number 790, pyridoxine..Vitamin.B6.
2024-01-25 18:06:32 INFO::Fitting model to feature number 791, pyroglutamine.
2024-01-25 18:06:32 INFO::Fitting model to feature number 792, pyrraline
2024-01-25 18:06:32 INFO::Fitting model to feature number 793, pyruvate
2024-01-25 18:06:32 INFO::Fitting model to feature number 794, quetiapine
2024-01-25 18:06:32 INFO::Fitting model to feature number 795, quinate
2024-01-25 18:06:32 INFO::Fitting model to feature number 796, quinolinate
2024-01-25 18:06:33 INFO::Fitting model to feature number 797, ranitidine
2024-01-25 18:06:33 INFO::Fitting model to feature number 798, retinol..Vitamin.A.
2024-01-25 18:06:33 INFO::Fitting model to feature number 799, ribitol
2024-01-25 18:06:33 INFO::Fitting model to feature number 800, riboflavin..Vitamin.B2.
2024-01-25 18:06:33 INFO::Fitting model to feature number 801, ribonate..ribonolactone.
2024-01-25 18:06:33 INFO::Fitting model to feature number 802, ribose
2024-01-25 18:06:33 INFO::Fitting model to feature number 803, ribulonate.xylulonate.
2024-01-25 18:06:33 INFO::Fitting model to feature number 804, ribulose.xylulose
2024-01-25 18:06:33 INFO::Fitting model to feature number 805, rivaroxaban
2024-01-25 18:06:33 INFO::Fitting model to feature number 806, S.1.pyrroline.5.carboxylate
2024-01-25 18:06:33 INFO::Fitting model to feature number 807, saccharin
2024-01-25 18:06:33 INFO::Fitting model to feature number 808, saccharopine
2024-01-25 18:06:33 INFO::Fitting model to feature number 809, salicylate
2024-01-25 18:06:33 INFO::Fitting model to feature number 810, S.allylcysteine
2024-01-25 18:06:34 INFO::Fitting model to feature number 811, sarcosine
2024-01-25 18:06:34 INFO::Fitting model to feature number 812, S.carboxymethyl.L.cysteine
2024-01-25 18:06:34 INFO::Fitting model to feature number 813, sebacate..C10.DC.
2024-01-25 18:06:34 INFO::Fitting model to feature number 814, secoisolariciresinol
2024-01-25 18:06:34 INFO::Fitting model to feature number 815, sedoheptulose
2024-01-25 18:06:34 INFO::Fitting model to feature number 816, sedoheptulose.7.phosphate
2024-01-25 18:06:34 INFO::Fitting model to feature number 817, serine
2024-01-25 18:06:34 INFO::Fitting model to feature number 818, serotonin
2024-01-25 18:06:34 INFO::Fitting model to feature number 819, sitostanol
2024-01-25 18:06:34 INFO::Fitting model to feature number 820, S.methylcysteine
2024-01-25 18:06:34 INFO::Fitting model to feature number 821, solanidine
2024-01-25 18:06:34 INFO::Fitting model to feature number 822, soyasaponin.I
2024-01-25 18:06:34 INFO::Fitting model to feature number 823, spermidine
2024-01-25 18:06:34 INFO::Fitting model to feature number 824, sphinganine
2024-01-25 18:06:34 INFO::Fitting model to feature number 825, sphingomyelin..d18.0.18.0..d19.0.17.0..
2024-01-25 18:06:34 INFO::Fitting model to feature number 826, sphingomyelin..d18.1.14.0..d16.1.16.0..
2024-01-25 18:06:34 INFO::Fitting model to feature number 827, sphingomyelin..d18.1.24.1..d18.2.24.0..
2024-01-25 18:06:34 INFO::Fitting model to feature number 828, sphingomyelin..d18.2.16.0..d18.1.16.1..
2024-01-25 18:06:35 INFO::Fitting model to feature number 829, sphingomyelin..d18.2.24.1..d18.1.24.2..
2024-01-25 18:06:35 INFO::Fitting model to feature number 830, sphingosine
2024-01-25 18:06:35 INFO::Fitting model to feature number 831, stachydrine
2024-01-25 18:06:35 INFO::Fitting model to feature number 832, stearate..18.0.
2024-01-25 18:06:35 INFO::Fitting model to feature number 833, stearidonate..18.4n3.
2024-01-25 18:06:35 INFO::Fitting model to feature number 834, stearoyl.ethanolamide
2024-01-25 18:06:35 INFO::Fitting model to feature number 835, stearoyl.sphingomyelin..d18.1.18.0.
2024-01-25 18:06:35 INFO::Fitting model to feature number 836, stearoylcarnitine..C18.
2024-01-25 18:06:35 INFO::Fitting model to feature number 837, steviol
2024-01-25 18:06:35 INFO::Fitting model to feature number 838, stigmasterol
2024-01-25 18:06:35 INFO::Fitting model to feature number 839, suberate..C8.DC.
2024-01-25 18:06:35 INFO::Fitting model to feature number 840, suberoylcarnitine..C8.DC.
2024-01-25 18:06:35 INFO::Fitting model to feature number 841, succinate
2024-01-25 18:06:35 INFO::Fitting model to feature number 842, succinimide
2024-01-25 18:06:35 INFO::Fitting model to feature number 843, succinylcarnitine..C4.
2024-01-25 18:06:35 INFO::Fitting model to feature number 844, succinylglutamine
2024-01-25 18:06:35 INFO::Fitting model to feature number 845, sucralose
2024-01-25 18:06:35 INFO::Fitting model to feature number 846, sucrose
2024-01-25 18:06:35 INFO::Fitting model to feature number 847, sulfate.of.piperine.metabolite.C16H19NO3..1..
2024-01-25 18:06:36 INFO::Fitting model to feature number 848, sulfate.of.piperine.metabolite.C16H19NO3..2..
2024-01-25 18:06:36 INFO::Fitting model to feature number 849, sulfate.of.piperine.metabolite.C16H19NO3..3..
2024-01-25 18:06:36 INFO::Fitting model to feature number 850, sulfate.of.piperine.metabolite.C18H21NO3..1..
2024-01-25 18:06:36 INFO::Fitting model to feature number 851, sulfate.of.piperine.metabolite.C18H21NO3..2..
2024-01-25 18:06:36 INFO::Fitting model to feature number 852, sulfate.of.piperine.metabolite.C18H21NO3..3..
2024-01-25 18:06:36 INFO::Fitting model to feature number 853, sulfate.
2024-01-25 18:06:36 INFO::Fitting model to feature number 854, syringic.acid
2024-01-25 18:06:36 INFO::Fitting model to feature number 855, taurine
2024-01-25 18:06:36 INFO::Fitting model to feature number 856, taurochenodeoxycholate
2024-01-25 18:06:36 INFO::Fitting model to feature number 857, taurocholate
2024-01-25 18:06:36 INFO::Fitting model to feature number 858, taurocholenate.sulfate.
2024-01-25 18:06:36 INFO::Fitting model to feature number 859, taurodeoxycholate
2024-01-25 18:06:36 INFO::Fitting model to feature number 860, taurolithocholate
2024-01-25 18:06:36 INFO::Fitting model to feature number 861, taurolithocholate.3.sulfate
2024-01-25 18:06:36 INFO::Fitting model to feature number 862, tauroursodeoxycholate
2024-01-25 18:06:36 INFO::Fitting model to feature number 863, tauroursodeoxycholic.acid.sulfate..1.
2024-01-25 18:06:36 INFO::Fitting model to feature number 864, tetradecanedioate..C14.
2024-01-25 18:06:37 INFO::Fitting model to feature number 865, tetrahydrocortisol.sulfate..1.
2024-01-25 18:06:37 INFO::Fitting model to feature number 866, tetrahydrocortisol.sulfate..2.
2024-01-25 18:06:37 INFO::Fitting model to feature number 867, theanine
2024-01-25 18:06:37 INFO::Fitting model to feature number 868, theobromine
2024-01-25 18:06:37 INFO::Fitting model to feature number 869, theophylline
2024-01-25 18:06:37 INFO::Fitting model to feature number 870, thiamin..Vitamin.B1.
2024-01-25 18:06:37 INFO::Fitting model to feature number 871, thioproline
2024-01-25 18:06:37 INFO::Fitting model to feature number 872, threonate
2024-01-25 18:06:37 INFO::Fitting model to feature number 873, threonine
2024-01-25 18:06:37 INFO::Fitting model to feature number 874, threonylphenylalanine
2024-01-25 18:06:37 INFO::Fitting model to feature number 875, thymidine
2024-01-25 18:06:37 INFO::Fitting model to feature number 876, TMP
2024-01-25 18:06:37 INFO::Fitting model to feature number 877, thymine
2024-01-25 18:06:38 INFO::Fitting model to feature number 878, topiramate
2024-01-25 18:06:38 INFO::Fitting model to feature number 879, hydroxyproline
2024-01-25 18:06:38 INFO::Fitting model to feature number 880, trans.nonadecenoate..tr.19.1..
2024-01-25 18:06:38 INFO::Fitting model to feature number 881, trans.urocanate
2024-01-25 18:06:38 INFO::Fitting model to feature number 882, trazadone
2024-01-25 18:06:38 INFO::Fitting model to feature number 883, tricarballylate
2024-01-25 18:06:38 INFO::Fitting model to feature number 884, trigonelline..N..methylnicotinate.
2024-01-25 18:06:38 INFO::Fitting model to feature number 885, tryptamine
2024-01-25 18:06:38 INFO::Fitting model to feature number 886, tryptophan
2024-01-25 18:06:38 INFO::Fitting model to feature number 887, tryptophan.betaine
2024-01-25 18:06:38 INFO::Fitting model to feature number 888, tryptophylglycine
2024-01-25 18:06:38 INFO::Fitting model to feature number 889, tyramine
2024-01-25 18:06:38 INFO::Fitting model to feature number 890, tyramine.O.sulfate
2024-01-25 18:06:38 INFO::Fitting model to feature number 891, tyrosine
2024-01-25 18:06:38 INFO::Fitting model to feature number 892, tyrosol
2024-01-25 18:06:38 INFO::Fitting model to feature number 893, undecanedioate..C11.DC.
2024-01-25 18:06:38 INFO::Fitting model to feature number 894, undecanoate..11.0.
2024-01-25 18:06:38 INFO::Fitting model to feature number 895, uracil
2024-01-25 18:06:38 INFO::Fitting model to feature number 896, urate
2024-01-25 18:06:39 INFO::Fitting model to feature number 897, uridine
2024-01-25 18:06:39 INFO::Fitting model to feature number 898, uridine.2..3..cyclic.monophosphate
2024-01-25 18:06:39 INFO::Fitting model to feature number 899, Urolithin.A
2024-01-25 18:06:39 INFO::Fitting model to feature number 900, ursocholate
2024-01-25 18:06:39 INFO::Fitting model to feature number 901, ursodeoxycholate
2024-01-25 18:06:39 INFO::Fitting model to feature number 902, ursodeoxycholate.sulfate..1.
2024-01-25 18:06:39 INFO::Fitting model to feature number 903, valerate..5.0.
2024-01-25 18:06:39 INFO::Fitting model to feature number 904, valine
2024-01-25 18:06:39 INFO::Fitting model to feature number 905, valine.betaine
2024-01-25 18:06:39 INFO::Fitting model to feature number 906, valsartan
2024-01-25 18:06:39 INFO::Fitting model to feature number 907, valylglutamine
2024-01-25 18:06:39 INFO::Fitting model to feature number 908, valylglycine
2024-01-25 18:06:39 INFO::Fitting model to feature number 909, valylleucine
2024-01-25 18:06:39 INFO::Fitting model to feature number 910, vancomycin
2024-01-25 18:06:39 INFO::Fitting model to feature number 911, vanillactate
2024-01-25 18:06:39 INFO::Fitting model to feature number 912, vanillate
2024-01-25 18:06:40 INFO::Fitting model to feature number 913, vanillin.sulfate
2024-01-25 18:06:40 INFO::Fitting model to feature number 914, xanthine
2024-01-25 18:06:40 INFO::Fitting model to feature number 915, xanthosine
2024-01-25 18:06:40 INFO::Fitting model to feature number 916, xanthurenate
2024-01-25 18:06:40 INFO::Fitting model to feature number 917, ximenoylcarnitine..C26.1..
2024-01-25 18:06:40 INFO::Fitting model to feature number 918, xylose
2024-01-25 18:06:40 INFO::Counting total values for each feature
2024-01-25 18:06:40 INFO::Writing filtered data to file Maaslin output/bch_raw_sex/features/filtered_data.tsv
2024-01-25 18:06:40 INFO::Writing filtered, normalized data to file Maaslin output/bch_raw_sex/features/filtered_data_norm.tsv
2024-01-25 18:06:40 INFO::Writing filtered, normalized, transformed data to file Maaslin output/bch_raw_sex/features/filtered_data_norm_transformed.tsv
2024-01-25 18:06:41 WARNING::Deleting existing residuals file: Maaslin output/bch_raw_sex/fits/residuals.rds
2024-01-25 18:06:41 INFO::Writing residuals to file Maaslin output/bch_raw_sex/fits/residuals.rds
2024-01-25 18:06:41 WARNING::Deleting existing fitted file: Maaslin output/bch_raw_sex/fits/fitted.rds
2024-01-25 18:06:41 INFO::Writing fitted values to file Maaslin output/bch_raw_sex/fits/fitted.rds
2024-01-25 18:06:41 WARNING::Deleting existing ranef file: Maaslin output/bch_raw_sex/fits/ranef.rds
2024-01-25 18:06:41 INFO::Writing extracted random effects to file Maaslin output/bch_raw_sex/fits/ranef.rds
2024-01-25 18:06:41 INFO::Writing all results to file (ordered by increasing q-values): Maaslin output/bch_raw_sex/all_results.tsv
2024-01-25 18:06:43 INFO::Writing the significant results (those which are less than or equal to the threshold of 0.050000 ) to file (ordered by increasing q-values): Maaslin output/bch_raw_sex/significant_results.tsv
2024-01-25 18:06:45 WARNING::Input is a matrix, passing through as.data.frame() .
